000 (4875722.000.000) 05/07 19:30:13 Job submitted from host: <137.138.44.75:9618?addrs=137.138.44.75-9618+[2001-1458-d00-1a--b]-9618&alias=bigbird14.cern.ch&noUDP&sock=schedd_2312_6b0d_58>
...
000 (4875722.001.000) 05/07 19:30:13 Job submitted from host: <137.138.44.75:9618?addrs=137.138.44.75-9618+[2001-1458-d00-1a--b]-9618&alias=bigbird14.cern.ch&noUDP&sock=schedd_2312_6b0d_58>
...
000 (4875722.002.000) 05/07 19:30:13 Job submitted from host: <137.138.44.75:9618?addrs=137.138.44.75-9618+[2001-1458-d00-1a--b]-9618&alias=bigbird14.cern.ch&noUDP&sock=schedd_2312_6b0d_58>
...
000 (4875722.003.000) 05/07 19:30:13 Job submitted from host: <137.138.44.75:9618?addrs=137.138.44.75-9618+[2001-1458-d00-1a--b]-9618&alias=bigbird14.cern.ch&noUDP&sock=schedd_2312_6b0d_58>
...
000 (4875722.004.000) 05/07 19:30:13 Job submitted from host: <137.138.44.75:9618?addrs=137.138.44.75-9618+[2001-1458-d00-1a--b]-9618&alias=bigbird14.cern.ch&noUDP&sock=schedd_2312_6b0d_58>
...
000 (4875722.005.000) 05/07 19:30:13 Job submitted from host: <137.138.44.75:9618?addrs=137.138.44.75-9618+[2001-1458-d00-1a--b]-9618&alias=bigbird14.cern.ch&noUDP&sock=schedd_2312_6b0d_58>
...
000 (4875722.006.000) 05/07 19:30:13 Job submitted from host: <137.138.44.75:9618?addrs=137.138.44.75-9618+[2001-1458-d00-1a--b]-9618&alias=bigbird14.cern.ch&noUDP&sock=schedd_2312_6b0d_58>
...
000 (4875722.007.000) 05/07 19:30:13 Job submitted from host: <137.138.44.75:9618?addrs=137.138.44.75-9618+[2001-1458-d00-1a--b]-9618&alias=bigbird14.cern.ch&noUDP&sock=schedd_2312_6b0d_58>
...
040 (4875722.005.000) 05/07 19:32:36 Started transferring input files
	Transferring to host: <128.142.67.146:9618?addrs=128.142.67.146-9618+[2001-1458-301-4c--100-165]-9618&noUDP&sock=3682_0d4f_17670>
...
040 (4875722.005.000) 05/07 19:32:36 Finished transferring input files
...
001 (4875722.005.000) 05/07 19:32:37 Job executing on host: <128.142.67.146:9618?addrs=128.142.67.146-9618+[2001-1458-301-4c--100-165]-9618&noUDP&sock=2802_8475_3>
...
040 (4875722.001.000) 05/07 19:32:37 Started transferring input files
	Transferring to host: <128.142.68.15:9618?addrs=128.142.68.15-9618+[2001-1458-301-52--100-308]-9618&noUDP&sock=3599_922b_16752>
...
040 (4875722.001.000) 05/07 19:32:37 Finished transferring input files
...
040 (4875722.004.000) 05/07 19:32:38 Started transferring input files
	Transferring to host: <128.142.67.156:9618?addrs=128.142.67.156-9618+[2001-1458-301-4c--100-113]-9618&noUDP&sock=3602_af4c_17844>
...
040 (4875722.004.000) 05/07 19:32:38 Finished transferring input files
...
001 (4875722.001.000) 05/07 19:32:38 Job executing on host: <128.142.68.15:9618?addrs=128.142.68.15-9618+[2001-1458-301-52--100-308]-9618&noUDP&sock=2806_42d6_3>
...
001 (4875722.004.000) 05/07 19:32:39 Job executing on host: <128.142.67.156:9618?addrs=128.142.67.156-9618+[2001-1458-301-4c--100-113]-9618&noUDP&sock=2818_7df9_3>
...
006 (4875722.005.000) 05/07 19:32:46 Image size of job updated: 122940
	64  -  MemoryUsage of job (MB)
	65000  -  ResidentSetSize of job (KB)
...
006 (4875722.001.000) 05/07 19:32:47 Image size of job updated: 123004
	64  -  MemoryUsage of job (MB)
	64836  -  ResidentSetSize of job (KB)
...
006 (4875722.004.000) 05/07 19:32:48 Image size of job updated: 122924
	64  -  MemoryUsage of job (MB)
	64984  -  ResidentSetSize of job (KB)
...
040 (4875722.000.000) 05/07 19:32:56 Started transferring input files
	Transferring to host: <128.142.70.19:9618?addrs=128.142.70.19-9618+[2001-1458-301-52--100-4c2]-9618&noUDP&sock=3681_58ef_16896>
...
040 (4875722.000.000) 05/07 19:32:56 Finished transferring input files
...
001 (4875722.000.000) 05/07 19:32:57 Job executing on host: <128.142.70.19:9618?addrs=128.142.70.19-9618+[2001-1458-301-52--100-4c2]-9618&noUDP&sock=2805_933e_3>
...
006 (4875722.000.000) 05/07 19:33:05 Image size of job updated: 121888
	64  -  MemoryUsage of job (MB)
	64872  -  ResidentSetSize of job (KB)
...
040 (4875722.002.000) 05/07 19:35:43 Started transferring input files
	Transferring to host: <188.184.212.204:9618?addrs=188.184.212.204-9618+[2001-1458-301-10c--100-d2]-9618&noUDP&sock=7453_1008_205559>
...
040 (4875722.002.000) 05/07 19:35:43 Finished transferring input files
...
001 (4875722.002.000) 05/07 19:35:44 Job executing on host: <188.184.212.204:9618?addrs=188.184.212.204-9618+[2001-1458-301-10c--100-d2]-9618&noUDP&sock=5690_71f8_3>
...
006 (4875722.002.000) 05/07 19:35:52 Image size of job updated: 76160
	49  -  MemoryUsage of job (MB)
	50144  -  ResidentSetSize of job (KB)
...
040 (4875722.003.000) 05/07 19:35:58 Started transferring input files
	Transferring to host: <188.184.196.36:9618?addrs=188.184.196.36-9618+[2001-1458-301-102--100-26]-9618&noUDP&sock=9311_3114_16459>
...
040 (4875722.003.000) 05/07 19:35:58 Finished transferring input files
...
001 (4875722.003.000) 05/07 19:35:59 Job executing on host: <188.184.196.36:9618?addrs=188.184.196.36-9618+[2001-1458-301-102--100-26]-9618&noUDP&sock=5725_73c9_3>
...
040 (4875722.006.000) 05/07 19:36:05 Started transferring input files
	Transferring to host: <188.184.212.84:9618?addrs=188.184.212.84-9618+[2001-1458-301-10c--100-3d]-9618&noUDP&sock=20504_ac3b_258131>
...
040 (4875722.006.000) 05/07 19:36:05 Finished transferring input files
...
001 (4875722.006.000) 05/07 19:36:06 Job executing on host: <188.184.212.84:9618?addrs=188.184.212.84-9618+[2001-1458-301-10c--100-3d]-9618&noUDP&sock=20371_63dc_3>
...
040 (4875722.007.000) 05/07 19:36:06 Started transferring input files
	Transferring to host: <188.184.197.244:9618?addrs=188.184.197.244-9618+[2001-1458-301-103--100-e4]-9618&noUDP&sock=20790_2f86_35582>
...
040 (4875722.007.000) 05/07 19:36:06 Finished transferring input files
...
001 (4875722.007.000) 05/07 19:36:07 Job executing on host: <188.184.197.244:9618?addrs=188.184.197.244-9618+[2001-1458-301-103--100-e4]-9618&noUDP&sock=20365_464b_410>
...
006 (4875722.003.000) 05/07 19:36:08 Image size of job updated: 121848
	64  -  MemoryUsage of job (MB)
	64832  -  ResidentSetSize of job (KB)
...
006 (4875722.006.000) 05/07 19:36:15 Image size of job updated: 121992
	64  -  MemoryUsage of job (MB)
	64976  -  ResidentSetSize of job (KB)
...
006 (4875722.007.000) 05/07 19:36:16 Image size of job updated: 121996
	64  -  MemoryUsage of job (MB)
	64980  -  ResidentSetSize of job (KB)
...
006 (4875722.005.000) 05/07 19:37:47 Image size of job updated: 124276
	65  -  MemoryUsage of job (MB)
	65760  -  ResidentSetSize of job (KB)
...
006 (4875722.001.000) 05/07 19:37:47 Image size of job updated: 124384
	65  -  MemoryUsage of job (MB)
	65640  -  ResidentSetSize of job (KB)
...
006 (4875722.004.000) 05/07 19:37:49 Image size of job updated: 122924
	65  -  MemoryUsage of job (MB)
	65668  -  ResidentSetSize of job (KB)
...
006 (4875722.000.000) 05/07 19:38:05 Image size of job updated: 121888
	65  -  MemoryUsage of job (MB)
	65692  -  ResidentSetSize of job (KB)
...
006 (4875722.002.000) 05/07 19:40:52 Image size of job updated: 76160
	64  -  MemoryUsage of job (MB)
	65456  -  ResidentSetSize of job (KB)
...
006 (4875722.003.000) 05/07 19:41:09 Image size of job updated: 123048
	65  -  MemoryUsage of job (MB)
	65560  -  ResidentSetSize of job (KB)
...
006 (4875722.006.000) 05/07 19:41:16 Image size of job updated: 122960
	64  -  MemoryUsage of job (MB)
	65472  -  ResidentSetSize of job (KB)
...
006 (4875722.007.000) 05/07 19:41:17 Image size of job updated: 123212
	65  -  MemoryUsage of job (MB)
	65656  -  ResidentSetSize of job (KB)
...
006 (4875722.006.000) 05/07 19:46:17 Image size of job updated: 132828
	71  -  MemoryUsage of job (MB)
	71700  -  ResidentSetSize of job (KB)
...
040 (4875722.001.000) 05/07 19:46:54 Started transferring output files
...
040 (4875722.001.000) 05/07 19:46:54 Finished transferring output files
...
005 (4875722.001.000) 05/07 19:46:54 Job terminated.
	(1) Normal termination (return value 0)
		Usr 0 00:02:05, Sys 0 00:00:33  -  Run Remote Usage
		Usr 0 00:00:00, Sys 0 00:00:00  -  Run Local Usage
		Usr 0 00:02:05, Sys 0 00:00:33  -  Total Remote Usage
		Usr 0 00:00:00, Sys 0 00:00:00  -  Total Local Usage
	671368  -  Run Bytes Sent By Job
	1063  -  Run Bytes Received By Job
	671368  -  Total Bytes Sent By Job
	1063  -  Total Bytes Received By Job
	Partitionable Resources :    Usage  Request Allocated 
	   Cpus                 :                 1           
	   Disk (KB)            :      669        2   2879254 
	   Memory (MB)          :       65     2000      2000 
...
006 (4875722.000.000) 05/07 19:48:05 Image size of job updated: 518000
	65  -  MemoryUsage of job (MB)
	65692  -  ResidentSetSize of job (KB)
...
040 (4875722.000.000) 05/07 19:48:05 Started transferring output files
...
040 (4875722.000.000) 05/07 19:48:05 Finished transferring output files
...
005 (4875722.000.000) 05/07 19:48:05 Job terminated.
	(1) Normal termination (return value 0)
		Usr 0 00:01:56, Sys 0 00:00:33  -  Run Remote Usage
		Usr 0 00:00:00, Sys 0 00:00:00  -  Run Local Usage
		Usr 0 00:01:56, Sys 0 00:00:33  -  Total Remote Usage
		Usr 0 00:00:00, Sys 0 00:00:00  -  Total Local Usage
	672374  -  Run Bytes Sent By Job
	1067  -  Run Bytes Received By Job
	672374  -  Total Bytes Sent By Job
	1067  -  Total Bytes Received By Job
	Partitionable Resources :    Usage  Request Allocated 
	   Cpus                 :                 1           
	   Disk (KB)            :      671        2   2823316 
	   Memory (MB)          :       65     2000      2000 
...
006 (4875722.004.000) 05/07 19:48:06 Image size of job updated: 518000
	65  -  MemoryUsage of job (MB)
	65668  -  ResidentSetSize of job (KB)
...
040 (4875722.004.000) 05/07 19:48:06 Started transferring output files
...
040 (4875722.004.000) 05/07 19:48:06 Finished transferring output files
...
005 (4875722.004.000) 05/07 19:48:06 Job terminated.
	(1) Normal termination (return value 0)
		Usr 0 00:02:15, Sys 0 00:00:34  -  Run Remote Usage
		Usr 0 00:00:00, Sys 0 00:00:00  -  Run Local Usage
		Usr 0 00:02:15, Sys 0 00:00:34  -  Total Remote Usage
		Usr 0 00:00:00, Sys 0 00:00:00  -  Total Local Usage
	675514  -  Run Bytes Sent By Job
	1059  -  Run Bytes Received By Job
	675514  -  Total Bytes Sent By Job
	1059  -  Total Bytes Received By Job
	Partitionable Resources :    Usage  Request Allocated 
	   Cpus                 :                 1           
	   Disk (KB)            :      673        2   2677701 
	   Memory (MB)          :       65     2000      2000 
...
040 (4875722.005.000) 05/07 19:48:14 Started transferring output files
...
040 (4875722.005.000) 05/07 19:48:14 Finished transferring output files
...
005 (4875722.005.000) 05/07 19:48:15 Job terminated.
	(1) Normal termination (return value 0)
		Usr 0 00:02:01, Sys 0 00:00:32  -  Run Remote Usage
		Usr 0 00:00:00, Sys 0 00:00:00  -  Run Local Usage
		Usr 0 00:02:01, Sys 0 00:00:32  -  Total Remote Usage
		Usr 0 00:00:00, Sys 0 00:00:00  -  Total Local Usage
	674244  -  Run Bytes Sent By Job
	1055  -  Run Bytes Received By Job
	674244  -  Total Bytes Sent By Job
	1055  -  Total Bytes Received By Job
	Partitionable Resources :    Usage  Request Allocated 
	   Cpus                 :                 1           
	   Disk (KB)            :      672        2   2792890 
	   Memory (MB)          :       65     2000      2000 
...
040 (4875722.007.000) 05/07 19:51:42 Started transferring output files
...
040 (4875722.007.000) 05/07 19:51:43 Finished transferring output files
...
005 (4875722.007.000) 05/07 19:51:44 Job terminated.
	(1) Normal termination (return value 0)
		Usr 0 00:02:27, Sys 0 00:00:39  -  Run Remote Usage
		Usr 0 00:00:00, Sys 0 00:00:00  -  Run Local Usage
		Usr 0 00:02:27, Sys 0 00:00:39  -  Total Remote Usage
		Usr 0 00:00:00, Sys 0 00:00:00  -  Total Local Usage
	678317  -  Run Bytes Sent By Job
	1075  -  Run Bytes Received By Job
	678317  -  Total Bytes Sent By Job
	1075  -  Total Bytes Received By Job
	Partitionable Resources :    Usage  Request Allocated 
	   Cpus                 :                 1           
	   Disk (KB)            :      677        2   3231093 
	   Memory (MB)          :       65     2000      2000 
...
040 (4875722.003.000) 05/07 19:53:27 Started transferring output files
...
040 (4875722.003.000) 05/07 19:53:27 Finished transferring output files
...
005 (4875722.003.000) 05/07 19:53:27 Job terminated.
	(1) Normal termination (return value 0)
		Usr 0 00:02:12, Sys 0 00:00:35  -  Run Remote Usage
		Usr 0 00:00:00, Sys 0 00:00:00  -  Run Local Usage
		Usr 0 00:02:12, Sys 0 00:00:35  -  Total Remote Usage
		Usr 0 00:00:00, Sys 0 00:00:00  -  Total Local Usage
	676001  -  Run Bytes Sent By Job
	1083  -  Run Bytes Received By Job
	676001  -  Total Bytes Sent By Job
	1083  -  Total Bytes Received By Job
	Partitionable Resources :    Usage  Request Allocated 
	   Cpus                 :        0        1         1 
	   Disk (KB)            :      682        2    313146 
	   Memory (MB)          :       65     2000      2000 
...
040 (4875722.002.000) 05/07 19:54:38 Started transferring output files
...
040 (4875722.002.000) 05/07 19:54:38 Finished transferring output files
...
005 (4875722.002.000) 05/07 19:54:38 Job terminated.
	(1) Normal termination (return value 0)
		Usr 0 00:02:20, Sys 0 00:00:37  -  Run Remote Usage
		Usr 0 00:00:00, Sys 0 00:00:00  -  Run Local Usage
		Usr 0 00:02:20, Sys 0 00:00:37  -  Total Remote Usage
		Usr 0 00:00:00, Sys 0 00:00:00  -  Total Local Usage
	676701  -  Run Bytes Sent By Job
	1087  -  Run Bytes Received By Job
	676701  -  Total Bytes Sent By Job
	1087  -  Total Bytes Received By Job
	Partitionable Resources :    Usage  Request Allocated 
	   Cpus                 :                 1           
	   Disk (KB)            :      675        2   2926112 
	   Memory (MB)          :       64     2000      2000 
...
040 (4875722.006.000) 05/07 19:56:04 Started transferring output files
...
040 (4875722.006.000) 05/07 19:56:04 Finished transferring output files
...
005 (4875722.006.000) 05/07 19:56:04 Job terminated.
	(1) Normal termination (return value 0)
		Usr 0 00:02:14, Sys 0 00:00:40  -  Run Remote Usage
		Usr 0 00:00:00, Sys 0 00:00:00  -  Run Local Usage
		Usr 0 00:02:14, Sys 0 00:00:40  -  Total Remote Usage
		Usr 0 00:00:00, Sys 0 00:00:00  -  Total Local Usage
	678538  -  Run Bytes Sent By Job
	1079  -  Run Bytes Received By Job
	678538  -  Total Bytes Sent By Job
	1079  -  Total Bytes Received By Job
	Partitionable Resources :    Usage  Request Allocated 
	   Cpus                 :                 1           
	   Disk (KB)            :      677        2   2926717 
	   Memory (MB)          :       71     2000      2000 
...
