000 (4875440.000.000) 05/07 18:13:37 Job submitted from host: <137.138.44.75:9618?addrs=137.138.44.75-9618+[2001-1458-d00-1a--b]-9618&alias=bigbird14.cern.ch&noUDP&sock=schedd_2312_6b0d_58>
...
000 (4875440.001.000) 05/07 18:13:37 Job submitted from host: <137.138.44.75:9618?addrs=137.138.44.75-9618+[2001-1458-d00-1a--b]-9618&alias=bigbird14.cern.ch&noUDP&sock=schedd_2312_6b0d_58>
...
000 (4875440.002.000) 05/07 18:13:37 Job submitted from host: <137.138.44.75:9618?addrs=137.138.44.75-9618+[2001-1458-d00-1a--b]-9618&alias=bigbird14.cern.ch&noUDP&sock=schedd_2312_6b0d_58>
...
000 (4875440.003.000) 05/07 18:13:37 Job submitted from host: <137.138.44.75:9618?addrs=137.138.44.75-9618+[2001-1458-d00-1a--b]-9618&alias=bigbird14.cern.ch&noUDP&sock=schedd_2312_6b0d_58>
...
000 (4875440.004.000) 05/07 18:13:37 Job submitted from host: <137.138.44.75:9618?addrs=137.138.44.75-9618+[2001-1458-d00-1a--b]-9618&alias=bigbird14.cern.ch&noUDP&sock=schedd_2312_6b0d_58>
...
000 (4875440.005.000) 05/07 18:13:37 Job submitted from host: <137.138.44.75:9618?addrs=137.138.44.75-9618+[2001-1458-d00-1a--b]-9618&alias=bigbird14.cern.ch&noUDP&sock=schedd_2312_6b0d_58>
...
000 (4875440.006.000) 05/07 18:13:37 Job submitted from host: <137.138.44.75:9618?addrs=137.138.44.75-9618+[2001-1458-d00-1a--b]-9618&alias=bigbird14.cern.ch&noUDP&sock=schedd_2312_6b0d_58>
...
000 (4875440.007.000) 05/07 18:13:37 Job submitted from host: <137.138.44.75:9618?addrs=137.138.44.75-9618+[2001-1458-d00-1a--b]-9618&alias=bigbird14.cern.ch&noUDP&sock=schedd_2312_6b0d_58>
...
022 (4875440.000.000) 05/07 18:15:05 Job disconnected, attempting to reconnect
    Socket between submit and execute hosts closed unexpectedly
    Trying to reconnect to slot1_1@b7s13n0048.cern.ch <128.142.81.182:9618?addrs=128.142.81.182-9618+[2001-1458-301-f5--100-3a6]-9618&noUDP&sock=12947_24c2_3>
...
024 (4875440.000.000) 05/07 18:15:05 Job reconnection failed
    Job not found at execution machine
    Can not reconnect to slot1_1@b7s13n0048.cern.ch, rescheduling job
...
022 (4875440.001.000) 05/07 18:15:06 Job disconnected, attempting to reconnect
    Socket between submit and execute hosts closed unexpectedly
    Trying to reconnect to slot1_1@b7s12n6192.cern.ch <128.142.77.37:9618?addrs=128.142.77.37-9618+[2001-1458-301-f4--100-25d]-9618&noUDP&sock=12942_b6c9_3>
...
022 (4875440.003.000) 05/07 18:15:06 Job disconnected, attempting to reconnect
    Socket between submit and execute hosts closed unexpectedly
    Trying to reconnect to slot1_4@b7s12n4761.cern.ch <128.142.79.5:9618?addrs=128.142.79.5-9618+[2001-1458-301-f4--100-1f0]-9618&noUDP&sock=12896_296d_3>
...
024 (4875440.003.000) 05/07 18:15:06 Job reconnection failed
    Job not found at execution machine
    Can not reconnect to slot1_4@b7s12n4761.cern.ch, rescheduling job
...
022 (4875440.005.000) 05/07 18:15:08 Job disconnected, attempting to reconnect
    Socket between submit and execute hosts closed unexpectedly
    Trying to reconnect to slot1_1@b7s13n0441.cern.ch <128.142.83.92:9618?addrs=128.142.83.92-9618+[2001-1458-301-f5--100-279]-9618&noUDP&sock=13111_a24a_3>
...
024 (4875440.001.000) 05/07 18:15:14 Job reconnection failed
    Job not found at execution machine
    Can not reconnect to slot1_1@b7s12n6192.cern.ch, rescheduling job
...
022 (4875440.004.000) 05/07 18:15:14 Job disconnected, attempting to reconnect
    Socket between submit and execute hosts closed unexpectedly
    Trying to reconnect to slot1_4@b7s13n1662.cern.ch <128.142.80.178:9618?addrs=128.142.80.178-9618+[2001-1458-301-f5--100-f2]-9618&noUDP&sock=12941_0730_3>
...
024 (4875440.005.000) 05/07 18:15:16 Job reconnection failed
    Job not found at execution machine
    Can not reconnect to slot1_1@b7s13n0441.cern.ch, rescheduling job
...
024 (4875440.004.000) 05/07 18:15:22 Job reconnection failed
    Job not found at execution machine
    Can not reconnect to slot1_4@b7s13n1662.cern.ch, rescheduling job
...
022 (4875440.007.000) 05/07 18:17:56 Job disconnected, attempting to reconnect
    Socket between submit and execute hosts closed unexpectedly
    Trying to reconnect to slot1_2@b7g23n0550.cern.ch <188.184.211.58:9618?addrs=188.184.211.58-9618+[2001-1458-301-10b--100-127]-9618&noUDP&sock=5717_f707_3>
...
024 (4875440.007.000) 05/07 18:17:56 Job reconnection failed
    Job not found at execution machine
    Can not reconnect to slot1_2@b7g23n0550.cern.ch, rescheduling job
...
040 (4875440.003.000) 05/07 18:17:58 Started transferring input files
	Transferring to host: <188.184.139.67:9618?addrs=188.184.139.67-9618+[2001-1458-301-45--100-14b]-9618&noUDP&sock=31940_5e8c_256117>
...
040 (4875440.003.000) 05/07 18:17:58 Finished transferring input files
...
040 (4875440.005.000) 05/07 18:17:58 Started transferring input files
	Transferring to host: <188.184.213.42:9618?addrs=188.184.213.42-9618+[2001-1458-301-10c--100-112]-9618&noUDP&sock=7726_6a73_204837>
...
040 (4875440.005.000) 05/07 18:17:58 Finished transferring input files
...
040 (4875440.001.000) 05/07 18:17:58 Started transferring input files
	Transferring to host: <188.184.213.42:9618?addrs=188.184.213.42-9618+[2001-1458-301-10c--100-112]-9618&noUDP&sock=7726_6a73_204838>
...
040 (4875440.001.000) 05/07 18:17:58 Finished transferring input files
...
001 (4875440.003.000) 05/07 18:17:59 Job executing on host: <188.184.139.67:9618?addrs=188.184.139.67-9618+[2001-1458-301-45--100-14b]-9618&noUDP&sock=5591_8a18_3>
...
001 (4875440.005.000) 05/07 18:17:59 Job executing on host: <188.184.213.42:9618?addrs=188.184.213.42-9618+[2001-1458-301-10c--100-112]-9618&noUDP&sock=5710_29dd_3>
...
001 (4875440.001.000) 05/07 18:17:59 Job executing on host: <188.184.213.42:9618?addrs=188.184.213.42-9618+[2001-1458-301-10c--100-112]-9618&noUDP&sock=5710_29dd_3>
...
040 (4875440.002.000) 05/07 18:18:00 Started transferring input files
	Transferring to host: <188.184.213.55:9618?addrs=188.184.213.55-9618+[2001-1458-301-10c--100-13b]-9618&noUDP&sock=20512_4f3b_251553>
...
040 (4875440.002.000) 05/07 18:18:00 Finished transferring input files
...
040 (4875440.000.000) 05/07 18:18:00 Started transferring input files
	Transferring to host: <188.184.139.67:9618?addrs=188.184.139.67-9618+[2001-1458-301-45--100-14b]-9618&noUDP&sock=31940_5e8c_256118>
...
040 (4875440.000.000) 05/07 18:18:00 Finished transferring input files
...
040 (4875440.004.000) 05/07 18:18:00 Started transferring input files
	Transferring to host: <188.184.197.214:9618?addrs=188.184.197.214-9618+[2001-1458-301-103--100-d7]-9618&noUDP&sock=20432_f138_259831>
...
040 (4875440.004.000) 05/07 18:18:00 Finished transferring input files
...
001 (4875440.002.000) 05/07 18:18:01 Job executing on host: <188.184.213.55:9618?addrs=188.184.213.55-9618+[2001-1458-301-10c--100-13b]-9618&noUDP&sock=20365_464b_3>
...
001 (4875440.000.000) 05/07 18:18:01 Job executing on host: <188.184.139.67:9618?addrs=188.184.139.67-9618+[2001-1458-301-45--100-14b]-9618&noUDP&sock=5591_8a18_3>
...
001 (4875440.004.000) 05/07 18:18:01 Job executing on host: <188.184.197.214:9618?addrs=188.184.197.214-9618+[2001-1458-301-103--100-d7]-9618&noUDP&sock=20298_5172_3>
...
006 (4875440.001.000) 05/07 18:18:08 Image size of job updated: 74896
	55  -  MemoryUsage of job (MB)
	55928  -  ResidentSetSize of job (KB)
...
006 (4875440.003.000) 05/07 18:18:08 Image size of job updated: 72264
	55  -  MemoryUsage of job (MB)
	55900  -  ResidentSetSize of job (KB)
...
006 (4875440.005.000) 05/07 18:18:08 Image size of job updated: 72964
	55  -  MemoryUsage of job (MB)
	56072  -  ResidentSetSize of job (KB)
...
006 (4875440.002.000) 05/07 18:18:09 Image size of job updated: 69976
	55  -  MemoryUsage of job (MB)
	55928  -  ResidentSetSize of job (KB)
...
006 (4875440.000.000) 05/07 18:18:09 Image size of job updated: 73736
	55  -  MemoryUsage of job (MB)
	55944  -  ResidentSetSize of job (KB)
...
006 (4875440.004.000) 05/07 18:18:10 Image size of job updated: 88112
	55  -  MemoryUsage of job (MB)
	56100  -  ResidentSetSize of job (KB)
...
006 (4875440.001.000) 05/07 18:23:08 Image size of job updated: 75200
	55  -  MemoryUsage of job (MB)
	56040  -  ResidentSetSize of job (KB)
...
006 (4875440.003.000) 05/07 18:23:09 Image size of job updated: 72544
	55  -  MemoryUsage of job (MB)
	56016  -  ResidentSetSize of job (KB)
...
006 (4875440.005.000) 05/07 18:23:09 Image size of job updated: 73136
	55  -  MemoryUsage of job (MB)
	56240  -  ResidentSetSize of job (KB)
...
006 (4875440.000.000) 05/07 18:23:09 Image size of job updated: 73876
	55  -  MemoryUsage of job (MB)
	56048  -  ResidentSetSize of job (KB)
...
006 (4875440.002.000) 05/07 18:23:09 Image size of job updated: 70204
	55  -  MemoryUsage of job (MB)
	56032  -  ResidentSetSize of job (KB)
...
006 (4875440.004.000) 05/07 18:23:11 Image size of job updated: 88316
	55  -  MemoryUsage of job (MB)
	56140  -  ResidentSetSize of job (KB)
...
006 (4875440.001.000) 05/07 18:28:08 Image size of job updated: 75200
	55  -  MemoryUsage of job (MB)
	56108  -  ResidentSetSize of job (KB)
...
006 (4875440.003.000) 05/07 18:28:09 Image size of job updated: 72544
	57  -  MemoryUsage of job (MB)
	57544  -  ResidentSetSize of job (KB)
...
006 (4875440.005.000) 05/07 18:28:09 Image size of job updated: 73136
	55  -  MemoryUsage of job (MB)
	56248  -  ResidentSetSize of job (KB)
...
006 (4875440.000.000) 05/07 18:28:10 Image size of job updated: 73876
	55  -  MemoryUsage of job (MB)
	56096  -  ResidentSetSize of job (KB)
...
006 (4875440.002.000) 05/07 18:28:10 Image size of job updated: 70248
	55  -  MemoryUsage of job (MB)
	56076  -  ResidentSetSize of job (KB)
...
006 (4875440.004.000) 05/07 18:28:12 Image size of job updated: 88400
	55  -  MemoryUsage of job (MB)
	56224  -  ResidentSetSize of job (KB)
...
006 (4875440.003.000) 05/07 18:33:09 Image size of job updated: 72544
	57  -  MemoryUsage of job (MB)
	57600  -  ResidentSetSize of job (KB)
...
006 (4875440.001.000) 05/07 18:33:09 Image size of job updated: 75200
	57  -  MemoryUsage of job (MB)
	57596  -  ResidentSetSize of job (KB)
...
006 (4875440.005.000) 05/07 18:33:10 Image size of job updated: 73136
	57  -  MemoryUsage of job (MB)
	57712  -  ResidentSetSize of job (KB)
...
006 (4875440.000.000) 05/07 18:33:11 Image size of job updated: 73876
	57  -  MemoryUsage of job (MB)
	57608  -  ResidentSetSize of job (KB)
...
006 (4875440.002.000) 05/07 18:33:11 Image size of job updated: 70248
	57  -  MemoryUsage of job (MB)
	57576  -  ResidentSetSize of job (KB)
...
040 (4875440.006.000) 05/07 18:36:08 Started transferring input files
	Transferring to host: <128.142.71.33:9618?addrs=128.142.71.33-9618+[2001-1458-301-52--100-448]-9618&noUDP&sock=3683_c1af_17131>
...
040 (4875440.006.000) 05/07 18:36:08 Finished transferring input files
...
001 (4875440.006.000) 05/07 18:36:09 Job executing on host: <128.142.71.33:9618?addrs=128.142.71.33-9618+[2001-1458-301-52--100-448]-9618&noUDP&sock=2811_b0cf_3>
...
006 (4875440.006.000) 05/07 18:36:18 Image size of job updated: 108264
	55  -  MemoryUsage of job (MB)
	55832  -  ResidentSetSize of job (KB)
...
006 (4875440.003.000) 05/07 18:38:10 Image size of job updated: 72544
	57  -  MemoryUsage of job (MB)
	57644  -  ResidentSetSize of job (KB)
...
006 (4875440.001.000) 05/07 18:38:10 Image size of job updated: 75200
	57  -  MemoryUsage of job (MB)
	57640  -  ResidentSetSize of job (KB)
...
006 (4875440.005.000) 05/07 18:38:11 Image size of job updated: 73136
	57  -  MemoryUsage of job (MB)
	57744  -  ResidentSetSize of job (KB)
...
006 (4875440.000.000) 05/07 18:38:11 Image size of job updated: 73876
	57  -  MemoryUsage of job (MB)
	57656  -  ResidentSetSize of job (KB)
...
006 (4875440.002.000) 05/07 18:38:11 Image size of job updated: 70248
	57  -  MemoryUsage of job (MB)
	57624  -  ResidentSetSize of job (KB)
...
006 (4875440.004.000) 05/07 18:38:12 Image size of job updated: 88400
	57  -  MemoryUsage of job (MB)
	57752  -  ResidentSetSize of job (KB)
...
040 (4875440.007.000) 05/07 18:40:10 Started transferring input files
	Transferring to host: <188.184.210.215:9618?addrs=188.184.210.215-9618+[2001-1458-301-10b--100-d1]-9618&noUDP&sock=7355_0344_240009>
...
040 (4875440.007.000) 05/07 18:40:10 Finished transferring input files
...
001 (4875440.007.000) 05/07 18:40:11 Job executing on host: <188.184.210.215:9618?addrs=188.184.210.215-9618+[2001-1458-301-10b--100-d1]-9618&noUDP&sock=5688_12c8_3>
...
006 (4875440.007.000) 05/07 18:40:20 Image size of job updated: 83492
	55  -  MemoryUsage of job (MB)
	56076  -  ResidentSetSize of job (KB)
...
006 (4875440.006.000) 05/07 18:41:18 Image size of job updated: 109372
	55  -  MemoryUsage of job (MB)
	56160  -  ResidentSetSize of job (KB)
...
006 (4875440.003.000) 05/07 18:43:10 Image size of job updated: 72544
	57  -  MemoryUsage of job (MB)
	57696  -  ResidentSetSize of job (KB)
...
006 (4875440.001.000) 05/07 18:43:10 Image size of job updated: 75200
	57  -  MemoryUsage of job (MB)
	57684  -  ResidentSetSize of job (KB)
...
006 (4875440.005.000) 05/07 18:43:11 Image size of job updated: 73136
	57  -  MemoryUsage of job (MB)
	57772  -  ResidentSetSize of job (KB)
...
006 (4875440.000.000) 05/07 18:43:11 Image size of job updated: 73876
	57  -  MemoryUsage of job (MB)
	57720  -  ResidentSetSize of job (KB)
...
006 (4875440.002.000) 05/07 18:43:11 Image size of job updated: 70248
	57  -  MemoryUsage of job (MB)
	57700  -  ResidentSetSize of job (KB)
...
006 (4875440.004.000) 05/07 18:43:13 Image size of job updated: 88400
	57  -  MemoryUsage of job (MB)
	57780  -  ResidentSetSize of job (KB)
...
006 (4875440.007.000) 05/07 18:45:21 Image size of job updated: 83924
	55  -  MemoryUsage of job (MB)
	56152  -  ResidentSetSize of job (KB)
...
006 (4875440.006.000) 05/07 18:46:18 Image size of job updated: 109416
	55  -  MemoryUsage of job (MB)
	56204  -  ResidentSetSize of job (KB)
...
006 (4875440.003.000) 05/07 18:48:10 Image size of job updated: 72544
	57  -  MemoryUsage of job (MB)
	57820  -  ResidentSetSize of job (KB)
...
006 (4875440.001.000) 05/07 18:48:10 Image size of job updated: 75200
	57  -  MemoryUsage of job (MB)
	57744  -  ResidentSetSize of job (KB)
...
006 (4875440.005.000) 05/07 18:48:11 Image size of job updated: 73136
	57  -  MemoryUsage of job (MB)
	57824  -  ResidentSetSize of job (KB)
...
006 (4875440.002.000) 05/07 18:48:12 Image size of job updated: 70248
	57  -  MemoryUsage of job (MB)
	57720  -  ResidentSetSize of job (KB)
...
006 (4875440.000.000) 05/07 18:48:12 Image size of job updated: 73876
	57  -  MemoryUsage of job (MB)
	57780  -  ResidentSetSize of job (KB)
...
006 (4875440.004.000) 05/07 18:48:14 Image size of job updated: 88400
	57  -  MemoryUsage of job (MB)
	57832  -  ResidentSetSize of job (KB)
...
006 (4875440.007.000) 05/07 18:50:22 Image size of job updated: 83960
	55  -  MemoryUsage of job (MB)
	56188  -  ResidentSetSize of job (KB)
...
006 (4875440.006.000) 05/07 18:51:19 Image size of job updated: 111336
	57  -  MemoryUsage of job (MB)
	57724  -  ResidentSetSize of job (KB)
...
006 (4875440.001.000) 05/07 18:53:12 Image size of job updated: 75200
	57  -  MemoryUsage of job (MB)
	57816  -  ResidentSetSize of job (KB)
...
006 (4875440.002.000) 05/07 18:53:12 Image size of job updated: 70248
	60  -  MemoryUsage of job (MB)
	60944  -  ResidentSetSize of job (KB)
...
006 (4875440.005.000) 05/07 18:53:12 Image size of job updated: 73136
	57  -  MemoryUsage of job (MB)
	57860  -  ResidentSetSize of job (KB)
...
006 (4875440.004.000) 05/07 18:53:14 Image size of job updated: 88400
	57  -  MemoryUsage of job (MB)
	57860  -  ResidentSetSize of job (KB)
...
006 (4875440.007.000) 05/07 18:55:22 Image size of job updated: 85792
	57  -  MemoryUsage of job (MB)
	57780  -  ResidentSetSize of job (KB)
...
006 (4875440.006.000) 05/07 18:56:20 Image size of job updated: 111404
	57  -  MemoryUsage of job (MB)
	57792  -  ResidentSetSize of job (KB)
...
006 (4875440.003.000) 05/07 18:57:02 Image size of job updated: 518008
	57  -  MemoryUsage of job (MB)
	57820  -  ResidentSetSize of job (KB)
...
040 (4875440.003.000) 05/07 18:57:02 Started transferring output files
...
040 (4875440.003.000) 05/07 18:57:03 Finished transferring output files
...
005 (4875440.003.000) 05/07 18:57:03 Job terminated.
	(1) Normal termination (return value 0)
		Usr 0 00:09:42, Sys 0 00:02:10  -  Run Remote Usage
		Usr 0 00:00:00, Sys 0 00:00:00  -  Run Local Usage
		Usr 0 00:09:42, Sys 0 00:02:10  -  Total Remote Usage
		Usr 0 00:00:00, Sys 0 00:00:00  -  Total Local Usage
	836976  -  Run Bytes Sent By Job
	1064  -  Run Bytes Received By Job
	836976  -  Total Bytes Sent By Job
	1064  -  Total Bytes Received By Job
	Partitionable Resources :    Usage  Request Allocated 
	   Cpus                 :                 1           
	   Disk (KB)            :      831        2   2877884 
	   Memory (MB)          :       57     2000      2000 
...
006 (4875440.005.000) 05/07 18:58:13 Image size of job updated: 73136
	57  -  MemoryUsage of job (MB)
	57960  -  ResidentSetSize of job (KB)
...
006 (4875440.004.000) 05/07 18:58:15 Image size of job updated: 88400
	57  -  MemoryUsage of job (MB)
	57920  -  ResidentSetSize of job (KB)
...
040 (4875440.000.000) 05/07 18:59:54 Started transferring output files
...
040 (4875440.000.000) 05/07 18:59:54 Finished transferring output files
...
005 (4875440.000.000) 05/07 18:59:54 Job terminated.
	(1) Normal termination (return value 0)
		Usr 0 00:09:51, Sys 0 00:02:11  -  Run Remote Usage
		Usr 0 00:00:00, Sys 0 00:00:00  -  Run Local Usage
		Usr 0 00:09:51, Sys 0 00:02:11  -  Total Remote Usage
		Usr 0 00:00:00, Sys 0 00:00:00  -  Total Local Usage
	841579  -  Run Bytes Sent By Job
	1048  -  Run Bytes Received By Job
	841579  -  Total Bytes Sent By Job
	1048  -  Total Bytes Received By Job
	Partitionable Resources :    Usage  Request Allocated 
	   Cpus                 :                 1           
	   Disk (KB)            :      836        2   2866748 
	   Memory (MB)          :       57     2000      2000 
...
006 (4875440.007.000) 05/07 19:00:22 Image size of job updated: 85932
	57  -  MemoryUsage of job (MB)
	57920  -  ResidentSetSize of job (KB)
...
006 (4875440.006.000) 05/07 19:01:20 Image size of job updated: 111440
	57  -  MemoryUsage of job (MB)
	57828  -  ResidentSetSize of job (KB)
...
040 (4875440.001.000) 05/07 19:01:26 Started transferring output files
...
040 (4875440.001.000) 05/07 19:01:26 Finished transferring output files
...
005 (4875440.001.000) 05/07 19:01:26 Job terminated.
	(1) Normal termination (return value 0)
		Usr 0 00:09:33, Sys 0 00:01:56  -  Run Remote Usage
		Usr 0 00:00:00, Sys 0 00:00:00  -  Run Local Usage
		Usr 0 00:09:33, Sys 0 00:01:56  -  Total Remote Usage
		Usr 0 00:00:00, Sys 0 00:00:00  -  Total Local Usage
	837953  -  Run Bytes Sent By Job
	1044  -  Run Bytes Received By Job
	837953  -  Total Bytes Sent By Job
	1044  -  Total Bytes Received By Job
	Partitionable Resources :    Usage  Request Allocated 
	   Cpus                 :                 1           
	   Disk (KB)            :      832        2   2950745 
	   Memory (MB)          :       57     2000      2000 
...
040 (4875440.002.000) 05/07 19:03:09 Started transferring output files
...
040 (4875440.002.000) 05/07 19:03:09 Finished transferring output files
...
005 (4875440.002.000) 05/07 19:03:10 Job terminated.
	(1) Normal termination (return value 0)
		Usr 0 00:10:29, Sys 0 00:02:10  -  Run Remote Usage
		Usr 0 00:00:00, Sys 0 00:00:00  -  Run Local Usage
		Usr 0 00:10:29, Sys 0 00:02:10  -  Total Remote Usage
		Usr 0 00:00:00, Sys 0 00:00:00  -  Total Local Usage
	846224  -  Run Bytes Sent By Job
	1068  -  Run Bytes Received By Job
	846224  -  Total Bytes Sent By Job
	1068  -  Total Bytes Received By Job
	Partitionable Resources :    Usage  Request Allocated 
	   Cpus                 :                 1           
	   Disk (KB)            :      840        2   2872972 
	   Memory (MB)          :       60     2000      2000 
...
006 (4875440.007.000) 05/07 19:05:23 Image size of job updated: 85956
	57  -  MemoryUsage of job (MB)
	57944  -  ResidentSetSize of job (KB)
...
006 (4875440.006.000) 05/07 19:06:21 Image size of job updated: 111520
	57  -  MemoryUsage of job (MB)
	57908  -  ResidentSetSize of job (KB)
...
040 (4875440.005.000) 05/07 19:07:04 Started transferring output files
...
040 (4875440.005.000) 05/07 19:07:04 Finished transferring output files
...
005 (4875440.005.000) 05/07 19:07:04 Job terminated.
	(1) Normal termination (return value 0)
		Usr 0 00:11:24, Sys 0 00:02:16  -  Run Remote Usage
		Usr 0 00:00:00, Sys 0 00:00:00  -  Run Local Usage
		Usr 0 00:11:24, Sys 0 00:02:16  -  Total Remote Usage
		Usr 0 00:00:00, Sys 0 00:00:00  -  Total Local Usage
	871382  -  Run Bytes Sent By Job
	1036  -  Run Bytes Received By Job
	871382  -  Total Bytes Sent By Job
	1036  -  Total Bytes Received By Job
	Partitionable Resources :    Usage  Request Allocated 
	   Cpus                 :                 1           
	   Disk (KB)            :      865        2   2950892 
	   Memory (MB)          :       57     2000      2000 
...
006 (4875440.007.000) 05/07 19:10:24 Image size of job updated: 86328
	57  -  MemoryUsage of job (MB)
	57976  -  ResidentSetSize of job (KB)
...
040 (4875440.004.000) 05/07 19:11:53 Started transferring output files
...
040 (4875440.004.000) 05/07 19:11:53 Finished transferring output files
...
005 (4875440.004.000) 05/07 19:11:54 Job terminated.
	(1) Normal termination (return value 0)
		Usr 0 00:10:42, Sys 0 00:02:17  -  Run Remote Usage
		Usr 0 00:00:00, Sys 0 00:00:00  -  Run Local Usage
		Usr 0 00:10:42, Sys 0 00:02:17  -  Total Remote Usage
		Usr 0 00:00:00, Sys 0 00:00:00  -  Total Local Usage
	872177  -  Run Bytes Sent By Job
	1040  -  Run Bytes Received By Job
	872177  -  Total Bytes Sent By Job
	1040  -  Total Bytes Received By Job
	Partitionable Resources :    Usage  Request Allocated 
	   Cpus                 :                 1           
	   Disk (KB)            :      866        2   2907665 
	   Memory (MB)          :       57     2000      2000 
...
040 (4875440.006.000) 05/07 19:21:38 Started transferring output files
...
040 (4875440.006.000) 05/07 19:21:38 Finished transferring output files
...
005 (4875440.006.000) 05/07 19:21:38 Job terminated.
	(1) Normal termination (return value 0)
		Usr 0 00:11:02, Sys 0 00:01:52  -  Run Remote Usage
		Usr 0 00:00:00, Sys 0 00:00:00  -  Run Local Usage
		Usr 0 00:11:02, Sys 0 00:01:52  -  Total Remote Usage
		Usr 0 00:00:00, Sys 0 00:00:00  -  Total Local Usage
	872537  -  Run Bytes Sent By Job
	1060  -  Run Bytes Received By Job
	872537  -  Total Bytes Sent By Job
	1060  -  Total Bytes Received By Job
	Partitionable Resources :    Usage  Request Allocated 
	   Cpus                 :                 1           
	   Disk (KB)            :      866        2   2520221 
	   Memory (MB)          :       57     2000      2000 
...
040 (4875440.007.000) 05/07 19:26:16 Started transferring output files
...
040 (4875440.007.000) 05/07 19:26:16 Finished transferring output files
...
005 (4875440.007.000) 05/07 19:26:16 Job terminated.
	(1) Normal termination (return value 0)
		Usr 0 00:11:33, Sys 0 00:02:21  -  Run Remote Usage
		Usr 0 00:00:00, Sys 0 00:00:00  -  Run Local Usage
		Usr 0 00:11:33, Sys 0 00:02:21  -  Total Remote Usage
		Usr 0 00:00:00, Sys 0 00:00:00  -  Total Local Usage
	873447  -  Run Bytes Sent By Job
	1056  -  Run Bytes Received By Job
	873447  -  Total Bytes Sent By Job
	1056  -  Total Bytes Received By Job
	Partitionable Resources :    Usage  Request Allocated 
	   Cpus                 :                 1           
	   Disk (KB)            :      867        2   3120377 
	   Memory (MB)          :       57     2000      2000 
...
