000 (4875441.000.000) 05/07 18:14:01 Job submitted from host: <137.138.44.75:9618?addrs=137.138.44.75-9618+[2001-1458-d00-1a--b]-9618&alias=bigbird14.cern.ch&noUDP&sock=schedd_2312_6b0d_58>
...
000 (4875441.001.000) 05/07 18:14:01 Job submitted from host: <137.138.44.75:9618?addrs=137.138.44.75-9618+[2001-1458-d00-1a--b]-9618&alias=bigbird14.cern.ch&noUDP&sock=schedd_2312_6b0d_58>
...
000 (4875441.002.000) 05/07 18:14:01 Job submitted from host: <137.138.44.75:9618?addrs=137.138.44.75-9618+[2001-1458-d00-1a--b]-9618&alias=bigbird14.cern.ch&noUDP&sock=schedd_2312_6b0d_58>
...
000 (4875441.003.000) 05/07 18:14:01 Job submitted from host: <137.138.44.75:9618?addrs=137.138.44.75-9618+[2001-1458-d00-1a--b]-9618&alias=bigbird14.cern.ch&noUDP&sock=schedd_2312_6b0d_58>
...
000 (4875441.004.000) 05/07 18:14:01 Job submitted from host: <137.138.44.75:9618?addrs=137.138.44.75-9618+[2001-1458-d00-1a--b]-9618&alias=bigbird14.cern.ch&noUDP&sock=schedd_2312_6b0d_58>
...
000 (4875441.005.000) 05/07 18:14:01 Job submitted from host: <137.138.44.75:9618?addrs=137.138.44.75-9618+[2001-1458-d00-1a--b]-9618&alias=bigbird14.cern.ch&noUDP&sock=schedd_2312_6b0d_58>
...
000 (4875441.006.000) 05/07 18:14:01 Job submitted from host: <137.138.44.75:9618?addrs=137.138.44.75-9618+[2001-1458-d00-1a--b]-9618&alias=bigbird14.cern.ch&noUDP&sock=schedd_2312_6b0d_58>
...
000 (4875441.007.000) 05/07 18:14:01 Job submitted from host: <137.138.44.75:9618?addrs=137.138.44.75-9618+[2001-1458-d00-1a--b]-9618&alias=bigbird14.cern.ch&noUDP&sock=schedd_2312_6b0d_58>
...
022 (4875441.006.000) 05/07 18:15:07 Job disconnected, attempting to reconnect
    Socket between submit and execute hosts closed unexpectedly
    Trying to reconnect to slot1_2@b7s12n2800.cern.ch <128.142.78.86:9618?addrs=128.142.78.86-9618+[2001-1458-301-f4--100-ea]-9618&noUDP&sock=12981_76fa_3>
...
024 (4875441.006.000) 05/07 18:15:07 Job reconnection failed
    Job not found at execution machine
    Can not reconnect to slot1_2@b7s12n2800.cern.ch, rescheduling job
...
022 (4875441.007.000) 05/07 18:15:07 Job disconnected, attempting to reconnect
    Socket between submit and execute hosts closed unexpectedly
    Trying to reconnect to slot1_1@b7s13n8691.cern.ch <128.142.81.67:9618?addrs=128.142.81.67-9618+[2001-1458-301-f5--100-8c]-9618&noUDP&sock=12964_cdde_3>
...
024 (4875441.007.000) 05/07 18:15:07 Job reconnection failed
    Job not found at execution machine
    Can not reconnect to slot1_1@b7s13n8691.cern.ch, rescheduling job
...
040 (4875441.003.000) 05/07 18:15:07 Started transferring input files
	Transferring to host: <188.184.139.40:9618?addrs=188.184.139.40-9618+[2001-1458-301-45--100-114]-9618&noUDP&sock=6566_1744_240463>
...
040 (4875441.003.000) 05/07 18:15:07 Finished transferring input files
...
022 (4875441.004.000) 05/07 18:15:07 Job disconnected, attempting to reconnect
    Socket between submit and execute hosts closed unexpectedly
    Trying to reconnect to slot1_3@b7g24n0574.cern.ch <188.184.213.66:9618?addrs=188.184.213.66-9618+[2001-1458-301-10c--100-157]-9618&noUDP&sock=5726_2361_3>
...
024 (4875441.004.000) 05/07 18:15:07 Job reconnection failed
    Job not found at execution machine
    Can not reconnect to slot1_3@b7g24n0574.cern.ch, rescheduling job
...
001 (4875441.003.000) 05/07 18:15:08 Job executing on host: <188.184.139.40:9618?addrs=188.184.139.40-9618+[2001-1458-301-45--100-114]-9618&noUDP&sock=5698_eeba_3>
...
006 (4875441.003.000) 05/07 18:15:18 Image size of job updated: 108760
	55  -  MemoryUsage of job (MB)
	55960  -  ResidentSetSize of job (KB)
...
022 (4875441.007.000) 05/07 18:17:58 Job disconnected, attempting to reconnect
    Socket between submit and execute hosts closed unexpectedly
    Trying to reconnect to slot1_5@b7g23n0550.cern.ch <188.184.211.58:9618?addrs=188.184.211.58-9618+[2001-1458-301-10b--100-127]-9618&noUDP&sock=5717_f707_3>
...
024 (4875441.007.000) 05/07 18:17:58 Job reconnection failed
    Job not found at execution machine
    Can not reconnect to slot1_5@b7g23n0550.cern.ch, rescheduling job
...
040 (4875441.001.000) 05/07 18:17:58 Started transferring input files
	Transferring to host: <188.184.213.55:9618?addrs=188.184.213.55-9618+[2001-1458-301-10c--100-13b]-9618&noUDP&sock=20512_4f3b_251552>
...
040 (4875441.001.000) 05/07 18:17:58 Finished transferring input files
...
001 (4875441.001.000) 05/07 18:17:59 Job executing on host: <188.184.213.55:9618?addrs=188.184.213.55-9618+[2001-1458-301-10c--100-13b]-9618&noUDP&sock=20365_464b_3>
...
040 (4875441.006.000) 05/07 18:18:00 Started transferring input files
	Transferring to host: <188.184.197.214:9618?addrs=188.184.197.214-9618+[2001-1458-301-103--100-d7]-9618&noUDP&sock=20432_f138_259830>
...
040 (4875441.006.000) 05/07 18:18:00 Finished transferring input files
...
022 (4875441.000.000) 05/07 18:18:00 Job disconnected, attempting to reconnect
    Socket between submit and execute hosts closed unexpectedly
    Trying to reconnect to slot1_8@b7g23n0550.cern.ch <188.184.211.58:9618?addrs=188.184.211.58-9618+[2001-1458-301-10b--100-127]-9618&noUDP&sock=5717_f707_3>
...
024 (4875441.000.000) 05/07 18:18:00 Job reconnection failed
    Job not found at execution machine
    Can not reconnect to slot1_8@b7g23n0550.cern.ch, rescheduling job
...
040 (4875441.002.000) 05/07 18:18:00 Started transferring input files
	Transferring to host: <188.184.213.42:9618?addrs=188.184.213.42-9618+[2001-1458-301-10c--100-112]-9618&noUDP&sock=7726_6a73_204839>
...
040 (4875441.002.000) 05/07 18:18:00 Finished transferring input files
...
040 (4875441.004.000) 05/07 18:18:00 Started transferring input files
	Transferring to host: <188.184.213.55:9618?addrs=188.184.213.55-9618+[2001-1458-301-10c--100-13b]-9618&noUDP&sock=20512_4f3b_251554>
...
040 (4875441.004.000) 05/07 18:18:00 Finished transferring input files
...
001 (4875441.006.000) 05/07 18:18:01 Job executing on host: <188.184.197.214:9618?addrs=188.184.197.214-9618+[2001-1458-301-103--100-d7]-9618&noUDP&sock=20298_5172_3>
...
001 (4875441.002.000) 05/07 18:18:01 Job executing on host: <188.184.213.42:9618?addrs=188.184.213.42-9618+[2001-1458-301-10c--100-112]-9618&noUDP&sock=5710_29dd_3>
...
001 (4875441.004.000) 05/07 18:18:01 Job executing on host: <188.184.213.55:9618?addrs=188.184.213.55-9618+[2001-1458-301-10c--100-13b]-9618&noUDP&sock=20365_464b_3>
...
040 (4875441.005.000) 05/07 18:18:01 Started transferring input files
	Transferring to host: <188.184.139.67:9618?addrs=188.184.139.67-9618+[2001-1458-301-45--100-14b]-9618&noUDP&sock=31940_5e8c_256119>
...
040 (4875441.005.000) 05/07 18:18:01 Finished transferring input files
...
001 (4875441.005.000) 05/07 18:18:02 Job executing on host: <188.184.139.67:9618?addrs=188.184.139.67-9618+[2001-1458-301-45--100-14b]-9618&noUDP&sock=5591_8a18_3>
...
006 (4875441.001.000) 05/07 18:18:08 Image size of job updated: 74644
	55  -  MemoryUsage of job (MB)
	55972  -  ResidentSetSize of job (KB)
...
006 (4875441.006.000) 05/07 18:18:09 Image size of job updated: 76872
	55  -  MemoryUsage of job (MB)
	56084  -  ResidentSetSize of job (KB)
...
006 (4875441.002.000) 05/07 18:18:10 Image size of job updated: 72876
	55  -  MemoryUsage of job (MB)
	55936  -  ResidentSetSize of job (KB)
...
006 (4875441.004.000) 05/07 18:18:10 Image size of job updated: 76176
	55  -  MemoryUsage of job (MB)
	56096  -  ResidentSetSize of job (KB)
...
006 (4875441.005.000) 05/07 18:18:11 Image size of job updated: 74724
	55  -  MemoryUsage of job (MB)
	56080  -  ResidentSetSize of job (KB)
...
006 (4875441.003.000) 05/07 18:20:22 Image size of job updated: 109232
	55  -  MemoryUsage of job (MB)
	56020  -  ResidentSetSize of job (KB)
...
006 (4875441.001.000) 05/07 18:23:08 Image size of job updated: 74908
	55  -  MemoryUsage of job (MB)
	56024  -  ResidentSetSize of job (KB)
...
006 (4875441.006.000) 05/07 18:23:09 Image size of job updated: 77276
	55  -  MemoryUsage of job (MB)
	56240  -  ResidentSetSize of job (KB)
...
006 (4875441.002.000) 05/07 18:23:11 Image size of job updated: 73196
	55  -  MemoryUsage of job (MB)
	56040  -  ResidentSetSize of job (KB)
...
006 (4875441.004.000) 05/07 18:23:11 Image size of job updated: 76292
	55  -  MemoryUsage of job (MB)
	56136  -  ResidentSetSize of job (KB)
...
006 (4875441.005.000) 05/07 18:23:12 Image size of job updated: 75032
	55  -  MemoryUsage of job (MB)
	56176  -  ResidentSetSize of job (KB)
...
006 (4875441.003.000) 05/07 18:25:18 Image size of job updated: 109420
	55  -  MemoryUsage of job (MB)
	56100  -  ResidentSetSize of job (KB)
...
006 (4875441.001.000) 05/07 18:28:08 Image size of job updated: 74956
	55  -  MemoryUsage of job (MB)
	56072  -  ResidentSetSize of job (KB)
...
006 (4875441.002.000) 05/07 18:28:12 Image size of job updated: 73196
	55  -  MemoryUsage of job (MB)
	56136  -  ResidentSetSize of job (KB)
...
006 (4875441.004.000) 05/07 18:28:12 Image size of job updated: 76344
	55  -  MemoryUsage of job (MB)
	56188  -  ResidentSetSize of job (KB)
...
006 (4875441.005.000) 05/07 18:28:13 Image size of job updated: 75032
	55  -  MemoryUsage of job (MB)
	56296  -  ResidentSetSize of job (KB)
...
006 (4875441.003.000) 05/07 18:30:18 Image size of job updated: 109420
	57  -  MemoryUsage of job (MB)
	57592  -  ResidentSetSize of job (KB)
...
022 (4875441.000.000) 05/07 18:31:48 Job disconnected, attempting to reconnect
    Socket between submit and execute hosts closed unexpectedly
    Trying to reconnect to slot1_19@b7g01p1117.cern.ch <128.142.48.159:9618?addrs=128.142.48.159-9618+[2001-1458-301-d--100-1c]-9618&noUDP&sock=130711_73d0_7>
...
024 (4875441.000.000) 05/07 18:31:49 Job reconnection failed
    Job not found at execution machine
    Can not reconnect to slot1_19@b7g01p1117.cern.ch, rescheduling job
...
006 (4875441.001.000) 05/07 18:33:09 Image size of job updated: 74956
	57  -  MemoryUsage of job (MB)
	57616  -  ResidentSetSize of job (KB)
...
006 (4875441.002.000) 05/07 18:33:12 Image size of job updated: 73196
	57  -  MemoryUsage of job (MB)
	57600  -  ResidentSetSize of job (KB)
...
006 (4875441.004.000) 05/07 18:33:12 Image size of job updated: 76344
	57  -  MemoryUsage of job (MB)
	57732  -  ResidentSetSize of job (KB)
...
006 (4875441.005.000) 05/07 18:33:13 Image size of job updated: 75032
	57  -  MemoryUsage of job (MB)
	57748  -  ResidentSetSize of job (KB)
...
006 (4875441.003.000) 05/07 18:35:18 Image size of job updated: 109420
	57  -  MemoryUsage of job (MB)
	57616  -  ResidentSetSize of job (KB)
...
040 (4875441.007.000) 05/07 18:36:09 Started transferring input files
	Transferring to host: <128.142.70.178:9618?addrs=128.142.70.178-9618+[2001-1458-301-52--100-e8]-9618&noUDP&sock=3682_0d4f_16959>
...
040 (4875441.007.000) 05/07 18:36:09 Finished transferring input files
...
001 (4875441.007.000) 05/07 18:36:10 Job executing on host: <128.142.70.178:9618?addrs=128.142.70.178-9618+[2001-1458-301-52--100-e8]-9618&noUDP&sock=2807_f26e_3>
...
006 (4875441.007.000) 05/07 18:36:18 Image size of job updated: 108876
	55  -  MemoryUsage of job (MB)
	56076  -  ResidentSetSize of job (KB)
...
006 (4875441.001.000) 05/07 18:38:10 Image size of job updated: 74956
	57  -  MemoryUsage of job (MB)
	57656  -  ResidentSetSize of job (KB)
...
006 (4875441.006.000) 05/07 18:38:11 Image size of job updated: 77276
	57  -  MemoryUsage of job (MB)
	57748  -  ResidentSetSize of job (KB)
...
006 (4875441.004.000) 05/07 18:38:12 Image size of job updated: 76344
	57  -  MemoryUsage of job (MB)
	57788  -  ResidentSetSize of job (KB)
...
006 (4875441.002.000) 05/07 18:38:12 Image size of job updated: 73196
	57  -  MemoryUsage of job (MB)
	57636  -  ResidentSetSize of job (KB)
...
006 (4875441.005.000) 05/07 18:38:13 Image size of job updated: 75032
	57  -  MemoryUsage of job (MB)
	57784  -  ResidentSetSize of job (KB)
...
040 (4875441.000.000) 05/07 18:40:10 Started transferring input files
	Transferring to host: <188.184.210.215:9618?addrs=188.184.210.215-9618+[2001-1458-301-10b--100-d1]-9618&noUDP&sock=7355_0344_240010>
...
040 (4875441.000.000) 05/07 18:40:10 Finished transferring input files
...
001 (4875441.000.000) 05/07 18:40:11 Job executing on host: <188.184.210.215:9618?addrs=188.184.210.215-9618+[2001-1458-301-10b--100-d1]-9618&noUDP&sock=5688_12c8_3>
...
006 (4875441.003.000) 05/07 18:40:19 Image size of job updated: 109420
	57  -  MemoryUsage of job (MB)
	57644  -  ResidentSetSize of job (KB)
...
006 (4875441.000.000) 05/07 18:40:20 Image size of job updated: 81324
	55  -  MemoryUsage of job (MB)
	55940  -  ResidentSetSize of job (KB)
...
006 (4875441.007.000) 05/07 18:41:18 Image size of job updated: 109388
	55  -  MemoryUsage of job (MB)
	56164  -  ResidentSetSize of job (KB)
...
006 (4875441.001.000) 05/07 18:43:10 Image size of job updated: 74956
	57  -  MemoryUsage of job (MB)
	57720  -  ResidentSetSize of job (KB)
...
006 (4875441.006.000) 05/07 18:43:12 Image size of job updated: 77276
	57  -  MemoryUsage of job (MB)
	57772  -  ResidentSetSize of job (KB)
...
006 (4875441.002.000) 05/07 18:43:13 Image size of job updated: 73196
	57  -  MemoryUsage of job (MB)
	57712  -  ResidentSetSize of job (KB)
...
006 (4875441.004.000) 05/07 18:43:13 Image size of job updated: 76344
	57  -  MemoryUsage of job (MB)
	57876  -  ResidentSetSize of job (KB)
...
006 (4875441.005.000) 05/07 18:43:14 Image size of job updated: 75032
	57  -  MemoryUsage of job (MB)
	57820  -  ResidentSetSize of job (KB)
...
006 (4875441.003.000) 05/07 18:45:19 Image size of job updated: 109420
	57  -  MemoryUsage of job (MB)
	57680  -  ResidentSetSize of job (KB)
...
006 (4875441.000.000) 05/07 18:45:21 Image size of job updated: 81488
	55  -  MemoryUsage of job (MB)
	56048  -  ResidentSetSize of job (KB)
...
006 (4875441.007.000) 05/07 18:46:18 Image size of job updated: 109424
	55  -  MemoryUsage of job (MB)
	56212  -  ResidentSetSize of job (KB)
...
006 (4875441.001.000) 05/07 18:48:11 Image size of job updated: 74956
	57  -  MemoryUsage of job (MB)
	57768  -  ResidentSetSize of job (KB)
...
006 (4875441.006.000) 05/07 18:48:13 Image size of job updated: 77276
	57  -  MemoryUsage of job (MB)
	57856  -  ResidentSetSize of job (KB)
...
006 (4875441.002.000) 05/07 18:48:13 Image size of job updated: 73196
	57  -  MemoryUsage of job (MB)
	57732  -  ResidentSetSize of job (KB)
...
006 (4875441.004.000) 05/07 18:48:14 Image size of job updated: 76344
	57  -  MemoryUsage of job (MB)
	57896  -  ResidentSetSize of job (KB)
...
006 (4875441.005.000) 05/07 18:48:15 Image size of job updated: 75032
	57  -  MemoryUsage of job (MB)
	57860  -  ResidentSetSize of job (KB)
...
006 (4875441.003.000) 05/07 18:50:19 Image size of job updated: 109420
	57  -  MemoryUsage of job (MB)
	57736  -  ResidentSetSize of job (KB)
...
006 (4875441.000.000) 05/07 18:50:22 Image size of job updated: 81540
	55  -  MemoryUsage of job (MB)
	56100  -  ResidentSetSize of job (KB)
...
006 (4875441.007.000) 05/07 18:51:19 Image size of job updated: 111384
	57  -  MemoryUsage of job (MB)
	57772  -  ResidentSetSize of job (KB)
...
006 (4875441.001.000) 05/07 18:53:11 Image size of job updated: 96936
	69  -  MemoryUsage of job (MB)
	70652  -  ResidentSetSize of job (KB)
...
006 (4875441.006.000) 05/07 18:53:13 Image size of job updated: 77276
	57  -  MemoryUsage of job (MB)
	57868  -  ResidentSetSize of job (KB)
...
006 (4875441.002.000) 05/07 18:53:13 Image size of job updated: 73196
	57  -  MemoryUsage of job (MB)
	57828  -  ResidentSetSize of job (KB)
...
006 (4875441.004.000) 05/07 18:53:14 Image size of job updated: 76344
	57  -  MemoryUsage of job (MB)
	57908  -  ResidentSetSize of job (KB)
...
006 (4875441.005.000) 05/07 18:53:15 Image size of job updated: 75032
	57  -  MemoryUsage of job (MB)
	57948  -  ResidentSetSize of job (KB)
...
006 (4875441.003.000) 05/07 18:55:20 Image size of job updated: 109420
	57  -  MemoryUsage of job (MB)
	57812  -  ResidentSetSize of job (KB)
...
006 (4875441.000.000) 05/07 18:55:22 Image size of job updated: 83204
	57  -  MemoryUsage of job (MB)
	57604  -  ResidentSetSize of job (KB)
...
006 (4875441.007.000) 05/07 18:56:19 Image size of job updated: 111500
	57  -  MemoryUsage of job (MB)
	57888  -  ResidentSetSize of job (KB)
...
006 (4875441.006.000) 05/07 18:58:13 Image size of job updated: 77276
	57  -  MemoryUsage of job (MB)
	57928  -  ResidentSetSize of job (KB)
...
006 (4875441.004.000) 05/07 18:58:15 Image size of job updated: 76344
	57  -  MemoryUsage of job (MB)
	58108  -  ResidentSetSize of job (KB)
...
006 (4875441.000.000) 05/07 19:00:22 Image size of job updated: 83268
	57  -  MemoryUsage of job (MB)
	57668  -  ResidentSetSize of job (KB)
...
006 (4875441.007.000) 05/07 19:01:19 Image size of job updated: 111520
	57  -  MemoryUsage of job (MB)
	57908  -  ResidentSetSize of job (KB)
...
006 (4875441.002.000) 05/07 19:01:51 Image size of job updated: 518008
	57  -  MemoryUsage of job (MB)
	57828  -  ResidentSetSize of job (KB)
...
040 (4875441.002.000) 05/07 19:01:51 Started transferring output files
...
040 (4875441.002.000) 05/07 19:01:51 Finished transferring output files
...
005 (4875441.002.000) 05/07 19:01:51 Job terminated.
	(1) Normal termination (return value 0)
		Usr 0 00:10:01, Sys 0 00:01:58  -  Run Remote Usage
		Usr 0 00:00:00, Sys 0 00:00:00  -  Run Local Usage
		Usr 0 00:10:01, Sys 0 00:01:58  -  Total Remote Usage
		Usr 0 00:00:00, Sys 0 00:00:00  -  Total Local Usage
	842290  -  Run Bytes Sent By Job
	1056  -  Run Bytes Received By Job
	842290  -  Total Bytes Sent By Job
	1056  -  Total Bytes Received By Job
	Partitionable Resources :    Usage  Request Allocated 
	   Cpus                 :                 1           
	   Disk (KB)            :      836        2   2950745 
	   Memory (MB)          :       57     2000      2000 
...
040 (4875441.005.000) 05/07 19:02:46 Started transferring output files
...
040 (4875441.005.000) 05/07 19:02:46 Finished transferring output files
...
005 (4875441.005.000) 05/07 19:02:47 Job terminated.
	(1) Normal termination (return value 0)
		Usr 0 00:11:38, Sys 0 00:02:29  -  Run Remote Usage
		Usr 0 00:00:00, Sys 0 00:00:00  -  Run Local Usage
		Usr 0 00:11:38, Sys 0 00:02:29  -  Total Remote Usage
		Usr 0 00:00:00, Sys 0 00:00:00  -  Total Local Usage
	867446  -  Run Bytes Sent By Job
	1024  -  Run Bytes Received By Job
	867446  -  Total Bytes Sent By Job
	1024  -  Total Bytes Received By Job
	Partitionable Resources :    Usage  Request Allocated 
	   Cpus                 :                 1           
	   Disk (KB)            :      861        2   2866729 
	   Memory (MB)          :       57     2000      2000 
...
040 (4875441.001.000) 05/07 19:03:00 Started transferring output files
...
040 (4875441.001.000) 05/07 19:03:00 Finished transferring output files
...
005 (4875441.001.000) 05/07 19:03:00 Job terminated.
	(1) Normal termination (return value 0)
		Usr 0 00:10:18, Sys 0 00:02:09  -  Run Remote Usage
		Usr 0 00:00:00, Sys 0 00:00:00  -  Run Local Usage
		Usr 0 00:10:18, Sys 0 00:02:09  -  Total Remote Usage
		Usr 0 00:00:00, Sys 0 00:00:00  -  Total Local Usage
	834006  -  Run Bytes Sent By Job
	1032  -  Run Bytes Received By Job
	834006  -  Total Bytes Sent By Job
	1032  -  Total Bytes Received By Job
	Partitionable Resources :    Usage  Request Allocated 
	   Cpus                 :                 1           
	   Disk (KB)            :      828        2   2892339 
	   Memory (MB)          :       69     2000      2000 
...
040 (4875441.003.000) 05/07 19:05:14 Started transferring output files
...
040 (4875441.003.000) 05/07 19:05:14 Finished transferring output files
...
005 (4875441.003.000) 05/07 19:05:15 Job terminated.
	(1) Normal termination (return value 0)
		Usr 0 00:09:45, Sys 0 00:02:03  -  Run Remote Usage
		Usr 0 00:00:00, Sys 0 00:00:00  -  Run Local Usage
		Usr 0 00:09:45, Sys 0 00:02:03  -  Total Remote Usage
		Usr 0 00:00:00, Sys 0 00:00:00  -  Total Local Usage
	833045  -  Run Bytes Sent By Job
	1052  -  Run Bytes Received By Job
	833045  -  Total Bytes Sent By Job
	1052  -  Total Bytes Received By Job
	Partitionable Resources :    Usage  Request Allocated 
	   Cpus                 :                 1           
	   Disk (KB)            :      827        2   3080723 
	   Memory (MB)          :       57     2000      2000 
...
006 (4875441.000.000) 05/07 19:05:23 Image size of job updated: 83356
	57  -  MemoryUsage of job (MB)
	57756  -  ResidentSetSize of job (KB)
...
006 (4875441.007.000) 05/07 19:06:20 Image size of job updated: 111584
	57  -  MemoryUsage of job (MB)
	57972  -  ResidentSetSize of job (KB)
...
040 (4875441.004.000) 05/07 19:09:39 Started transferring output files
...
040 (4875441.004.000) 05/07 19:09:39 Finished transferring output files
...
005 (4875441.004.000) 05/07 19:09:39 Job terminated.
	(1) Normal termination (return value 0)
		Usr 0 00:11:56, Sys 0 00:02:27  -  Run Remote Usage
		Usr 0 00:00:00, Sys 0 00:00:00  -  Run Local Usage
		Usr 0 00:11:56, Sys 0 00:02:27  -  Total Remote Usage
		Usr 0 00:00:00, Sys 0 00:00:00  -  Total Local Usage
	868232  -  Run Bytes Sent By Job
	1028  -  Run Bytes Received By Job
	868232  -  Total Bytes Sent By Job
	1028  -  Total Bytes Received By Job
	Partitionable Resources :    Usage  Request Allocated 
	   Cpus                 :                 1           
	   Disk (KB)            :      862        2   2872942 
	   Memory (MB)          :       57     2000      2000 
...
040 (4875441.006.000) 05/07 19:11:03 Started transferring output files
...
040 (4875441.006.000) 05/07 19:11:03 Finished transferring output files
...
005 (4875441.006.000) 05/07 19:11:03 Job terminated.
	(1) Normal termination (return value 0)
		Usr 0 00:10:20, Sys 0 00:02:17  -  Run Remote Usage
		Usr 0 00:00:00, Sys 0 00:00:00  -  Run Local Usage
		Usr 0 00:10:20, Sys 0 00:02:17  -  Total Remote Usage
		Usr 0 00:00:00, Sys 0 00:00:00  -  Total Local Usage
	868631  -  Run Bytes Sent By Job
	1048  -  Run Bytes Received By Job
	868631  -  Total Bytes Sent By Job
	1048  -  Total Bytes Received By Job
	Partitionable Resources :    Usage  Request Allocated 
	   Cpus                 :                 1           
	   Disk (KB)            :      862        2   2938022 
	   Memory (MB)          :       57     2000      2000 
...
006 (4875441.007.000) 05/07 19:11:21 Image size of job updated: 111664
	57  -  MemoryUsage of job (MB)
	58052  -  ResidentSetSize of job (KB)
...
040 (4875441.000.000) 05/07 19:22:27 Started transferring output files
...
040 (4875441.000.000) 05/07 19:22:27 Finished transferring output files
...
005 (4875441.000.000) 05/07 19:22:27 Job terminated.
	(1) Normal termination (return value 0)
		Usr 0 00:09:41, Sys 0 00:02:03  -  Run Remote Usage
		Usr 0 00:00:00, Sys 0 00:00:00  -  Run Local Usage
		Usr 0 00:09:41, Sys 0 00:02:03  -  Total Remote Usage
		Usr 0 00:00:00, Sys 0 00:00:00  -  Total Local Usage
	837607  -  Run Bytes Sent By Job
	1036  -  Run Bytes Received By Job
	837607  -  Total Bytes Sent By Job
	1036  -  Total Bytes Received By Job
	Partitionable Resources :    Usage  Request Allocated 
	   Cpus                 :                 1           
	   Disk (KB)            :      832        2   3120326 
	   Memory (MB)          :       57     2000      2000 
...
040 (4875441.007.000) 05/07 19:27:19 Started transferring output files
...
040 (4875441.007.000) 05/07 19:27:19 Finished transferring output files
...
005 (4875441.007.000) 05/07 19:27:19 Job terminated.
	(1) Normal termination (return value 0)
		Usr 0 00:11:51, Sys 0 00:02:07  -  Run Remote Usage
		Usr 0 00:00:00, Sys 0 00:00:00  -  Run Local Usage
		Usr 0 00:11:51, Sys 0 00:02:07  -  Total Remote Usage
		Usr 0 00:00:00, Sys 0 00:00:00  -  Total Local Usage
	869523  -  Run Bytes Sent By Job
	1044  -  Run Bytes Received By Job
	869523  -  Total Bytes Sent By Job
	1044  -  Total Bytes Received By Job
	Partitionable Resources :    Usage  Request Allocated 
	   Cpus                 :                 1           
	   Disk (KB)            :      863        2   2480335 
	   Memory (MB)          :       57     2000      2000 
...
