000 (4875723.000.000) 05/07 19:30:20 Job submitted from host: <137.138.44.75:9618?addrs=137.138.44.75-9618+[2001-1458-d00-1a--b]-9618&alias=bigbird14.cern.ch&noUDP&sock=schedd_2312_6b0d_58>
...
000 (4875723.001.000) 05/07 19:30:20 Job submitted from host: <137.138.44.75:9618?addrs=137.138.44.75-9618+[2001-1458-d00-1a--b]-9618&alias=bigbird14.cern.ch&noUDP&sock=schedd_2312_6b0d_58>
...
000 (4875723.002.000) 05/07 19:30:20 Job submitted from host: <137.138.44.75:9618?addrs=137.138.44.75-9618+[2001-1458-d00-1a--b]-9618&alias=bigbird14.cern.ch&noUDP&sock=schedd_2312_6b0d_58>
...
000 (4875723.003.000) 05/07 19:30:20 Job submitted from host: <137.138.44.75:9618?addrs=137.138.44.75-9618+[2001-1458-d00-1a--b]-9618&alias=bigbird14.cern.ch&noUDP&sock=schedd_2312_6b0d_58>
...
000 (4875723.004.000) 05/07 19:30:20 Job submitted from host: <137.138.44.75:9618?addrs=137.138.44.75-9618+[2001-1458-d00-1a--b]-9618&alias=bigbird14.cern.ch&noUDP&sock=schedd_2312_6b0d_58>
...
000 (4875723.005.000) 05/07 19:30:20 Job submitted from host: <137.138.44.75:9618?addrs=137.138.44.75-9618+[2001-1458-d00-1a--b]-9618&alias=bigbird14.cern.ch&noUDP&sock=schedd_2312_6b0d_58>
...
000 (4875723.006.000) 05/07 19:30:20 Job submitted from host: <137.138.44.75:9618?addrs=137.138.44.75-9618+[2001-1458-d00-1a--b]-9618&alias=bigbird14.cern.ch&noUDP&sock=schedd_2312_6b0d_58>
...
000 (4875723.007.000) 05/07 19:30:20 Job submitted from host: <137.138.44.75:9618?addrs=137.138.44.75-9618+[2001-1458-d00-1a--b]-9618&alias=bigbird14.cern.ch&noUDP&sock=schedd_2312_6b0d_58>
...
040 (4875723.000.000) 05/07 19:32:36 Started transferring input files
	Transferring to host: <188.184.210.174:9618?addrs=188.184.210.174-9618+[2001-1458-301-10b--100-82]-9618&noUDP&sock=6606_4646_199676>
...
040 (4875723.000.000) 05/07 19:32:36 Finished transferring input files
...
001 (4875723.000.000) 05/07 19:32:37 Job executing on host: <188.184.210.174:9618?addrs=188.184.210.174-9618+[2001-1458-301-10b--100-82]-9618&noUDP&sock=5675_280d_3>
...
006 (4875723.000.000) 05/07 19:32:46 Image size of job updated: 108516
	54  -  MemoryUsage of job (MB)
	55284  -  ResidentSetSize of job (KB)
...
040 (4875723.000.000) 05/07 19:32:53 Started transferring output files
...
040 (4875723.000.000) 05/07 19:32:53 Finished transferring output files
...
005 (4875723.000.000) 05/07 19:32:53 Job terminated.
	(1) Normal termination (return value 0)
		Usr 0 00:00:02, Sys 0 00:00:00  -  Run Remote Usage
		Usr 0 00:00:00, Sys 0 00:00:00  -  Run Local Usage
		Usr 0 00:00:02, Sys 0 00:00:00  -  Total Remote Usage
		Usr 0 00:00:00, Sys 0 00:00:00  -  Total Local Usage
	9390  -  Run Bytes Sent By Job
	1100  -  Run Bytes Received By Job
	9390  -  Total Bytes Sent By Job
	1100  -  Total Bytes Received By Job
	Partitionable Resources :    Usage  Request Allocated 
	   Cpus                 :                 1           
	   Disk (KB)            :       23        2   3072335 
	   Memory (MB)          :       54     2000      2000 
...
040 (4875723.003.000) 05/07 19:35:43 Started transferring input files
	Transferring to host: <188.184.196.36:9618?addrs=188.184.196.36-9618+[2001-1458-301-102--100-26]-9618&noUDP&sock=9311_3114_16458>
...
040 (4875723.003.000) 05/07 19:35:43 Finished transferring input files
...
040 (4875723.001.000) 05/07 19:35:44 Started transferring input files
	Transferring to host: <188.184.197.244:9618?addrs=188.184.197.244-9618+[2001-1458-301-103--100-e4]-9618&noUDP&sock=20790_2f86_35580>
...
040 (4875723.001.000) 05/07 19:35:44 Finished transferring input files
...
001 (4875723.003.000) 05/07 19:35:44 Job executing on host: <188.184.196.36:9618?addrs=188.184.196.36-9618+[2001-1458-301-102--100-26]-9618&noUDP&sock=5725_73c9_3>
...
001 (4875723.001.000) 05/07 19:35:45 Job executing on host: <188.184.197.244:9618?addrs=188.184.197.244-9618+[2001-1458-301-103--100-e4]-9618&noUDP&sock=20365_464b_410>
...
040 (4875723.004.000) 05/07 19:35:45 Started transferring input files
	Transferring to host: <188.184.212.84:9618?addrs=188.184.212.84-9618+[2001-1458-301-10c--100-3d]-9618&noUDP&sock=20504_ac3b_258130>
...
040 (4875723.004.000) 05/07 19:35:45 Finished transferring input files
...
001 (4875723.004.000) 05/07 19:35:46 Job executing on host: <188.184.212.84:9618?addrs=188.184.212.84-9618+[2001-1458-301-10c--100-3d]-9618&noUDP&sock=20371_63dc_3>
...
006 (4875723.003.000) 05/07 19:35:53 Image size of job updated: 108540
	55  -  MemoryUsage of job (MB)
	55308  -  ResidentSetSize of job (KB)
...
006 (4875723.001.000) 05/07 19:35:54 Image size of job updated: 108552
	55  -  MemoryUsage of job (MB)
	55320  -  ResidentSetSize of job (KB)
...
006 (4875723.004.000) 05/07 19:35:55 Image size of job updated: 108528
	55  -  MemoryUsage of job (MB)
	55308  -  ResidentSetSize of job (KB)
...
040 (4875723.003.000) 05/07 19:35:56 Started transferring output files
...
040 (4875723.003.000) 05/07 19:35:56 Finished transferring output files
...
005 (4875723.003.000) 05/07 19:35:57 Job terminated.
	(1) Normal termination (return value 0)
		Usr 0 00:00:02, Sys 0 00:00:00  -  Run Remote Usage
		Usr 0 00:00:00, Sys 0 00:00:00  -  Run Local Usage
		Usr 0 00:00:02, Sys 0 00:00:00  -  Total Remote Usage
		Usr 0 00:00:00, Sys 0 00:00:00  -  Total Local Usage
	9756  -  Run Bytes Sent By Job
	1116  -  Run Bytes Received By Job
	9756  -  Total Bytes Sent By Job
	1116  -  Total Bytes Received By Job
	Partitionable Resources :    Usage  Request Allocated 
	   Cpus                 :        0        1         1 
	   Disk (KB)            :       30        2    313441 
	   Memory (MB)          :       55     2000      2000 
...
040 (4875723.001.000) 05/07 19:35:57 Started transferring output files
...
040 (4875723.001.000) 05/07 19:35:57 Finished transferring output files
...
005 (4875723.001.000) 05/07 19:35:57 Job terminated.
	(1) Normal termination (return value 0)
		Usr 0 00:00:02, Sys 0 00:00:01  -  Run Remote Usage
		Usr 0 00:00:00, Sys 0 00:00:00  -  Run Local Usage
		Usr 0 00:00:02, Sys 0 00:00:01  -  Total Remote Usage
		Usr 0 00:00:00, Sys 0 00:00:00  -  Total Local Usage
	9373  -  Run Bytes Sent By Job
	1096  -  Run Bytes Received By Job
	9373  -  Total Bytes Sent By Job
	1096  -  Total Bytes Received By Job
	Partitionable Resources :    Usage  Request Allocated 
	   Cpus                 :                 1           
	   Disk (KB)            :       23        2   3231093 
	   Memory (MB)          :       55     2000      2000 
...
040 (4875723.005.000) 05/07 19:35:58 Started transferring input files
	Transferring to host: <188.184.197.244:9618?addrs=188.184.197.244-9618+[2001-1458-301-103--100-e4]-9618&noUDP&sock=20790_2f86_35581>
...
040 (4875723.005.000) 05/07 19:35:58 Finished transferring input files
...
040 (4875723.006.000) 05/07 19:35:58 Started transferring input files
	Transferring to host: <188.184.212.204:9618?addrs=188.184.212.204-9618+[2001-1458-301-10c--100-d2]-9618&noUDP&sock=7453_1008_205561>
...
040 (4875723.006.000) 05/07 19:35:58 Finished transferring input files
...
001 (4875723.005.000) 05/07 19:35:59 Job executing on host: <188.184.197.244:9618?addrs=188.184.197.244-9618+[2001-1458-301-103--100-e4]-9618&noUDP&sock=20365_464b_410>
...
001 (4875723.006.000) 05/07 19:35:59 Job executing on host: <188.184.212.204:9618?addrs=188.184.212.204-9618+[2001-1458-301-10c--100-d2]-9618&noUDP&sock=5690_71f8_3>
...
022 (4875723.002.000) 05/07 19:36:04 Job disconnected, attempting to reconnect
    Socket between submit and execute hosts closed unexpectedly
    Trying to reconnect to slot1_2@b7g24n0061.cern.ch <188.184.212.22:9618?addrs=188.184.212.22-9618+[2001-1458-301-10c--100-8]-9618&noUDP&sock=5727_d2f9_3>
...
024 (4875723.002.000) 05/07 19:36:04 Job reconnection failed
    Job not found at execution machine
    Can not reconnect to slot1_2@b7g24n0061.cern.ch, rescheduling job
...
006 (4875723.004.000) 05/07 19:36:04 Image size of job updated: 790084
	55  -  MemoryUsage of job (MB)
	55308  -  ResidentSetSize of job (KB)
...
040 (4875723.004.000) 05/07 19:36:04 Started transferring output files
...
040 (4875723.004.000) 05/07 19:36:04 Finished transferring output files
...
005 (4875723.004.000) 05/07 19:36:04 Job terminated.
	(1) Normal termination (return value 0)
		Usr 0 00:00:02, Sys 0 00:00:01  -  Run Remote Usage
		Usr 0 00:00:00, Sys 0 00:00:00  -  Run Local Usage
		Usr 0 00:00:02, Sys 0 00:00:01  -  Total Remote Usage
		Usr 0 00:00:00, Sys 0 00:00:00  -  Total Local Usage
	9541  -  Run Bytes Sent By Job
	1092  -  Run Bytes Received By Job
	9541  -  Total Bytes Sent By Job
	1092  -  Total Bytes Received By Job
	Partitionable Resources :    Usage  Request Allocated 
	   Cpus                 :                 1           
	   Disk (KB)            :       23        2   2926717 
	   Memory (MB)          :       55     2000      2000 
...
006 (4875723.005.000) 05/07 19:36:06 Image size of job updated: 107656
	0  -  MemoryUsage of job (MB)
	0  -  ResidentSetSize of job (KB)
...
040 (4875723.005.000) 05/07 19:36:06 Started transferring output files
...
040 (4875723.005.000) 05/07 19:36:06 Finished transferring output files
...
005 (4875723.005.000) 05/07 19:36:06 Job terminated.
	(1) Normal termination (return value 0)
		Usr 0 00:00:02, Sys 0 00:00:00  -  Run Remote Usage
		Usr 0 00:00:00, Sys 0 00:00:00  -  Run Local Usage
		Usr 0 00:00:02, Sys 0 00:00:00  -  Total Remote Usage
		Usr 0 00:00:00, Sys 0 00:00:00  -  Total Local Usage
	9540  -  Run Bytes Sent By Job
	1088  -  Run Bytes Received By Job
	9540  -  Total Bytes Sent By Job
	1088  -  Total Bytes Received By Job
	Partitionable Resources :    Usage  Request Allocated 
	   Cpus                 :                 1           
	   Disk (KB)            :       23        2   3231093 
	   Memory (MB)          :        0     2000      2000 
...
006 (4875723.006.000) 05/07 19:36:08 Image size of job updated: 105612
	55  -  MemoryUsage of job (MB)
	55320  -  ResidentSetSize of job (KB)
...
040 (4875723.002.000) 05/07 19:36:13 Started transferring input files
	Transferring to host: <188.184.210.42:9618?addrs=188.184.210.42-9618+[2001-1458-301-10b--100-c]-9618&noUDP&sock=18149_5cbb_15752>
...
040 (4875723.002.000) 05/07 19:36:13 Finished transferring input files
...
006 (4875723.006.000) 05/07 19:36:14 Image size of job updated: 583544
	55  -  MemoryUsage of job (MB)
	55320  -  ResidentSetSize of job (KB)
...
040 (4875723.006.000) 05/07 19:36:14 Started transferring output files
...
040 (4875723.006.000) 05/07 19:36:14 Finished transferring output files
...
001 (4875723.002.000) 05/07 19:36:14 Job executing on host: <188.184.210.42:9618?addrs=188.184.210.42-9618+[2001-1458-301-10b--100-c]-9618&noUDP&sock=5716_476f_3>
...
005 (4875723.006.000) 05/07 19:36:14 Job terminated.
	(1) Normal termination (return value 0)
		Usr 0 00:00:03, Sys 0 00:00:01  -  Run Remote Usage
		Usr 0 00:00:00, Sys 0 00:00:00  -  Run Local Usage
		Usr 0 00:00:03, Sys 0 00:00:01  -  Total Remote Usage
		Usr 0 00:00:00, Sys 0 00:00:00  -  Total Local Usage
	9540  -  Run Bytes Sent By Job
	1112  -  Run Bytes Received By Job
	9540  -  Total Bytes Sent By Job
	1112  -  Total Bytes Received By Job
	Partitionable Resources :    Usage  Request Allocated 
	   Cpus                 :                 1           
	   Disk (KB)            :       23        2   2924900 
	   Memory (MB)          :       55     2000      2000 
...
040 (4875723.007.000) 05/07 19:36:15 Started transferring input files
	Transferring to host: <188.184.212.204:9618?addrs=188.184.212.204-9618+[2001-1458-301-10c--100-d2]-9618&noUDP&sock=7453_1008_205562>
...
040 (4875723.007.000) 05/07 19:36:15 Finished transferring input files
...
001 (4875723.007.000) 05/07 19:36:16 Job executing on host: <188.184.212.204:9618?addrs=188.184.212.204-9618+[2001-1458-301-10c--100-d2]-9618&noUDP&sock=5690_71f8_3>
...
006 (4875723.002.000) 05/07 19:36:23 Image size of job updated: 6488
	5  -  MemoryUsage of job (MB)
	4656  -  ResidentSetSize of job (KB)
...
006 (4875723.007.000) 05/07 19:36:24 Image size of job updated: 105628
	55  -  MemoryUsage of job (MB)
	55316  -  ResidentSetSize of job (KB)
...
040 (4875723.002.000) 05/07 19:36:29 Started transferring output files
...
040 (4875723.002.000) 05/07 19:36:29 Finished transferring output files
...
005 (4875723.002.000) 05/07 19:36:29 Job terminated.
	(1) Normal termination (return value 0)
		Usr 0 00:00:02, Sys 0 00:00:00  -  Run Remote Usage
		Usr 0 00:00:00, Sys 0 00:00:00  -  Run Local Usage
		Usr 0 00:00:02, Sys 0 00:00:00  -  Total Remote Usage
		Usr 0 00:00:00, Sys 0 00:00:00  -  Total Local Usage
	9405  -  Run Bytes Sent By Job
	1120  -  Run Bytes Received By Job
	9405  -  Total Bytes Sent By Job
	1120  -  Total Bytes Received By Job
	Partitionable Resources :    Usage  Request Allocated 
	   Cpus                 :     0.04        1         1 
	   Disk (KB)            :    31           2    300348 
	   Memory (MB)          :     5        2000      2000 
...
040 (4875723.007.000) 05/07 19:36:33 Started transferring output files
...
040 (4875723.007.000) 05/07 19:36:33 Finished transferring output files
...
005 (4875723.007.000) 05/07 19:36:34 Job terminated.
	(1) Normal termination (return value 0)
		Usr 0 00:00:03, Sys 0 00:00:01  -  Run Remote Usage
		Usr 0 00:00:00, Sys 0 00:00:00  -  Run Local Usage
		Usr 0 00:00:03, Sys 0 00:00:01  -  Total Remote Usage
		Usr 0 00:00:00, Sys 0 00:00:00  -  Total Local Usage
	9538  -  Run Bytes Sent By Job
	1108  -  Run Bytes Received By Job
	9538  -  Total Bytes Sent By Job
	1108  -  Total Bytes Received By Job
	Partitionable Resources :    Usage  Request Allocated 
	   Cpus                 :                 1           
	   Disk (KB)            :       24        2   2924900 
	   Memory (MB)          :       55     2000      2000 
...
