000 (4875726.000.000) 05/07 19:30:26 Job submitted from host: <137.138.44.75:9618?addrs=137.138.44.75-9618+[2001-1458-d00-1a--b]-9618&alias=bigbird14.cern.ch&noUDP&sock=schedd_2312_6b0d_58>
...
000 (4875726.001.000) 05/07 19:30:26 Job submitted from host: <137.138.44.75:9618?addrs=137.138.44.75-9618+[2001-1458-d00-1a--b]-9618&alias=bigbird14.cern.ch&noUDP&sock=schedd_2312_6b0d_58>
...
000 (4875726.002.000) 05/07 19:30:26 Job submitted from host: <137.138.44.75:9618?addrs=137.138.44.75-9618+[2001-1458-d00-1a--b]-9618&alias=bigbird14.cern.ch&noUDP&sock=schedd_2312_6b0d_58>
...
000 (4875726.003.000) 05/07 19:30:26 Job submitted from host: <137.138.44.75:9618?addrs=137.138.44.75-9618+[2001-1458-d00-1a--b]-9618&alias=bigbird14.cern.ch&noUDP&sock=schedd_2312_6b0d_58>
...
000 (4875726.004.000) 05/07 19:30:26 Job submitted from host: <137.138.44.75:9618?addrs=137.138.44.75-9618+[2001-1458-d00-1a--b]-9618&alias=bigbird14.cern.ch&noUDP&sock=schedd_2312_6b0d_58>
...
000 (4875726.005.000) 05/07 19:30:26 Job submitted from host: <137.138.44.75:9618?addrs=137.138.44.75-9618+[2001-1458-d00-1a--b]-9618&alias=bigbird14.cern.ch&noUDP&sock=schedd_2312_6b0d_58>
...
000 (4875726.006.000) 05/07 19:30:26 Job submitted from host: <137.138.44.75:9618?addrs=137.138.44.75-9618+[2001-1458-d00-1a--b]-9618&alias=bigbird14.cern.ch&noUDP&sock=schedd_2312_6b0d_58>
...
000 (4875726.007.000) 05/07 19:30:26 Job submitted from host: <137.138.44.75:9618?addrs=137.138.44.75-9618+[2001-1458-d00-1a--b]-9618&alias=bigbird14.cern.ch&noUDP&sock=schedd_2312_6b0d_58>
...
040 (4875726.005.000) 05/07 19:32:39 Started transferring input files
	Transferring to host: <188.184.139.24:9618?addrs=188.184.139.24-9618+[2001-1458-301-45--100-128]-9618&noUDP&sock=29270_1cdf_254832>
...
040 (4875726.005.000) 05/07 19:32:39 Finished transferring input files
...
040 (4875726.002.000) 05/07 19:32:39 Started transferring input files
	Transferring to host: <188.184.213.128:9618?addrs=188.184.213.128-9618+[2001-1458-301-10c--100-19c]-9618&noUDP&sock=6401_d55d_240287>
...
040 (4875726.002.000) 05/07 19:32:39 Finished transferring input files
...
001 (4875726.005.000) 05/07 19:32:40 Job executing on host: <188.184.139.24:9618?addrs=188.184.139.24-9618+[2001-1458-301-45--100-128]-9618&noUDP&sock=5612_f195_3>
...
040 (4875726.007.000) 05/07 19:32:40 Started transferring input files
	Transferring to host: <128.142.70.162:9618?addrs=128.142.70.162-9618+[2001-1458-301-52--100-564]-9618&noUDP&sock=3596_750b_18109>
...
040 (4875726.007.000) 05/07 19:32:40 Finished transferring input files
...
001 (4875726.002.000) 05/07 19:32:40 Job executing on host: <188.184.213.128:9618?addrs=188.184.213.128-9618+[2001-1458-301-10c--100-19c]-9618&noUDP&sock=5699_9e52_3>
...
001 (4875726.007.000) 05/07 19:32:41 Job executing on host: <128.142.70.162:9618?addrs=128.142.70.162-9618+[2001-1458-301-52--100-564]-9618&noUDP&sock=2805_933e_3>
...
006 (4875726.002.000) 05/07 19:32:49 Image size of job updated: 5204
	0  -  MemoryUsage of job (MB)
	0  -  ResidentSetSize of job (KB)
...
040 (4875726.002.000) 05/07 19:32:49 Started transferring output files
...
040 (4875726.002.000) 05/07 19:32:49 Finished transferring output files
...
005 (4875726.002.000) 05/07 19:32:49 Job terminated.
	(1) Normal termination (return value 0)
		Usr 0 00:00:01, Sys 0 00:00:00  -  Run Remote Usage
		Usr 0 00:00:00, Sys 0 00:00:00  -  Run Local Usage
		Usr 0 00:00:01, Sys 0 00:00:00  -  Total Remote Usage
		Usr 0 00:00:00, Sys 0 00:00:00  -  Total Local Usage
	8761  -  Run Bytes Sent By Job
	1109  -  Run Bytes Received By Job
	8761  -  Total Bytes Sent By Job
	1109  -  Total Bytes Received By Job
	Partitionable Resources :    Usage  Request Allocated 
	   Cpus                 :                 1           
	   Disk (KB)            :       22        2   3163252 
	   Memory (MB)          :        0     2000      2000 
...
006 (4875726.005.000) 05/07 19:32:49 Image size of job updated: 1724
	2  -  MemoryUsage of job (MB)
	1724  -  ResidentSetSize of job (KB)
...
040 (4875726.005.000) 05/07 19:32:50 Started transferring output files
...
040 (4875726.005.000) 05/07 19:32:50 Finished transferring output files
...
005 (4875726.005.000) 05/07 19:32:50 Job terminated.
	(1) Normal termination (return value 0)
		Usr 0 00:00:01, Sys 0 00:00:00  -  Run Remote Usage
		Usr 0 00:00:00, Sys 0 00:00:00  -  Run Local Usage
		Usr 0 00:00:01, Sys 0 00:00:00  -  Total Remote Usage
		Usr 0 00:00:00, Sys 0 00:00:00  -  Total Local Usage
	8751  -  Run Bytes Sent By Job
	1077  -  Run Bytes Received By Job
	8751  -  Total Bytes Sent By Job
	1077  -  Total Bytes Received By Job
	Partitionable Resources :    Usage  Request Allocated 
	   Cpus                 :                 1           
	   Disk (KB)            :       22        2   3363503 
	   Memory (MB)          :        2     2000      2000 
...
006 (4875726.007.000) 05/07 19:32:50 Image size of job updated: 29536
	0  -  MemoryUsage of job (MB)
	0  -  ResidentSetSize of job (KB)
...
040 (4875726.007.000) 05/07 19:32:50 Started transferring output files
...
040 (4875726.007.000) 05/07 19:32:50 Finished transferring output files
...
005 (4875726.007.000) 05/07 19:32:50 Job terminated.
	(1) Normal termination (return value 0)
		Usr 0 00:00:01, Sys 0 00:00:00  -  Run Remote Usage
		Usr 0 00:00:00, Sys 0 00:00:00  -  Run Local Usage
		Usr 0 00:00:01, Sys 0 00:00:00  -  Total Remote Usage
		Usr 0 00:00:00, Sys 0 00:00:00  -  Total Local Usage
	8767  -  Run Bytes Sent By Job
	1097  -  Run Bytes Received By Job
	8767  -  Total Bytes Sent By Job
	1097  -  Total Bytes Received By Job
	Partitionable Resources :    Usage  Request Allocated 
	   Cpus                 :                 1           
	   Disk (KB)            :       22        2   2824471 
	   Memory (MB)          :        0     2000      2000 
...
040 (4875726.006.000) 05/07 19:35:45 Started transferring input files
	Transferring to host: <188.184.212.204:9618?addrs=188.184.212.204-9618+[2001-1458-301-10c--100-d2]-9618&noUDP&sock=7453_1008_205560>
...
040 (4875726.006.000) 05/07 19:35:45 Finished transferring input files
...
001 (4875726.006.000) 05/07 19:35:46 Job executing on host: <188.184.212.204:9618?addrs=188.184.212.204-9618+[2001-1458-301-10c--100-d2]-9618&noUDP&sock=5690_71f8_3>
...
006 (4875726.006.000) 05/07 19:35:55 Image size of job updated: 29372
	3  -  MemoryUsage of job (MB)
	2664  -  ResidentSetSize of job (KB)
...
040 (4875726.006.000) 05/07 19:35:57 Started transferring output files
...
040 (4875726.006.000) 05/07 19:35:57 Finished transferring output files
...
005 (4875726.006.000) 05/07 19:35:57 Job terminated.
	(1) Normal termination (return value 0)
		Usr 0 00:00:01, Sys 0 00:00:00  -  Run Remote Usage
		Usr 0 00:00:00, Sys 0 00:00:00  -  Run Local Usage
		Usr 0 00:00:01, Sys 0 00:00:00  -  Total Remote Usage
		Usr 0 00:00:00, Sys 0 00:00:00  -  Total Local Usage
	8769  -  Run Bytes Sent By Job
	1101  -  Run Bytes Received By Job
	8769  -  Total Bytes Sent By Job
	1101  -  Total Bytes Received By Job
	Partitionable Resources :    Usage  Request Allocated 
	   Cpus                 :                 1           
	   Disk (KB)            :       22        2   2924900 
	   Memory (MB)          :        3     2000      2000 
...
040 (4875726.000.000) 05/07 19:36:43 Started transferring input files
	Transferring to host: <188.184.210.42:9618?addrs=188.184.210.42-9618+[2001-1458-301-10b--100-c]-9618&noUDP&sock=18149_5cbb_15755>
...
040 (4875726.000.000) 05/07 19:36:43 Finished transferring input files
...
001 (4875726.000.000) 05/07 19:36:44 Job executing on host: <188.184.210.42:9618?addrs=188.184.210.42-9618+[2001-1458-301-10b--100-c]-9618&noUDP&sock=5716_476f_3>
...
040 (4875726.001.000) 05/07 19:36:45 Started transferring input files
	Transferring to host: <188.184.212.204:9618?addrs=188.184.212.204-9618+[2001-1458-301-10c--100-d2]-9618&noUDP&sock=7453_1008_205564>
...
040 (4875726.001.000) 05/07 19:36:45 Finished transferring input files
...
001 (4875726.001.000) 05/07 19:36:46 Job executing on host: <188.184.212.204:9618?addrs=188.184.212.204-9618+[2001-1458-301-10c--100-d2]-9618&noUDP&sock=5690_71f8_3>
...
006 (4875726.000.000) 05/07 19:36:48 Image size of job updated: 2
	0  -  MemoryUsage of job (MB)
	0  -  ResidentSetSize of job (KB)
...
040 (4875726.000.000) 05/07 19:36:48 Started transferring output files
...
040 (4875726.000.000) 05/07 19:36:48 Finished transferring output files
...
005 (4875726.000.000) 05/07 19:36:49 Job terminated.
	(1) Normal termination (return value 0)
		Usr 0 00:00:01, Sys 0 00:00:00  -  Run Remote Usage
		Usr 0 00:00:00, Sys 0 00:00:00  -  Run Local Usage
		Usr 0 00:00:01, Sys 0 00:00:00  -  Total Remote Usage
		Usr 0 00:00:00, Sys 0 00:00:00  -  Total Local Usage
	8748  -  Run Bytes Sent By Job
	1089  -  Run Bytes Received By Job
	8748  -  Total Bytes Sent By Job
	1089  -  Total Bytes Received By Job
	Partitionable Resources :    Usage  Request Allocated 
	   Cpus                 :        0        1         1 
	   Disk (KB)            :       30        2    300322 
	   Memory (MB)          :        0     2000      2000 
...
006 (4875726.001.000) 05/07 19:36:55 Image size of job updated: 105436
	54  -  MemoryUsage of job (MB)
	55240  -  ResidentSetSize of job (KB)
...
040 (4875726.003.000) 05/07 19:36:58 Started transferring input files
	Transferring to host: <188.184.210.120:9618?addrs=188.184.210.120-9618+[2001-1458-301-10b--100-5c]-9618&noUDP&sock=7552_d12c_206557>
...
040 (4875726.003.000) 05/07 19:36:58 Finished transferring input files
...
001 (4875726.003.000) 05/07 19:36:59 Job executing on host: <188.184.210.120:9618?addrs=188.184.210.120-9618+[2001-1458-301-10b--100-5c]-9618&noUDP&sock=5707_1b14_3>
...
040 (4875726.001.000) 05/07 19:36:59 Started transferring output files
...
040 (4875726.001.000) 05/07 19:36:59 Finished transferring output files
...
005 (4875726.001.000) 05/07 19:36:59 Job terminated.
	(1) Normal termination (return value 0)
		Usr 0 00:00:01, Sys 0 00:00:00  -  Run Remote Usage
		Usr 0 00:00:00, Sys 0 00:00:00  -  Run Local Usage
		Usr 0 00:00:01, Sys 0 00:00:00  -  Total Remote Usage
		Usr 0 00:00:00, Sys 0 00:00:00  -  Total Local Usage
	8737  -  Run Bytes Sent By Job
	1085  -  Run Bytes Received By Job
	8737  -  Total Bytes Sent By Job
	1085  -  Total Bytes Received By Job
	Partitionable Resources :    Usage  Request Allocated 
	   Cpus                 :                 1           
	   Disk (KB)            :       23        2   2924900 
	   Memory (MB)          :       54     2000      2000 
...
006 (4875726.003.000) 05/07 19:37:02 Image size of job updated: 85592
	0  -  MemoryUsage of job (MB)
	0  -  ResidentSetSize of job (KB)
...
040 (4875726.003.000) 05/07 19:37:02 Started transferring output files
...
040 (4875726.003.000) 05/07 19:37:02 Finished transferring output files
...
005 (4875726.003.000) 05/07 19:37:03 Job terminated.
	(1) Normal termination (return value 0)
		Usr 0 00:00:01, Sys 0 00:00:00  -  Run Remote Usage
		Usr 0 00:00:00, Sys 0 00:00:00  -  Run Local Usage
		Usr 0 00:00:01, Sys 0 00:00:00  -  Total Remote Usage
		Usr 0 00:00:00, Sys 0 00:00:00  -  Total Local Usage
	8754  -  Run Bytes Sent By Job
	1105  -  Run Bytes Received By Job
	8754  -  Total Bytes Sent By Job
	1105  -  Total Bytes Received By Job
	Partitionable Resources :    Usage  Request Allocated 
	   Cpus                 :                 1           
	   Disk (KB)            :       23        2   2947693 
	   Memory (MB)          :        0     2000      2000 
...
040 (4875726.004.000) 05/07 19:37:04 Started transferring input files
	Transferring to host: <188.184.210.120:9618?addrs=188.184.210.120-9618+[2001-1458-301-10b--100-5c]-9618&noUDP&sock=7552_d12c_206558>
...
040 (4875726.004.000) 05/07 19:37:04 Finished transferring input files
...
001 (4875726.004.000) 05/07 19:37:05 Job executing on host: <188.184.210.120:9618?addrs=188.184.210.120-9618+[2001-1458-301-10b--100-5c]-9618&noUDP&sock=5707_1b14_3>
...
006 (4875726.004.000) 05/07 19:37:13 Image size of job updated: 5120
	3  -  MemoryUsage of job (MB)
	2636  -  ResidentSetSize of job (KB)
...
040 (4875726.004.000) 05/07 19:37:14 Started transferring output files
...
040 (4875726.004.000) 05/07 19:37:14 Finished transferring output files
...
005 (4875726.004.000) 05/07 19:37:14 Job terminated.
	(1) Normal termination (return value 0)
		Usr 0 00:00:01, Sys 0 00:00:00  -  Run Remote Usage
		Usr 0 00:00:00, Sys 0 00:00:00  -  Run Local Usage
		Usr 0 00:00:01, Sys 0 00:00:00  -  Total Remote Usage
		Usr 0 00:00:00, Sys 0 00:00:00  -  Total Local Usage
	8757  -  Run Bytes Sent By Job
	1081  -  Run Bytes Received By Job
	8757  -  Total Bytes Sent By Job
	1081  -  Total Bytes Received By Job
	Partitionable Resources :    Usage  Request Allocated 
	   Cpus                 :                 1           
	   Disk (KB)            :       23        2   2947693 
	   Memory (MB)          :        3     2000      2000 
...
