000 (903076.000.000) 01/07 17:11:26 Job submitted from host: <137.138.44.75:9618?addrs=137.138.44.75-9618+[2001-1458-d00-1a--b]-9618&noUDP&sock=124143_59c7_28>
...
001 (903076.000.000) 01/07 17:19:22 Job executing on host: <188.185.48.237:9618?addrs=188.185.48.237-9618+[--1]-9618&noUDP&sock=8558_9081_3>
...
006 (903076.000.000) 01/07 17:19:31 Image size of job updated: 1412
	2  -  MemoryUsage of job (MB)
	1376  -  ResidentSetSize of job (KB)
...
006 (903076.000.000) 01/07 17:24:31 Image size of job updated: 88500
	52  -  MemoryUsage of job (MB)
	52672  -  ResidentSetSize of job (KB)
...
006 (903076.000.000) 01/07 17:29:32 Image size of job updated: 88500
	52  -  MemoryUsage of job (MB)
	52788  -  ResidentSetSize of job (KB)
...
006 (903076.000.000) 01/07 17:34:33 Image size of job updated: 88500
	52  -  MemoryUsage of job (MB)
	53096  -  ResidentSetSize of job (KB)
...
006 (903076.000.000) 01/07 17:39:33 Image size of job updated: 88500
	52  -  MemoryUsage of job (MB)
	53116  -  ResidentSetSize of job (KB)
...
006 (903076.000.000) 01/07 17:44:34 Image size of job updated: 88500
	52  -  MemoryUsage of job (MB)
	53136  -  ResidentSetSize of job (KB)
...
006 (903076.000.000) 01/07 17:49:35 Image size of job updated: 88500
	52  -  MemoryUsage of job (MB)
	53148  -  ResidentSetSize of job (KB)
...
006 (903076.000.000) 01/07 17:54:35 Image size of job updated: 88500
	52  -  MemoryUsage of job (MB)
	53168  -  ResidentSetSize of job (KB)
...
006 (903076.000.000) 01/07 17:59:35 Image size of job updated: 88500
	52  -  MemoryUsage of job (MB)
	53188  -  ResidentSetSize of job (KB)
...
006 (903076.000.000) 01/07 18:04:36 Image size of job updated: 88500
	52  -  MemoryUsage of job (MB)
	53200  -  ResidentSetSize of job (KB)
...
006 (903076.000.000) 01/07 18:09:36 Image size of job updated: 88500
	52  -  MemoryUsage of job (MB)
	53224  -  ResidentSetSize of job (KB)
...
005 (903076.000.000) 01/07 18:20:22 Job terminated.
	(1) Normal termination (return value 0)
		Usr 0 00:09:11, Sys 0 00:00:14  -  Run Remote Usage
		Usr 0 00:00:00, Sys 0 00:00:00  -  Run Local Usage
		Usr 0 00:09:11, Sys 0 00:00:14  -  Total Remote Usage
		Usr 0 00:00:00, Sys 0 00:00:00  -  Total Local Usage
	224564  -  Run Bytes Sent By Job
	1018  -  Run Bytes Received By Job
	224564  -  Total Bytes Sent By Job
	1018  -  Total Bytes Received By Job
	Partitionable Resources :    Usage  Request Allocated
	   Cpus                 :                 1         1
	   Disk (KB)            :      232        1   2554528
	   Memory (MB)          :       52     2000      2000
...
