000 (902687.000.000) 01/06 10:18:04 Job submitted from host: <137.138.44.75:9618?addrs=137.138.44.75-9618+[2001-1458-d00-1a--b]-9618&noUDP&sock=124143_59c7_28>
...
000 (902687.001.000) 01/06 10:18:04 Job submitted from host: <137.138.44.75:9618?addrs=137.138.44.75-9618+[2001-1458-d00-1a--b]-9618&noUDP&sock=124143_59c7_28>
...
000 (902687.002.000) 01/06 10:18:04 Job submitted from host: <137.138.44.75:9618?addrs=137.138.44.75-9618+[2001-1458-d00-1a--b]-9618&noUDP&sock=124143_59c7_28>
...
000 (902687.003.000) 01/06 10:18:04 Job submitted from host: <137.138.44.75:9618?addrs=137.138.44.75-9618+[2001-1458-d00-1a--b]-9618&noUDP&sock=124143_59c7_28>
...
000 (902687.004.000) 01/06 10:18:04 Job submitted from host: <137.138.44.75:9618?addrs=137.138.44.75-9618+[2001-1458-d00-1a--b]-9618&noUDP&sock=124143_59c7_28>
...
000 (902687.005.000) 01/06 10:18:04 Job submitted from host: <137.138.44.75:9618?addrs=137.138.44.75-9618+[2001-1458-d00-1a--b]-9618&noUDP&sock=124143_59c7_28>
...
000 (902687.006.000) 01/06 10:18:04 Job submitted from host: <137.138.44.75:9618?addrs=137.138.44.75-9618+[2001-1458-d00-1a--b]-9618&noUDP&sock=124143_59c7_28>
...
000 (902687.007.000) 01/06 10:18:04 Job submitted from host: <137.138.44.75:9618?addrs=137.138.44.75-9618+[2001-1458-d00-1a--b]-9618&noUDP&sock=124143_59c7_28>
...
001 (902687.003.000) 01/06 10:19:41 Job executing on host: <188.185.186.213:9618?addrs=188.185.186.213-9618+[--1]-9618&noUDP&sock=8818_8175_3>
...
001 (902687.001.000) 01/06 10:19:43 Job executing on host: <188.185.52.33:9618?addrs=188.185.52.33-9618+[--1]-9618&noUDP&sock=8840_a3b1_3>
...
001 (902687.002.000) 01/06 10:19:45 Job executing on host: <188.185.63.23:9618?addrs=188.185.63.23-9618+[--1]-9618&noUDP&sock=8705_40e0_3>
...
006 (902687.003.000) 01/06 10:19:49 Image size of job updated: 9840
	10  -  MemoryUsage of job (MB)
	9840  -  ResidentSetSize of job (KB)
...
001 (902687.000.000) 01/06 10:19:50 Job executing on host: <188.185.200.78:9618?addrs=188.185.200.78-9618+[--1]-9618&noUDP&sock=8124_47e4_138>
...
006 (902687.001.000) 01/06 10:19:51 Image size of job updated: 9852
	10  -  MemoryUsage of job (MB)
	9836  -  ResidentSetSize of job (KB)
...
006 (902687.002.000) 01/06 10:19:53 Image size of job updated: 1372
	2  -  MemoryUsage of job (MB)
	1356  -  ResidentSetSize of job (KB)
...
006 (902687.000.000) 01/06 10:19:59 Image size of job updated: 424
	1  -  MemoryUsage of job (MB)
	424  -  ResidentSetSize of job (KB)
...
009 (902687.005.000) 01/06 10:20:03 Job was aborted by the user.
	via condor_rm (by user vveckaln)
...
009 (902687.006.000) 01/06 10:20:03 Job was aborted by the user.
	via condor_rm (by user vveckaln)
...
009 (902687.007.000) 01/06 10:20:03 Job was aborted by the user.
	via condor_rm (by user vveckaln)
...
006 (902687.002.000) 01/06 10:20:04 Image size of job updated: 20872
	2  -  MemoryUsage of job (MB)
	1356  -  ResidentSetSize of job (KB)
...
004 (902687.002.000) 01/06 10:20:04 Job was evicted.
	(0) Job was not checkpointed.
		Usr 0 00:00:00, Sys 0 00:00:00  -  Run Remote Usage
		Usr 0 00:00:00, Sys 0 00:00:00  -  Run Local Usage
	6776  -  Run Bytes Sent By Job
	1029  -  Run Bytes Received By Job
	Partitionable Resources :    Usage  Request Allocated
	   Cpus                 :                 1         1
	   Disk (KB)            :       19        1   1873365
	   Memory (MB)          :        2     2000      2000
...
009 (902687.002.000) 01/06 10:20:04 Job was aborted by the user.
	via condor_rm (by user vveckaln)
...
004 (902687.003.000) 01/06 10:20:04 Job was evicted.
	(0) Job was not checkpointed.
		Usr 0 00:00:00, Sys 0 00:00:00  -  Run Remote Usage
		Usr 0 00:00:00, Sys 0 00:00:00  -  Run Local Usage
	7156  -  Run Bytes Sent By Job
	1025  -  Run Bytes Received By Job
	Partitionable Resources :    Usage  Request Allocated
	   Cpus                 :                 1         1
	   Disk (KB)            :       20        1   2067052
	   Memory (MB)          :       10     2000      2000
...
009 (902687.003.000) 01/06 10:20:04 Job was aborted by the user.
	via condor_rm (by user vveckaln)
...
004 (902687.001.000) 01/06 10:20:07 Job was evicted.
	(0) Job was not checkpointed.
		Usr 0 00:00:00, Sys 0 00:00:00  -  Run Remote Usage
		Usr 0 00:00:00, Sys 0 00:00:00  -  Run Local Usage
	6776  -  Run Bytes Sent By Job
	1005  -  Run Bytes Received By Job
	Partitionable Resources :    Usage  Request Allocated
	   Cpus                 :                 1         1
	   Disk (KB)            :       19        1   1807548
	   Memory (MB)          :       10     2000      2000
...
009 (902687.001.000) 01/06 10:20:08 Job was aborted by the user.
	via condor_rm (by user vveckaln)
...
004 (902687.004.000) 01/06 10:20:18 Job was evicted.
	(0) Job was not checkpointed.
		Usr 0 00:00:00, Sys 0 00:00:00  -  Run Remote Usage
		Usr 0 00:00:00, Sys 0 00:00:00  -  Run Local Usage
	0  -  Run Bytes Sent By Job
	0  -  Run Bytes Received By Job
	Partitionable Resources :    Usage  Request Allocated
	   Cpus                 :                 1         1
	   Disk (KB)            :        1        1   1908659
	   Memory (MB)          :              2000      2000
...
009 (902687.004.000) 01/06 10:20:18 Job was aborted by the user.
	via condor_rm (by user vveckaln)
...
006 (902687.000.000) 01/06 10:25:00 Image size of job updated: 93512
	42  -  MemoryUsage of job (MB)
	42384  -  ResidentSetSize of job (KB)
...
004 (902687.000.000) 01/06 10:26:59 Job was evicted.
	(0) Job was not checkpointed.
		Usr 0 00:00:03, Sys 0 00:00:01  -  Run Remote Usage
		Usr 0 00:00:00, Sys 0 00:00:00  -  Run Local Usage
	9147  -  Run Bytes Sent By Job
	1009  -  Run Bytes Received By Job
	Partitionable Resources :    Usage  Request Allocated
	   Cpus                 :                 1         1
	   Disk (KB)            :       21        1   1957550
	   Memory (MB)          :       42     2000      2000
...
009 (902687.000.000) 01/06 10:26:59 Job was aborted by the user.
	via condor_rm (by user vveckaln)
...
