000 (903064.000.000) 01/07 16:19:43 Job submitted from host: <137.138.44.75:9618?addrs=137.138.44.75-9618+[2001-1458-d00-1a--b]-9618&noUDP&sock=124143_59c7_28>
...
001 (903064.000.000) 01/07 16:24:03 Job executing on host: <188.185.217.213:9618?addrs=188.185.217.213-9618+[--1]-9618&noUDP&sock=10233_e121_3>
...
006 (903064.000.000) 01/07 16:24:11 Image size of job updated: 360
	1  -  MemoryUsage of job (MB)
	360  -  ResidentSetSize of job (KB)
...
006 (903064.000.000) 01/07 16:29:11 Image size of job updated: 22968
	9  -  MemoryUsage of job (MB)
	8496  -  ResidentSetSize of job (KB)
...
006 (903064.000.000) 01/07 16:34:12 Image size of job updated: 113428
	52  -  MemoryUsage of job (MB)
	52464  -  ResidentSetSize of job (KB)
...
006 (903064.000.000) 01/07 16:44:17 Image size of job updated: 113428
	52  -  MemoryUsage of job (MB)
	52488  -  ResidentSetSize of job (KB)
...
006 (903064.000.000) 01/07 18:44:28 Image size of job updated: 113428
	52  -  MemoryUsage of job (MB)
	52760  -  ResidentSetSize of job (KB)
...
006 (903064.000.000) 01/07 19:16:09 Image size of job updated: 113428
	52  -  MemoryUsage of job (MB)
	52768  -  ResidentSetSize of job (KB)
...
006 (903064.000.000) 01/07 20:05:57 Image size of job updated: 113428
	52  -  MemoryUsage of job (MB)
	52772  -  ResidentSetSize of job (KB)
...
009 (903064.000.000) 01/08 00:35:31 Job was aborted by the user.
	Job removed by SYSTEM_PERIODIC_REMOVE due to wall time exceeded allowed max.
...
