000 (902682.000.000) 01/06 10:15:18 Job submitted from host: <137.138.44.75:9618?addrs=137.138.44.75-9618+[2001-1458-d00-1a--b]-9618&noUDP&sock=124143_59c7_28>
...
000 (902682.001.000) 01/06 10:15:18 Job submitted from host: <137.138.44.75:9618?addrs=137.138.44.75-9618+[2001-1458-d00-1a--b]-9618&noUDP&sock=124143_59c7_28>
...
000 (902682.002.000) 01/06 10:15:18 Job submitted from host: <137.138.44.75:9618?addrs=137.138.44.75-9618+[2001-1458-d00-1a--b]-9618&noUDP&sock=124143_59c7_28>
...
000 (902682.003.000) 01/06 10:15:18 Job submitted from host: <137.138.44.75:9618?addrs=137.138.44.75-9618+[2001-1458-d00-1a--b]-9618&noUDP&sock=124143_59c7_28>
...
000 (902682.004.000) 01/06 10:15:18 Job submitted from host: <137.138.44.75:9618?addrs=137.138.44.75-9618+[2001-1458-d00-1a--b]-9618&noUDP&sock=124143_59c7_28>
...
000 (902682.005.000) 01/06 10:15:18 Job submitted from host: <137.138.44.75:9618?addrs=137.138.44.75-9618+[2001-1458-d00-1a--b]-9618&noUDP&sock=124143_59c7_28>
...
000 (902682.006.000) 01/06 10:15:18 Job submitted from host: <137.138.44.75:9618?addrs=137.138.44.75-9618+[2001-1458-d00-1a--b]-9618&noUDP&sock=124143_59c7_28>
...
000 (902682.007.000) 01/06 10:15:18 Job submitted from host: <137.138.44.75:9618?addrs=137.138.44.75-9618+[2001-1458-d00-1a--b]-9618&noUDP&sock=124143_59c7_28>
...
001 (902682.005.000) 01/06 10:16:52 Job executing on host: <188.185.61.172:9618?addrs=188.185.61.172-9618+[--1]-9618&noUDP&sock=8685_64ed_92>
...
001 (902682.001.000) 01/06 10:16:53 Job executing on host: <188.185.216.201:9618?addrs=188.185.216.201-9618+[--1]-9618&noUDP&sock=7016_48f5_86>
...
001 (902682.003.000) 01/06 10:16:55 Job executing on host: <188.185.61.154:9618?addrs=188.185.61.154-9618+[--1]-9618&noUDP&sock=32409_c559_3>
...
001 (902682.000.000) 01/06 10:16:57 Job executing on host: <188.185.53.189:9618?addrs=188.185.53.189-9618+[--1]-9618&noUDP&sock=8690_73b6_3>
...
006 (902682.005.000) 01/06 10:17:00 Image size of job updated: 9832
	10  -  MemoryUsage of job (MB)
	9828  -  ResidentSetSize of job (KB)
...
006 (902682.001.000) 01/06 10:17:01 Image size of job updated: 896
	1  -  MemoryUsage of job (MB)
	896  -  ResidentSetSize of job (KB)
...
006 (902682.003.000) 01/06 10:17:04 Image size of job updated: 1212
	2  -  MemoryUsage of job (MB)
	1212  -  ResidentSetSize of job (KB)
...
006 (902682.000.000) 01/06 10:17:05 Image size of job updated: 9844
	10  -  MemoryUsage of job (MB)
	9840  -  ResidentSetSize of job (KB)
...
001 (902682.002.000) 01/06 10:17:17 Job executing on host: <128.142.203.16:9618?addrs=128.142.203.16-9618+[--1]-9618&noUDP&sock=2885_e747_121>
...
006 (902682.002.000) 01/06 10:17:26 Image size of job updated: 744
	1  -  MemoryUsage of job (MB)
	424  -  ResidentSetSize of job (KB)
...
001 (902682.004.000) 01/06 10:17:52 Job executing on host: <188.185.252.239:9618?addrs=188.185.252.239-9618+[--1]-9618&noUDP&sock=31225_a537_3>
...
006 (902682.004.000) 01/06 10:18:02 Image size of job updated: 416
	1  -  MemoryUsage of job (MB)
	416  -  ResidentSetSize of job (KB)
...
005 (902682.005.000) 01/06 10:18:54 Job terminated.
	(1) Normal termination (return value 0)
		Usr 0 00:00:03, Sys 0 00:00:01  -  Run Remote Usage
		Usr 0 00:00:00, Sys 0 00:00:00  -  Run Local Usage
		Usr 0 00:00:03, Sys 0 00:00:01  -  Total Remote Usage
		Usr 0 00:00:00, Sys 0 00:00:00  -  Total Local Usage
	9582  -  Run Bytes Sent By Job
	1017  -  Run Bytes Received By Job
	9582  -  Total Bytes Sent By Job
	1017  -  Total Bytes Received By Job
	Partitionable Resources :    Usage  Request Allocated
	   Cpus                 :                 1         1
	   Disk (KB)            :       22        2   2031503
	   Memory (MB)          :       10     2000      2000
...
001 (902682.007.000) 01/06 10:18:56 Job executing on host: <188.185.61.172:9618?addrs=188.185.61.172-9618+[--1]-9618&noUDP&sock=8685_64ed_92>
...
006 (902682.007.000) 01/06 10:19:04 Image size of job updated: 109860
	49  -  MemoryUsage of job (MB)
	49912  -  ResidentSetSize of job (KB)
...
006 (902682.001.000) 01/06 10:22:01 Image size of job updated: 1568
	2  -  MemoryUsage of job (MB)
	1460  -  ResidentSetSize of job (KB)
...
006 (902682.003.000) 01/06 10:22:05 Image size of job updated: 60428
	52  -  MemoryUsage of job (MB)
	52456  -  ResidentSetSize of job (KB)
...
006 (902682.000.000) 01/06 10:22:05 Image size of job updated: 106640
	52  -  MemoryUsage of job (MB)
	52528  -  ResidentSetSize of job (KB)
...
006 (902682.002.000) 01/06 10:22:28 Image size of job updated: 20340
	6  -  MemoryUsage of job (MB)
	5876  -  ResidentSetSize of job (KB)
...
006 (902682.004.000) 01/06 10:23:03 Image size of job updated: 86920
	34  -  MemoryUsage of job (MB)
	33952  -  ResidentSetSize of job (KB)
...
006 (902682.007.000) 01/06 10:24:04 Image size of job updated: 113236
	52  -  MemoryUsage of job (MB)
	52740  -  ResidentSetSize of job (KB)
...
001 (902682.006.000) 01/06 10:25:18 Job executing on host: <188.185.236.157:9618?addrs=188.185.236.157-9618+[--1]-9618&noUDP&sock=8265_2948_111>
...
006 (902682.006.000) 01/06 10:25:26 Image size of job updated: 424
	1  -  MemoryUsage of job (MB)
	424  -  ResidentSetSize of job (KB)
...
006 (902682.001.000) 01/06 10:27:02 Image size of job updated: 87456
	34  -  MemoryUsage of job (MB)
	33956  -  ResidentSetSize of job (KB)
...
006 (902682.003.000) 01/06 10:27:05 Image size of job updated: 60428
	52  -  MemoryUsage of job (MB)
	52500  -  ResidentSetSize of job (KB)
...
006 (902682.000.000) 01/06 10:27:06 Image size of job updated: 106640
	52  -  MemoryUsage of job (MB)
	52836  -  ResidentSetSize of job (KB)
...
006 (902682.002.000) 01/06 10:27:28 Image size of job updated: 112696
	52  -  MemoryUsage of job (MB)
	52532  -  ResidentSetSize of job (KB)
...
006 (902682.004.000) 01/06 10:28:03 Image size of job updated: 114040
	52  -  MemoryUsage of job (MB)
	53060  -  ResidentSetSize of job (KB)
...
006 (902682.007.000) 01/06 10:29:05 Image size of job updated: 113236
	52  -  MemoryUsage of job (MB)
	52924  -  ResidentSetSize of job (KB)
...
006 (902682.006.000) 01/06 10:30:27 Image size of job updated: 18092
	6  -  MemoryUsage of job (MB)
	5344  -  ResidentSetSize of job (KB)
...
006 (902682.001.000) 01/06 10:32:02 Image size of job updated: 113428
	52  -  MemoryUsage of job (MB)
	52468  -  ResidentSetSize of job (KB)
...
006 (902682.000.000) 01/06 10:32:06 Image size of job updated: 106640
	52  -  MemoryUsage of job (MB)
	52840  -  ResidentSetSize of job (KB)
...
006 (902682.004.000) 01/06 10:33:05 Image size of job updated: 114068
	52  -  MemoryUsage of job (MB)
	53080  -  ResidentSetSize of job (KB)
...
006 (902682.007.000) 01/06 10:34:05 Image size of job updated: 113236
	52  -  MemoryUsage of job (MB)
	52932  -  ResidentSetSize of job (KB)
...
006 (902682.006.000) 01/06 10:35:27 Image size of job updated: 87660
	34  -  MemoryUsage of job (MB)
	33956  -  ResidentSetSize of job (KB)
...
006 (902682.003.000) 01/06 10:37:07 Image size of job updated: 60428
	52  -  MemoryUsage of job (MB)
	52780  -  ResidentSetSize of job (KB)
...
006 (902682.000.000) 01/06 10:37:07 Image size of job updated: 106640
	53  -  MemoryUsage of job (MB)
	53264  -  ResidentSetSize of job (KB)
...
006 (902682.002.000) 01/06 10:37:56 Image size of job updated: 112696
	52  -  MemoryUsage of job (MB)
	52832  -  ResidentSetSize of job (KB)
...
006 (902682.007.000) 01/06 10:39:05 Image size of job updated: 113236
	52  -  MemoryUsage of job (MB)
	52940  -  ResidentSetSize of job (KB)
...
006 (902682.006.000) 01/06 10:40:27 Image size of job updated: 111984
	52  -  MemoryUsage of job (MB)
	52652  -  ResidentSetSize of job (KB)
...
006 (902682.003.000) 01/06 10:42:07 Image size of job updated: 60428
	52  -  MemoryUsage of job (MB)
	52792  -  ResidentSetSize of job (KB)
...
006 (902682.000.000) 01/06 10:42:08 Image size of job updated: 106640
	53  -  MemoryUsage of job (MB)
	53280  -  ResidentSetSize of job (KB)
...
006 (902682.007.000) 01/06 10:44:06 Image size of job updated: 113236
	52  -  MemoryUsage of job (MB)
	52948  -  ResidentSetSize of job (KB)
...
006 (902682.006.000) 01/06 10:45:28 Image size of job updated: 111984
	52  -  MemoryUsage of job (MB)
	52676  -  ResidentSetSize of job (KB)
...
006 (902682.001.000) 01/06 10:47:03 Image size of job updated: 113428
	52  -  MemoryUsage of job (MB)
	52492  -  ResidentSetSize of job (KB)
...
006 (902682.003.000) 01/06 10:47:08 Image size of job updated: 60428
	52  -  MemoryUsage of job (MB)
	52800  -  ResidentSetSize of job (KB)
...
006 (902682.000.000) 01/06 10:47:08 Image size of job updated: 106640
	53  -  MemoryUsage of job (MB)
	53296  -  ResidentSetSize of job (KB)
...
006 (902682.007.000) 01/06 10:49:06 Image size of job updated: 113236
	52  -  MemoryUsage of job (MB)
	52956  -  ResidentSetSize of job (KB)
...
006 (902682.001.000) 01/06 10:52:03 Image size of job updated: 113428
	52  -  MemoryUsage of job (MB)
	52540  -  ResidentSetSize of job (KB)
...
006 (902682.002.000) 01/06 10:52:05 Image size of job updated: 112696
	52  -  MemoryUsage of job (MB)
	52860  -  ResidentSetSize of job (KB)
...
006 (902682.003.000) 01/06 10:52:08 Image size of job updated: 60428
	52  -  MemoryUsage of job (MB)
	52812  -  ResidentSetSize of job (KB)
...
006 (902682.000.000) 01/06 10:52:09 Image size of job updated: 106640
	53  -  MemoryUsage of job (MB)
	53312  -  ResidentSetSize of job (KB)
...
006 (902682.007.000) 01/06 10:54:06 Image size of job updated: 113236
	52  -  MemoryUsage of job (MB)
	52964  -  ResidentSetSize of job (KB)
...
006 (902682.006.000) 01/06 10:55:29 Image size of job updated: 111984
	52  -  MemoryUsage of job (MB)
	52988  -  ResidentSetSize of job (KB)
...
006 (902682.001.000) 01/06 10:57:04 Image size of job updated: 113428
	52  -  MemoryUsage of job (MB)
	52844  -  ResidentSetSize of job (KB)
...
006 (902682.003.000) 01/06 10:57:08 Image size of job updated: 60428
	52  -  MemoryUsage of job (MB)
	52820  -  ResidentSetSize of job (KB)
...
006 (902682.002.000) 01/06 10:57:48 Image size of job updated: 112696
	52  -  MemoryUsage of job (MB)
	52876  -  ResidentSetSize of job (KB)
...
006 (902682.007.000) 01/06 10:59:07 Image size of job updated: 113236
	52  -  MemoryUsage of job (MB)
	52968  -  ResidentSetSize of job (KB)
...
006 (902682.000.000) 01/06 11:00:45 Image size of job updated: 577548
	53  -  MemoryUsage of job (MB)
	53312  -  ResidentSetSize of job (KB)
...
005 (902682.000.000) 01/06 11:00:46 Job terminated.
	(1) Normal termination (return value 0)
		Usr 0 00:09:12, Sys 0 00:00:14  -  Run Remote Usage
		Usr 0 00:00:00, Sys 0 00:00:00  -  Run Local Usage
		Usr 0 00:09:12, Sys 0 00:00:14  -  Total Remote Usage
		Usr 0 00:00:00, Sys 0 00:00:00  -  Total Local Usage
	274878  -  Run Bytes Sent By Job
	1029  -  Run Bytes Received By Job
	274878  -  Total Bytes Sent By Job
	1029  -  Total Bytes Received By Job
	Partitionable Resources :    Usage  Request Allocated
	   Cpus                 :                 1         1
	   Disk (KB)            :      281        2   2030801
	   Memory (MB)          :       53     2000      2000
...
006 (902682.003.000) 01/06 11:02:09 Image size of job updated: 60428
	52  -  MemoryUsage of job (MB)
	52828  -  ResidentSetSize of job (KB)
...
006 (902682.002.000) 01/06 11:02:49 Image size of job updated: 112696
	52  -  MemoryUsage of job (MB)
	52892  -  ResidentSetSize of job (KB)
...
006 (902682.007.000) 01/06 11:04:07 Image size of job updated: 113236
	52  -  MemoryUsage of job (MB)
	52980  -  ResidentSetSize of job (KB)
...
006 (902682.001.000) 01/06 11:07:05 Image size of job updated: 113428
	52  -  MemoryUsage of job (MB)
	52848  -  ResidentSetSize of job (KB)
...
006 (902682.003.000) 01/06 11:07:09 Image size of job updated: 60428
	52  -  MemoryUsage of job (MB)
	52836  -  ResidentSetSize of job (KB)
...
006 (902682.002.000) 01/06 11:07:51 Image size of job updated: 112696
	52  -  MemoryUsage of job (MB)
	52908  -  ResidentSetSize of job (KB)
...
006 (902682.007.000) 01/06 11:09:07 Image size of job updated: 113236
	52  -  MemoryUsage of job (MB)
	52988  -  ResidentSetSize of job (KB)
...
006 (902682.003.000) 01/06 11:12:09 Image size of job updated: 60428
	52  -  MemoryUsage of job (MB)
	52840  -  ResidentSetSize of job (KB)
...
006 (902682.007.000) 01/06 11:14:08 Image size of job updated: 113236
	52  -  MemoryUsage of job (MB)
	53000  -  ResidentSetSize of job (KB)
...
005 (902682.002.000) 01/06 11:14:50 Job terminated.
	(1) Normal termination (return value 0)
		Usr 0 00:12:51, Sys 0 00:00:39  -  Run Remote Usage
		Usr 0 00:00:00, Sys 0 00:00:00  -  Run Local Usage
		Usr 0 00:12:51, Sys 0 00:00:39  -  Total Remote Usage
		Usr 0 00:00:00, Sys 0 00:00:00  -  Total Local Usage
	275883  -  Run Bytes Sent By Job
	1049  -  Run Bytes Received By Job
	275883  -  Total Bytes Sent By Job
	1049  -  Total Bytes Received By Job
	Partitionable Resources :    Usage  Request Allocated
	   Cpus                 :                 1         1
	   Disk (KB)            :      282        2   1897704
	   Memory (MB)          :       52     2000      2000
...
006 (902682.003.000) 01/06 11:17:10 Image size of job updated: 60428
	52  -  MemoryUsage of job (MB)
	52856  -  ResidentSetSize of job (KB)
...
006 (902682.006.000) 01/06 11:20:32 Image size of job updated: 111984
	52  -  MemoryUsage of job (MB)
	52992  -  ResidentSetSize of job (KB)
...
006 (902682.001.000) 01/06 11:22:07 Image size of job updated: 113428
	52  -  MemoryUsage of job (MB)
	52856  -  ResidentSetSize of job (KB)
...
005 (902682.007.000) 01/06 11:22:19 Job terminated.
	(1) Normal termination (return value 0)
		Usr 0 00:10:31, Sys 0 00:00:18  -  Run Remote Usage
		Usr 0 00:00:00, Sys 0 00:00:00  -  Run Local Usage
		Usr 0 00:10:31, Sys 0 00:00:18  -  Total Remote Usage
		Usr 0 00:00:00, Sys 0 00:00:00  -  Total Local Usage
	297357  -  Run Bytes Sent By Job
	1037  -  Run Bytes Received By Job
	297357  -  Total Bytes Sent By Job
	1037  -  Total Bytes Received By Job
	Partitionable Resources :    Usage  Request Allocated
	   Cpus                 :                 1         1
	   Disk (KB)            :      303        2   2031503
	   Memory (MB)          :       52     2000      2000
...
006 (902682.004.000) 01/06 11:28:07 Image size of job updated: 114068
	53  -  MemoryUsage of job (MB)
	53336  -  ResidentSetSize of job (KB)
...
005 (902682.003.000) 01/06 11:28:58 Job terminated.
	(1) Normal termination (return value 0)
		Usr 0 00:08:22, Sys 0 00:00:15  -  Run Remote Usage
		Usr 0 00:00:00, Sys 0 00:00:00  -  Run Local Usage
		Usr 0 00:08:22, Sys 0 00:00:15  -  Total Remote Usage
		Usr 0 00:00:00, Sys 0 00:00:00  -  Total Local Usage
	260386  -  Run Bytes Sent By Job
	1045  -  Run Bytes Received By Job
	260386  -  Total Bytes Sent By Job
	1045  -  Total Bytes Received By Job
	Partitionable Resources :    Usage  Request Allocated
	   Cpus                 :                 1         1
	   Disk (KB)            :      267        2   2014097
	   Memory (MB)          :       52     2000      2000
...
006 (902682.001.000) 01/06 11:32:08 Image size of job updated: 113428
	52  -  MemoryUsage of job (MB)
	52860  -  ResidentSetSize of job (KB)
...
006 (902682.001.000) 01/06 11:52:11 Image size of job updated: 113428
	52  -  MemoryUsage of job (MB)
	52864  -  ResidentSetSize of job (KB)
...
006 (902682.004.000) 01/06 11:53:09 Image size of job updated: 114068
	53  -  MemoryUsage of job (MB)
	53396  -  ResidentSetSize of job (KB)
...
006 (902682.006.000) 01/06 12:25:36 Image size of job updated: 111984
	52  -  MemoryUsage of job (MB)
	52996  -  ResidentSetSize of job (KB)
...
006 (902682.006.000) 01/06 12:35:38 Image size of job updated: 111984
	52  -  MemoryUsage of job (MB)
	53000  -  ResidentSetSize of job (KB)
...
006 (902682.006.000) 01/06 13:20:43 Image size of job updated: 111984
	52  -  MemoryUsage of job (MB)
	53004  -  ResidentSetSize of job (KB)
...
006 (902682.006.000) 01/06 13:35:43 Image size of job updated: 111984
	52  -  MemoryUsage of job (MB)
	53008  -  ResidentSetSize of job (KB)
...
006 (902682.006.000) 01/06 13:55:45 Image size of job updated: 111984
	52  -  MemoryUsage of job (MB)
	53012  -  ResidentSetSize of job (KB)
...
006 (902682.006.000) 01/06 14:00:45 Image size of job updated: 111984
	52  -  MemoryUsage of job (MB)
	53016  -  ResidentSetSize of job (KB)
...
006 (902682.006.000) 01/06 14:45:48 Image size of job updated: 111984
	52  -  MemoryUsage of job (MB)
	53024  -  ResidentSetSize of job (KB)
...
006 (902682.006.000) 01/06 14:55:49 Image size of job updated: 111984
	52  -  MemoryUsage of job (MB)
	53028  -  ResidentSetSize of job (KB)
...
006 (902682.006.000) 01/06 15:20:51 Image size of job updated: 111984
	52  -  MemoryUsage of job (MB)
	53032  -  ResidentSetSize of job (KB)
...
006 (902682.006.000) 01/06 16:10:56 Image size of job updated: 111984
	52  -  MemoryUsage of job (MB)
	53044  -  ResidentSetSize of job (KB)
...
006 (902682.006.000) 01/06 17:36:06 Image size of job updated: 111984
	58  -  MemoryUsage of job (MB)
	58412  -  ResidentSetSize of job (KB)
...
005 (902682.006.000) 01/06 17:38:00 Job terminated.
	(1) Normal termination (return value 0)
		Usr 0 00:08:55, Sys 0 00:00:16  -  Run Remote Usage
		Usr 0 00:00:00, Sys 0 00:00:00  -  Run Local Usage
		Usr 0 00:08:55, Sys 0 00:00:16  -  Total Remote Usage
		Usr 0 00:00:00, Sys 0 00:00:00  -  Total Local Usage
	306276  -  Run Bytes Sent By Job
	1041  -  Run Bytes Received By Job
	306276  -  Total Bytes Sent By Job
	1041  -  Total Bytes Received By Job
	Partitionable Resources :    Usage  Request Allocated
	   Cpus                 :                 1         1
	   Disk (KB)            :      440        2   1909194
	   Memory (MB)          :       58     2000      2000
...
009 (902682.001.000) 01/06 18:27:50 Job was aborted by the user.
	Job removed by SYSTEM_PERIODIC_REMOVE due to wall time exceeded allowed max.
...
009 (902682.004.000) 01/06 18:28:46 Job was aborted by the user.
	Job removed by SYSTEM_PERIODIC_REMOVE due to wall time exceeded allowed max.
...
