000 (903063.000.000) 01/07 16:19:33 Job submitted from host: <137.138.44.75:9618?addrs=137.138.44.75-9618+[2001-1458-d00-1a--b]-9618&noUDP&sock=124143_59c7_28>
...
000 (903063.001.000) 01/07 16:19:33 Job submitted from host: <137.138.44.75:9618?addrs=137.138.44.75-9618+[2001-1458-d00-1a--b]-9618&noUDP&sock=124143_59c7_28>
...
000 (903063.002.000) 01/07 16:19:33 Job submitted from host: <137.138.44.75:9618?addrs=137.138.44.75-9618+[2001-1458-d00-1a--b]-9618&noUDP&sock=124143_59c7_28>
...
001 (903063.001.000) 01/07 16:23:10 Job executing on host: <188.185.168.17:9618?addrs=188.185.168.17-9618+[--1]-9618&noUDP&sock=3206_f120_3>
...
001 (903063.000.000) 01/07 16:23:13 Job executing on host: <188.185.187.103:9618?addrs=188.185.187.103-9618+[--1]-9618&noUDP&sock=7993_9fd2_3>
...
001 (903063.002.000) 01/07 16:23:13 Job executing on host: <128.142.129.53:9618?addrs=128.142.129.53-9618+[--1]-9618&noUDP&sock=19176_0897_3>
...
006 (903063.001.000) 01/07 16:23:18 Image size of job updated: 1004
	1  -  MemoryUsage of job (MB)
	1004  -  ResidentSetSize of job (KB)
...
006 (903063.000.000) 01/07 16:23:21 Image size of job updated: 9828
	10  -  MemoryUsage of job (MB)
	9824  -  ResidentSetSize of job (KB)
...
006 (903063.002.000) 01/07 16:23:22 Image size of job updated: 1048
	1  -  MemoryUsage of job (MB)
	996  -  ResidentSetSize of job (KB)
...
006 (903063.002.000) 01/07 16:24:02 Image size of job updated: 1380
	1  -  MemoryUsage of job (MB)
	996  -  ResidentSetSize of job (KB)
...
005 (903063.002.000) 01/07 16:24:02 Job terminated.
	(1) Normal termination (return value 0)
		Usr 0 00:00:03, Sys 0 00:00:01  -  Run Remote Usage
		Usr 0 00:00:00, Sys 0 00:00:00  -  Run Local Usage
		Usr 0 00:00:03, Sys 0 00:00:01  -  Total Remote Usage
		Usr 0 00:00:00, Sys 0 00:00:00  -  Total Local Usage
	9200  -  Run Bytes Sent By Job
	1017  -  Run Bytes Received By Job
	9200  -  Total Bytes Sent By Job
	1017  -  Total Bytes Received By Job
	Partitionable Resources :    Usage  Request Allocated
	   Cpus                 :                 1         1
	   Disk (KB)            :       22        2   1182460
	   Memory (MB)          :        1     2000      2000
...
006 (903063.001.000) 01/07 16:28:18 Image size of job updated: 113720
	52  -  MemoryUsage of job (MB)
	52680  -  ResidentSetSize of job (KB)
...
006 (903063.000.000) 01/07 16:28:21 Image size of job updated: 72304
	52  -  MemoryUsage of job (MB)
	52488  -  ResidentSetSize of job (KB)
...
006 (903063.001.000) 01/07 16:33:18 Image size of job updated: 113988
	52  -  MemoryUsage of job (MB)
	52936  -  ResidentSetSize of job (KB)
...
006 (903063.000.000) 01/07 16:33:22 Image size of job updated: 72304
	52  -  MemoryUsage of job (MB)
	52536  -  ResidentSetSize of job (KB)
...
006 (903063.001.000) 01/07 16:38:19 Image size of job updated: 113988
	52  -  MemoryUsage of job (MB)
	52992  -  ResidentSetSize of job (KB)
...
006 (903063.000.000) 01/07 16:38:23 Image size of job updated: 72304
	52  -  MemoryUsage of job (MB)
	52844  -  ResidentSetSize of job (KB)
...
006 (903063.001.000) 01/07 16:43:19 Image size of job updated: 113988
	52  -  MemoryUsage of job (MB)
	52996  -  ResidentSetSize of job (KB)
...
006 (903063.000.000) 01/07 16:43:23 Image size of job updated: 72304
	52  -  MemoryUsage of job (MB)
	52856  -  ResidentSetSize of job (KB)
...
006 (903063.001.000) 01/07 17:08:22 Image size of job updated: 113988
	52  -  MemoryUsage of job (MB)
	53004  -  ResidentSetSize of job (KB)
...
005 (903063.001.000) 01/07 17:20:38 Job terminated.
	(1) Normal termination (return value 0)
		Usr 0 00:09:17, Sys 0 00:00:19  -  Run Remote Usage
		Usr 0 00:00:00, Sys 0 00:00:00  -  Run Local Usage
		Usr 0 00:09:17, Sys 0 00:00:19  -  Total Remote Usage
		Usr 0 00:00:00, Sys 0 00:00:00  -  Total Local Usage
	245025  -  Run Bytes Sent By Job
	1021  -  Run Bytes Received By Job
	245025  -  Total Bytes Sent By Job
	1021  -  Total Bytes Received By Job
	Partitionable Resources :    Usage  Request Allocated
	   Cpus                 :                 1         1
	   Disk (KB)            :      252        2   1075388
	   Memory (MB)          :       52     2000      2000
...
005 (903063.000.000) 01/07 17:27:03 Job terminated.
	(1) Normal termination (return value 0)
		Usr 0 00:06:18, Sys 0 00:00:10  -  Run Remote Usage
		Usr 0 00:00:00, Sys 0 00:00:00  -  Run Local Usage
		Usr 0 00:06:18, Sys 0 00:00:10  -  Total Remote Usage
		Usr 0 00:00:00, Sys 0 00:00:00  -  Total Local Usage
	283870  -  Run Bytes Sent By Job
	1025  -  Run Bytes Received By Job
	283870  -  Total Bytes Sent By Job
	1025  -  Total Bytes Received By Job
	Partitionable Resources :    Usage  Request Allocated
	   Cpus                 :                 1         1
	   Disk (KB)            :      290        2   1495983
	   Memory (MB)          :       52     2000      2000
...
