000 (902683.000.000) 01/06 10:15:24 Job submitted from host: <137.138.44.75:9618?addrs=137.138.44.75-9618+[2001-1458-d00-1a--b]-9618&noUDP&sock=124143_59c7_28>
...
000 (902683.001.000) 01/06 10:15:24 Job submitted from host: <137.138.44.75:9618?addrs=137.138.44.75-9618+[2001-1458-d00-1a--b]-9618&noUDP&sock=124143_59c7_28>
...
000 (902683.002.000) 01/06 10:15:24 Job submitted from host: <137.138.44.75:9618?addrs=137.138.44.75-9618+[2001-1458-d00-1a--b]-9618&noUDP&sock=124143_59c7_28>
...
000 (902683.003.000) 01/06 10:15:24 Job submitted from host: <137.138.44.75:9618?addrs=137.138.44.75-9618+[2001-1458-d00-1a--b]-9618&noUDP&sock=124143_59c7_28>
...
000 (902683.004.000) 01/06 10:15:24 Job submitted from host: <137.138.44.75:9618?addrs=137.138.44.75-9618+[2001-1458-d00-1a--b]-9618&noUDP&sock=124143_59c7_28>
...
000 (902683.005.000) 01/06 10:15:24 Job submitted from host: <137.138.44.75:9618?addrs=137.138.44.75-9618+[2001-1458-d00-1a--b]-9618&noUDP&sock=124143_59c7_28>
...
000 (902683.006.000) 01/06 10:15:24 Job submitted from host: <137.138.44.75:9618?addrs=137.138.44.75-9618+[2001-1458-d00-1a--b]-9618&noUDP&sock=124143_59c7_28>
...
000 (902683.007.000) 01/06 10:15:24 Job submitted from host: <137.138.44.75:9618?addrs=137.138.44.75-9618+[2001-1458-d00-1a--b]-9618&noUDP&sock=124143_59c7_28>
...
001 (902683.002.000) 01/06 10:19:32 Job executing on host: <188.185.215.241:9618?addrs=188.185.215.241-9618+[--1]-9618&noUDP&sock=7892_25eb_136>
...
001 (902683.004.000) 01/06 10:19:33 Job executing on host: <188.185.63.77:9618?addrs=188.185.63.77-9618+[--1]-9618&noUDP&sock=8505_9d7a_3>
...
001 (902683.007.000) 01/06 10:19:34 Job executing on host: <188.185.63.104:9618?addrs=188.185.63.104-9618+[--1]-9618&noUDP&sock=8874_534a_3>
...
001 (902683.000.000) 01/06 10:19:35 Job executing on host: <188.185.52.210:9618?addrs=188.185.52.210-9618+[--1]-9618&noUDP&sock=8685_1486_124>
...
001 (902683.005.000) 01/06 10:19:38 Job executing on host: <188.185.62.0:9618?addrs=188.185.62.0-9618+[--1]-9618&noUDP&sock=8742_2d6c_3>
...
001 (902683.003.000) 01/06 10:19:39 Job executing on host: <188.185.55.117:9618?addrs=188.185.55.117-9618+[--1]-9618&noUDP&sock=8305_a15f_3>
...
006 (902683.004.000) 01/06 10:19:41 Image size of job updated: 996
	1  -  MemoryUsage of job (MB)
	996  -  ResidentSetSize of job (KB)
...
006 (902683.002.000) 01/06 10:19:41 Image size of job updated: 1784
	1  -  MemoryUsage of job (MB)
	836  -  ResidentSetSize of job (KB)
...
001 (902683.001.000) 01/06 10:19:42 Job executing on host: <188.185.199.67:9618?addrs=188.185.199.67-9618+[--1]-9618&noUDP&sock=605_df4a_3>
...
006 (902683.000.000) 01/06 10:19:43 Image size of job updated: 11316
	10  -  MemoryUsage of job (MB)
	9832  -  ResidentSetSize of job (KB)
...
006 (902683.007.000) 01/06 10:19:43 Image size of job updated: 6680
	6  -  MemoryUsage of job (MB)
	6032  -  ResidentSetSize of job (KB)
...
006 (902683.005.000) 01/06 10:19:47 Image size of job updated: 1368
	2  -  MemoryUsage of job (MB)
	1356  -  ResidentSetSize of job (KB)
...
006 (902683.003.000) 01/06 10:19:48 Image size of job updated: 9824
	10  -  MemoryUsage of job (MB)
	9804  -  ResidentSetSize of job (KB)
...
006 (902683.001.000) 01/06 10:19:51 Image size of job updated: 364
	1  -  MemoryUsage of job (MB)
	352  -  ResidentSetSize of job (KB)
...
001 (902683.006.000) 01/06 10:19:59 Job executing on host: <188.185.215.102:9618?addrs=188.185.215.102-9618+[--1]-9618&noUDP&sock=8519_37cd_3>
...
006 (902683.006.000) 01/06 10:20:08 Image size of job updated: 416
	1  -  MemoryUsage of job (MB)
	416  -  ResidentSetSize of job (KB)
...
006 (902683.004.000) 01/06 10:24:41 Image size of job updated: 91220
	52  -  MemoryUsage of job (MB)
	52672  -  ResidentSetSize of job (KB)
...
006 (902683.002.000) 01/06 10:24:42 Image size of job updated: 74328
	52  -  MemoryUsage of job (MB)
	52548  -  ResidentSetSize of job (KB)
...
006 (902683.000.000) 01/06 10:24:43 Image size of job updated: 69516
	52  -  MemoryUsage of job (MB)
	52532  -  ResidentSetSize of job (KB)
...
006 (902683.007.000) 01/06 10:24:44 Image size of job updated: 70172
	52  -  MemoryUsage of job (MB)
	52612  -  ResidentSetSize of job (KB)
...
006 (902683.005.000) 01/06 10:24:48 Image size of job updated: 57536
	52  -  MemoryUsage of job (MB)
	52644  -  ResidentSetSize of job (KB)
...
006 (902683.003.000) 01/06 10:24:49 Image size of job updated: 63876
	52  -  MemoryUsage of job (MB)
	52456  -  ResidentSetSize of job (KB)
...
006 (902683.001.000) 01/06 10:24:50 Image size of job updated: 1728
	2  -  MemoryUsage of job (MB)
	1504  -  ResidentSetSize of job (KB)
...
006 (902683.006.000) 01/06 10:25:09 Image size of job updated: 95248
	45  -  MemoryUsage of job (MB)
	45992  -  ResidentSetSize of job (KB)
...
006 (902683.004.000) 01/06 10:29:42 Image size of job updated: 91220
	52  -  MemoryUsage of job (MB)
	52988  -  ResidentSetSize of job (KB)
...
006 (902683.007.000) 01/06 10:29:44 Image size of job updated: 70332
	52  -  MemoryUsage of job (MB)
	52636  -  ResidentSetSize of job (KB)
...
006 (902683.001.000) 01/06 10:29:51 Image size of job updated: 12792
	6  -  MemoryUsage of job (MB)
	6132  -  ResidentSetSize of job (KB)
...
006 (902683.006.000) 01/06 10:30:09 Image size of job updated: 95248
	52  -  MemoryUsage of job (MB)
	52668  -  ResidentSetSize of job (KB)
...
006 (902683.002.000) 01/06 10:34:43 Image size of job updated: 74328
	52  -  MemoryUsage of job (MB)
	52816  -  ResidentSetSize of job (KB)
...
006 (902683.000.000) 01/06 10:34:44 Image size of job updated: 69516
	52  -  MemoryUsage of job (MB)
	52808  -  ResidentSetSize of job (KB)
...
006 (902683.001.000) 01/06 10:34:54 Image size of job updated: 70148
	34  -  MemoryUsage of job (MB)
	33960  -  ResidentSetSize of job (KB)
...
006 (902683.002.000) 01/06 10:39:44 Image size of job updated: 74328
	52  -  MemoryUsage of job (MB)
	52832  -  ResidentSetSize of job (KB)
...
006 (902683.001.000) 01/06 10:39:52 Image size of job updated: 77780
	49  -  MemoryUsage of job (MB)
	49920  -  ResidentSetSize of job (KB)
...
006 (902683.002.000) 01/06 10:44:44 Image size of job updated: 74328
	52  -  MemoryUsage of job (MB)
	52844  -  ResidentSetSize of job (KB)
...
006 (902683.000.000) 01/06 10:44:45 Image size of job updated: 69516
	52  -  MemoryUsage of job (MB)
	52812  -  ResidentSetSize of job (KB)
...
006 (902683.007.000) 01/06 10:44:45 Image size of job updated: 70332
	52  -  MemoryUsage of job (MB)
	52744  -  ResidentSetSize of job (KB)
...
006 (902683.001.000) 01/06 10:44:53 Image size of job updated: 80148
	52  -  MemoryUsage of job (MB)
	52468  -  ResidentSetSize of job (KB)
...
006 (902683.006.000) 01/06 10:45:11 Image size of job updated: 95248
	52  -  MemoryUsage of job (MB)
	52980  -  ResidentSetSize of job (KB)
...
006 (902683.000.000) 01/06 10:49:45 Image size of job updated: 69516
	52  -  MemoryUsage of job (MB)
	52824  -  ResidentSetSize of job (KB)
...
006 (902683.002.000) 01/06 10:49:45 Image size of job updated: 74328
	52  -  MemoryUsage of job (MB)
	52852  -  ResidentSetSize of job (KB)
...
006 (902683.005.000) 01/06 10:49:49 Image size of job updated: 57536
	52  -  MemoryUsage of job (MB)
	53052  -  ResidentSetSize of job (KB)
...
006 (902683.003.000) 01/06 10:49:51 Image size of job updated: 63876
	52  -  MemoryUsage of job (MB)
	52500  -  ResidentSetSize of job (KB)
...
006 (902683.006.000) 01/06 10:50:12 Image size of job updated: 95248
	52  -  MemoryUsage of job (MB)
	52984  -  ResidentSetSize of job (KB)
...
006 (902683.000.000) 01/06 10:54:45 Image size of job updated: 69516
	52  -  MemoryUsage of job (MB)
	52828  -  ResidentSetSize of job (KB)
...
006 (902683.002.000) 01/06 10:54:46 Image size of job updated: 74328
	52  -  MemoryUsage of job (MB)
	52872  -  ResidentSetSize of job (KB)
...
006 (902683.005.000) 01/06 10:54:50 Image size of job updated: 57536
	53  -  MemoryUsage of job (MB)
	53356  -  ResidentSetSize of job (KB)
...
006 (902683.001.000) 01/06 10:54:55 Image size of job updated: 80148
	52  -  MemoryUsage of job (MB)
	52492  -  ResidentSetSize of job (KB)
...
006 (902683.000.000) 01/06 10:59:46 Image size of job updated: 69516
	52  -  MemoryUsage of job (MB)
	52836  -  ResidentSetSize of job (KB)
...
006 (902683.002.000) 01/06 10:59:46 Image size of job updated: 74328
	52  -  MemoryUsage of job (MB)
	52880  -  ResidentSetSize of job (KB)
...
006 (902683.004.000) 01/06 10:59:46 Image size of job updated: 91220
	52  -  MemoryUsage of job (MB)
	53008  -  ResidentSetSize of job (KB)
...
005 (902683.002.000) 01/06 11:02:43 Job terminated.
	(1) Normal termination (return value 0)
		Usr 0 00:07:16, Sys 0 00:00:17  -  Run Remote Usage
		Usr 0 00:00:00, Sys 0 00:00:00  -  Run Local Usage
		Usr 0 00:07:16, Sys 0 00:00:17  -  Total Remote Usage
		Usr 0 00:00:00, Sys 0 00:00:00  -  Total Local Usage
	258955  -  Run Bytes Sent By Job
	1019  -  Run Bytes Received By Job
	258955  -  Total Bytes Sent By Job
	1019  -  Total Bytes Received By Job
	Partitionable Resources :    Usage  Request Allocated
	   Cpus                 :                 1         1
	   Disk (KB)            :      266        1   1914637
	   Memory (MB)          :       52     2000      2000
...
006 (902683.000.000) 01/06 11:04:46 Image size of job updated: 69516
	52  -  MemoryUsage of job (MB)
	52848  -  ResidentSetSize of job (KB)
...
006 (902683.007.000) 01/06 11:04:47 Image size of job updated: 70332
	52  -  MemoryUsage of job (MB)
	52916  -  ResidentSetSize of job (KB)
...
006 (902683.000.000) 01/06 11:09:47 Image size of job updated: 69516
	52  -  MemoryUsage of job (MB)
	52856  -  ResidentSetSize of job (KB)
...
006 (902683.005.000) 01/06 11:09:51 Image size of job updated: 57536
	53  -  MemoryUsage of job (MB)
	53360  -  ResidentSetSize of job (KB)
...
005 (902683.004.000) 01/06 11:11:20 Job terminated.
	(1) Normal termination (return value 0)
		Usr 0 00:07:40, Sys 0 00:00:12  -  Run Remote Usage
		Usr 0 00:00:00, Sys 0 00:00:00  -  Run Local Usage
		Usr 0 00:07:40, Sys 0 00:00:12  -  Total Remote Usage
		Usr 0 00:00:00, Sys 0 00:00:00  -  Total Local Usage
	289917  -  Run Bytes Sent By Job
	991  -  Run Bytes Received By Job
	289917  -  Total Bytes Sent By Job
	991  -  Total Bytes Received By Job
	Partitionable Resources :    Usage  Request Allocated
	   Cpus                 :                 1         1
	   Disk (KB)            :      296        1   1946783
	   Memory (MB)          :       52     2000      2000
...
006 (902683.000.000) 01/06 11:14:48 Image size of job updated: 69516
	52  -  MemoryUsage of job (MB)
	52864  -  ResidentSetSize of job (KB)
...
006 (902683.007.000) 01/06 11:14:49 Image size of job updated: 70332
	52  -  MemoryUsage of job (MB)
	52924  -  ResidentSetSize of job (KB)
...
006 (902683.003.000) 01/06 11:14:53 Image size of job updated: 63876
	52  -  MemoryUsage of job (MB)
	52748  -  ResidentSetSize of job (KB)
...
006 (902683.007.000) 01/06 11:19:49 Image size of job updated: 70332
	52  -  MemoryUsage of job (MB)
	52928  -  ResidentSetSize of job (KB)
...
006 (902683.003.000) 01/06 11:19:53 Image size of job updated: 63876
	52  -  MemoryUsage of job (MB)
	52756  -  ResidentSetSize of job (KB)
...
005 (902683.000.000) 01/06 11:24:38 Job terminated.
	(1) Normal termination (return value 0)
		Usr 0 00:09:08, Sys 0 00:00:14  -  Run Remote Usage
		Usr 0 00:00:00, Sys 0 00:00:00  -  Run Local Usage
		Usr 0 00:09:08, Sys 0 00:00:14  -  Total Remote Usage
		Usr 0 00:00:00, Sys 0 00:00:00  -  Total Local Usage
	258554  -  Run Bytes Sent By Job
	999  -  Run Bytes Received By Job
	258554  -  Total Bytes Sent By Job
	999  -  Total Bytes Received By Job
	Partitionable Resources :    Usage  Request Allocated
	   Cpus                 :                 1         1
	   Disk (KB)            :      265        1   1898905
	   Memory (MB)          :       52     2000      2000
...
006 (902683.007.000) 01/06 11:24:50 Image size of job updated: 70332
	52  -  MemoryUsage of job (MB)
	52944  -  ResidentSetSize of job (KB)
...
006 (902683.003.000) 01/06 11:24:54 Image size of job updated: 63876
	52  -  MemoryUsage of job (MB)
	52760  -  ResidentSetSize of job (KB)
...
006 (902683.007.000) 01/06 11:29:51 Image size of job updated: 70332
	52  -  MemoryUsage of job (MB)
	52952  -  ResidentSetSize of job (KB)
...
006 (902683.003.000) 01/06 11:29:54 Image size of job updated: 63876
	52  -  MemoryUsage of job (MB)
	52764  -  ResidentSetSize of job (KB)
...
006 (902683.006.000) 01/06 11:30:16 Image size of job updated: 95248
	52  -  MemoryUsage of job (MB)
	53004  -  ResidentSetSize of job (KB)
...
006 (902683.007.000) 01/06 11:34:51 Image size of job updated: 70332
	52  -  MemoryUsage of job (MB)
	52960  -  ResidentSetSize of job (KB)
...
006 (902683.003.000) 01/06 11:34:54 Image size of job updated: 63876
	52  -  MemoryUsage of job (MB)
	52772  -  ResidentSetSize of job (KB)
...
006 (902683.007.000) 01/06 11:39:53 Image size of job updated: 75832
	56  -  MemoryUsage of job (MB)
	57268  -  ResidentSetSize of job (KB)
...
006 (902683.003.000) 01/06 11:39:55 Image size of job updated: 63876
	52  -  MemoryUsage of job (MB)
	52776  -  ResidentSetSize of job (KB)
...
005 (902683.007.000) 01/06 11:40:53 Job terminated.
	(1) Normal termination (return value 0)
		Usr 0 00:07:23, Sys 0 00:00:13  -  Run Remote Usage
		Usr 0 00:00:00, Sys 0 00:00:00  -  Run Local Usage
		Usr 0 00:07:23, Sys 0 00:00:13  -  Total Remote Usage
		Usr 0 00:00:00, Sys 0 00:00:00  -  Total Local Usage
	280647  -  Run Bytes Sent By Job
	1007  -  Run Bytes Received By Job
	280647  -  Total Bytes Sent By Job
	1007  -  Total Bytes Received By Job
	Partitionable Resources :    Usage  Request Allocated
	   Cpus                 :                 1         1
	   Disk (KB)            :      309        1   1901638
	   Memory (MB)          :       56     2000      2000
...
006 (902683.003.000) 01/06 11:44:55 Image size of job updated: 63876
	52  -  MemoryUsage of job (MB)
	52780  -  ResidentSetSize of job (KB)
...
005 (902683.006.000) 01/06 11:46:13 Job terminated.
	(1) Normal termination (return value 0)
		Usr 0 00:07:36, Sys 0 00:00:17  -  Run Remote Usage
		Usr 0 00:00:00, Sys 0 00:00:00  -  Run Local Usage
		Usr 0 00:07:36, Sys 0 00:00:17  -  Total Remote Usage
		Usr 0 00:00:00, Sys 0 00:00:00  -  Total Local Usage
	290320  -  Run Bytes Sent By Job
	1011  -  Run Bytes Received By Job
	290320  -  Total Bytes Sent By Job
	1011  -  Total Bytes Received By Job
	Partitionable Resources :    Usage  Request Allocated
	   Cpus                 :                 1         1
	   Disk (KB)            :      511        1   1847173
	   Memory (MB)          :       52     2000      2000
...
006 (902683.003.000) 01/06 11:49:56 Image size of job updated: 63876
	52  -  MemoryUsage of job (MB)
	52784  -  ResidentSetSize of job (KB)
...
006 (902683.003.000) 01/06 11:54:56 Image size of job updated: 63876
	52  -  MemoryUsage of job (MB)
	52792  -  ResidentSetSize of job (KB)
...
006 (902683.003.000) 01/06 11:59:56 Image size of job updated: 63876
	52  -  MemoryUsage of job (MB)
	52796  -  ResidentSetSize of job (KB)
...
006 (902683.003.000) 01/06 12:04:57 Image size of job updated: 63876
	52  -  MemoryUsage of job (MB)
	52800  -  ResidentSetSize of job (KB)
...
006 (902683.003.000) 01/06 12:09:57 Image size of job updated: 63876
	52  -  MemoryUsage of job (MB)
	52816  -  ResidentSetSize of job (KB)
...
006 (902683.005.000) 01/06 12:19:57 Image size of job updated: 57536
	53  -  MemoryUsage of job (MB)
	53368  -  ResidentSetSize of job (KB)
...
006 (902683.003.000) 01/06 12:24:12 Image size of job updated: 292244
	52  -  MemoryUsage of job (MB)
	52816  -  ResidentSetSize of job (KB)
...
005 (902683.003.000) 01/06 12:24:12 Job terminated.
	(1) Normal termination (return value 0)
		Usr 0 00:08:19, Sys 0 00:00:18  -  Run Remote Usage
		Usr 0 00:00:00, Sys 0 00:00:00  -  Run Local Usage
		Usr 0 00:08:19, Sys 0 00:00:18  -  Total Remote Usage
		Usr 0 00:00:00, Sys 0 00:00:00  -  Total Local Usage
	244047  -  Run Bytes Sent By Job
	1015  -  Run Bytes Received By Job
	244047  -  Total Bytes Sent By Job
	1015  -  Total Bytes Received By Job
	Partitionable Resources :    Usage  Request Allocated
	   Cpus                 :                 1         1
	   Disk (KB)            :      251        1   1903560
	   Memory (MB)          :       52     2000      2000
...
006 (902683.005.000) 01/06 12:24:58 Image size of job updated: 57536
	53  -  MemoryUsage of job (MB)
	53372  -  ResidentSetSize of job (KB)
...
006 (902683.005.000) 01/06 12:29:58 Image size of job updated: 57536
	53  -  MemoryUsage of job (MB)
	53376  -  ResidentSetSize of job (KB)
...
006 (902683.005.000) 01/06 12:34:58 Image size of job updated: 57536
	53  -  MemoryUsage of job (MB)
	53392  -  ResidentSetSize of job (KB)
...
005 (902683.005.000) 01/06 12:48:56 Job terminated.
	(1) Normal termination (return value 0)
		Usr 0 00:10:00, Sys 0 00:00:16  -  Run Remote Usage
		Usr 0 00:00:00, Sys 0 00:00:00  -  Run Local Usage
		Usr 0 00:10:00, Sys 0 00:00:16  -  Total Remote Usage
		Usr 0 00:00:00, Sys 0 00:00:00  -  Total Local Usage
	285743  -  Run Bytes Sent By Job
	987  -  Run Bytes Received By Job
	285743  -  Total Bytes Sent By Job
	987  -  Total Bytes Received By Job
	Partitionable Resources :    Usage  Request Allocated
	   Cpus                 :                 1         1
	   Disk (KB)            :      292        1   1939936
	   Memory (MB)          :       53     2000      2000
...
006 (902683.001.000) 01/06 13:30:08 Image size of job updated: 80148
	52  -  MemoryUsage of job (MB)
	52536  -  ResidentSetSize of job (KB)
...
006 (902683.001.000) 01/06 14:25:14 Image size of job updated: 80148
	52  -  MemoryUsage of job (MB)
	52764  -  ResidentSetSize of job (KB)
...
006 (902683.001.000) 01/06 14:45:16 Image size of job updated: 80148
	52  -  MemoryUsage of job (MB)
	52772  -  ResidentSetSize of job (KB)
...
006 (902683.001.000) 01/06 15:35:19 Image size of job updated: 80148
	52  -  MemoryUsage of job (MB)
	52776  -  ResidentSetSize of job (KB)
...
006 (902683.001.000) 01/06 15:55:22 Image size of job updated: 80148
	52  -  MemoryUsage of job (MB)
	52780  -  ResidentSetSize of job (KB)
...
006 (902683.001.000) 01/06 16:01:16 Image size of job updated: 80148
	52  -  MemoryUsage of job (MB)
	52784  -  ResidentSetSize of job (KB)
...
009 (902683.001.000) 01/06 18:22:14 Job was aborted by the user.
	Job removed by SYSTEM_PERIODIC_REMOVE due to wall time exceeded allowed max.
...
