000 (902684.000.000) 01/06 10:15:38 Job submitted from host: <137.138.44.75:9618?addrs=137.138.44.75-9618+[2001-1458-d00-1a--b]-9618&noUDP&sock=124143_59c7_28>
...
000 (902684.001.000) 01/06 10:15:38 Job submitted from host: <137.138.44.75:9618?addrs=137.138.44.75-9618+[2001-1458-d00-1a--b]-9618&noUDP&sock=124143_59c7_28>
...
000 (902684.002.000) 01/06 10:15:38 Job submitted from host: <137.138.44.75:9618?addrs=137.138.44.75-9618+[2001-1458-d00-1a--b]-9618&noUDP&sock=124143_59c7_28>
...
000 (902684.003.000) 01/06 10:15:38 Job submitted from host: <137.138.44.75:9618?addrs=137.138.44.75-9618+[2001-1458-d00-1a--b]-9618&noUDP&sock=124143_59c7_28>
...
000 (902684.004.000) 01/06 10:15:38 Job submitted from host: <137.138.44.75:9618?addrs=137.138.44.75-9618+[2001-1458-d00-1a--b]-9618&noUDP&sock=124143_59c7_28>
...
000 (902684.005.000) 01/06 10:15:38 Job submitted from host: <137.138.44.75:9618?addrs=137.138.44.75-9618+[2001-1458-d00-1a--b]-9618&noUDP&sock=124143_59c7_28>
...
000 (902684.006.000) 01/06 10:15:38 Job submitted from host: <137.138.44.75:9618?addrs=137.138.44.75-9618+[2001-1458-d00-1a--b]-9618&noUDP&sock=124143_59c7_28>
...
000 (902684.007.000) 01/06 10:15:38 Job submitted from host: <137.138.44.75:9618?addrs=137.138.44.75-9618+[2001-1458-d00-1a--b]-9618&noUDP&sock=124143_59c7_28>
...
001 (902684.004.000) 01/06 10:19:33 Job executing on host: <188.185.214.236:9618?addrs=188.185.214.236-9618+[--1]-9618&noUDP&sock=8652_b385_3>
...
001 (902684.006.000) 01/06 10:19:35 Job executing on host: <188.185.250.22:9618?addrs=188.185.250.22-9618+[--1]-9618&noUDP&sock=8799_4652_133>
...
001 (902684.007.000) 01/06 10:19:39 Job executing on host: <188.185.236.241:9618?addrs=188.185.236.241-9618+[--1]-9618&noUDP&sock=8556_98ce_3>
...
001 (902684.000.000) 01/06 10:19:40 Job executing on host: <188.185.250.95:9618?addrs=188.185.250.95-9618+[--1]-9618&noUDP&sock=8518_ac42_3>
...
001 (902684.002.000) 01/06 10:19:41 Job executing on host: <188.185.62.0:9618?addrs=188.185.62.0-9618+[--1]-9618&noUDP&sock=8742_2d6c_3>
...
006 (902684.004.000) 01/06 10:19:41 Image size of job updated: 1000
	1  -  MemoryUsage of job (MB)
	1000  -  ResidentSetSize of job (KB)
...
006 (902684.006.000) 01/06 10:19:43 Image size of job updated: 996
	1  -  MemoryUsage of job (MB)
	996  -  ResidentSetSize of job (KB)
...
001 (902684.005.000) 01/06 10:19:44 Job executing on host: <188.185.168.192:9618?addrs=188.185.168.192-9618+[--1]-9618&noUDP&sock=32760_8717_119>
...
006 (902684.007.000) 01/06 10:19:48 Image size of job updated: 1000
	1  -  MemoryUsage of job (MB)
	996  -  ResidentSetSize of job (KB)
...
006 (902684.002.000) 01/06 10:19:49 Image size of job updated: 1532
	2  -  MemoryUsage of job (MB)
	1480  -  ResidentSetSize of job (KB)
...
006 (902684.000.000) 01/06 10:19:49 Image size of job updated: 482816
	1  -  MemoryUsage of job (MB)
	424  -  ResidentSetSize of job (KB)
...
006 (902684.005.000) 01/06 10:19:53 Image size of job updated: 4784
	1  -  MemoryUsage of job (MB)
	1000  -  ResidentSetSize of job (KB)
...
001 (902684.003.000) 01/06 10:20:07 Job executing on host: <188.185.252.18:9618?addrs=188.185.252.18-9618+[--1]-9618&noUDP&sock=8651_c24d_129>
...
006 (902684.003.000) 01/06 10:20:17 Image size of job updated: 416
	1  -  MemoryUsage of job (MB)
	416  -  ResidentSetSize of job (KB)
...
022 (902684.001.000) 01/06 10:20:18 Job disconnected, attempting to reconnect
    Socket between submit and execute hosts closed unexpectedly
    Trying to reconnect to slot1_3@b68d3a7c5c.cern.ch <188.185.254.15:9618?addrs=188.185.254.15-9618+[--1]-9618&noUDP&sock=603_801a_3>
...
024 (902684.001.000) 01/06 10:20:18 Job reconnection failed
    Job not found at execution machine
    Can not reconnect to slot1_3@b68d3a7c5c.cern.ch, rescheduling job
...
005 (902684.005.000) 01/06 10:21:20 Job terminated.
	(1) Normal termination (return value 0)
		Usr 0 00:00:03, Sys 0 00:00:02  -  Run Remote Usage
		Usr 0 00:00:00, Sys 0 00:00:00  -  Run Local Usage
		Usr 0 00:00:03, Sys 0 00:00:02  -  Total Remote Usage
		Usr 0 00:00:00, Sys 0 00:00:00  -  Total Local Usage
	9192  -  Run Bytes Sent By Job
	1005  -  Run Bytes Received By Job
	9192  -  Total Bytes Sent By Job
	1005  -  Total Bytes Received By Job
	Partitionable Resources :    Usage  Request Allocated
	   Cpus                 :                 1         1
	   Disk (KB)            :       22        1   1949764
	   Memory (MB)          :        1     2000      2000
...
001 (902684.001.000) 01/06 10:21:24 Job executing on host: <188.185.168.192:9618?addrs=188.185.168.192-9618+[--1]-9618&noUDP&sock=32760_8717_119>
...
006 (902684.001.000) 01/06 10:21:32 Image size of job updated: 113312
	49  -  MemoryUsage of job (MB)
	49720  -  ResidentSetSize of job (KB)
...
006 (902684.004.000) 01/06 10:24:41 Image size of job updated: 110948
	52  -  MemoryUsage of job (MB)
	52664  -  ResidentSetSize of job (KB)
...
006 (902684.006.000) 01/06 10:24:43 Image size of job updated: 100392
	45  -  MemoryUsage of job (MB)
	45948  -  ResidentSetSize of job (KB)
...
006 (902684.007.000) 01/06 10:24:48 Image size of job updated: 99496
	52  -  MemoryUsage of job (MB)
	52588  -  ResidentSetSize of job (KB)
...
006 (902684.002.000) 01/06 10:24:49 Image size of job updated: 62648
	52  -  MemoryUsage of job (MB)
	52540  -  ResidentSetSize of job (KB)
...
006 (902684.000.000) 01/06 10:24:50 Image size of job updated: 482816
	52  -  MemoryUsage of job (MB)
	52536  -  ResidentSetSize of job (KB)
...
006 (902684.003.000) 01/06 10:25:17 Image size of job updated: 9840
	10  -  MemoryUsage of job (MB)
	9836  -  ResidentSetSize of job (KB)
...
006 (902684.001.000) 01/06 10:26:32 Image size of job updated: 113312
	52  -  MemoryUsage of job (MB)
	52548  -  ResidentSetSize of job (KB)
...
006 (902684.006.000) 01/06 10:29:43 Image size of job updated: 108852
	52  -  MemoryUsage of job (MB)
	52652  -  ResidentSetSize of job (KB)
...
006 (902684.007.000) 01/06 10:29:48 Image size of job updated: 99496
	52  -  MemoryUsage of job (MB)
	52608  -  ResidentSetSize of job (KB)
...
006 (902684.003.000) 01/06 10:30:18 Image size of job updated: 20348
	10  -  MemoryUsage of job (MB)
	9836  -  ResidentSetSize of job (KB)
...
006 (902684.001.000) 01/06 10:31:33 Image size of job updated: 113312
	52  -  MemoryUsage of job (MB)
	52860  -  ResidentSetSize of job (KB)
...
006 (902684.004.000) 01/06 10:34:42 Image size of job updated: 110948
	52  -  MemoryUsage of job (MB)
	52688  -  ResidentSetSize of job (KB)
...
006 (902684.006.000) 01/06 10:34:43 Image size of job updated: 108852
	52  -  MemoryUsage of job (MB)
	52672  -  ResidentSetSize of job (KB)
...
006 (902684.000.000) 01/06 10:34:51 Image size of job updated: 482816
	52  -  MemoryUsage of job (MB)
	52836  -  ResidentSetSize of job (KB)
...
006 (902684.003.000) 01/06 10:35:19 Image size of job updated: 102732
	45  -  MemoryUsage of job (MB)
	45728  -  ResidentSetSize of job (KB)
...
006 (902684.001.000) 01/06 10:36:33 Image size of job updated: 113312
	52  -  MemoryUsage of job (MB)
	52868  -  ResidentSetSize of job (KB)
...
006 (902684.003.000) 01/06 10:40:19 Image size of job updated: 111496
	52  -  MemoryUsage of job (MB)
	52424  -  ResidentSetSize of job (KB)
...
006 (902684.001.000) 01/06 10:41:34 Image size of job updated: 113312
	52  -  MemoryUsage of job (MB)
	52876  -  ResidentSetSize of job (KB)
...
006 (902684.000.000) 01/06 10:44:52 Image size of job updated: 482816
	52  -  MemoryUsage of job (MB)
	52844  -  ResidentSetSize of job (KB)
...
006 (902684.003.000) 01/06 10:45:20 Image size of job updated: 111496
	52  -  MemoryUsage of job (MB)
	52448  -  ResidentSetSize of job (KB)
...
006 (902684.001.000) 01/06 10:46:34 Image size of job updated: 113312
	52  -  MemoryUsage of job (MB)
	52888  -  ResidentSetSize of job (KB)
...
006 (902684.002.000) 01/06 10:49:52 Image size of job updated: 62648
	52  -  MemoryUsage of job (MB)
	52936  -  ResidentSetSize of job (KB)
...
006 (902684.003.000) 01/06 10:50:21 Image size of job updated: 111496
	52  -  MemoryUsage of job (MB)
	52772  -  ResidentSetSize of job (KB)
...
006 (902684.006.000) 01/06 10:54:47 Image size of job updated: 108852
	52  -  MemoryUsage of job (MB)
	52732  -  ResidentSetSize of job (KB)
...
006 (902684.002.000) 01/06 10:54:52 Image size of job updated: 62648
	52  -  MemoryUsage of job (MB)
	53236  -  ResidentSetSize of job (KB)
...
006 (902684.000.000) 01/06 10:54:54 Image size of job updated: 482816
	52  -  MemoryUsage of job (MB)
	52848  -  ResidentSetSize of job (KB)
...
006 (902684.003.000) 01/06 10:55:21 Image size of job updated: 111496
	52  -  MemoryUsage of job (MB)
	52776  -  ResidentSetSize of job (KB)
...
006 (902684.001.000) 01/06 10:56:35 Image size of job updated: 113312
	52  -  MemoryUsage of job (MB)
	52904  -  ResidentSetSize of job (KB)
...
006 (902684.006.000) 01/06 10:59:47 Image size of job updated: 108852
	52  -  MemoryUsage of job (MB)
	52984  -  ResidentSetSize of job (KB)
...
006 (902684.001.000) 01/06 11:01:36 Image size of job updated: 113312
	52  -  MemoryUsage of job (MB)
	52908  -  ResidentSetSize of job (KB)
...
006 (902684.003.000) 01/06 11:05:22 Image size of job updated: 111496
	52  -  MemoryUsage of job (MB)
	52780  -  ResidentSetSize of job (KB)
...
006 (902684.001.000) 01/06 11:06:36 Image size of job updated: 113312
	52  -  MemoryUsage of job (MB)
	52924  -  ResidentSetSize of job (KB)
...
006 (902684.006.000) 01/06 11:09:48 Image size of job updated: 108852
	52  -  MemoryUsage of job (MB)
	52992  -  ResidentSetSize of job (KB)
...
006 (902684.002.000) 01/06 11:09:53 Image size of job updated: 62648
	52  -  MemoryUsage of job (MB)
	53244  -  ResidentSetSize of job (KB)
...
006 (902684.001.000) 01/06 11:11:37 Image size of job updated: 113312
	52  -  MemoryUsage of job (MB)
	52932  -  ResidentSetSize of job (KB)
...
006 (902684.007.000) 01/06 11:14:52 Image size of job updated: 99496
	52  -  MemoryUsage of job (MB)
	52632  -  ResidentSetSize of job (KB)
...
006 (902684.002.000) 01/06 11:14:54 Image size of job updated: 62648
	52  -  MemoryUsage of job (MB)
	53248  -  ResidentSetSize of job (KB)
...
006 (902684.000.000) 01/06 11:14:55 Image size of job updated: 482816
	52  -  MemoryUsage of job (MB)
	52852  -  ResidentSetSize of job (KB)
...
006 (902684.003.000) 01/06 11:15:23 Image size of job updated: 111496
	52  -  MemoryUsage of job (MB)
	52784  -  ResidentSetSize of job (KB)
...
006 (902684.001.000) 01/06 11:16:38 Image size of job updated: 113312
	52  -  MemoryUsage of job (MB)
	52948  -  ResidentSetSize of job (KB)
...
006 (902684.002.000) 01/06 11:24:54 Image size of job updated: 62648
	53  -  MemoryUsage of job (MB)
	53252  -  ResidentSetSize of job (KB)
...
006 (902684.000.000) 01/06 11:24:56 Image size of job updated: 482816
	52  -  MemoryUsage of job (MB)
	52856  -  ResidentSetSize of job (KB)
...
006 (902684.003.000) 01/06 11:25:24 Image size of job updated: 111496
	52  -  MemoryUsage of job (MB)
	52788  -  ResidentSetSize of job (KB)
...
005 (902684.001.000) 01/06 11:28:39 Job terminated.
	(1) Normal termination (return value 0)
		Usr 0 00:08:22, Sys 0 00:00:17  -  Run Remote Usage
		Usr 0 00:00:00, Sys 0 00:00:00  -  Run Local Usage
		Usr 0 00:08:22, Sys 0 00:00:17  -  Total Remote Usage
		Usr 0 00:00:00, Sys 0 00:00:00  -  Total Local Usage
	285149  -  Run Bytes Sent By Job
	1013  -  Run Bytes Received By Job
	285149  -  Total Bytes Sent By Job
	1013  -  Total Bytes Received By Job
	Partitionable Resources :    Usage  Request Allocated
	   Cpus                 :                 1         1
	   Disk (KB)            :      292        1   1949764
	   Memory (MB)          :       52     2000      2000
...
006 (902684.007.000) 01/06 11:34:54 Image size of job updated: 99496
	52  -  MemoryUsage of job (MB)
	52740  -  ResidentSetSize of job (KB)
...
006 (902684.002.000) 01/06 11:34:55 Image size of job updated: 62648
	53  -  MemoryUsage of job (MB)
	53256  -  ResidentSetSize of job (KB)
...
006 (902684.000.000) 01/06 11:34:57 Image size of job updated: 482816
	52  -  MemoryUsage of job (MB)
	52860  -  ResidentSetSize of job (KB)
...
006 (902684.003.000) 01/06 11:35:25 Image size of job updated: 111496
	52  -  MemoryUsage of job (MB)
	52792  -  ResidentSetSize of job (KB)
...
006 (902684.002.000) 01/06 11:39:55 Image size of job updated: 62648
	53  -  MemoryUsage of job (MB)
	53264  -  ResidentSetSize of job (KB)
...
006 (902684.003.000) 01/06 11:40:25 Image size of job updated: 111496
	52  -  MemoryUsage of job (MB)
	52796  -  ResidentSetSize of job (KB)
...
006 (902684.003.000) 01/06 11:45:26 Image size of job updated: 111496
	52  -  MemoryUsage of job (MB)
	52800  -  ResidentSetSize of job (KB)
...
006 (902684.000.000) 01/06 11:49:58 Image size of job updated: 482816
	52  -  MemoryUsage of job (MB)
	52864  -  ResidentSetSize of job (KB)
...
006 (902684.006.000) 01/06 11:54:52 Image size of job updated: 108852
	52  -  MemoryUsage of job (MB)
	52996  -  ResidentSetSize of job (KB)
...
006 (902684.002.000) 01/06 11:54:56 Image size of job updated: 62648
	53  -  MemoryUsage of job (MB)
	53268  -  ResidentSetSize of job (KB)
...
006 (902684.003.000) 01/06 11:55:26 Image size of job updated: 111496
	52  -  MemoryUsage of job (MB)
	52804  -  ResidentSetSize of job (KB)
...
006 (902684.002.000) 01/06 11:59:57 Image size of job updated: 62648
	53  -  MemoryUsage of job (MB)
	53272  -  ResidentSetSize of job (KB)
...
006 (902684.003.000) 01/06 12:00:27 Image size of job updated: 111496
	52  -  MemoryUsage of job (MB)
	52808  -  ResidentSetSize of job (KB)
...
006 (902684.002.000) 01/06 12:09:57 Image size of job updated: 62648
	53  -  MemoryUsage of job (MB)
	53280  -  ResidentSetSize of job (KB)
...
006 (902684.000.000) 01/06 12:10:00 Image size of job updated: 482816
	52  -  MemoryUsage of job (MB)
	52868  -  ResidentSetSize of job (KB)
...
006 (902684.003.000) 01/06 12:10:28 Image size of job updated: 111496
	52  -  MemoryUsage of job (MB)
	52812  -  ResidentSetSize of job (KB)
...
006 (902684.006.000) 01/06 12:14:54 Image size of job updated: 108852
	52  -  MemoryUsage of job (MB)
	53000  -  ResidentSetSize of job (KB)
...
006 (902684.002.000) 01/06 12:14:58 Image size of job updated: 62648
	53  -  MemoryUsage of job (MB)
	53292  -  ResidentSetSize of job (KB)
...
006 (902684.006.000) 01/06 12:19:54 Image size of job updated: 108852
	52  -  MemoryUsage of job (MB)
	53004  -  ResidentSetSize of job (KB)
...
006 (902684.002.000) 01/06 12:19:58 Image size of job updated: 62648
	53  -  MemoryUsage of job (MB)
	53296  -  ResidentSetSize of job (KB)
...
006 (902684.002.000) 01/06 12:24:59 Image size of job updated: 62648
	53  -  MemoryUsage of job (MB)
	53312  -  ResidentSetSize of job (KB)
...
006 (902684.000.000) 01/06 12:25:01 Image size of job updated: 482816
	52  -  MemoryUsage of job (MB)
	52872  -  ResidentSetSize of job (KB)
...
006 (902684.003.000) 01/06 12:25:30 Image size of job updated: 111496
	52  -  MemoryUsage of job (MB)
	52816  -  ResidentSetSize of job (KB)
...
006 (902684.006.000) 01/06 12:29:55 Image size of job updated: 108852
	52  -  MemoryUsage of job (MB)
	53008  -  ResidentSetSize of job (KB)
...
006 (902684.003.000) 01/06 12:30:30 Image size of job updated: 111496
	52  -  MemoryUsage of job (MB)
	52820  -  ResidentSetSize of job (KB)
...
006 (902684.006.000) 01/06 12:34:55 Image size of job updated: 108852
	52  -  MemoryUsage of job (MB)
	53012  -  ResidentSetSize of job (KB)
...
006 (902684.002.000) 01/06 12:35:00 Image size of job updated: 75924
	57  -  MemoryUsage of job (MB)
	57744  -  ResidentSetSize of job (KB)
...
005 (902684.002.000) 01/06 12:36:06 Job terminated.
	(1) Normal termination (return value 0)
		Usr 0 00:08:54, Sys 0 00:00:15  -  Run Remote Usage
		Usr 0 00:00:00, Sys 0 00:00:00  -  Run Local Usage
		Usr 0 00:08:54, Sys 0 00:00:15  -  Total Remote Usage
		Usr 0 00:00:00, Sys 0 00:00:00  -  Total Local Usage
	275882  -  Run Bytes Sent By Job
	1037  -  Run Bytes Received By Job
	275882  -  Total Bytes Sent By Job
	1037  -  Total Bytes Received By Job
	Partitionable Resources :    Usage  Request Allocated
	   Cpus                 :                 1         1
	   Disk (KB)            :      307        1   1939840
	   Memory (MB)          :       57     2000      2000
...
006 (902684.003.000) 01/06 12:40:32 Image size of job updated: 111496
	52  -  MemoryUsage of job (MB)
	52824  -  ResidentSetSize of job (KB)
...
006 (902684.000.000) 01/06 12:45:04 Image size of job updated: 482816
	52  -  MemoryUsage of job (MB)
	52876  -  ResidentSetSize of job (KB)
...
006 (902684.004.000) 01/06 12:49:54 Image size of job updated: 110948
	52  -  MemoryUsage of job (MB)
	52940  -  ResidentSetSize of job (KB)
...
006 (902684.003.000) 01/06 12:50:32 Image size of job updated: 111496
	52  -  MemoryUsage of job (MB)
	52832  -  ResidentSetSize of job (KB)
...
006 (902684.006.000) 01/06 12:54:57 Image size of job updated: 108852
	52  -  MemoryUsage of job (MB)
	53016  -  ResidentSetSize of job (KB)
...
006 (902684.006.000) 01/06 13:04:58 Image size of job updated: 108852
	52  -  MemoryUsage of job (MB)
	53020  -  ResidentSetSize of job (KB)
...
006 (902684.004.000) 01/06 13:14:58 Image size of job updated: 110948
	52  -  MemoryUsage of job (MB)
	52944  -  ResidentSetSize of job (KB)
...
006 (902684.006.000) 01/06 13:14:59 Image size of job updated: 108852
	52  -  MemoryUsage of job (MB)
	53024  -  ResidentSetSize of job (KB)
...
006 (902684.003.000) 01/06 13:15:34 Image size of job updated: 111496
	52  -  MemoryUsage of job (MB)
	52840  -  ResidentSetSize of job (KB)
...
006 (902684.006.000) 01/06 13:19:59 Image size of job updated: 108852
	52  -  MemoryUsage of job (MB)
	53028  -  ResidentSetSize of job (KB)
...
006 (902684.000.000) 01/06 13:20:08 Image size of job updated: 482816
	52  -  MemoryUsage of job (MB)
	52880  -  ResidentSetSize of job (KB)
...
006 (902684.000.000) 01/06 13:25:08 Image size of job updated: 482816
	52  -  MemoryUsage of job (MB)
	52884  -  ResidentSetSize of job (KB)
...
006 (902684.003.000) 01/06 13:25:35 Image size of job updated: 111496
	52  -  MemoryUsage of job (MB)
	52848  -  ResidentSetSize of job (KB)
...
006 (902684.000.000) 01/06 13:35:09 Image size of job updated: 482816
	52  -  MemoryUsage of job (MB)
	52888  -  ResidentSetSize of job (KB)
...
006 (902684.006.000) 01/06 13:50:01 Image size of job updated: 108852
	52  -  MemoryUsage of job (MB)
	53044  -  ResidentSetSize of job (KB)
...
006 (902684.000.000) 01/06 13:55:12 Image size of job updated: 482816
	52  -  MemoryUsage of job (MB)
	52892  -  ResidentSetSize of job (KB)
...
006 (902684.000.000) 01/06 14:15:14 Image size of job updated: 482816
	52  -  MemoryUsage of job (MB)
	52896  -  ResidentSetSize of job (KB)
...
006 (902684.003.000) 01/06 14:15:40 Image size of job updated: 111496
	57  -  MemoryUsage of job (MB)
	58368  -  ResidentSetSize of job (KB)
...
005 (902684.003.000) 01/06 14:18:48 Job terminated.
	(1) Normal termination (return value 0)
		Usr 0 00:07:02, Sys 0 00:00:12  -  Run Remote Usage
		Usr 0 00:00:00, Sys 0 00:00:00  -  Run Local Usage
		Usr 0 00:07:02, Sys 0 00:00:12  -  Total Remote Usage
		Usr 0 00:00:00, Sys 0 00:00:00  -  Total Local Usage
	261326  -  Run Bytes Sent By Job
	1033  -  Run Bytes Received By Job
	261326  -  Total Bytes Sent By Job
	1033  -  Total Bytes Received By Job
	Partitionable Resources :    Usage  Request Allocated
	   Cpus                 :                 1         1
	   Disk (KB)            :      370        1   1914906
	   Memory (MB)          :       57     2000      2000
...
006 (902684.004.000) 01/06 14:20:05 Image size of job updated: 110948
	52  -  MemoryUsage of job (MB)
	52996  -  ResidentSetSize of job (KB)
...
006 (902684.000.000) 01/06 14:40:17 Image size of job updated: 482816
	52  -  MemoryUsage of job (MB)
	52900  -  ResidentSetSize of job (KB)
...
006 (902684.000.000) 01/06 14:45:17 Image size of job updated: 482816
	52  -  MemoryUsage of job (MB)
	52904  -  ResidentSetSize of job (KB)
...
006 (902684.006.000) 01/06 14:50:10 Image size of job updated: 108852
	53  -  MemoryUsage of job (MB)
	53372  -  ResidentSetSize of job (KB)
...
006 (902684.000.000) 01/06 14:50:18 Image size of job updated: 482816
	52  -  MemoryUsage of job (MB)
	52912  -  ResidentSetSize of job (KB)
...
005 (902684.006.000) 01/06 14:53:42 Job terminated.
	(1) Normal termination (return value 0)
		Usr 0 00:08:57, Sys 0 00:00:14  -  Run Remote Usage
		Usr 0 00:00:00, Sys 0 00:00:00  -  Run Local Usage
		Usr 0 00:08:57, Sys 0 00:00:14  -  Total Remote Usage
		Usr 0 00:00:00, Sys 0 00:00:00  -  Total Local Usage
	308130  -  Run Bytes Sent By Job
	1029  -  Run Bytes Received By Job
	308130  -  Total Bytes Sent By Job
	1029  -  Total Bytes Received By Job
	Partitionable Resources :    Usage  Request Allocated
	   Cpus                 :                 1         1
	   Disk (KB)            :      314        1   1942448
	   Memory (MB)          :       53     2000      2000
...
006 (902684.007.000) 01/06 14:55:27 Image size of job updated: 99496
	52  -  MemoryUsage of job (MB)
	52924  -  ResidentSetSize of job (KB)
...
006 (902684.004.000) 01/06 15:00:10 Image size of job updated: 110948
	52  -  MemoryUsage of job (MB)
	53000  -  ResidentSetSize of job (KB)
...
006 (902684.007.000) 01/06 15:07:28 Image size of job updated: 99496
	52  -  MemoryUsage of job (MB)
	52932  -  ResidentSetSize of job (KB)
...
006 (902684.007.000) 01/06 15:37:30 Image size of job updated: 99496
	52  -  MemoryUsage of job (MB)
	52936  -  ResidentSetSize of job (KB)
...
006 (902684.007.000) 01/06 15:47:32 Image size of job updated: 99496
	52  -  MemoryUsage of job (MB)
	52940  -  ResidentSetSize of job (KB)
...
006 (902684.007.000) 01/06 15:57:33 Image size of job updated: 99496
	52  -  MemoryUsage of job (MB)
	52944  -  ResidentSetSize of job (KB)
...
005 (902684.000.000) 01/06 16:00:08 Job terminated.
	(1) Normal termination (return value 0)
		Usr 0 00:08:34, Sys 0 00:00:14  -  Run Remote Usage
		Usr 0 00:00:00, Sys 0 00:00:00  -  Run Local Usage
		Usr 0 00:08:34, Sys 0 00:00:14  -  Total Remote Usage
		Usr 0 00:00:00, Sys 0 00:00:00  -  Total Local Usage
	275860  -  Run Bytes Sent By Job
	1017  -  Run Bytes Received By Job
	275860  -  Total Bytes Sent By Job
	1017  -  Total Bytes Received By Job
	Partitionable Resources :    Usage  Request Allocated
	   Cpus                 :                 1         1
	   Disk (KB)            :      282        1   1985536
	   Memory (MB)          :       52     2000      2000
...
006 (902684.007.000) 01/06 16:02:34 Image size of job updated: 99496
	52  -  MemoryUsage of job (MB)
	52948  -  ResidentSetSize of job (KB)
...
006 (902684.007.000) 01/06 16:32:41 Image size of job updated: 99496
	52  -  MemoryUsage of job (MB)
	52952  -  ResidentSetSize of job (KB)
...
006 (902684.007.000) 01/06 16:37:39 Image size of job updated: 99496
	52  -  MemoryUsage of job (MB)
	52956  -  ResidentSetSize of job (KB)
...
006 (902684.007.000) 01/06 16:52:41 Image size of job updated: 99496
	52  -  MemoryUsage of job (MB)
	52960  -  ResidentSetSize of job (KB)
...
006 (902684.007.000) 01/06 16:57:42 Image size of job updated: 99496
	52  -  MemoryUsage of job (MB)
	52964  -  ResidentSetSize of job (KB)
...
006 (902684.007.000) 01/06 17:42:47 Image size of job updated: 99496
	52  -  MemoryUsage of job (MB)
	52972  -  ResidentSetSize of job (KB)
...
006 (902684.007.000) 01/06 18:07:51 Image size of job updated: 99496
	52  -  MemoryUsage of job (MB)
	52976  -  ResidentSetSize of job (KB)
...
009 (902684.007.000) 01/06 18:21:02 Job was aborted by the user.
	Job removed by SYSTEM_PERIODIC_REMOVE due to wall time exceeded allowed max.
...
009 (902684.004.000) 01/06 18:30:26 Job was aborted by the user.
	Job removed by SYSTEM_PERIODIC_REMOVE due to wall time exceeded allowed max.
...
