000 (902685.000.000) 01/06 10:15:43 Job submitted from host: <137.138.44.75:9618?addrs=137.138.44.75-9618+[2001-1458-d00-1a--b]-9618&noUDP&sock=124143_59c7_28>
...
000 (902685.001.000) 01/06 10:15:43 Job submitted from host: <137.138.44.75:9618?addrs=137.138.44.75-9618+[2001-1458-d00-1a--b]-9618&noUDP&sock=124143_59c7_28>
...
000 (902685.002.000) 01/06 10:15:43 Job submitted from host: <137.138.44.75:9618?addrs=137.138.44.75-9618+[2001-1458-d00-1a--b]-9618&noUDP&sock=124143_59c7_28>
...
000 (902685.003.000) 01/06 10:15:43 Job submitted from host: <137.138.44.75:9618?addrs=137.138.44.75-9618+[2001-1458-d00-1a--b]-9618&noUDP&sock=124143_59c7_28>
...
000 (902685.004.000) 01/06 10:15:43 Job submitted from host: <137.138.44.75:9618?addrs=137.138.44.75-9618+[2001-1458-d00-1a--b]-9618&noUDP&sock=124143_59c7_28>
...
000 (902685.005.000) 01/06 10:15:43 Job submitted from host: <137.138.44.75:9618?addrs=137.138.44.75-9618+[2001-1458-d00-1a--b]-9618&noUDP&sock=124143_59c7_28>
...
000 (902685.006.000) 01/06 10:15:43 Job submitted from host: <137.138.44.75:9618?addrs=137.138.44.75-9618+[2001-1458-d00-1a--b]-9618&noUDP&sock=124143_59c7_28>
...
000 (902685.007.000) 01/06 10:15:43 Job submitted from host: <137.138.44.75:9618?addrs=137.138.44.75-9618+[2001-1458-d00-1a--b]-9618&noUDP&sock=124143_59c7_28>
...
000 (902685.008.000) 01/06 10:15:43 Job submitted from host: <137.138.44.75:9618?addrs=137.138.44.75-9618+[2001-1458-d00-1a--b]-9618&noUDP&sock=124143_59c7_28>
...
001 (902685.000.000) 01/06 10:19:35 Job executing on host: <188.185.186.213:9618?addrs=188.185.186.213-9618+[--1]-9618&noUDP&sock=8818_8175_3>
...
001 (902685.001.000) 01/06 10:19:39 Job executing on host: <188.185.60.126:9618?addrs=188.185.60.126-9618+[--1]-9618&noUDP&sock=8545_5dab_3>
...
001 (902685.003.000) 01/06 10:19:39 Job executing on host: <188.185.62.170:9618?addrs=188.185.62.170-9618+[--1]-9618&noUDP&sock=8627_cf45_3>
...
001 (902685.006.000) 01/06 10:19:39 Job executing on host: <188.185.61.232:9618?addrs=188.185.61.232-9618+[--1]-9618&noUDP&sock=8774_2073_3>
...
006 (902685.000.000) 01/06 10:19:43 Image size of job updated: 6052
	6  -  MemoryUsage of job (MB)
	6020  -  ResidentSetSize of job (KB)
...
006 (902685.001.000) 01/06 10:19:48 Image size of job updated: 20972
	7  -  MemoryUsage of job (MB)
	6720  -  ResidentSetSize of job (KB)
...
006 (902685.003.000) 01/06 10:19:48 Image size of job updated: 1360
	2  -  MemoryUsage of job (MB)
	1348  -  ResidentSetSize of job (KB)
...
006 (902685.006.000) 01/06 10:19:48 Image size of job updated: 2916
	2  -  MemoryUsage of job (MB)
	1364  -  ResidentSetSize of job (KB)
...
001 (902685.008.000) 01/06 10:19:51 Job executing on host: <188.185.157.190:9618?addrs=188.185.157.190-9618+[--1]-9618&noUDP&sock=8430_2bdf_126>
...
001 (902685.007.000) 01/06 10:19:53 Job executing on host: <128.142.139.28:9618?addrs=128.142.139.28-9618+[--1]-9618&noUDP&sock=8486_952d_118>
...
001 (902685.004.000) 01/06 10:19:56 Job executing on host: <188.185.242.9:9618?addrs=188.185.242.9-9618+[--1]-9618&noUDP&sock=8104_8fff_124>
...
006 (902685.008.000) 01/06 10:19:59 Image size of job updated: 996
	1  -  MemoryUsage of job (MB)
	996  -  ResidentSetSize of job (KB)
...
006 (902685.007.000) 01/06 10:20:02 Image size of job updated: 41728
	1  -  MemoryUsage of job (MB)
	424  -  ResidentSetSize of job (KB)
...
001 (902685.005.000) 01/06 10:20:05 Job executing on host: <188.185.63.23:9618?addrs=188.185.63.23-9618+[--1]-9618&noUDP&sock=8705_40e0_3>
...
006 (902685.004.000) 01/06 10:20:06 Image size of job updated: 636
	1  -  MemoryUsage of job (MB)
	636  -  ResidentSetSize of job (KB)
...
006 (902685.005.000) 01/06 10:20:14 Image size of job updated: 104180
	45  -  MemoryUsage of job (MB)
	45936  -  ResidentSetSize of job (KB)
...
001 (902685.002.000) 01/06 10:20:40 Job executing on host: <188.185.168.79:9618?addrs=188.185.168.79-9618+[--1]-9618&noUDP&sock=3182_7ada_3>
...
006 (902685.002.000) 01/06 10:20:49 Image size of job updated: 412
	1  -  MemoryUsage of job (MB)
	412  -  ResidentSetSize of job (KB)
...
006 (902685.000.000) 01/06 10:24:43 Image size of job updated: 94600
	52  -  MemoryUsage of job (MB)
	52536  -  ResidentSetSize of job (KB)
...
006 (902685.001.000) 01/06 10:24:49 Image size of job updated: 65788
	52  -  MemoryUsage of job (MB)
	52476  -  ResidentSetSize of job (KB)
...
006 (902685.003.000) 01/06 10:24:49 Image size of job updated: 113524
	52  -  MemoryUsage of job (MB)
	52500  -  ResidentSetSize of job (KB)
...
006 (902685.006.000) 01/06 10:24:49 Image size of job updated: 67992
	52  -  MemoryUsage of job (MB)
	52632  -  ResidentSetSize of job (KB)
...
006 (902685.008.000) 01/06 10:24:59 Image size of job updated: 113556
	52  -  MemoryUsage of job (MB)
	52600  -  ResidentSetSize of job (KB)
...
006 (902685.007.000) 01/06 10:25:03 Image size of job updated: 154964
	52  -  MemoryUsage of job (MB)
	52676  -  ResidentSetSize of job (KB)
...
006 (902685.004.000) 01/06 10:25:09 Image size of job updated: 16984
	6  -  MemoryUsage of job (MB)
	5248  -  ResidentSetSize of job (KB)
...
006 (902685.005.000) 01/06 10:25:14 Image size of job updated: 104180
	52  -  MemoryUsage of job (MB)
	52668  -  ResidentSetSize of job (KB)
...
006 (902685.002.000) 01/06 10:25:49 Image size of job updated: 12920
	8  -  MemoryUsage of job (MB)
	7316  -  ResidentSetSize of job (KB)
...
006 (902685.000.000) 01/06 10:29:45 Image size of job updated: 94600
	52  -  MemoryUsage of job (MB)
	52812  -  ResidentSetSize of job (KB)
...
006 (902685.001.000) 01/06 10:29:49 Image size of job updated: 65788
	52  -  MemoryUsage of job (MB)
	52748  -  ResidentSetSize of job (KB)
...
006 (902685.003.000) 01/06 10:29:49 Image size of job updated: 113524
	52  -  MemoryUsage of job (MB)
	52752  -  ResidentSetSize of job (KB)
...
006 (902685.007.000) 01/06 10:30:03 Image size of job updated: 155020
	52  -  MemoryUsage of job (MB)
	52676  -  ResidentSetSize of job (KB)
...
006 (902685.004.000) 01/06 10:30:08 Image size of job updated: 28096
	20  -  MemoryUsage of job (MB)
	19900  -  ResidentSetSize of job (KB)
...
006 (902685.005.000) 01/06 10:30:14 Image size of job updated: 104180
	52  -  MemoryUsage of job (MB)
	52980  -  ResidentSetSize of job (KB)
...
006 (902685.002.000) 01/06 10:30:49 Image size of job updated: 78260
	52  -  MemoryUsage of job (MB)
	52524  -  ResidentSetSize of job (KB)
...
006 (902685.000.000) 01/06 10:34:45 Image size of job updated: 94600
	52  -  MemoryUsage of job (MB)
	52820  -  ResidentSetSize of job (KB)
...
006 (902685.001.000) 01/06 10:34:50 Image size of job updated: 65788
	52  -  MemoryUsage of job (MB)
	52756  -  ResidentSetSize of job (KB)
...
006 (902685.003.000) 01/06 10:34:50 Image size of job updated: 113524
	52  -  MemoryUsage of job (MB)
	52760  -  ResidentSetSize of job (KB)
...
006 (902685.004.000) 01/06 10:35:08 Image size of job updated: 67172
	43  -  MemoryUsage of job (MB)
	43264  -  ResidentSetSize of job (KB)
...
006 (902685.005.000) 01/06 10:35:16 Image size of job updated: 104180
	52  -  MemoryUsage of job (MB)
	52984  -  ResidentSetSize of job (KB)
...
006 (902685.000.000) 01/06 10:39:45 Image size of job updated: 94600
	52  -  MemoryUsage of job (MB)
	52832  -  ResidentSetSize of job (KB)
...
006 (902685.001.000) 01/06 10:39:51 Image size of job updated: 65788
	52  -  MemoryUsage of job (MB)
	52760  -  ResidentSetSize of job (KB)
...
006 (902685.003.000) 01/06 10:39:51 Image size of job updated: 113524
	52  -  MemoryUsage of job (MB)
	52772  -  ResidentSetSize of job (KB)
...
006 (902685.006.000) 01/06 10:39:51 Image size of job updated: 67992
	52  -  MemoryUsage of job (MB)
	52748  -  ResidentSetSize of job (KB)
...
006 (902685.008.000) 01/06 10:40:01 Image size of job updated: 113628
	52  -  MemoryUsage of job (MB)
	52620  -  ResidentSetSize of job (KB)
...
006 (902685.007.000) 01/06 10:40:04 Image size of job updated: 155352
	52  -  MemoryUsage of job (MB)
	52988  -  ResidentSetSize of job (KB)
...
006 (902685.004.000) 01/06 10:40:28 Image size of job updated: 69960
	49  -  MemoryUsage of job (MB)
	49920  -  ResidentSetSize of job (KB)
...
006 (902685.000.000) 01/06 10:44:46 Image size of job updated: 94600
	52  -  MemoryUsage of job (MB)
	52848  -  ResidentSetSize of job (KB)
...
006 (902685.003.000) 01/06 10:44:51 Image size of job updated: 113524
	52  -  MemoryUsage of job (MB)
	52776  -  ResidentSetSize of job (KB)
...
006 (902685.001.000) 01/06 10:44:51 Image size of job updated: 65788
	52  -  MemoryUsage of job (MB)
	52764  -  ResidentSetSize of job (KB)
...
006 (902685.006.000) 01/06 10:44:51 Image size of job updated: 67992
	52  -  MemoryUsage of job (MB)
	52940  -  ResidentSetSize of job (KB)
...
006 (902685.008.000) 01/06 10:45:02 Image size of job updated: 113664
	52  -  MemoryUsage of job (MB)
	52644  -  ResidentSetSize of job (KB)
...
006 (902685.007.000) 01/06 10:45:04 Image size of job updated: 155352
	52  -  MemoryUsage of job (MB)
	52996  -  ResidentSetSize of job (KB)
...
006 (902685.004.000) 01/06 10:45:15 Image size of job updated: 69960
	52  -  MemoryUsage of job (MB)
	52648  -  ResidentSetSize of job (KB)
...
006 (902685.000.000) 01/06 10:49:46 Image size of job updated: 94600
	52  -  MemoryUsage of job (MB)
	52860  -  ResidentSetSize of job (KB)
...
006 (902685.003.000) 01/06 10:49:52 Image size of job updated: 113524
	52  -  MemoryUsage of job (MB)
	52784  -  ResidentSetSize of job (KB)
...
006 (902685.006.000) 01/06 10:49:52 Image size of job updated: 67992
	52  -  MemoryUsage of job (MB)
	52944  -  ResidentSetSize of job (KB)
...
006 (902685.008.000) 01/06 10:50:02 Image size of job updated: 113772
	52  -  MemoryUsage of job (MB)
	52752  -  ResidentSetSize of job (KB)
...
006 (902685.000.000) 01/06 10:54:46 Image size of job updated: 94600
	52  -  MemoryUsage of job (MB)
	52872  -  ResidentSetSize of job (KB)
...
006 (902685.003.000) 01/06 10:54:53 Image size of job updated: 113524
	52  -  MemoryUsage of job (MB)
	52796  -  ResidentSetSize of job (KB)
...
006 (902685.001.000) 01/06 10:54:53 Image size of job updated: 65788
	52  -  MemoryUsage of job (MB)
	52768  -  ResidentSetSize of job (KB)
...
006 (902685.004.000) 01/06 10:55:17 Image size of job updated: 69960
	52  -  MemoryUsage of job (MB)
	52672  -  ResidentSetSize of job (KB)
...
006 (902685.002.000) 01/06 10:55:53 Image size of job updated: 78260
	52  -  MemoryUsage of job (MB)
	52800  -  ResidentSetSize of job (KB)
...
006 (902685.000.000) 01/06 10:59:34 Image size of job updated: 577548
	52  -  MemoryUsage of job (MB)
	52872  -  ResidentSetSize of job (KB)
...
005 (902685.000.000) 01/06 10:59:35 Job terminated.
	(1) Normal termination (return value 0)
		Usr 0 00:08:38, Sys 0 00:00:13  -  Run Remote Usage
		Usr 0 00:00:00, Sys 0 00:00:00  -  Run Local Usage
		Usr 0 00:08:38, Sys 0 00:00:13  -  Total Remote Usage
		Usr 0 00:00:00, Sys 0 00:00:00  -  Total Local Usage
	259646  -  Run Bytes Sent By Job
	987  -  Run Bytes Received By Job
	259646  -  Total Bytes Sent By Job
	987  -  Total Bytes Received By Job
	Partitionable Resources :    Usage  Request Allocated
	   Cpus                 :                 1         1
	   Disk (KB)            :      266        1   1984792
	   Memory (MB)          :       52     2000      2000
...
006 (902685.003.000) 01/06 10:59:53 Image size of job updated: 113524
	52  -  MemoryUsage of job (MB)
	52800  -  ResidentSetSize of job (KB)
...
006 (902685.001.000) 01/06 10:59:53 Image size of job updated: 65788
	52  -  MemoryUsage of job (MB)
	52772  -  ResidentSetSize of job (KB)
...
006 (902685.008.000) 01/06 11:00:03 Image size of job updated: 113960
	52  -  MemoryUsage of job (MB)
	52920  -  ResidentSetSize of job (KB)
...
006 (902685.005.000) 01/06 11:00:18 Image size of job updated: 104180
	52  -  MemoryUsage of job (MB)
	52988  -  ResidentSetSize of job (KB)
...
006 (902685.002.000) 01/06 11:00:53 Image size of job updated: 78260
	52  -  MemoryUsage of job (MB)
	52808  -  ResidentSetSize of job (KB)
...
006 (902685.003.000) 01/06 11:04:54 Image size of job updated: 113524
	52  -  MemoryUsage of job (MB)
	52816  -  ResidentSetSize of job (KB)
...
006 (902685.001.000) 01/06 11:04:54 Image size of job updated: 65788
	52  -  MemoryUsage of job (MB)
	52776  -  ResidentSetSize of job (KB)
...
006 (902685.005.000) 01/06 11:05:19 Image size of job updated: 104180
	52  -  MemoryUsage of job (MB)
	53000  -  ResidentSetSize of job (KB)
...
006 (902685.002.000) 01/06 11:05:53 Image size of job updated: 78260
	52  -  MemoryUsage of job (MB)
	52820  -  ResidentSetSize of job (KB)
...
006 (902685.001.000) 01/06 11:09:55 Image size of job updated: 65788
	52  -  MemoryUsage of job (MB)
	52780  -  ResidentSetSize of job (KB)
...
006 (902685.002.000) 01/06 11:10:54 Image size of job updated: 78260
	52  -  MemoryUsage of job (MB)
	52828  -  ResidentSetSize of job (KB)
...
006 (902685.003.000) 01/06 11:13:28 Image size of job updated: 184764
	52  -  MemoryUsage of job (MB)
	52816  -  ResidentSetSize of job (KB)
...
005 (902685.003.000) 01/06 11:13:29 Job terminated.
	(1) Normal termination (return value 0)
		Usr 0 00:07:56, Sys 0 00:00:13  -  Run Remote Usage
		Usr 0 00:00:00, Sys 0 00:00:00  -  Run Local Usage
		Usr 0 00:07:56, Sys 0 00:00:13  -  Total Remote Usage
		Usr 0 00:00:00, Sys 0 00:00:00  -  Total Local Usage
	244737  -  Run Bytes Sent By Job
	1003  -  Run Bytes Received By Job
	244737  -  Total Bytes Sent By Job
	1003  -  Total Bytes Received By Job
	Partitionable Resources :    Usage  Request Allocated
	   Cpus                 :                 1         1
	   Disk (KB)            :      252        1   1968649
	   Memory (MB)          :       52     2000      2000
...
005 (902685.005.000) 01/06 11:14:16 Job terminated.
	(1) Normal termination (return value 0)
		Usr 0 00:09:58, Sys 0 00:00:17  -  Run Remote Usage
		Usr 0 00:00:00, Sys 0 00:00:00  -  Run Local Usage
		Usr 0 00:09:58, Sys 0 00:00:17  -  Total Remote Usage
		Usr 0 00:00:00, Sys 0 00:00:00  -  Total Local Usage
	290639  -  Run Bytes Sent By Job
	979  -  Run Bytes Received By Job
	290639  -  Total Bytes Sent By Job
	979  -  Total Bytes Received By Job
	Partitionable Resources :    Usage  Request Allocated
	   Cpus                 :                 1         1
	   Disk (KB)            :      297        1   1873365
	   Memory (MB)          :       52     2000      2000
...
006 (902685.001.000) 01/06 11:14:55 Image size of job updated: 65788
	52  -  MemoryUsage of job (MB)
	52784  -  ResidentSetSize of job (KB)
...
006 (902685.002.000) 01/06 11:15:54 Image size of job updated: 78260
	52  -  MemoryUsage of job (MB)
	52836  -  ResidentSetSize of job (KB)
...
006 (902685.006.000) 01/06 11:19:56 Image size of job updated: 67992
	52  -  MemoryUsage of job (MB)
	52952  -  ResidentSetSize of job (KB)
...
006 (902685.002.000) 01/06 11:20:57 Image size of job updated: 78260
	52  -  MemoryUsage of job (MB)
	52860  -  ResidentSetSize of job (KB)
...
006 (902685.001.000) 01/06 11:24:57 Image size of job updated: 65788
	52  -  MemoryUsage of job (MB)
	52796  -  ResidentSetSize of job (KB)
...
006 (902685.008.000) 01/06 11:25:05 Image size of job updated: 113960
	52  -  MemoryUsage of job (MB)
	52924  -  ResidentSetSize of job (KB)
...
006 (902685.002.000) 01/06 11:25:55 Image size of job updated: 78732
	57  -  MemoryUsage of job (MB)
	58320  -  ResidentSetSize of job (KB)
...
005 (902685.002.000) 01/06 11:28:50 Job terminated.
	(1) Normal termination (return value 0)
		Usr 0 00:07:40, Sys 0 00:00:20  -  Run Remote Usage
		Usr 0 00:00:00, Sys 0 00:00:00  -  Run Local Usage
		Usr 0 00:07:40, Sys 0 00:00:20  -  Total Remote Usage
		Usr 0 00:00:00, Sys 0 00:00:00  -  Total Local Usage
	259245  -  Run Bytes Sent By Job
	1007  -  Run Bytes Received By Job
	259245  -  Total Bytes Sent By Job
	1007  -  Total Bytes Received By Job
	Partitionable Resources :    Usage  Request Allocated
	   Cpus                 :                 1         1
	   Disk (KB)            :      383        1   1865828
	   Memory (MB)          :       57     2000      2000
...
006 (902685.006.000) 01/06 11:29:56 Image size of job updated: 67992
	52  -  MemoryUsage of job (MB)
	52976  -  ResidentSetSize of job (KB)
...
006 (902685.004.000) 01/06 11:30:36 Image size of job updated: 69960
	52  -  MemoryUsage of job (MB)
	52728  -  ResidentSetSize of job (KB)
...
006 (902685.008.000) 01/06 11:35:06 Image size of job updated: 113960
	53  -  MemoryUsage of job (MB)
	53320  -  ResidentSetSize of job (KB)
...
006 (902685.001.000) 01/06 11:39:58 Image size of job updated: 65788
	52  -  MemoryUsage of job (MB)
	52804  -  ResidentSetSize of job (KB)
...
005 (902685.006.000) 01/06 11:42:44 Job terminated.
	(1) Normal termination (return value 0)
		Usr 0 00:10:12, Sys 0 00:00:18  -  Run Remote Usage
		Usr 0 00:00:00, Sys 0 00:00:00  -  Run Local Usage
		Usr 0 00:10:12, Sys 0 00:00:18  -  Total Remote Usage
		Usr 0 00:00:00, Sys 0 00:00:00  -  Total Local Usage
	286482  -  Run Bytes Sent By Job
	975  -  Run Bytes Received By Job
	286482  -  Total Bytes Sent By Job
	975  -  Total Bytes Received By Job
	Partitionable Resources :    Usage  Request Allocated
	   Cpus                 :                 1         1
	   Disk (KB)            :      292        1   1894912
	   Memory (MB)          :       52     2000      2000
...
006 (902685.001.000) 01/06 11:44:58 Image size of job updated: 65788
	52  -  MemoryUsage of job (MB)
	52808  -  ResidentSetSize of job (KB)
...
005 (902685.001.000) 01/06 12:00:06 Job terminated.
	(1) Normal termination (return value 0)
		Usr 0 00:08:11, Sys 0 00:00:14  -  Run Remote Usage
		Usr 0 00:00:00, Sys 0 00:00:00  -  Run Local Usage
		Usr 0 00:08:11, Sys 0 00:00:14  -  Total Remote Usage
		Usr 0 00:00:00, Sys 0 00:00:00  -  Total Local Usage
	260653  -  Run Bytes Sent By Job
	983  -  Run Bytes Received By Job
	260653  -  Total Bytes Sent By Job
	983  -  Total Bytes Received By Job
	Partitionable Resources :    Usage  Request Allocated
	   Cpus                 :                 1         1
	   Disk (KB)            :      277        1   1906462
	   Memory (MB)          :       52     2000      2000
...
006 (902685.007.000) 01/06 12:00:10 Image size of job updated: 155352
	52  -  MemoryUsage of job (MB)
	53000  -  ResidentSetSize of job (KB)
...
006 (902685.007.000) 01/06 12:10:11 Image size of job updated: 155352
	52  -  MemoryUsage of job (MB)
	53012  -  ResidentSetSize of job (KB)
...
006 (902685.004.000) 01/06 12:20:28 Image size of job updated: 69960
	52  -  MemoryUsage of job (MB)
	52788  -  ResidentSetSize of job (KB)
...
005 (902685.007.000) 01/06 12:33:54 Job terminated.
	(1) Normal termination (return value 0)
		Usr 0 00:32:04, Sys 0 00:01:38  -  Run Remote Usage
		Usr 0 00:00:00, Sys 0 00:00:00  -  Run Local Usage
		Usr 0 00:32:04, Sys 0 00:01:38  -  Total Remote Usage
		Usr 0 00:00:00, Sys 0 00:00:00  -  Total Local Usage
	290669  -  Run Bytes Sent By Job
	999  -  Run Bytes Received By Job
	290669  -  Total Bytes Sent By Job
	999  -  Total Bytes Received By Job
	Partitionable Resources :    Usage  Request Allocated
	   Cpus                 :                 1         1
	   Disk (KB)            :      297        1   1908672
	   Memory (MB)          :       52     2000      2000
...
006 (902685.004.000) 01/06 12:35:29 Image size of job updated: 69960
	52  -  MemoryUsage of job (MB)
	52808  -  ResidentSetSize of job (KB)
...
006 (902685.004.000) 01/06 12:40:29 Image size of job updated: 69960
	52  -  MemoryUsage of job (MB)
	53100  -  ResidentSetSize of job (KB)
...
006 (902685.004.000) 01/06 12:45:29 Image size of job updated: 69960
	52  -  MemoryUsage of job (MB)
	53104  -  ResidentSetSize of job (KB)
...
006 (902685.004.000) 01/06 12:55:30 Image size of job updated: 69960
	52  -  MemoryUsage of job (MB)
	53108  -  ResidentSetSize of job (KB)
...
006 (902685.004.000) 01/06 13:00:30 Image size of job updated: 69960
	52  -  MemoryUsage of job (MB)
	53116  -  ResidentSetSize of job (KB)
...
006 (902685.004.000) 01/06 13:05:31 Image size of job updated: 69960
	52  -  MemoryUsage of job (MB)
	53120  -  ResidentSetSize of job (KB)
...
006 (902685.004.000) 01/06 13:20:32 Image size of job updated: 69960
	52  -  MemoryUsage of job (MB)
	53124  -  ResidentSetSize of job (KB)
...
006 (902685.004.000) 01/06 13:35:34 Image size of job updated: 69960
	52  -  MemoryUsage of job (MB)
	53132  -  ResidentSetSize of job (KB)
...
006 (902685.008.000) 01/06 13:40:18 Image size of job updated: 113960
	53  -  MemoryUsage of job (MB)
	53324  -  ResidentSetSize of job (KB)
...
006 (902685.008.000) 01/06 13:45:19 Image size of job updated: 113960
	53  -  MemoryUsage of job (MB)
	53328  -  ResidentSetSize of job (KB)
...
006 (902685.004.000) 01/06 13:45:36 Image size of job updated: 69960
	52  -  MemoryUsage of job (MB)
	53136  -  ResidentSetSize of job (KB)
...
006 (902685.004.000) 01/06 13:50:36 Image size of job updated: 69960
	52  -  MemoryUsage of job (MB)
	53144  -  ResidentSetSize of job (KB)
...
006 (902685.004.000) 01/06 14:10:38 Image size of job updated: 69960
	52  -  MemoryUsage of job (MB)
	53148  -  ResidentSetSize of job (KB)
...
006 (902685.008.000) 01/06 14:15:21 Image size of job updated: 113960
	53  -  MemoryUsage of job (MB)
	53332  -  ResidentSetSize of job (KB)
...
006 (902685.008.000) 01/06 14:35:23 Image size of job updated: 113960
	53  -  MemoryUsage of job (MB)
	53336  -  ResidentSetSize of job (KB)
...
006 (902685.004.000) 01/06 14:40:41 Image size of job updated: 69960
	52  -  MemoryUsage of job (MB)
	53156  -  ResidentSetSize of job (KB)
...
006 (902685.004.000) 01/06 14:45:43 Image size of job updated: 69960
	52  -  MemoryUsage of job (MB)
	53160  -  ResidentSetSize of job (KB)
...
006 (902685.004.000) 01/06 14:50:43 Image size of job updated: 69960
	52  -  MemoryUsage of job (MB)
	53164  -  ResidentSetSize of job (KB)
...
006 (902685.008.000) 01/06 15:25:29 Image size of job updated: 113960
	53  -  MemoryUsage of job (MB)
	53340  -  ResidentSetSize of job (KB)
...
006 (902685.008.000) 01/06 15:45:31 Image size of job updated: 113960
	53  -  MemoryUsage of job (MB)
	53344  -  ResidentSetSize of job (KB)
...
006 (902685.008.000) 01/06 16:00:33 Image size of job updated: 113960
	53  -  MemoryUsage of job (MB)
	53348  -  ResidentSetSize of job (KB)
...
006 (902685.008.000) 01/06 16:35:37 Image size of job updated: 113960
	53  -  MemoryUsage of job (MB)
	53352  -  ResidentSetSize of job (KB)
...
006 (902685.008.000) 01/06 16:40:38 Image size of job updated: 113960
	53  -  MemoryUsage of job (MB)
	53356  -  ResidentSetSize of job (KB)
...
006 (902685.008.000) 01/06 16:45:38 Image size of job updated: 113960
	53  -  MemoryUsage of job (MB)
	53364  -  ResidentSetSize of job (KB)
...
006 (902685.008.000) 01/06 16:50:38 Image size of job updated: 113960
	53  -  MemoryUsage of job (MB)
	53368  -  ResidentSetSize of job (KB)
...
005 (902685.008.000) 01/06 18:10:42 Job terminated.
	(1) Normal termination (return value 0)
		Usr 0 00:33:15, Sys 0 00:01:27  -  Run Remote Usage
		Usr 0 00:00:00, Sys 0 00:00:00  -  Run Local Usage
		Usr 0 00:33:15, Sys 0 00:01:27  -  Total Remote Usage
		Usr 0 00:00:00, Sys 0 00:00:00  -  Total Local Usage
	281381  -  Run Bytes Sent By Job
	995  -  Run Bytes Received By Job
	281381  -  Total Bytes Sent By Job
	995  -  Total Bytes Received By Job
	Partitionable Resources :    Usage  Request Allocated
	   Cpus                 :                 1         1
	   Disk (KB)            :      287        1   1863247
	   Memory (MB)          :       53     2000      2000
...
009 (902685.004.000) 01/06 18:31:13 Job was aborted by the user.
	Job removed by SYSTEM_PERIODIC_REMOVE due to wall time exceeded allowed max.
...
