000 (917301.000.000) 01/09 14:12:53 Job submitted from host: <137.138.44.75:9618?addrs=137.138.44.75-9618+[2001-1458-d00-1a--b]-9618&noUDP&sock=124143_59c7_28>
...
000 (917301.001.000) 01/09 14:12:53 Job submitted from host: <137.138.44.75:9618?addrs=137.138.44.75-9618+[2001-1458-d00-1a--b]-9618&noUDP&sock=124143_59c7_28>
...
000 (917301.002.000) 01/09 14:12:53 Job submitted from host: <137.138.44.75:9618?addrs=137.138.44.75-9618+[2001-1458-d00-1a--b]-9618&noUDP&sock=124143_59c7_28>
...
000 (917301.003.000) 01/09 14:12:53 Job submitted from host: <137.138.44.75:9618?addrs=137.138.44.75-9618+[2001-1458-d00-1a--b]-9618&noUDP&sock=124143_59c7_28>
...
000 (917301.004.000) 01/09 14:12:53 Job submitted from host: <137.138.44.75:9618?addrs=137.138.44.75-9618+[2001-1458-d00-1a--b]-9618&noUDP&sock=124143_59c7_28>
...
000 (917301.005.000) 01/09 14:12:53 Job submitted from host: <137.138.44.75:9618?addrs=137.138.44.75-9618+[2001-1458-d00-1a--b]-9618&noUDP&sock=124143_59c7_28>
...
001 (917301.000.000) 01/09 14:38:59 Job executing on host: <188.184.205.185:9618?addrs=188.184.205.185-9618+[--1]-9618&noUDP&sock=8884_764d_3>
...
001 (917301.002.000) 01/09 14:38:59 Job executing on host: <188.184.143.147:9618?addrs=188.184.143.147-9618+[--1]-9618&noUDP&sock=8171_d540_145>
...
001 (917301.005.000) 01/09 14:39:00 Job executing on host: <188.184.205.97:9618?addrs=188.184.205.97-9618+[--1]-9618&noUDP&sock=8746_ebcd_3>
...
001 (917301.003.000) 01/09 14:39:01 Job executing on host: <188.184.200.155:9618?addrs=188.184.200.155-9618+[--1]-9618&noUDP&sock=8865_8b92_3>
...
001 (917301.004.000) 01/09 14:39:01 Job executing on host: <188.184.192.20:9618?addrs=188.184.192.20-9618+[--1]-9618&noUDP&sock=15061_7c5f_3>
...
001 (917301.001.000) 01/09 14:39:06 Job executing on host: <188.184.206.7:9618?addrs=188.184.206.7-9618+[--1]-9618&noUDP&sock=4975_5429_3>
...
006 (917301.000.000) 01/09 14:39:07 Image size of job updated: 101952
	52  -  MemoryUsage of job (MB)
	52356  -  ResidentSetSize of job (KB)
...
006 (917301.002.000) 01/09 14:39:08 Image size of job updated: 52604
	6  -  MemoryUsage of job (MB)
	6088  -  ResidentSetSize of job (KB)
...
006 (917301.005.000) 01/09 14:39:09 Image size of job updated: 107960
	55  -  MemoryUsage of job (MB)
	55652  -  ResidentSetSize of job (KB)
...
006 (917301.003.000) 01/09 14:39:10 Image size of job updated: 108008
	55  -  MemoryUsage of job (MB)
	55696  -  ResidentSetSize of job (KB)
...
006 (917301.004.000) 01/09 14:39:10 Image size of job updated: 108016
	55  -  MemoryUsage of job (MB)
	55704  -  ResidentSetSize of job (KB)
...
006 (917301.001.000) 01/09 14:39:16 Image size of job updated: 107860
	55  -  MemoryUsage of job (MB)
	55552  -  ResidentSetSize of job (KB)
...
006 (917301.000.000) 01/09 14:44:07 Image size of job updated: 108256
	55  -  MemoryUsage of job (MB)
	55632  -  ResidentSetSize of job (KB)
...
006 (917301.002.000) 01/09 14:44:09 Image size of job updated: 140504
	55  -  MemoryUsage of job (MB)
	55572  -  ResidentSetSize of job (KB)
...
006 (917301.005.000) 01/09 14:44:10 Image size of job updated: 108360
	55  -  MemoryUsage of job (MB)
	55732  -  ResidentSetSize of job (KB)
...
006 (917301.003.000) 01/09 14:44:11 Image size of job updated: 108496
	55  -  MemoryUsage of job (MB)
	55864  -  ResidentSetSize of job (KB)
...
006 (917301.004.000) 01/09 14:44:11 Image size of job updated: 108432
	55  -  MemoryUsage of job (MB)
	55800  -  ResidentSetSize of job (KB)
...
006 (917301.001.000) 01/09 14:44:16 Image size of job updated: 108304
	55  -  MemoryUsage of job (MB)
	55600  -  ResidentSetSize of job (KB)
...
006 (917301.000.000) 01/09 14:49:08 Image size of job updated: 108268
	55  -  MemoryUsage of job (MB)
	55644  -  ResidentSetSize of job (KB)
...
006 (917301.002.000) 01/09 14:49:09 Image size of job updated: 140508
	55  -  MemoryUsage of job (MB)
	55572  -  ResidentSetSize of job (KB)
...
006 (917301.005.000) 01/09 14:49:10 Image size of job updated: 108480
	55  -  MemoryUsage of job (MB)
	55852  -  ResidentSetSize of job (KB)
...
006 (917301.003.000) 01/09 14:49:11 Image size of job updated: 108500
	55  -  MemoryUsage of job (MB)
	55868  -  ResidentSetSize of job (KB)
...
006 (917301.000.000) 01/09 14:54:09 Image size of job updated: 108816
	55  -  MemoryUsage of job (MB)
	56076  -  ResidentSetSize of job (KB)
...
006 (917301.005.000) 01/09 14:54:10 Image size of job updated: 108496
	55  -  MemoryUsage of job (MB)
	55868  -  ResidentSetSize of job (KB)
...
006 (917301.003.000) 01/09 14:54:11 Image size of job updated: 109060
	55  -  MemoryUsage of job (MB)
	56312  -  ResidentSetSize of job (KB)
...
006 (917301.004.000) 01/09 14:54:12 Image size of job updated: 108992
	55  -  MemoryUsage of job (MB)
	56244  -  ResidentSetSize of job (KB)
...
006 (917301.001.000) 01/09 14:54:17 Image size of job updated: 108884
	55  -  MemoryUsage of job (MB)
	56064  -  ResidentSetSize of job (KB)
...
006 (917301.000.000) 01/09 14:59:09 Image size of job updated: 108852
	55  -  MemoryUsage of job (MB)
	56112  -  ResidentSetSize of job (KB)
...
006 (917301.005.000) 01/09 14:59:11 Image size of job updated: 109152
	56  -  MemoryUsage of job (MB)
	56408  -  ResidentSetSize of job (KB)
...
006 (917301.003.000) 01/09 14:59:12 Image size of job updated: 109176
	56  -  MemoryUsage of job (MB)
	56428  -  ResidentSetSize of job (KB)
...
006 (917301.004.000) 01/09 14:59:13 Image size of job updated: 109060
	55  -  MemoryUsage of job (MB)
	56312  -  ResidentSetSize of job (KB)
...
006 (917301.001.000) 01/09 14:59:18 Image size of job updated: 108908
	55  -  MemoryUsage of job (MB)
	56088  -  ResidentSetSize of job (KB)
...
006 (917301.000.000) 01/09 15:04:10 Image size of job updated: 108852
	55  -  MemoryUsage of job (MB)
	56128  -  ResidentSetSize of job (KB)
...
006 (917301.005.000) 01/09 15:04:12 Image size of job updated: 109156
	56  -  MemoryUsage of job (MB)
	56412  -  ResidentSetSize of job (KB)
...
006 (917301.001.000) 01/09 15:04:18 Image size of job updated: 108932
	55  -  MemoryUsage of job (MB)
	56112  -  ResidentSetSize of job (KB)
...
006 (917301.000.000) 01/09 15:09:11 Image size of job updated: 108852
	55  -  MemoryUsage of job (MB)
	56148  -  ResidentSetSize of job (KB)
...
006 (917301.005.000) 01/09 15:09:12 Image size of job updated: 109160
	56  -  MemoryUsage of job (MB)
	56416  -  ResidentSetSize of job (KB)
...
006 (917301.003.000) 01/09 15:09:13 Image size of job updated: 109184
	56  -  MemoryUsage of job (MB)
	56436  -  ResidentSetSize of job (KB)
...
006 (917301.001.000) 01/09 15:09:18 Image size of job updated: 109000
	55  -  MemoryUsage of job (MB)
	56136  -  ResidentSetSize of job (KB)
...
006 (917301.003.000) 01/09 15:12:45 Image size of job updated: 116528
	56  -  MemoryUsage of job (MB)
	56436  -  ResidentSetSize of job (KB)
...
005 (917301.003.000) 01/09 15:12:45 Job terminated.
	(1) Normal termination (return value 0)
		Usr 0 00:09:15, Sys 0 00:01:57  -  Run Remote Usage
		Usr 0 00:00:00, Sys 0 00:00:00  -  Run Local Usage
		Usr 0 00:09:15, Sys 0 00:01:57  -  Total Remote Usage
		Usr 0 00:00:00, Sys 0 00:00:00  -  Total Local Usage
	304030  -  Run Bytes Sent By Job
	991  -  Run Bytes Received By Job
	304030  -  Total Bytes Sent By Job
	991  -  Total Bytes Received By Job
	Partitionable Resources :    Usage  Request Allocated
	   Cpus                 :                 1         1
	   Disk (KB)            :      310        1   2030911
	   Memory (MB)          :       56     2000      2000
...
005 (917301.001.000) 01/09 15:13:10 Job terminated.
	(1) Normal termination (return value 0)
		Usr 0 00:08:59, Sys 0 00:02:02  -  Run Remote Usage
		Usr 0 00:00:00, Sys 0 00:00:00  -  Run Local Usage
		Usr 0 00:08:59, Sys 0 00:02:02  -  Total Remote Usage
		Usr 0 00:00:00, Sys 0 00:00:00  -  Total Local Usage
	257323  -  Run Bytes Sent By Job
	995  -  Run Bytes Received By Job
	257323  -  Total Bytes Sent By Job
	995  -  Total Bytes Received By Job
	Partitionable Resources :    Usage  Request Allocated
	   Cpus                 :                 1         1
	   Disk (KB)            :      264        1   1120764
	   Memory (MB)          :       55     2000      2000
...
006 (917301.002.000) 01/09 15:14:11 Image size of job updated: 140524
	55  -  MemoryUsage of job (MB)
	55688  -  ResidentSetSize of job (KB)
...
006 (917301.000.000) 01/09 15:14:11 Image size of job updated: 108852
	55  -  MemoryUsage of job (MB)
	56168  -  ResidentSetSize of job (KB)
...
006 (917301.004.000) 01/09 15:14:14 Image size of job updated: 109064
	55  -  MemoryUsage of job (MB)
	56316  -  ResidentSetSize of job (KB)
...
005 (917301.004.000) 01/09 15:16:38 Job terminated.
	(1) Normal termination (return value 0)
		Usr 0 00:11:18, Sys 0 00:02:07  -  Run Remote Usage
		Usr 0 00:00:00, Sys 0 00:00:00  -  Run Local Usage
		Usr 0 00:11:18, Sys 0 00:02:07  -  Total Remote Usage
		Usr 0 00:00:00, Sys 0 00:00:00  -  Total Local Usage
	297389  -  Run Bytes Sent By Job
	1011  -  Run Bytes Received By Job
	297389  -  Total Bytes Sent By Job
	1011  -  Total Bytes Received By Job
	Partitionable Resources :    Usage  Request Allocated
	   Cpus                 :                 1         1
	   Disk (KB)            :      303        1   2068123
	   Memory (MB)          :       55     2000      2000
...
005 (917301.000.000) 01/09 15:18:12 Job terminated.
	(1) Normal termination (return value 0)
		Usr 0 00:10:29, Sys 0 00:02:25  -  Run Remote Usage
		Usr 0 00:00:00, Sys 0 00:00:00  -  Run Local Usage
		Usr 0 00:10:29, Sys 0 00:02:25  -  Total Remote Usage
		Usr 0 00:00:00, Sys 0 00:00:00  -  Total Local Usage
	266835  -  Run Bytes Sent By Job
	999  -  Run Bytes Received By Job
	266835  -  Total Bytes Sent By Job
	999  -  Total Bytes Received By Job
	Partitionable Resources :    Usage  Request Allocated
	   Cpus                 :                 1         1
	   Disk (KB)            :      273        1   1527344
	   Memory (MB)          :       55     2000      2000
...
006 (917301.002.000) 01/09 15:19:11 Image size of job updated: 140524
	55  -  MemoryUsage of job (MB)
	56064  -  ResidentSetSize of job (KB)
...
005 (917301.005.000) 01/09 15:22:18 Job terminated.
	(1) Normal termination (return value 0)
		Usr 0 00:11:14, Sys 0 00:02:29  -  Run Remote Usage
		Usr 0 00:00:00, Sys 0 00:00:00  -  Run Local Usage
		Usr 0 00:11:14, Sys 0 00:02:29  -  Total Remote Usage
		Usr 0 00:00:00, Sys 0 00:00:00  -  Total Local Usage
	288927  -  Run Bytes Sent By Job
	1007  -  Run Bytes Received By Job
	288927  -  Total Bytes Sent By Job
	1007  -  Total Bytes Received By Job
	Partitionable Resources :    Usage  Request Allocated
	   Cpus                 :                 1         1
	   Disk (KB)            :      295        1   2069956
	   Memory (MB)          :       56     2000      2000
...
006 (917301.002.000) 01/09 15:24:11 Image size of job updated: 140524
	55  -  MemoryUsage of job (MB)
	56092  -  ResidentSetSize of job (KB)
...
006 (917301.002.000) 01/09 15:29:12 Image size of job updated: 140524
	55  -  MemoryUsage of job (MB)
	56104  -  ResidentSetSize of job (KB)
...
005 (917301.002.000) 01/09 15:33:42 Job terminated.
	(1) Normal termination (return value 0)
		Usr 0 00:07:06, Sys 0 00:01:45  -  Run Remote Usage
		Usr 0 00:00:00, Sys 0 00:00:00  -  Run Local Usage
		Usr 0 00:07:06, Sys 0 00:01:45  -  Total Remote Usage
		Usr 0 00:00:00, Sys 0 00:00:00  -  Total Local Usage
	251877  -  Run Bytes Sent By Job
	1015  -  Run Bytes Received By Job
	251877  -  Total Bytes Sent By Job
	1015  -  Total Bytes Received By Job
	Partitionable Resources :    Usage  Request Allocated
	   Cpus                 :                 1         1
	   Disk (KB)            :      259        1   2115739
	   Memory (MB)          :       55     2000      2000
...
