000 (918705.000.000) 01/09 16:28:30 Job submitted from host: <137.138.44.75:9618?addrs=137.138.44.75-9618+[2001-1458-d00-1a--b]-9618&noUDP&sock=124143_59c7_28>
...
000 (918705.001.000) 01/09 16:28:30 Job submitted from host: <137.138.44.75:9618?addrs=137.138.44.75-9618+[2001-1458-d00-1a--b]-9618&noUDP&sock=124143_59c7_28>
...
000 (918705.002.000) 01/09 16:28:30 Job submitted from host: <137.138.44.75:9618?addrs=137.138.44.75-9618+[2001-1458-d00-1a--b]-9618&noUDP&sock=124143_59c7_28>
...
000 (918705.003.000) 01/09 16:28:30 Job submitted from host: <137.138.44.75:9618?addrs=137.138.44.75-9618+[2001-1458-d00-1a--b]-9618&noUDP&sock=124143_59c7_28>
...
000 (918705.004.000) 01/09 16:28:30 Job submitted from host: <137.138.44.75:9618?addrs=137.138.44.75-9618+[2001-1458-d00-1a--b]-9618&noUDP&sock=124143_59c7_28>
...
000 (918705.005.000) 01/09 16:28:30 Job submitted from host: <137.138.44.75:9618?addrs=137.138.44.75-9618+[2001-1458-d00-1a--b]-9618&noUDP&sock=124143_59c7_28>
...
000 (918705.006.000) 01/09 16:28:30 Job submitted from host: <137.138.44.75:9618?addrs=137.138.44.75-9618+[2001-1458-d00-1a--b]-9618&noUDP&sock=124143_59c7_28>
...
000 (918705.007.000) 01/09 16:28:30 Job submitted from host: <137.138.44.75:9618?addrs=137.138.44.75-9618+[2001-1458-d00-1a--b]-9618&noUDP&sock=124143_59c7_28>
...
000 (918705.008.000) 01/09 16:28:30 Job submitted from host: <137.138.44.75:9618?addrs=137.138.44.75-9618+[2001-1458-d00-1a--b]-9618&noUDP&sock=124143_59c7_28>
...
000 (918705.009.000) 01/09 16:28:30 Job submitted from host: <137.138.44.75:9618?addrs=137.138.44.75-9618+[2001-1458-d00-1a--b]-9618&noUDP&sock=124143_59c7_28>
...
000 (918705.010.000) 01/09 16:28:30 Job submitted from host: <137.138.44.75:9618?addrs=137.138.44.75-9618+[2001-1458-d00-1a--b]-9618&noUDP&sock=124143_59c7_28>
...
000 (918705.011.000) 01/09 16:28:30 Job submitted from host: <137.138.44.75:9618?addrs=137.138.44.75-9618+[2001-1458-d00-1a--b]-9618&noUDP&sock=124143_59c7_28>
...
000 (918705.012.000) 01/09 16:28:30 Job submitted from host: <137.138.44.75:9618?addrs=137.138.44.75-9618+[2001-1458-d00-1a--b]-9618&noUDP&sock=124143_59c7_28>
...
000 (918705.013.000) 01/09 16:28:30 Job submitted from host: <137.138.44.75:9618?addrs=137.138.44.75-9618+[2001-1458-d00-1a--b]-9618&noUDP&sock=124143_59c7_28>
...
000 (918705.014.000) 01/09 16:28:30 Job submitted from host: <137.138.44.75:9618?addrs=137.138.44.75-9618+[2001-1458-d00-1a--b]-9618&noUDP&sock=124143_59c7_28>
...
000 (918705.015.000) 01/09 16:28:30 Job submitted from host: <137.138.44.75:9618?addrs=137.138.44.75-9618+[2001-1458-d00-1a--b]-9618&noUDP&sock=124143_59c7_28>
...
001 (918705.001.000) 01/09 16:32:32 Job executing on host: <188.184.197.133:9618?addrs=188.184.197.133-9618+[--1]-9618&noUDP&sock=3470_0620_3>
...
001 (918705.000.000) 01/09 16:32:34 Job executing on host: <188.184.196.38:9618?addrs=188.184.196.38-9618+[--1]-9618&noUDP&sock=26345_5f0b_3>
...
006 (918705.001.000) 01/09 16:32:41 Image size of job updated: 111004
	58  -  MemoryUsage of job (MB)
	58736  -  ResidentSetSize of job (KB)
...
001 (918705.003.000) 01/09 16:32:41 Job executing on host: <188.185.53.29:9618?addrs=188.185.53.29-9618+[--1]-9618&noUDP&sock=8713_492d_3>
...
001 (918705.005.000) 01/09 16:32:41 Job executing on host: <188.185.243.45:9618?addrs=188.185.243.45-9618+[--1]-9618&noUDP&sock=8343_d435_126>
...
006 (918705.000.000) 01/09 16:32:42 Image size of job updated: 87712
	49  -  MemoryUsage of job (MB)
	50128  -  ResidentSetSize of job (KB)
...
001 (918705.002.000) 01/09 16:32:42 Job executing on host: <188.185.151.248:9618?addrs=188.185.151.248-9618+[--1]-9618&noUDP&sock=8413_82c3_125>
...
001 (918705.011.000) 01/09 16:32:43 Job executing on host: <188.185.52.187:9618?addrs=188.185.52.187-9618+[--1]-9618&noUDP&sock=8734_b0aa_3>
...
001 (918705.014.000) 01/09 16:32:43 Job executing on host: <188.185.168.54:9618?addrs=188.185.168.54-9618+[--1]-9618&noUDP&sock=8322_c73d_3>
...
001 (918705.010.000) 01/09 16:32:43 Job executing on host: <188.185.215.97:9618?addrs=188.185.215.97-9618+[--1]-9618&noUDP&sock=8163_0816_3>
...
001 (918705.009.000) 01/09 16:32:44 Job executing on host: <188.185.211.60:9618?addrs=188.185.211.60-9618+[--1]-9618&noUDP&sock=8709_1cd2_133>
...
001 (918705.012.000) 01/09 16:32:44 Job executing on host: <188.185.53.29:9618?addrs=188.185.53.29-9618+[--1]-9618&noUDP&sock=8713_492d_3>
...
001 (918705.013.000) 01/09 16:32:44 Job executing on host: <188.185.55.145:9618?addrs=188.185.55.145-9618+[--1]-9618&noUDP&sock=8546_ae13_3>
...
001 (918705.015.000) 01/09 16:32:44 Job executing on host: <188.185.237.91:9618?addrs=188.185.237.91-9618+[--1]-9618&noUDP&sock=8704_1cd2_3>
...
006 (918705.005.000) 01/09 16:32:50 Image size of job updated: 992
	1  -  MemoryUsage of job (MB)
	992  -  ResidentSetSize of job (KB)
...
006 (918705.003.000) 01/09 16:32:50 Image size of job updated: 1364
	2  -  MemoryUsage of job (MB)
	1356  -  ResidentSetSize of job (KB)
...
006 (918705.002.000) 01/09 16:32:51 Image size of job updated: 18420
	1  -  MemoryUsage of job (MB)
	1004  -  ResidentSetSize of job (KB)
...
006 (918705.014.000) 01/09 16:32:52 Image size of job updated: 1004
	1  -  MemoryUsage of job (MB)
	1004  -  ResidentSetSize of job (KB)
...
006 (918705.010.000) 01/09 16:32:52 Image size of job updated: 988
	1  -  MemoryUsage of job (MB)
	988  -  ResidentSetSize of job (KB)
...
006 (918705.009.000) 01/09 16:32:52 Image size of job updated: 1300
	2  -  MemoryUsage of job (MB)
	1300  -  ResidentSetSize of job (KB)
...
006 (918705.011.000) 01/09 16:32:52 Image size of job updated: 1628
	2  -  MemoryUsage of job (MB)
	1492  -  ResidentSetSize of job (KB)
...
006 (918705.015.000) 01/09 16:32:53 Image size of job updated: 996
	1  -  MemoryUsage of job (MB)
	996  -  ResidentSetSize of job (KB)
...
006 (918705.012.000) 01/09 16:32:53 Image size of job updated: 1560
	2  -  MemoryUsage of job (MB)
	1496  -  ResidentSetSize of job (KB)
...
006 (918705.013.000) 01/09 16:32:54 Image size of job updated: 18984
	7  -  MemoryUsage of job (MB)
	6412  -  ResidentSetSize of job (KB)
...
001 (918705.007.000) 01/09 16:32:58 Job executing on host: <188.185.221.55:9618?addrs=188.185.221.55-9618+[--1]-9618&noUDP&sock=621_d8ce_89>
...
006 (918705.007.000) 01/09 16:33:07 Image size of job updated: 996
	1  -  MemoryUsage of job (MB)
	996  -  ResidentSetSize of job (KB)
...
001 (918705.004.000) 01/09 16:33:18 Job executing on host: <188.185.220.243:9618?addrs=188.185.220.243-9618+[--1]-9618&noUDP&sock=27669_8670_3>
...
006 (918705.004.000) 01/09 16:33:26 Image size of job updated: 996
	1  -  MemoryUsage of job (MB)
	996  -  ResidentSetSize of job (KB)
...
001 (918705.008.000) 01/09 16:34:53 Job executing on host: <188.185.242.32:9618?addrs=188.185.242.32-9618+[--1]-9618&noUDP&sock=8337_6190_3>
...
006 (918705.008.000) 01/09 16:35:02 Image size of job updated: 424
	1  -  MemoryUsage of job (MB)
	424  -  ResidentSetSize of job (KB)
...
006 (918705.001.000) 01/09 16:37:41 Image size of job updated: 111004
	58  -  MemoryUsage of job (MB)
	58952  -  ResidentSetSize of job (KB)
...
006 (918705.000.000) 01/09 16:37:42 Image size of job updated: 114076
	58  -  MemoryUsage of job (MB)
	59272  -  ResidentSetSize of job (KB)
...
006 (918705.003.000) 01/09 16:37:51 Image size of job updated: 82848
	58  -  MemoryUsage of job (MB)
	58688  -  ResidentSetSize of job (KB)
...
006 (918705.014.000) 01/09 16:37:52 Image size of job updated: 113808
	58  -  MemoryUsage of job (MB)
	59120  -  ResidentSetSize of job (KB)
...
006 (918705.002.000) 01/09 16:37:52 Image size of job updated: 131120
	58  -  MemoryUsage of job (MB)
	59016  -  ResidentSetSize of job (KB)
...
006 (918705.010.000) 01/09 16:37:52 Image size of job updated: 113708
	58  -  MemoryUsage of job (MB)
	59116  -  ResidentSetSize of job (KB)
...
006 (918705.009.000) 01/09 16:37:52 Image size of job updated: 113524
	58  -  MemoryUsage of job (MB)
	58840  -  ResidentSetSize of job (KB)
...
006 (918705.011.000) 01/09 16:37:53 Image size of job updated: 113484
	58  -  MemoryUsage of job (MB)
	58800  -  ResidentSetSize of job (KB)
...
006 (918705.015.000) 01/09 16:37:53 Image size of job updated: 113464
	58  -  MemoryUsage of job (MB)
	58780  -  ResidentSetSize of job (KB)
...
006 (918705.013.000) 01/09 16:37:54 Image size of job updated: 113516
	58  -  MemoryUsage of job (MB)
	58832  -  ResidentSetSize of job (KB)
...
006 (918705.012.000) 01/09 16:37:54 Image size of job updated: 89716
	58  -  MemoryUsage of job (MB)
	59164  -  ResidentSetSize of job (KB)
...
006 (918705.007.000) 01/09 16:38:08 Image size of job updated: 109220
	58  -  MemoryUsage of job (MB)
	58656  -  ResidentSetSize of job (KB)
...
006 (918705.004.000) 01/09 16:38:26 Image size of job updated: 86508
	34  -  MemoryUsage of job (MB)
	33952  -  ResidentSetSize of job (KB)
...
001 (918705.006.000) 01/09 16:38:26 Job executing on host: <188.184.203.26:9618?addrs=188.184.203.26-9618+[--1]-9618&noUDP&sock=8851_f13e_3>
...
006 (918705.006.000) 01/09 16:38:35 Image size of job updated: 113664
	58  -  MemoryUsage of job (MB)
	58976  -  ResidentSetSize of job (KB)
...
006 (918705.008.000) 01/09 16:40:03 Image size of job updated: 18784
	6  -  MemoryUsage of job (MB)
	5552  -  ResidentSetSize of job (KB)
...
006 (918705.001.000) 01/09 16:42:41 Image size of job updated: 111016
	58  -  MemoryUsage of job (MB)
	58960  -  ResidentSetSize of job (KB)
...
006 (918705.000.000) 01/09 16:42:42 Image size of job updated: 114276
	59  -  MemoryUsage of job (MB)
	59472  -  ResidentSetSize of job (KB)
...
006 (918705.003.000) 01/09 16:42:52 Image size of job updated: 82872
	58  -  MemoryUsage of job (MB)
	58712  -  ResidentSetSize of job (KB)
...
006 (918705.014.000) 01/09 16:42:52 Image size of job updated: 113948
	58  -  MemoryUsage of job (MB)
	59268  -  ResidentSetSize of job (KB)
...
006 (918705.002.000) 01/09 16:42:52 Image size of job updated: 131148
	58  -  MemoryUsage of job (MB)
	59036  -  ResidentSetSize of job (KB)
...
006 (918705.010.000) 01/09 16:42:52 Image size of job updated: 113708
	58  -  MemoryUsage of job (MB)
	59276  -  ResidentSetSize of job (KB)
...
006 (918705.009.000) 01/09 16:42:53 Image size of job updated: 113536
	58  -  MemoryUsage of job (MB)
	58860  -  ResidentSetSize of job (KB)
...
006 (918705.015.000) 01/09 16:42:53 Image size of job updated: 113548
	58  -  MemoryUsage of job (MB)
	58856  -  ResidentSetSize of job (KB)
...
006 (918705.011.000) 01/09 16:42:53 Image size of job updated: 113580
	58  -  MemoryUsage of job (MB)
	58888  -  ResidentSetSize of job (KB)
...
006 (918705.013.000) 01/09 16:42:54 Image size of job updated: 113556
	58  -  MemoryUsage of job (MB)
	58864  -  ResidentSetSize of job (KB)
...
006 (918705.012.000) 01/09 16:42:55 Image size of job updated: 89768
	58  -  MemoryUsage of job (MB)
	59208  -  ResidentSetSize of job (KB)
...
006 (918705.007.000) 01/09 16:43:08 Image size of job updated: 109256
	58  -  MemoryUsage of job (MB)
	58692  -  ResidentSetSize of job (KB)
...
006 (918705.004.000) 01/09 16:43:26 Image size of job updated: 97328
	45  -  MemoryUsage of job (MB)
	45804  -  ResidentSetSize of job (KB)
...
006 (918705.006.000) 01/09 16:43:36 Image size of job updated: 114016
	58  -  MemoryUsage of job (MB)
	59212  -  ResidentSetSize of job (KB)
...
005 (918705.001.000) 01/09 16:44:35 Job terminated.
	(1) Normal termination (return value 0)
		Usr 0 00:03:00, Sys 0 00:00:39  -  Run Remote Usage
		Usr 0 00:00:00, Sys 0 00:00:00  -  Run Local Usage
		Usr 0 00:03:00, Sys 0 00:00:39  -  Total Remote Usage
		Usr 0 00:00:00, Sys 0 00:00:00  -  Total Local Usage
	135561  -  Run Bytes Sent By Job
	1021  -  Run Bytes Received By Job
	135561  -  Total Bytes Sent By Job
	1021  -  Total Bytes Received By Job
	Partitionable Resources :    Usage  Request Allocated
	   Cpus                 :                 1         1
	   Disk (KB)            :      145        1   2431163
	   Memory (MB)          :       58     2000      2000
...
006 (918705.008.000) 01/09 16:45:03 Image size of job updated: 113860
	58  -  MemoryUsage of job (MB)
	59172  -  ResidentSetSize of job (KB)
...
005 (918705.000.000) 01/09 16:45:25 Job terminated.
	(1) Normal termination (return value 0)
		Usr 0 00:03:11, Sys 0 00:00:33  -  Run Remote Usage
		Usr 0 00:00:00, Sys 0 00:00:00  -  Run Local Usage
		Usr 0 00:03:11, Sys 0 00:00:33  -  Total Remote Usage
		Usr 0 00:00:00, Sys 0 00:00:00  -  Total Local Usage
	209141  -  Run Bytes Sent By Job
	995  -  Run Bytes Received By Job
	209141  -  Total Bytes Sent By Job
	995  -  Total Bytes Received By Job
	Partitionable Resources :    Usage  Request Allocated
	   Cpus                 :                 1         1
	   Disk (KB)            :      217        1   1659827
	   Memory (MB)          :       59     2000      2000
...
006 (918705.003.000) 01/09 16:47:52 Image size of job updated: 82924
	58  -  MemoryUsage of job (MB)
	58744  -  ResidentSetSize of job (KB)
...
006 (918705.009.000) 01/09 16:47:53 Image size of job updated: 113604
	58  -  MemoryUsage of job (MB)
	58904  -  ResidentSetSize of job (KB)
...
006 (918705.015.000) 01/09 16:47:53 Image size of job updated: 113708
	58  -  MemoryUsage of job (MB)
	58952  -  ResidentSetSize of job (KB)
...
006 (918705.014.000) 01/09 16:47:53 Image size of job updated: 114168
	58  -  MemoryUsage of job (MB)
	59384  -  ResidentSetSize of job (KB)
...
006 (918705.012.000) 01/09 16:47:55 Image size of job updated: 89772
	58  -  MemoryUsage of job (MB)
	59208  -  ResidentSetSize of job (KB)
...
006 (918705.013.000) 01/09 16:47:55 Image size of job updated: 113584
	58  -  MemoryUsage of job (MB)
	58868  -  ResidentSetSize of job (KB)
...
006 (918705.007.000) 01/09 16:48:09 Image size of job updated: 109444
	58  -  MemoryUsage of job (MB)
	58820  -  ResidentSetSize of job (KB)
...
006 (918705.004.000) 01/09 16:48:26 Image size of job updated: 112060
	58  -  MemoryUsage of job (MB)
	58896  -  ResidentSetSize of job (KB)
...
006 (918705.006.000) 01/09 16:48:36 Image size of job updated: 114300
	59  -  MemoryUsage of job (MB)
	59496  -  ResidentSetSize of job (KB)
...
005 (918705.006.000) 01/09 16:51:03 Job terminated.
	(1) Normal termination (return value 0)
		Usr 0 00:02:54, Sys 0 00:00:33  -  Run Remote Usage
		Usr 0 00:00:00, Sys 0 00:00:00  -  Run Local Usage
		Usr 0 00:02:54, Sys 0 00:00:33  -  Total Remote Usage
		Usr 0 00:00:00, Sys 0 00:00:00  -  Total Local Usage
	204604  -  Run Bytes Sent By Job
	1011  -  Run Bytes Received By Job
	204604  -  Total Bytes Sent By Job
	1011  -  Total Bytes Received By Job
	Partitionable Resources :    Usage  Request Allocated
	   Cpus                 :                 1         1
	   Disk (KB)            :      213        1   2124886
	   Memory (MB)          :       59     2000      2000
...
006 (918705.002.000) 01/09 16:52:53 Image size of job updated: 131448
	58  -  MemoryUsage of job (MB)
	59228  -  ResidentSetSize of job (KB)
...
006 (918705.009.000) 01/09 16:52:53 Image size of job updated: 113820
	58  -  MemoryUsage of job (MB)
	59044  -  ResidentSetSize of job (KB)
...
006 (918705.003.000) 01/09 16:52:53 Image size of job updated: 83132
	58  -  MemoryUsage of job (MB)
	58892  -  ResidentSetSize of job (KB)
...
006 (918705.011.000) 01/09 16:52:54 Image size of job updated: 113852
	58  -  MemoryUsage of job (MB)
	59060  -  ResidentSetSize of job (KB)
...
006 (918705.014.000) 01/09 16:52:54 Image size of job updated: 114240
	59  -  MemoryUsage of job (MB)
	59452  -  ResidentSetSize of job (KB)
...
006 (918705.010.000) 01/09 16:52:54 Image size of job updated: 113708
	59  -  MemoryUsage of job (MB)
	59460  -  ResidentSetSize of job (KB)
...
006 (918705.015.000) 01/09 16:52:54 Image size of job updated: 113820
	58  -  MemoryUsage of job (MB)
	59028  -  ResidentSetSize of job (KB)
...
006 (918705.012.000) 01/09 16:52:55 Image size of job updated: 89904
	58  -  MemoryUsage of job (MB)
	59324  -  ResidentSetSize of job (KB)
...
006 (918705.013.000) 01/09 16:52:56 Image size of job updated: 113828
	58  -  MemoryUsage of job (MB)
	59036  -  ResidentSetSize of job (KB)
...
006 (918705.007.000) 01/09 16:53:09 Image size of job updated: 109504
	58  -  MemoryUsage of job (MB)
	58876  -  ResidentSetSize of job (KB)
...
006 (918705.004.000) 01/09 16:53:26 Image size of job updated: 112060
	58  -  MemoryUsage of job (MB)
	59060  -  ResidentSetSize of job (KB)
...
006 (918705.008.000) 01/09 16:55:06 Image size of job updated: 113888
	58  -  MemoryUsage of job (MB)
	59192  -  ResidentSetSize of job (KB)
...
006 (918705.003.000) 01/09 16:57:54 Image size of job updated: 83136
	58  -  MemoryUsage of job (MB)
	58896  -  ResidentSetSize of job (KB)
...
006 (918705.014.000) 01/09 16:57:54 Image size of job updated: 116256
	61  -  MemoryUsage of job (MB)
	61468  -  ResidentSetSize of job (KB)
...
006 (918705.010.000) 01/09 16:57:54 Image size of job updated: 113708
	59  -  MemoryUsage of job (MB)
	59484  -  ResidentSetSize of job (KB)
...
006 (918705.012.000) 01/09 16:57:56 Image size of job updated: 89952
	58  -  MemoryUsage of job (MB)
	59372  -  ResidentSetSize of job (KB)
...
006 (918705.004.000) 01/09 16:58:26 Image size of job updated: 112060
	58  -  MemoryUsage of job (MB)
	59084  -  ResidentSetSize of job (KB)
...
006 (918705.008.000) 01/09 17:00:03 Image size of job updated: 113888
	58  -  MemoryUsage of job (MB)
	59316  -  ResidentSetSize of job (KB)
...
006 (918705.013.000) 01/09 17:02:57 Image size of job updated: 113832
	58  -  MemoryUsage of job (MB)
	59040  -  ResidentSetSize of job (KB)
...
006 (918705.004.000) 01/09 17:03:27 Image size of job updated: 112060
	58  -  MemoryUsage of job (MB)
	59268  -  ResidentSetSize of job (KB)
...
006 (918705.008.000) 01/09 17:05:04 Image size of job updated: 113888
	58  -  MemoryUsage of job (MB)
	59368  -  ResidentSetSize of job (KB)
...
006 (918705.002.000) 01/09 17:07:55 Image size of job updated: 131448
	58  -  MemoryUsage of job (MB)
	59232  -  ResidentSetSize of job (KB)
...
006 (918705.015.000) 01/09 17:07:55 Image size of job updated: 113824
	58  -  MemoryUsage of job (MB)
	59032  -  ResidentSetSize of job (KB)
...
006 (918705.012.000) 01/09 17:07:56 Image size of job updated: 89956
	58  -  MemoryUsage of job (MB)
	59376  -  ResidentSetSize of job (KB)
...
006 (918705.008.000) 01/09 17:15:05 Image size of job updated: 113888
	58  -  MemoryUsage of job (MB)
	59372  -  ResidentSetSize of job (KB)
...
006 (918705.014.000) 01/09 17:17:57 Image size of job updated: 116260
	61  -  MemoryUsage of job (MB)
	61472  -  ResidentSetSize of job (KB)
...
006 (918705.010.000) 01/09 17:22:58 Image size of job updated: 113708
	59  -  MemoryUsage of job (MB)
	59488  -  ResidentSetSize of job (KB)
...
006 (918705.007.000) 01/09 17:23:11 Image size of job updated: 109508
	58  -  MemoryUsage of job (MB)
	58880  -  ResidentSetSize of job (KB)
...
006 (918705.014.000) 01/09 17:27:59 Image size of job updated: 116264
	61  -  MemoryUsage of job (MB)
	61476  -  ResidentSetSize of job (KB)
...
006 (918705.015.000) 01/09 17:32:58 Image size of job updated: 113840
	58  -  MemoryUsage of job (MB)
	59048  -  ResidentSetSize of job (KB)
...
006 (918705.010.000) 01/09 17:32:58 Image size of job updated: 113708
	59  -  MemoryUsage of job (MB)
	59492  -  ResidentSetSize of job (KB)
...
006 (918705.012.000) 01/09 17:37:58 Image size of job updated: 89956
	58  -  MemoryUsage of job (MB)
	59380  -  ResidentSetSize of job (KB)
...
006 (918705.015.000) 01/09 17:37:59 Image size of job updated: 113840
	58  -  MemoryUsage of job (MB)
	59052  -  ResidentSetSize of job (KB)
...
006 (918705.004.000) 01/09 17:43:32 Image size of job updated: 112060
	58  -  MemoryUsage of job (MB)
	59276  -  ResidentSetSize of job (KB)
...
006 (918705.015.000) 01/09 17:48:00 Image size of job updated: 113840
	58  -  MemoryUsage of job (MB)
	59056  -  ResidentSetSize of job (KB)
...
006 (918705.008.000) 01/09 17:50:09 Image size of job updated: 113888
	58  -  MemoryUsage of job (MB)
	59376  -  ResidentSetSize of job (KB)
...
006 (918705.015.000) 01/09 17:58:01 Image size of job updated: 113840
	58  -  MemoryUsage of job (MB)
	59060  -  ResidentSetSize of job (KB)
...
006 (918705.002.000) 01/09 18:02:59 Image size of job updated: 131448
	58  -  MemoryUsage of job (MB)
	59256  -  ResidentSetSize of job (KB)
...
006 (918705.002.000) 01/09 18:07:59 Image size of job updated: 131448
	58  -  MemoryUsage of job (MB)
	59268  -  ResidentSetSize of job (KB)
...
006 (918705.003.000) 01/09 18:08:00 Image size of job updated: 83136
	58  -  MemoryUsage of job (MB)
	58900  -  ResidentSetSize of job (KB)
...
006 (918705.011.000) 01/09 18:08:01 Image size of job updated: 113852
	58  -  MemoryUsage of job (MB)
	59064  -  ResidentSetSize of job (KB)
...
006 (918705.009.000) 01/09 18:08:02 Image size of job updated: 113820
	58  -  MemoryUsage of job (MB)
	59048  -  ResidentSetSize of job (KB)
...
006 (918705.003.000) 01/09 18:13:01 Image size of job updated: 83136
	58  -  MemoryUsage of job (MB)
	58904  -  ResidentSetSize of job (KB)
...
006 (918705.015.000) 01/09 18:13:02 Image size of job updated: 113840
	58  -  MemoryUsage of job (MB)
	59068  -  ResidentSetSize of job (KB)
...
006 (918705.009.000) 01/09 18:13:02 Image size of job updated: 113820
	58  -  MemoryUsage of job (MB)
	59052  -  ResidentSetSize of job (KB)
...
006 (918705.004.000) 01/09 18:13:35 Image size of job updated: 112060
	58  -  MemoryUsage of job (MB)
	59280  -  ResidentSetSize of job (KB)
...
006 (918705.002.000) 01/09 18:18:00 Image size of job updated: 131448
	58  -  MemoryUsage of job (MB)
	59304  -  ResidentSetSize of job (KB)
...
006 (918705.002.000) 01/09 18:23:00 Image size of job updated: 131448
	58  -  MemoryUsage of job (MB)
	59336  -  ResidentSetSize of job (KB)
...
006 (918705.004.000) 01/09 18:23:38 Image size of job updated: 112060
	58  -  MemoryUsage of job (MB)
	59312  -  ResidentSetSize of job (KB)
...
006 (918705.008.000) 01/09 18:25:13 Image size of job updated: 113888
	58  -  MemoryUsage of job (MB)
	59384  -  ResidentSetSize of job (KB)
...
006 (918705.002.000) 01/09 18:33:02 Image size of job updated: 131448
	58  -  MemoryUsage of job (MB)
	59368  -  ResidentSetSize of job (KB)
...
006 (918705.007.000) 01/09 18:33:18 Image size of job updated: 109508
	58  -  MemoryUsage of job (MB)
	58940  -  ResidentSetSize of job (KB)
...
006 (918705.004.000) 01/09 18:33:38 Image size of job updated: 112060
	58  -  MemoryUsage of job (MB)
	59336  -  ResidentSetSize of job (KB)
...
006 (918705.002.000) 01/09 18:38:02 Image size of job updated: 131448
	59  -  MemoryUsage of job (MB)
	59400  -  ResidentSetSize of job (KB)
...
006 (918705.004.000) 01/09 18:38:39 Image size of job updated: 112060
	58  -  MemoryUsage of job (MB)
	59344  -  ResidentSetSize of job (KB)
...
006 (918705.003.000) 01/09 18:43:05 Image size of job updated: 83136
	58  -  MemoryUsage of job (MB)
	58940  -  ResidentSetSize of job (KB)
...
006 (918705.002.000) 01/09 18:48:03 Image size of job updated: 131448
	59  -  MemoryUsage of job (MB)
	59460  -  ResidentSetSize of job (KB)
...
006 (918705.003.000) 01/09 18:48:06 Image size of job updated: 83136
	58  -  MemoryUsage of job (MB)
	58948  -  ResidentSetSize of job (KB)
...
006 (918705.002.000) 01/09 18:53:03 Image size of job updated: 131448
	59  -  MemoryUsage of job (MB)
	59468  -  ResidentSetSize of job (KB)
...
006 (918705.004.000) 01/09 18:53:41 Image size of job updated: 112060
	59  -  MemoryUsage of job (MB)
	59408  -  ResidentSetSize of job (KB)
...
006 (918705.004.000) 01/09 18:58:42 Image size of job updated: 112060
	59  -  MemoryUsage of job (MB)
	59420  -  ResidentSetSize of job (KB)
...
006 (918705.010.000) 01/09 19:03:08 Image size of job updated: 113708
	59  -  MemoryUsage of job (MB)
	59528  -  ResidentSetSize of job (KB)
...
006 (918705.007.000) 01/09 19:03:23 Image size of job updated: 109508
	59  -  MemoryUsage of job (MB)
	59484  -  ResidentSetSize of job (KB)
...
006 (918705.004.000) 01/09 19:03:42 Image size of job updated: 112060
	59  -  MemoryUsage of job (MB)
	59424  -  ResidentSetSize of job (KB)
...
005 (918705.007.000) 01/09 19:05:39 Job terminated.
	(1) Normal termination (return value 0)
		Usr 0 00:02:33, Sys 0 00:00:40  -  Run Remote Usage
		Usr 0 00:00:00, Sys 0 00:00:00  -  Run Local Usage
		Usr 0 00:02:33, Sys 0 00:00:40  -  Total Remote Usage
		Usr 0 00:00:00, Sys 0 00:00:00  -  Total Local Usage
	130254  -  Run Bytes Sent By Job
	1037  -  Run Bytes Received By Job
	130254  -  Total Bytes Sent By Job
	1037  -  Total Bytes Received By Job
	Partitionable Resources :    Usage  Request Allocated
	   Cpus                 :                 1         1
	   Disk (KB)            :      140        1   1992759
	   Memory (MB)          :       59     2000      2000
...
006 (918705.008.000) 01/09 19:10:17 Image size of job updated: 113888
	59  -  MemoryUsage of job (MB)
	59444  -  ResidentSetSize of job (KB)
...
006 (918705.012.000) 01/09 19:13:08 Image size of job updated: 89956
	59  -  MemoryUsage of job (MB)
	59424  -  ResidentSetSize of job (KB)
...
006 (918705.014.000) 01/09 19:13:10 Image size of job updated: 116264
	61  -  MemoryUsage of job (MB)
	61504  -  ResidentSetSize of job (KB)
...
006 (918705.002.000) 01/09 19:18:05 Image size of job updated: 131448
	59  -  MemoryUsage of job (MB)
	59492  -  ResidentSetSize of job (KB)
...
006 (918705.012.000) 01/09 19:18:09 Image size of job updated: 89956
	59  -  MemoryUsage of job (MB)
	59464  -  ResidentSetSize of job (KB)
...
006 (918705.014.000) 01/09 19:18:11 Image size of job updated: 116264
	61  -  MemoryUsage of job (MB)
	61528  -  ResidentSetSize of job (KB)
...
006 (918705.004.000) 01/09 19:18:43 Image size of job updated: 112060
	59  -  MemoryUsage of job (MB)
	59480  -  ResidentSetSize of job (KB)
...
006 (918705.008.000) 01/09 19:20:18 Image size of job updated: 113888
	59  -  MemoryUsage of job (MB)
	59460  -  ResidentSetSize of job (KB)
...
005 (918705.003.000) 01/09 19:23:03 Job terminated.
	(1) Normal termination (return value 0)
		Usr 0 00:02:35, Sys 0 00:00:30  -  Run Remote Usage
		Usr 0 00:00:00, Sys 0 00:00:00  -  Run Local Usage
		Usr 0 00:02:35, Sys 0 00:00:30  -  Total Remote Usage
		Usr 0 00:00:00, Sys 0 00:00:00  -  Total Local Usage
	132581  -  Run Bytes Sent By Job
	1017  -  Run Bytes Received By Job
	132581  -  Total Bytes Sent By Job
	1017  -  Total Bytes Received By Job
	Partitionable Resources :    Usage  Request Allocated
	   Cpus                 :                 1         1
	   Disk (KB)            :      142        1   1118593
	   Memory (MB)          :       58     2000      2000
...
005 (918705.014.000) 01/09 19:23:18 Job terminated.
	(1) Normal termination (return value 0)
		Usr 0 00:02:36, Sys 0 00:00:44  -  Run Remote Usage
		Usr 0 00:00:00, Sys 0 00:00:00  -  Run Local Usage
		Usr 0 00:02:36, Sys 0 00:00:44  -  Total Remote Usage
		Usr 0 00:00:00, Sys 0 00:00:00  -  Total Local Usage
	214702  -  Run Bytes Sent By Job
	1003  -  Run Bytes Received By Job
	214702  -  Total Bytes Sent By Job
	1003  -  Total Bytes Received By Job
	Partitionable Resources :    Usage  Request Allocated
	   Cpus                 :                 1         1
	   Disk (KB)            :      298        1   2100864
	   Memory (MB)          :       61     2000      2000
...
006 (918705.004.000) 01/09 19:23:44 Image size of job updated: 112060
	59  -  MemoryUsage of job (MB)
	59484  -  ResidentSetSize of job (KB)
...
006 (918705.002.000) 01/09 19:28:05 Image size of job updated: 131448
	59  -  MemoryUsage of job (MB)
	59504  -  ResidentSetSize of job (KB)
...
005 (918705.004.000) 01/09 19:29:22 Job terminated.
	(1) Normal termination (return value 0)
		Usr 0 00:03:00, Sys 0 00:00:48  -  Run Remote Usage
		Usr 0 00:00:00, Sys 0 00:00:00  -  Run Local Usage
		Usr 0 00:03:00, Sys 0 00:00:48  -  Total Remote Usage
		Usr 0 00:00:00, Sys 0 00:00:00  -  Total Local Usage
	208961  -  Run Bytes Sent By Job
	1015  -  Run Bytes Received By Job
	208961  -  Total Bytes Sent By Job
	1015  -  Total Bytes Received By Job
	Partitionable Resources :    Usage  Request Allocated
	   Cpus                 :                 1         1
	   Disk (KB)            :      661        1   1705455
	   Memory (MB)          :       59     2000      2000
...
005 (918705.002.000) 01/09 19:30:43 Job terminated.
	(1) Normal termination (return value 0)
		Usr 0 00:03:50, Sys 0 00:01:03  -  Run Remote Usage
		Usr 0 00:00:00, Sys 0 00:00:00  -  Run Local Usage
		Usr 0 00:03:50, Sys 0 00:01:03  -  Total Remote Usage
		Usr 0 00:00:00, Sys 0 00:00:00  -  Total Local Usage
	206640  -  Run Bytes Sent By Job
	991  -  Run Bytes Received By Job
	206640  -  Total Bytes Sent By Job
	991  -  Total Bytes Received By Job
	Partitionable Resources :    Usage  Request Allocated
	   Cpus                 :                 1         1
	   Disk (KB)            :      214        1   1373705
	   Memory (MB)          :       59     2000      2000
...
005 (918705.015.000) 01/09 19:31:42 Job terminated.
	(1) Normal termination (return value 0)
		Usr 0 00:02:40, Sys 0 00:00:34  -  Run Remote Usage
		Usr 0 00:00:00, Sys 0 00:00:00  -  Run Local Usage
		Usr 0 00:02:40, Sys 0 00:00:34  -  Total Remote Usage
		Usr 0 00:00:00, Sys 0 00:00:00  -  Total Local Usage
	140673  -  Run Bytes Sent By Job
	1029  -  Run Bytes Received By Job
	140673  -  Total Bytes Sent By Job
	1029  -  Total Bytes Received By Job
	Partitionable Resources :    Usage  Request Allocated
	   Cpus                 :                 1         1
	   Disk (KB)            :      150        1   2011579
	   Memory (MB)          :       58     2000      2000
...
006 (918705.011.000) 01/09 19:33:10 Image size of job updated: 113852
	58  -  MemoryUsage of job (MB)
	59072  -  ResidentSetSize of job (KB)
...
005 (918705.009.000) 01/09 19:33:19 Job terminated.
	(1) Normal termination (return value 0)
		Usr 0 00:03:10, Sys 0 00:00:40  -  Run Remote Usage
		Usr 0 00:00:00, Sys 0 00:00:00  -  Run Local Usage
		Usr 0 00:03:10, Sys 0 00:00:40  -  Total Remote Usage
		Usr 0 00:00:00, Sys 0 00:00:00  -  Total Local Usage
	143393  -  Run Bytes Sent By Job
	1013  -  Run Bytes Received By Job
	143393  -  Total Bytes Sent By Job
	1013  -  Total Bytes Received By Job
	Partitionable Resources :    Usage  Request Allocated
	   Cpus                 :                 1         1
	   Disk (KB)            :      184        1   1999589
	   Memory (MB)          :       58     2000      2000
...
005 (918705.011.000) 01/09 19:34:22 Job terminated.
	(1) Normal termination (return value 0)
		Usr 0 00:03:18, Sys 0 00:00:37  -  Run Remote Usage
		Usr 0 00:00:00, Sys 0 00:00:00  -  Run Local Usage
		Usr 0 00:03:18, Sys 0 00:00:37  -  Total Remote Usage
		Usr 0 00:00:00, Sys 0 00:00:00  -  Total Local Usage
	142178  -  Run Bytes Sent By Job
	1009  -  Run Bytes Received By Job
	142178  -  Total Bytes Sent By Job
	1009  -  Total Bytes Received By Job
	Partitionable Resources :    Usage  Request Allocated
	   Cpus                 :                 1         1
	   Disk (KB)            :      152        1   2024289
	   Memory (MB)          :       58     2000      2000
...
006 (918705.008.000) 01/09 19:35:19 Image size of job updated: 113888
	59  -  MemoryUsage of job (MB)
	59488  -  ResidentSetSize of job (KB)
...
006 (918705.010.000) 01/09 19:38:11 Image size of job updated: 113708
	59  -  MemoryUsage of job (MB)
	59536  -  ResidentSetSize of job (KB)
...
006 (918705.008.000) 01/09 19:40:20 Image size of job updated: 113888
	59  -  MemoryUsage of job (MB)
	59492  -  ResidentSetSize of job (KB)
...
005 (918705.013.000) 01/09 19:41:10 Job terminated.
	(1) Normal termination (return value 0)
		Usr 0 00:03:09, Sys 0 00:00:35  -  Run Remote Usage
		Usr 0 00:00:00, Sys 0 00:00:00  -  Run Local Usage
		Usr 0 00:03:09, Sys 0 00:00:35  -  Total Remote Usage
		Usr 0 00:00:00, Sys 0 00:00:00  -  Total Local Usage
	143549  -  Run Bytes Sent By Job
	1033  -  Run Bytes Received By Job
	143549  -  Total Bytes Sent By Job
	1033  -  Total Bytes Received By Job
	Partitionable Resources :    Usage  Request Allocated
	   Cpus                 :                 1         1
	   Disk (KB)            :      153        1   2019890
	   Memory (MB)          :       58     2000      2000
...
006 (918705.010.000) 01/09 19:43:44 Image size of job updated: 512008
	59  -  MemoryUsage of job (MB)
	59536  -  ResidentSetSize of job (KB)
...
005 (918705.010.000) 01/09 19:43:45 Job terminated.
	(1) Normal termination (return value 0)
		Usr 0 00:03:07, Sys 0 00:00:45  -  Run Remote Usage
		Usr 0 00:00:00, Sys 0 00:00:00  -  Run Local Usage
		Usr 0 00:03:07, Sys 0 00:00:45  -  Total Remote Usage
		Usr 0 00:00:00, Sys 0 00:00:00  -  Total Local Usage
	216203  -  Run Bytes Sent By Job
	983  -  Run Bytes Received By Job
	216203  -  Total Bytes Sent By Job
	983  -  Total Bytes Received By Job
	Partitionable Resources :    Usage  Request Allocated
	   Cpus                 :                 1         1
	   Disk (KB)            :      628        1   1977725
	   Memory (MB)          :       59     2000      2000
...
006 (918705.008.000) 01/09 19:45:20 Image size of job updated: 113888
	59  -  MemoryUsage of job (MB)
	59560  -  ResidentSetSize of job (KB)
...
006 (918705.012.000) 01/09 19:48:13 Image size of job updated: 89956
	59  -  MemoryUsage of job (MB)
	59508  -  ResidentSetSize of job (KB)
...
006 (918705.008.000) 01/09 19:49:20 Image size of job updated: 184900
	59  -  MemoryUsage of job (MB)
	59560  -  ResidentSetSize of job (KB)
...
005 (918705.008.000) 01/09 19:49:20 Job terminated.
	(1) Normal termination (return value 0)
		Usr 0 00:03:16, Sys 0 00:00:47  -  Run Remote Usage
		Usr 0 00:00:00, Sys 0 00:00:00  -  Run Local Usage
		Usr 0 00:03:16, Sys 0 00:00:47  -  Total Remote Usage
		Usr 0 00:00:00, Sys 0 00:00:00  -  Total Local Usage
	217792  -  Run Bytes Sent By Job
	987  -  Run Bytes Received By Job
	217792  -  Total Bytes Sent By Job
	987  -  Total Bytes Received By Job
	Partitionable Resources :    Usage  Request Allocated
	   Cpus                 :                 1         1
	   Disk (KB)            :      225        1   1900762
	   Memory (MB)          :       59     2000      2000
...
006 (918705.012.000) 01/09 19:53:14 Image size of job updated: 89956
	59  -  MemoryUsage of job (MB)
	59512  -  ResidentSetSize of job (KB)
...
006 (918705.012.000) 01/09 19:58:14 Image size of job updated: 89956
	59  -  MemoryUsage of job (MB)
	59556  -  ResidentSetSize of job (KB)
...
005 (918705.012.000) 01/09 20:02:05 Job terminated.
	(1) Normal termination (return value 0)
		Usr 0 00:03:15, Sys 0 00:00:37  -  Run Remote Usage
		Usr 0 00:00:00, Sys 0 00:00:00  -  Run Local Usage
		Usr 0 00:03:15, Sys 0 00:00:37  -  Total Remote Usage
		Usr 0 00:00:00, Sys 0 00:00:00  -  Total Local Usage
	218410  -  Run Bytes Sent By Job
	1007  -  Run Bytes Received By Job
	218410  -  Total Bytes Sent By Job
	1007  -  Total Bytes Received By Job
	Partitionable Resources :    Usage  Request Allocated
	   Cpus                 :                 1         1
	   Disk (KB)            :      226        1   1118172
	   Memory (MB)          :       59     2000      2000
...
009 (918705.005.000) 01/10 00:43:35 Job was aborted by the user.
	Job removed by SYSTEM_PERIODIC_REMOVE due to wall time exceeded allowed max.
...
