000 (917298.000.000) 01/09 14:12:47 Job submitted from host: <137.138.44.75:9618?addrs=137.138.44.75-9618+[2001-1458-d00-1a--b]-9618&noUDP&sock=124143_59c7_28>
...
000 (917298.001.000) 01/09 14:12:47 Job submitted from host: <137.138.44.75:9618?addrs=137.138.44.75-9618+[2001-1458-d00-1a--b]-9618&noUDP&sock=124143_59c7_28>
...
000 (917298.002.000) 01/09 14:12:47 Job submitted from host: <137.138.44.75:9618?addrs=137.138.44.75-9618+[2001-1458-d00-1a--b]-9618&noUDP&sock=124143_59c7_28>
...
000 (917298.003.000) 01/09 14:12:47 Job submitted from host: <137.138.44.75:9618?addrs=137.138.44.75-9618+[2001-1458-d00-1a--b]-9618&noUDP&sock=124143_59c7_28>
...
000 (917298.004.000) 01/09 14:12:47 Job submitted from host: <137.138.44.75:9618?addrs=137.138.44.75-9618+[2001-1458-d00-1a--b]-9618&noUDP&sock=124143_59c7_28>
...
001 (917298.001.000) 01/09 14:38:57 Job executing on host: <188.184.204.155:9618?addrs=188.184.204.155-9618+[--1]-9618&noUDP&sock=8945_6b25_3>
...
001 (917298.003.000) 01/09 14:38:59 Job executing on host: <137.138.43.102:9618?addrs=137.138.43.102-9618+[--1]-9618&noUDP&sock=634_c38a_3>
...
001 (917298.002.000) 01/09 14:38:59 Job executing on host: <188.184.202.142:9618?addrs=188.184.202.142-9618+[--1]-9618&noUDP&sock=8824_6c30_3>
...
001 (917298.000.000) 01/09 14:38:59 Job executing on host: <188.184.206.108:9618?addrs=188.184.206.108-9618+[--1]-9618&noUDP&sock=8841_154c_3>
...
006 (917298.001.000) 01/09 14:39:06 Image size of job updated: 107864
	55  -  MemoryUsage of job (MB)
	55556  -  ResidentSetSize of job (KB)
...
006 (917298.003.000) 01/09 14:39:07 Image size of job updated: 107976
	55  -  MemoryUsage of job (MB)
	55668  -  ResidentSetSize of job (KB)
...
006 (917298.002.000) 01/09 14:39:07 Image size of job updated: 107916
	55  -  MemoryUsage of job (MB)
	55608  -  ResidentSetSize of job (KB)
...
006 (917298.000.000) 01/09 14:39:07 Image size of job updated: 100832
	51  -  MemoryUsage of job (MB)
	51412  -  ResidentSetSize of job (KB)
...
001 (917298.004.000) 01/09 14:40:01 Job executing on host: <188.184.201.72:9618?addrs=188.184.201.72-9618+[--1]-9618&noUDP&sock=8783_4cce_3>
...
006 (917298.004.000) 01/09 14:40:09 Image size of job updated: 40988
	20  -  MemoryUsage of job (MB)
	20304  -  ResidentSetSize of job (KB)
...
006 (917298.001.000) 01/09 14:44:07 Image size of job updated: 108228
	55  -  MemoryUsage of job (MB)
	55600  -  ResidentSetSize of job (KB)
...
006 (917298.003.000) 01/09 14:44:07 Image size of job updated: 108492
	55  -  MemoryUsage of job (MB)
	55864  -  ResidentSetSize of job (KB)
...
006 (917298.002.000) 01/09 14:44:07 Image size of job updated: 108260
	55  -  MemoryUsage of job (MB)
	55632  -  ResidentSetSize of job (KB)
...
006 (917298.000.000) 01/09 14:44:07 Image size of job updated: 108276
	55  -  MemoryUsage of job (MB)
	55648  -  ResidentSetSize of job (KB)
...
006 (917298.004.000) 01/09 14:45:09 Image size of job updated: 108368
	55  -  MemoryUsage of job (MB)
	55740  -  ResidentSetSize of job (KB)
...
006 (917298.001.000) 01/09 14:49:07 Image size of job updated: 108272
	55  -  MemoryUsage of job (MB)
	55644  -  ResidentSetSize of job (KB)
...
006 (917298.004.000) 01/09 14:50:10 Image size of job updated: 108432
	55  -  MemoryUsage of job (MB)
	55804  -  ResidentSetSize of job (KB)
...
006 (917298.001.000) 01/09 14:54:07 Image size of job updated: 108884
	55  -  MemoryUsage of job (MB)
	56140  -  ResidentSetSize of job (KB)
...
006 (917298.003.000) 01/09 14:54:08 Image size of job updated: 108496
	55  -  MemoryUsage of job (MB)
	55868  -  ResidentSetSize of job (KB)
...
006 (917298.002.000) 01/09 14:54:09 Image size of job updated: 108840
	55  -  MemoryUsage of job (MB)
	56096  -  ResidentSetSize of job (KB)
...
006 (917298.004.000) 01/09 14:55:10 Image size of job updated: 108964
	55  -  MemoryUsage of job (MB)
	56220  -  ResidentSetSize of job (KB)
...
006 (917298.001.000) 01/09 14:59:08 Image size of job updated: 108916
	55  -  MemoryUsage of job (MB)
	56172  -  ResidentSetSize of job (KB)
...
006 (917298.003.000) 01/09 14:59:08 Image size of job updated: 109168
	56  -  MemoryUsage of job (MB)
	56424  -  ResidentSetSize of job (KB)
...
006 (917298.002.000) 01/09 14:59:09 Image size of job updated: 108872
	55  -  MemoryUsage of job (MB)
	56128  -  ResidentSetSize of job (KB)
...
006 (917298.000.000) 01/09 14:59:09 Image size of job updated: 108856
	55  -  MemoryUsage of job (MB)
	56112  -  ResidentSetSize of job (KB)
...
006 (917298.004.000) 01/09 15:00:10 Image size of job updated: 109064
	55  -  MemoryUsage of job (MB)
	56320  -  ResidentSetSize of job (KB)
...
006 (917298.001.000) 01/09 15:04:08 Image size of job updated: 108944
	55  -  MemoryUsage of job (MB)
	56200  -  ResidentSetSize of job (KB)
...
006 (917298.002.000) 01/09 15:04:09 Image size of job updated: 108888
	55  -  MemoryUsage of job (MB)
	56144  -  ResidentSetSize of job (KB)
...
006 (917298.000.000) 01/09 15:04:09 Image size of job updated: 108876
	55  -  MemoryUsage of job (MB)
	56132  -  ResidentSetSize of job (KB)
...
005 (917298.001.000) 01/09 15:08:57 Job terminated.
	(1) Normal termination (return value 0)
		Usr 0 00:09:33, Sys 0 00:02:05  -  Run Remote Usage
		Usr 0 00:00:00, Sys 0 00:00:00  -  Run Local Usage
		Usr 0 00:09:33, Sys 0 00:02:05  -  Total Remote Usage
		Usr 0 00:00:00, Sys 0 00:00:00  -  Total Local Usage
	287059  -  Run Bytes Sent By Job
	1031  -  Run Bytes Received By Job
	287059  -  Total Bytes Sent By Job
	1031  -  Total Bytes Received By Job
	Partitionable Resources :    Usage  Request Allocated
	   Cpus                 :                 1         1
	   Disk (KB)            :      293        2   1973246
	   Memory (MB)          :       55     2000      2000
...
006 (917298.003.000) 01/09 15:09:09 Image size of job updated: 109180
	56  -  MemoryUsage of job (MB)
	56436  -  ResidentSetSize of job (KB)
...
006 (917298.000.000) 01/09 15:09:10 Image size of job updated: 108892
	55  -  MemoryUsage of job (MB)
	56148  -  ResidentSetSize of job (KB)
...
006 (917298.002.000) 01/09 15:09:10 Image size of job updated: 108904
	55  -  MemoryUsage of job (MB)
	56160  -  ResidentSetSize of job (KB)
...
006 (917298.004.000) 01/09 15:10:12 Image size of job updated: 109180
	56  -  MemoryUsage of job (MB)
	56436  -  ResidentSetSize of job (KB)
...
006 (917298.000.000) 01/09 15:14:10 Image size of job updated: 108916
	55  -  MemoryUsage of job (MB)
	56172  -  ResidentSetSize of job (KB)
...
006 (917298.002.000) 01/09 15:14:11 Image size of job updated: 108928
	55  -  MemoryUsage of job (MB)
	56184  -  ResidentSetSize of job (KB)
...
006 (917298.003.000) 01/09 15:19:10 Image size of job updated: 109300
	56  -  MemoryUsage of job (MB)
	56556  -  ResidentSetSize of job (KB)
...
005 (917298.002.000) 01/09 15:19:12 Job terminated.
	(1) Normal termination (return value 0)
		Usr 0 00:10:20, Sys 0 00:02:13  -  Run Remote Usage
		Usr 0 00:00:00, Sys 0 00:00:00  -  Run Local Usage
		Usr 0 00:10:20, Sys 0 00:02:13  -  Total Remote Usage
		Usr 0 00:00:00, Sys 0 00:00:00  -  Total Local Usage
	270961  -  Run Bytes Sent By Job
	1055  -  Run Bytes Received By Job
	270961  -  Total Bytes Sent By Job
	1055  -  Total Bytes Received By Job
	Partitionable Resources :    Usage  Request Allocated
	   Cpus                 :                 1         1
	   Disk (KB)            :      305        2    923461
	   Memory (MB)          :       55     2000      2000
...
005 (917298.000.000) 01/09 15:19:55 Job terminated.
	(1) Normal termination (return value 0)
		Usr 0 00:10:35, Sys 0 00:02:23  -  Run Remote Usage
		Usr 0 00:00:00, Sys 0 00:00:00  -  Run Local Usage
		Usr 0 00:10:35, Sys 0 00:02:23  -  Total Remote Usage
		Usr 0 00:00:00, Sys 0 00:00:00  -  Total Local Usage
	270956  -  Run Bytes Sent By Job
	1035  -  Run Bytes Received By Job
	270956  -  Total Bytes Sent By Job
	1035  -  Total Bytes Received By Job
	Partitionable Resources :    Usage  Request Allocated
	   Cpus                 :                 1         1
	   Disk (KB)            :      278        2   1362561
	   Memory (MB)          :       55     2000      2000
...
006 (917298.004.000) 01/09 15:20:13 Image size of job updated: 109188
	56  -  MemoryUsage of job (MB)
	56444  -  ResidentSetSize of job (KB)
...
005 (917298.003.000) 01/09 15:21:07 Job terminated.
	(1) Normal termination (return value 0)
		Usr 0 00:11:30, Sys 0 00:02:40  -  Run Remote Usage
		Usr 0 00:00:00, Sys 0 00:00:00  -  Run Local Usage
		Usr 0 00:11:30, Sys 0 00:02:40  -  Total Remote Usage
		Usr 0 00:00:00, Sys 0 00:00:00  -  Total Local Usage
	312604  -  Run Bytes Sent By Job
	1023  -  Run Bytes Received By Job
	312604  -  Total Bytes Sent By Job
	1023  -  Total Bytes Received By Job
	Partitionable Resources :    Usage  Request Allocated
	   Cpus                 :                 1         1
	   Disk (KB)            :      318        2   2136855
	   Memory (MB)          :       56     2000      2000
...
005 (917298.004.000) 01/09 15:22:30 Job terminated.
	(1) Normal termination (return value 0)
		Usr 0 00:11:41, Sys 0 00:02:37  -  Run Remote Usage
		Usr 0 00:00:00, Sys 0 00:00:00  -  Run Local Usage
		Usr 0 00:11:41, Sys 0 00:02:37  -  Total Remote Usage
		Usr 0 00:00:00, Sys 0 00:00:00  -  Total Local Usage
	301951  -  Run Bytes Sent By Job
	1047  -  Run Bytes Received By Job
	301951  -  Total Bytes Sent By Job
	1047  -  Total Bytes Received By Job
	Partitionable Resources :    Usage  Request Allocated
	   Cpus                 :                 1         1
	   Disk (KB)            :      308        2   2077857
	   Memory (MB)          :       56     2000      2000
...
