000 (917641.000.000) 01/09 14:32:26 Job submitted from host: <137.138.44.75:9618?addrs=137.138.44.75-9618+[2001-1458-d00-1a--b]-9618&noUDP&sock=124143_59c7_28>
...
000 (917641.001.000) 01/09 14:32:26 Job submitted from host: <137.138.44.75:9618?addrs=137.138.44.75-9618+[2001-1458-d00-1a--b]-9618&noUDP&sock=124143_59c7_28>
...
000 (917641.002.000) 01/09 14:32:26 Job submitted from host: <137.138.44.75:9618?addrs=137.138.44.75-9618+[2001-1458-d00-1a--b]-9618&noUDP&sock=124143_59c7_28>
...
000 (917641.003.000) 01/09 14:32:26 Job submitted from host: <137.138.44.75:9618?addrs=137.138.44.75-9618+[2001-1458-d00-1a--b]-9618&noUDP&sock=124143_59c7_28>
...
000 (917641.004.000) 01/09 14:32:26 Job submitted from host: <137.138.44.75:9618?addrs=137.138.44.75-9618+[2001-1458-d00-1a--b]-9618&noUDP&sock=124143_59c7_28>
...
000 (917641.005.000) 01/09 14:32:26 Job submitted from host: <137.138.44.75:9618?addrs=137.138.44.75-9618+[2001-1458-d00-1a--b]-9618&noUDP&sock=124143_59c7_28>
...
000 (917641.006.000) 01/09 14:32:26 Job submitted from host: <137.138.44.75:9618?addrs=137.138.44.75-9618+[2001-1458-d00-1a--b]-9618&noUDP&sock=124143_59c7_28>
...
000 (917641.007.000) 01/09 14:32:26 Job submitted from host: <137.138.44.75:9618?addrs=137.138.44.75-9618+[2001-1458-d00-1a--b]-9618&noUDP&sock=124143_59c7_28>
...
000 (917641.008.000) 01/09 14:32:26 Job submitted from host: <137.138.44.75:9618?addrs=137.138.44.75-9618+[2001-1458-d00-1a--b]-9618&noUDP&sock=124143_59c7_28>
...
000 (917641.009.000) 01/09 14:32:26 Job submitted from host: <137.138.44.75:9618?addrs=137.138.44.75-9618+[2001-1458-d00-1a--b]-9618&noUDP&sock=124143_59c7_28>
...
000 (917641.010.000) 01/09 14:32:26 Job submitted from host: <137.138.44.75:9618?addrs=137.138.44.75-9618+[2001-1458-d00-1a--b]-9618&noUDP&sock=124143_59c7_28>
...
000 (917641.011.000) 01/09 14:32:26 Job submitted from host: <137.138.44.75:9618?addrs=137.138.44.75-9618+[2001-1458-d00-1a--b]-9618&noUDP&sock=124143_59c7_28>
...
000 (917641.012.000) 01/09 14:32:26 Job submitted from host: <137.138.44.75:9618?addrs=137.138.44.75-9618+[2001-1458-d00-1a--b]-9618&noUDP&sock=124143_59c7_28>
...
000 (917641.013.000) 01/09 14:32:26 Job submitted from host: <137.138.44.75:9618?addrs=137.138.44.75-9618+[2001-1458-d00-1a--b]-9618&noUDP&sock=124143_59c7_28>
...
000 (917641.014.000) 01/09 14:32:26 Job submitted from host: <137.138.44.75:9618?addrs=137.138.44.75-9618+[2001-1458-d00-1a--b]-9618&noUDP&sock=124143_59c7_28>
...
000 (917641.015.000) 01/09 14:32:26 Job submitted from host: <137.138.44.75:9618?addrs=137.138.44.75-9618+[2001-1458-d00-1a--b]-9618&noUDP&sock=124143_59c7_28>
...
001 (917641.007.000) 01/09 14:39:07 Job executing on host: <188.184.68.18:9618?addrs=188.184.68.18-9618+[--1]-9618&noUDP&sock=8222_802c_3>
...
001 (917641.002.000) 01/09 14:39:08 Job executing on host: <188.184.69.40:9618?addrs=188.184.69.40-9618+[--1]-9618&noUDP&sock=3033_473d_3>
...
001 (917641.010.000) 01/09 14:39:08 Job executing on host: <188.184.70.20:9618?addrs=188.184.70.20-9618+[--1]-9618&noUDP&sock=28545_6366_3>
...
001 (917641.001.000) 01/09 14:39:10 Job executing on host: <188.184.70.8:9618?addrs=188.184.70.8-9618+[--1]-9618&noUDP&sock=7988_ff03_3>
...
001 (917641.011.000) 01/09 14:39:10 Job executing on host: <188.184.69.37:9618?addrs=188.184.69.37-9618+[--1]-9618&noUDP&sock=30385_79a9_3>
...
001 (917641.008.000) 01/09 14:39:10 Job executing on host: <188.184.69.25:9618?addrs=188.184.69.25-9618+[--1]-9618&noUDP&sock=7904_01de_3>
...
001 (917641.004.000) 01/09 14:39:10 Job executing on host: <188.184.69.87:9618?addrs=188.184.69.87-9618+[--1]-9618&noUDP&sock=32233_0cae_3>
...
001 (917641.012.000) 01/09 14:39:12 Job executing on host: <188.184.68.68:9618?addrs=188.184.68.68-9618+[--1]-9618&noUDP&sock=7931_e61d_3>
...
001 (917641.009.000) 01/09 14:39:12 Job executing on host: <188.184.47.63:9618?addrs=188.184.47.63-9618+[--1]-9618&noUDP&sock=9771_fc60_110>
...
001 (917641.014.000) 01/09 14:39:12 Job executing on host: <188.184.68.184:9618?addrs=188.184.68.184-9618+[--1]-9618&noUDP&sock=8304_bef0_3>
...
001 (917641.015.000) 01/09 14:39:12 Job executing on host: <188.184.68.233:9618?addrs=188.184.68.233-9618+[--1]-9618&noUDP&sock=7978_2310_3>
...
001 (917641.003.000) 01/09 14:39:13 Job executing on host: <188.184.68.69:9618?addrs=188.184.68.69-9618+[--1]-9618&noUDP&sock=7901_5246_3>
...
001 (917641.013.000) 01/09 14:39:14 Job executing on host: <188.184.69.13:9618?addrs=188.184.69.13-9618+[--1]-9618&noUDP&sock=7958_6b2c_3>
...
006 (917641.007.000) 01/09 14:39:16 Image size of job updated: 113348
	58  -  MemoryUsage of job (MB)
	58664  -  ResidentSetSize of job (KB)
...
006 (917641.002.000) 01/09 14:39:17 Image size of job updated: 113708
	58  -  MemoryUsage of job (MB)
	59020  -  ResidentSetSize of job (KB)
...
006 (917641.010.000) 01/09 14:39:17 Image size of job updated: 113840
	58  -  MemoryUsage of job (MB)
	59152  -  ResidentSetSize of job (KB)
...
006 (917641.011.000) 01/09 14:39:18 Image size of job updated: 20300
	6  -  MemoryUsage of job (MB)
	6100  -  ResidentSetSize of job (KB)
...
006 (917641.001.000) 01/09 14:39:18 Image size of job updated: 13404
	4  -  MemoryUsage of job (MB)
	3956  -  ResidentSetSize of job (KB)
...
006 (917641.008.000) 01/09 14:39:18 Image size of job updated: 18788
	6  -  MemoryUsage of job (MB)
	5556  -  ResidentSetSize of job (KB)
...
006 (917641.004.000) 01/09 14:39:20 Image size of job updated: 86944
	34  -  MemoryUsage of job (MB)
	33960  -  ResidentSetSize of job (KB)
...
006 (917641.012.000) 01/09 14:39:20 Image size of job updated: 102176
	43  -  MemoryUsage of job (MB)
	43596  -  ResidentSetSize of job (KB)
...
001 (917641.006.000) 01/09 14:39:20 Job executing on host: <188.184.70.216:9618?addrs=188.184.70.216-9618+[--1]-9618&noUDP&sock=7872_6e07_96>
...
006 (917641.009.000) 01/09 14:39:20 Image size of job updated: 86788
	33  -  MemoryUsage of job (MB)
	33144  -  ResidentSetSize of job (KB)
...
006 (917641.014.000) 01/09 14:39:20 Image size of job updated: 113820
	58  -  MemoryUsage of job (MB)
	59132  -  ResidentSetSize of job (KB)
...
001 (917641.005.000) 01/09 14:39:20 Job executing on host: <188.184.68.107:9618?addrs=188.184.68.107-9618+[--1]-9618&noUDP&sock=1800_8af7_3>
...
006 (917641.015.000) 01/09 14:39:21 Image size of job updated: 112596
	58  -  MemoryUsage of job (MB)
	58792  -  ResidentSetSize of job (KB)
...
006 (917641.003.000) 01/09 14:39:22 Image size of job updated: 13444
	4  -  MemoryUsage of job (MB)
	4028  -  ResidentSetSize of job (KB)
...
006 (917641.013.000) 01/09 14:39:23 Image size of job updated: 104360
	45  -  MemoryUsage of job (MB)
	45776  -  ResidentSetSize of job (KB)
...
006 (917641.006.000) 01/09 14:39:28 Image size of job updated: 68856
	18  -  MemoryUsage of job (MB)
	17528  -  ResidentSetSize of job (KB)
...
006 (917641.005.000) 01/09 14:39:29 Image size of job updated: 34688
	20  -  MemoryUsage of job (MB)
	19740  -  ResidentSetSize of job (KB)
...
001 (917641.000.000) 01/09 14:40:27 Job executing on host: <188.184.47.219:9618?addrs=188.184.47.219-9618+[--1]-9618&noUDP&sock=8574_f182_3>
...
006 (917641.000.000) 01/09 14:40:36 Image size of job updated: 1000
	1  -  MemoryUsage of job (MB)
	1000  -  ResidentSetSize of job (KB)
...
006 (917641.007.000) 01/09 14:44:17 Image size of job updated: 113704
	58  -  MemoryUsage of job (MB)
	58912  -  ResidentSetSize of job (KB)
...
006 (917641.002.000) 01/09 14:44:17 Image size of job updated: 114264
	59  -  MemoryUsage of job (MB)
	59460  -  ResidentSetSize of job (KB)
...
006 (917641.010.000) 01/09 14:44:17 Image size of job updated: 114304
	59  -  MemoryUsage of job (MB)
	59500  -  ResidentSetSize of job (KB)
...
006 (917641.011.000) 01/09 14:44:18 Image size of job updated: 113880
	58  -  MemoryUsage of job (MB)
	59088  -  ResidentSetSize of job (KB)
...
006 (917641.001.000) 01/09 14:44:18 Image size of job updated: 113728
	58  -  MemoryUsage of job (MB)
	58936  -  ResidentSetSize of job (KB)
...
006 (917641.008.000) 01/09 14:44:18 Image size of job updated: 114212
	59  -  MemoryUsage of job (MB)
	59408  -  ResidentSetSize of job (KB)
...
006 (917641.004.000) 01/09 14:44:20 Image size of job updated: 114080
	58  -  MemoryUsage of job (MB)
	59276  -  ResidentSetSize of job (KB)
...
006 (917641.014.000) 01/09 14:44:20 Image size of job updated: 114280
	59  -  MemoryUsage of job (MB)
	59476  -  ResidentSetSize of job (KB)
...
006 (917641.012.000) 01/09 14:44:20 Image size of job updated: 114212
	59  -  MemoryUsage of job (MB)
	59408  -  ResidentSetSize of job (KB)
...
006 (917641.009.000) 01/09 14:44:20 Image size of job updated: 114804
	58  -  MemoryUsage of job (MB)
	59052  -  ResidentSetSize of job (KB)
...
006 (917641.015.000) 01/09 14:44:22 Image size of job updated: 112992
	58  -  MemoryUsage of job (MB)
	59060  -  ResidentSetSize of job (KB)
...
006 (917641.013.000) 01/09 14:44:24 Image size of job updated: 113832
	58  -  MemoryUsage of job (MB)
	59040  -  ResidentSetSize of job (KB)
...
006 (917641.006.000) 01/09 14:44:28 Image size of job updated: 150768
	58  -  MemoryUsage of job (MB)
	59212  -  ResidentSetSize of job (KB)
...
006 (917641.005.000) 01/09 14:44:30 Image size of job updated: 113756
	58  -  MemoryUsage of job (MB)
	58964  -  ResidentSetSize of job (KB)
...
006 (917641.003.000) 01/09 14:44:30 Image size of job updated: 113708
	58  -  MemoryUsage of job (MB)
	58916  -  ResidentSetSize of job (KB)
...
005 (917641.007.000) 01/09 14:44:57 Job terminated.
	(1) Normal termination (return value 0)
		Usr 0 00:01:13, Sys 0 00:00:17  -  Run Remote Usage
		Usr 0 00:00:00, Sys 0 00:00:00  -  Run Local Usage
		Usr 0 00:01:13, Sys 0 00:00:17  -  Total Remote Usage
		Usr 0 00:00:00, Sys 0 00:00:00  -  Total Local Usage
	108610  -  Run Bytes Sent By Job
	1051  -  Run Bytes Received By Job
	108610  -  Total Bytes Sent By Job
	1051  -  Total Bytes Received By Job
	Partitionable Resources :    Usage  Request Allocated
	   Cpus                 :                 1         1
	   Disk (KB)            :      119        1   2413639
	   Memory (MB)          :       58     2000      2000
...
005 (917641.002.000) 01/09 14:45:26 Job terminated.
	(1) Normal termination (return value 0)
		Usr 0 00:01:40, Sys 0 00:00:26  -  Run Remote Usage
		Usr 0 00:00:00, Sys 0 00:00:00  -  Run Local Usage
		Usr 0 00:01:40, Sys 0 00:00:26  -  Total Remote Usage
		Usr 0 00:00:00, Sys 0 00:00:00  -  Total Local Usage
	184353  -  Run Bytes Sent By Job
	1005  -  Run Bytes Received By Job
	184353  -  Total Bytes Sent By Job
	1005  -  Total Bytes Received By Job
	Partitionable Resources :    Usage  Request Allocated
	   Cpus                 :                 1         1
	   Disk (KB)            :      193        1   2585292
	   Memory (MB)          :       59     2000      2000
...
006 (917641.000.000) 01/09 14:45:37 Image size of job updated: 114152
	58  -  MemoryUsage of job (MB)
	59348  -  ResidentSetSize of job (KB)
...
005 (917641.010.000) 01/09 14:46:13 Job terminated.
	(1) Normal termination (return value 0)
		Usr 0 00:01:43, Sys 0 00:00:27  -  Run Remote Usage
		Usr 0 00:00:00, Sys 0 00:00:00  -  Run Local Usage
		Usr 0 00:01:43, Sys 0 00:00:27  -  Total Remote Usage
		Usr 0 00:00:00, Sys 0 00:00:00  -  Total Local Usage
	189384  -  Run Bytes Sent By Job
	997  -  Run Bytes Received By Job
	189384  -  Total Bytes Sent By Job
	997  -  Total Bytes Received By Job
	Partitionable Resources :    Usage  Request Allocated
	   Cpus                 :                 1         1
	   Disk (KB)            :      198        1   1568107
	   Memory (MB)          :       59     2000      2000
...
005 (917641.011.000) 01/09 14:46:28 Job terminated.
	(1) Normal termination (return value 0)
		Usr 0 00:01:50, Sys 0 00:00:29  -  Run Remote Usage
		Usr 0 00:00:00, Sys 0 00:00:00  -  Run Local Usage
		Usr 0 00:01:50, Sys 0 00:00:29  -  Total Remote Usage
		Usr 0 00:00:00, Sys 0 00:00:00  -  Total Local Usage
	113903  -  Run Bytes Sent By Job
	1023  -  Run Bytes Received By Job
	113903  -  Total Bytes Sent By Job
	1023  -  Total Bytes Received By Job
	Partitionable Resources :    Usage  Request Allocated
	   Cpus                 :                 1         1
	   Disk (KB)            :      124        1   2184148
	   Memory (MB)          :       58     2000      2000
...
005 (917641.012.000) 01/09 14:47:35 Job terminated.
	(1) Normal termination (return value 0)
		Usr 0 00:01:59, Sys 0 00:00:31  -  Run Remote Usage
		Usr 0 00:00:00, Sys 0 00:00:00  -  Run Local Usage
		Usr 0 00:01:59, Sys 0 00:00:31  -  Total Remote Usage
		Usr 0 00:00:00, Sys 0 00:00:00  -  Total Local Usage
	190863  -  Run Bytes Sent By Job
	1021  -  Run Bytes Received By Job
	190863  -  Total Bytes Sent By Job
	1021  -  Total Bytes Received By Job
	Partitionable Resources :    Usage  Request Allocated
	   Cpus                 :                 1         1
	   Disk (KB)            :      199        1   2141054
	   Memory (MB)          :       59     2000      2000
...
005 (917641.014.000) 01/09 14:47:45 Job terminated.
	(1) Normal termination (return value 0)
		Usr 0 00:02:08, Sys 0 00:00:33  -  Run Remote Usage
		Usr 0 00:00:00, Sys 0 00:00:00  -  Run Local Usage
		Usr 0 00:02:08, Sys 0 00:00:33  -  Total Remote Usage
		Usr 0 00:00:00, Sys 0 00:00:00  -  Total Local Usage
	189611  -  Run Bytes Sent By Job
	1017  -  Run Bytes Received By Job
	189611  -  Total Bytes Sent By Job
	1017  -  Total Bytes Received By Job
	Partitionable Resources :    Usage  Request Allocated
	   Cpus                 :                 1         1
	   Disk (KB)            :      198        1   2514699
	   Memory (MB)          :       59     2000      2000
...
005 (917641.009.000) 01/09 14:47:48 Job terminated.
	(1) Normal termination (return value 0)
		Usr 0 00:02:02, Sys 0 00:00:34  -  Run Remote Usage
		Usr 0 00:00:00, Sys 0 00:00:00  -  Run Local Usage
		Usr 0 00:02:02, Sys 0 00:00:34  -  Total Remote Usage
		Usr 0 00:00:00, Sys 0 00:00:00  -  Total Local Usage
	114459  -  Run Bytes Sent By Job
	1027  -  Run Bytes Received By Job
	114459  -  Total Bytes Sent By Job
	1027  -  Total Bytes Received By Job
	Partitionable Resources :    Usage  Request Allocated
	   Cpus                 :                 1         1
	   Disk (KB)            :      125        1   2588865
	   Memory (MB)          :       58     2000      2000
...
006 (917641.008.000) 01/09 14:47:48 Image size of job updated: 121380
	59  -  MemoryUsage of job (MB)
	59408  -  ResidentSetSize of job (KB)
...
005 (917641.008.000) 01/09 14:47:49 Job terminated.
	(1) Normal termination (return value 0)
		Usr 0 00:02:05, Sys 0 00:00:33  -  Run Remote Usage
		Usr 0 00:00:00, Sys 0 00:00:00  -  Run Local Usage
		Usr 0 00:02:05, Sys 0 00:00:33  -  Total Remote Usage
		Usr 0 00:00:00, Sys 0 00:00:00  -  Total Local Usage
	189896  -  Run Bytes Sent By Job
	1001  -  Run Bytes Received By Job
	189896  -  Total Bytes Sent By Job
	1001  -  Total Bytes Received By Job
	Partitionable Resources :    Usage  Request Allocated
	   Cpus                 :                 1         1
	   Disk (KB)            :      198        1   2598101
	   Memory (MB)          :       59     2000      2000
...
005 (917641.015.000) 01/09 14:49:03 Job terminated.
	(1) Normal termination (return value 0)
		Usr 0 00:01:59, Sys 0 00:00:35  -  Run Remote Usage
		Usr 0 00:00:00, Sys 0 00:00:00  -  Run Local Usage
		Usr 0 00:01:59, Sys 0 00:00:35  -  Total Remote Usage
		Usr 0 00:00:00, Sys 0 00:00:00  -  Total Local Usage
	113674  -  Run Bytes Sent By Job
	1043  -  Run Bytes Received By Job
	113674  -  Total Bytes Sent By Job
	1043  -  Total Bytes Received By Job
	Partitionable Resources :    Usage  Request Allocated
	   Cpus                 :                 1         1
	   Disk (KB)            :      124        1   2439566
	   Memory (MB)          :       58     2000      2000
...
006 (917641.001.000) 01/09 14:49:19 Image size of job updated: 113740
	58  -  MemoryUsage of job (MB)
	58948  -  ResidentSetSize of job (KB)
...
006 (917641.004.000) 01/09 14:49:20 Image size of job updated: 114288
	59  -  MemoryUsage of job (MB)
	59484  -  ResidentSetSize of job (KB)
...
006 (917641.013.000) 01/09 14:49:24 Image size of job updated: 113840
	58  -  MemoryUsage of job (MB)
	59048  -  ResidentSetSize of job (KB)
...
006 (917641.006.000) 01/09 14:49:29 Image size of job updated: 150916
	58  -  MemoryUsage of job (MB)
	59360  -  ResidentSetSize of job (KB)
...
005 (917641.005.000) 01/09 14:49:32 Job terminated.
	(1) Normal termination (return value 0)
		Usr 0 00:01:40, Sys 0 00:00:29  -  Run Remote Usage
		Usr 0 00:00:00, Sys 0 00:00:00  -  Run Local Usage
		Usr 0 00:01:40, Sys 0 00:00:29  -  Total Remote Usage
		Usr 0 00:00:00, Sys 0 00:00:00  -  Total Local Usage
	110405  -  Run Bytes Sent By Job
	1055  -  Run Bytes Received By Job
	110405  -  Total Bytes Sent By Job
	1055  -  Total Bytes Received By Job
	Partitionable Resources :    Usage  Request Allocated
	   Cpus                 :                 1         1
	   Disk (KB)            :      121        1   2362849
	   Memory (MB)          :       58     2000      2000
...
005 (917641.003.000) 01/09 14:49:32 Job terminated.
	(1) Normal termination (return value 0)
		Usr 0 00:01:38, Sys 0 00:00:29  -  Run Remote Usage
		Usr 0 00:00:00, Sys 0 00:00:00  -  Run Local Usage
		Usr 0 00:01:38, Sys 0 00:00:29  -  Total Remote Usage
		Usr 0 00:00:00, Sys 0 00:00:00  -  Total Local Usage
	108877  -  Run Bytes Sent By Job
	1031  -  Run Bytes Received By Job
	108877  -  Total Bytes Sent By Job
	1031  -  Total Bytes Received By Job
	Partitionable Resources :    Usage  Request Allocated
	   Cpus                 :                 1         1
	   Disk (KB)            :      119        1   2513099
	   Memory (MB)          :       58     2000      2000
...
006 (917641.000.000) 01/09 14:50:37 Image size of job updated: 114296
	59  -  MemoryUsage of job (MB)
	59492  -  ResidentSetSize of job (KB)
...
005 (917641.004.000) 01/09 14:50:57 Job terminated.
	(1) Normal termination (return value 0)
		Usr 0 00:01:56, Sys 0 00:00:29  -  Run Remote Usage
		Usr 0 00:00:00, Sys 0 00:00:00  -  Run Local Usage
		Usr 0 00:01:56, Sys 0 00:00:29  -  Total Remote Usage
		Usr 0 00:00:00, Sys 0 00:00:00  -  Total Local Usage
	186268  -  Run Bytes Sent By Job
	1029  -  Run Bytes Received By Job
	186268  -  Total Bytes Sent By Job
	1029  -  Total Bytes Received By Job
	Partitionable Resources :    Usage  Request Allocated
	   Cpus                 :                 1         1
	   Disk (KB)            :      195        1   2365627
	   Memory (MB)          :       59     2000      2000
...
006 (917641.000.000) 01/09 14:52:04 Image size of job updated: 374664
	59  -  MemoryUsage of job (MB)
	59492  -  ResidentSetSize of job (KB)
...
005 (917641.000.000) 01/09 14:52:04 Job terminated.
	(1) Normal termination (return value 0)
		Usr 0 00:01:58, Sys 0 00:00:31  -  Run Remote Usage
		Usr 0 00:00:00, Sys 0 00:00:00  -  Run Local Usage
		Usr 0 00:01:58, Sys 0 00:00:31  -  Total Remote Usage
		Usr 0 00:00:00, Sys 0 00:00:00  -  Total Local Usage
	185720  -  Run Bytes Sent By Job
	1009  -  Run Bytes Received By Job
	185720  -  Total Bytes Sent By Job
	1009  -  Total Bytes Received By Job
	Partitionable Resources :    Usage  Request Allocated
	   Cpus                 :                 1         1
	   Disk (KB)            :      194        1   2572222
	   Memory (MB)          :       59     2000      2000
...
006 (917641.006.000) 01/09 14:54:29 Image size of job updated: 158116
	63  -  MemoryUsage of job (MB)
	64024  -  ResidentSetSize of job (KB)
...
005 (917641.006.000) 01/09 14:54:56 Job terminated.
	(1) Normal termination (return value 0)
		Usr 0 00:01:47, Sys 0 00:00:27  -  Run Remote Usage
		Usr 0 00:00:00, Sys 0 00:00:00  -  Run Local Usage
		Usr 0 00:01:47, Sys 0 00:00:27  -  Total Remote Usage
		Usr 0 00:00:00, Sys 0 00:00:00  -  Total Local Usage
	183701  -  Run Bytes Sent By Job
	1025  -  Run Bytes Received By Job
	183701  -  Total Bytes Sent By Job
	1025  -  Total Bytes Received By Job
	Partitionable Resources :    Usage  Request Allocated
	   Cpus                 :                 1         1
	   Disk (KB)            :      200        1   2583560
	   Memory (MB)          :       63     2000      2000
...
005 (917641.013.000) 01/09 14:57:15 Job terminated.
	(1) Normal termination (return value 0)
		Usr 0 00:02:06, Sys 0 00:00:35  -  Run Remote Usage
		Usr 0 00:00:00, Sys 0 00:00:00  -  Run Local Usage
		Usr 0 00:02:06, Sys 0 00:00:35  -  Total Remote Usage
		Usr 0 00:00:00, Sys 0 00:00:00  -  Total Local Usage
	114552  -  Run Bytes Sent By Job
	1047  -  Run Bytes Received By Job
	114552  -  Total Bytes Sent By Job
	1047  -  Total Bytes Received By Job
	Partitionable Resources :    Usage  Request Allocated
	   Cpus                 :                 1         1
	   Disk (KB)            :      125        1   2423768
	   Memory (MB)          :       58     2000      2000
...
006 (917641.001.000) 01/09 14:59:20 Image size of job updated: 120604
	62  -  MemoryUsage of job (MB)
	63348  -  ResidentSetSize of job (KB)
...
005 (917641.001.000) 01/09 15:00:02 Job terminated.
	(1) Normal termination (return value 0)
		Usr 0 00:01:47, Sys 0 00:00:30  -  Run Remote Usage
		Usr 0 00:00:00, Sys 0 00:00:00  -  Run Local Usage
		Usr 0 00:01:47, Sys 0 00:00:30  -  Total Remote Usage
		Usr 0 00:00:00, Sys 0 00:00:00  -  Total Local Usage
	111079  -  Run Bytes Sent By Job
	1035  -  Run Bytes Received By Job
	111079  -  Total Bytes Sent By Job
	1035  -  Total Bytes Received By Job
	Partitionable Resources :    Usage  Request Allocated
	   Cpus                 :                 1         1
	   Disk (KB)            :      147        1   2590630
	   Memory (MB)          :       62     2000      2000
...
