000 (911181.000.000) 01/09 00:57:25 Job submitted from host: <137.138.44.75:9618?addrs=137.138.44.75-9618+[2001-1458-d00-1a--b]-9618&noUDP&sock=124143_59c7_28>
...
000 (911181.001.000) 01/09 00:57:25 Job submitted from host: <137.138.44.75:9618?addrs=137.138.44.75-9618+[2001-1458-d00-1a--b]-9618&noUDP&sock=124143_59c7_28>
...
000 (911181.002.000) 01/09 00:57:26 Job submitted from host: <137.138.44.75:9618?addrs=137.138.44.75-9618+[2001-1458-d00-1a--b]-9618&noUDP&sock=124143_59c7_28>
...
000 (911181.003.000) 01/09 00:57:26 Job submitted from host: <137.138.44.75:9618?addrs=137.138.44.75-9618+[2001-1458-d00-1a--b]-9618&noUDP&sock=124143_59c7_28>
...
000 (911181.004.000) 01/09 00:57:26 Job submitted from host: <137.138.44.75:9618?addrs=137.138.44.75-9618+[2001-1458-d00-1a--b]-9618&noUDP&sock=124143_59c7_28>
...
000 (911181.005.000) 01/09 00:57:26 Job submitted from host: <137.138.44.75:9618?addrs=137.138.44.75-9618+[2001-1458-d00-1a--b]-9618&noUDP&sock=124143_59c7_28>
...
000 (911181.006.000) 01/09 00:57:26 Job submitted from host: <137.138.44.75:9618?addrs=137.138.44.75-9618+[2001-1458-d00-1a--b]-9618&noUDP&sock=124143_59c7_28>
...
000 (911181.007.000) 01/09 00:57:26 Job submitted from host: <137.138.44.75:9618?addrs=137.138.44.75-9618+[2001-1458-d00-1a--b]-9618&noUDP&sock=124143_59c7_28>
...
000 (911181.008.000) 01/09 00:57:26 Job submitted from host: <137.138.44.75:9618?addrs=137.138.44.75-9618+[2001-1458-d00-1a--b]-9618&noUDP&sock=124143_59c7_28>
...
000 (911181.009.000) 01/09 00:57:26 Job submitted from host: <137.138.44.75:9618?addrs=137.138.44.75-9618+[2001-1458-d00-1a--b]-9618&noUDP&sock=124143_59c7_28>
...
000 (911181.010.000) 01/09 00:57:27 Job submitted from host: <137.138.44.75:9618?addrs=137.138.44.75-9618+[2001-1458-d00-1a--b]-9618&noUDP&sock=124143_59c7_28>
...
000 (911181.011.000) 01/09 00:57:27 Job submitted from host: <137.138.44.75:9618?addrs=137.138.44.75-9618+[2001-1458-d00-1a--b]-9618&noUDP&sock=124143_59c7_28>
...
000 (911181.012.000) 01/09 00:57:27 Job submitted from host: <137.138.44.75:9618?addrs=137.138.44.75-9618+[2001-1458-d00-1a--b]-9618&noUDP&sock=124143_59c7_28>
...
000 (911181.013.000) 01/09 00:57:27 Job submitted from host: <137.138.44.75:9618?addrs=137.138.44.75-9618+[2001-1458-d00-1a--b]-9618&noUDP&sock=124143_59c7_28>
...
000 (911181.014.000) 01/09 00:57:27 Job submitted from host: <137.138.44.75:9618?addrs=137.138.44.75-9618+[2001-1458-d00-1a--b]-9618&noUDP&sock=124143_59c7_28>
...
000 (911181.015.000) 01/09 00:57:27 Job submitted from host: <137.138.44.75:9618?addrs=137.138.44.75-9618+[2001-1458-d00-1a--b]-9618&noUDP&sock=124143_59c7_28>
...
001 (911181.014.000) 01/09 01:07:46 Job executing on host: <188.184.213.180:9618?addrs=188.184.213.180-9618+[--1]-9618&noUDP&sock=26955_c7d1_3>
...
001 (911181.015.000) 01/09 01:07:47 Job executing on host: <188.184.212.70:9618?addrs=188.184.212.70-9618+[--1]-9618&noUDP&sock=8896_523f_3>
...
006 (911181.015.000) 01/09 01:07:55 Image size of job updated: 113564
	52  -  MemoryUsage of job (MB)
	52600  -  ResidentSetSize of job (KB)
...
006 (911181.014.000) 01/09 01:07:55 Image size of job updated: 113564
	52  -  MemoryUsage of job (MB)
	52592  -  ResidentSetSize of job (KB)
...
001 (911181.003.000) 01/09 01:08:03 Job executing on host: <188.184.183.119:9618?addrs=188.184.183.119-9618+[--1]-9618&noUDP&sock=8294_83cd_3>
...
001 (911181.001.000) 01/09 01:08:03 Job executing on host: <188.184.138.75:9618?addrs=188.184.138.75-9618+[--1]-9618&noUDP&sock=8411_73fa_3>
...
001 (911181.006.000) 01/09 01:08:04 Job executing on host: <188.184.182.196:9618?addrs=188.184.182.196-9618+[--1]-9618&noUDP&sock=8523_9cb3_3>
...
001 (911181.007.000) 01/09 01:08:05 Job executing on host: <188.184.197.61:9618?addrs=188.184.197.61-9618+[--1]-9618&noUDP&sock=3272_d72f_3>
...
001 (911181.008.000) 01/09 01:08:05 Job executing on host: <188.184.211.64:9618?addrs=188.184.211.64-9618+[--1]-9618&noUDP&sock=3432_f587_3>
...
001 (911181.000.000) 01/09 01:08:05 Job executing on host: <188.184.196.101:9618?addrs=188.184.196.101-9618+[--1]-9618&noUDP&sock=8920_4547_3>
...
001 (911181.011.000) 01/09 01:08:06 Job executing on host: <188.184.139.5:9618?addrs=188.184.139.5-9618+[--1]-9618&noUDP&sock=19646_6a1b_3>
...
001 (911181.010.000) 01/09 01:08:06 Job executing on host: <188.184.183.21:9618?addrs=188.184.183.21-9618+[--1]-9618&noUDP&sock=8766_fd70_3>
...
001 (911181.004.000) 01/09 01:08:06 Job executing on host: <188.184.182.189:9618?addrs=188.184.182.189-9618+[--1]-9618&noUDP&sock=25434_8044_3>
...
001 (911181.002.000) 01/09 01:08:07 Job executing on host: <188.184.212.50:9618?addrs=188.184.212.50-9618+[--1]-9618&noUDP&sock=6609_1de9_3>
...
001 (911181.005.000) 01/09 01:08:07 Job executing on host: <188.184.182.128:9618?addrs=188.184.182.128-9618+[--1]-9618&noUDP&sock=8373_3707_3>
...
001 (911181.009.000) 01/09 01:08:08 Job executing on host: <188.184.182.108:9618?addrs=188.184.182.108-9618+[--1]-9618&noUDP&sock=22556_6eb3_3>
...
001 (911181.012.000) 01/09 01:08:09 Job executing on host: <188.184.183.92:9618?addrs=188.184.183.92-9618+[--1]-9618&noUDP&sock=8354_9cb3_3>
...
001 (911181.013.000) 01/09 01:08:09 Job executing on host: <188.184.211.68:9618?addrs=188.184.211.68-9618+[--1]-9618&noUDP&sock=8855_506f_3>
...
006 (911181.003.000) 01/09 01:08:11 Image size of job updated: 113436
	52  -  MemoryUsage of job (MB)
	52472  -  ResidentSetSize of job (KB)
...
006 (911181.001.000) 01/09 01:08:12 Image size of job updated: 64404
	24  -  MemoryUsage of job (MB)
	24560  -  ResidentSetSize of job (KB)
...
006 (911181.008.000) 01/09 01:08:13 Image size of job updated: 103736
	45  -  MemoryUsage of job (MB)
	45156  -  ResidentSetSize of job (KB)
...
006 (911181.007.000) 01/09 01:08:13 Image size of job updated: 113392
	52  -  MemoryUsage of job (MB)
	52428  -  ResidentSetSize of job (KB)
...
006 (911181.006.000) 01/09 01:08:13 Image size of job updated: 113404
	52  -  MemoryUsage of job (MB)
	52432  -  ResidentSetSize of job (KB)
...
006 (911181.000.000) 01/09 01:08:14 Image size of job updated: 113436
	52  -  MemoryUsage of job (MB)
	52464  -  ResidentSetSize of job (KB)
...
006 (911181.011.000) 01/09 01:08:14 Image size of job updated: 111740
	50  -  MemoryUsage of job (MB)
	51200  -  ResidentSetSize of job (KB)
...
006 (911181.010.000) 01/09 01:08:15 Image size of job updated: 111888
	51  -  MemoryUsage of job (MB)
	51332  -  ResidentSetSize of job (KB)
...
006 (911181.004.000) 01/09 01:08:15 Image size of job updated: 120708
	52  -  MemoryUsage of job (MB)
	52472  -  ResidentSetSize of job (KB)
...
006 (911181.002.000) 01/09 01:08:16 Image size of job updated: 113452
	52  -  MemoryUsage of job (MB)
	52480  -  ResidentSetSize of job (KB)
...
006 (911181.005.000) 01/09 01:08:16 Image size of job updated: 113432
	52  -  MemoryUsage of job (MB)
	52468  -  ResidentSetSize of job (KB)
...
006 (911181.009.000) 01/09 01:08:17 Image size of job updated: 113620
	52  -  MemoryUsage of job (MB)
	52656  -  ResidentSetSize of job (KB)
...
006 (911181.012.000) 01/09 01:08:18 Image size of job updated: 110244
	49  -  MemoryUsage of job (MB)
	49920  -  ResidentSetSize of job (KB)
...
006 (911181.013.000) 01/09 01:08:18 Image size of job updated: 113616
	52  -  MemoryUsage of job (MB)
	52652  -  ResidentSetSize of job (KB)
...
006 (911181.015.000) 01/09 01:12:55 Image size of job updated: 113776
	52  -  MemoryUsage of job (MB)
	52752  -  ResidentSetSize of job (KB)
...
006 (911181.014.000) 01/09 01:12:56 Image size of job updated: 114104
	52  -  MemoryUsage of job (MB)
	53060  -  ResidentSetSize of job (KB)
...
006 (911181.003.000) 01/09 01:13:11 Image size of job updated: 113588
	52  -  MemoryUsage of job (MB)
	52544  -  ResidentSetSize of job (KB)
...
006 (911181.001.000) 01/09 01:13:13 Image size of job updated: 113876
	52  -  MemoryUsage of job (MB)
	52832  -  ResidentSetSize of job (KB)
...
006 (911181.008.000) 01/09 01:13:13 Image size of job updated: 114152
	52  -  MemoryUsage of job (MB)
	53108  -  ResidentSetSize of job (KB)
...
006 (911181.007.000) 01/09 01:13:13 Image size of job updated: 114200
	52  -  MemoryUsage of job (MB)
	53156  -  ResidentSetSize of job (KB)
...
006 (911181.000.000) 01/09 01:13:14 Image size of job updated: 114016
	52  -  MemoryUsage of job (MB)
	52972  -  ResidentSetSize of job (KB)
...
006 (911181.006.000) 01/09 01:13:14 Image size of job updated: 113960
	52  -  MemoryUsage of job (MB)
	52916  -  ResidentSetSize of job (KB)
...
006 (911181.011.000) 01/09 01:13:15 Image size of job updated: 114184
	52  -  MemoryUsage of job (MB)
	53160  -  ResidentSetSize of job (KB)
...
006 (911181.010.000) 01/09 01:13:16 Image size of job updated: 113812
	52  -  MemoryUsage of job (MB)
	52784  -  ResidentSetSize of job (KB)
...
006 (911181.004.000) 01/09 01:13:16 Image size of job updated: 120888
	52  -  MemoryUsage of job (MB)
	52596  -  ResidentSetSize of job (KB)
...
006 (911181.002.000) 01/09 01:13:17 Image size of job updated: 114392
	53  -  MemoryUsage of job (MB)
	53348  -  ResidentSetSize of job (KB)
...
006 (911181.005.000) 01/09 01:13:17 Image size of job updated: 113868
	52  -  MemoryUsage of job (MB)
	52824  -  ResidentSetSize of job (KB)
...
006 (911181.009.000) 01/09 01:13:19 Image size of job updated: 114032
	52  -  MemoryUsage of job (MB)
	52988  -  ResidentSetSize of job (KB)
...
006 (911181.013.000) 01/09 01:13:19 Image size of job updated: 114032
	52  -  MemoryUsage of job (MB)
	52988  -  ResidentSetSize of job (KB)
...
006 (911181.012.000) 01/09 01:13:19 Image size of job updated: 113816
	52  -  MemoryUsage of job (MB)
	52788  -  ResidentSetSize of job (KB)
...
006 (911181.015.000) 01/09 01:17:56 Image size of job updated: 113972
	52  -  MemoryUsage of job (MB)
	52928  -  ResidentSetSize of job (KB)
...
006 (911181.014.000) 01/09 01:17:57 Image size of job updated: 114520
	53  -  MemoryUsage of job (MB)
	53476  -  ResidentSetSize of job (KB)
...
006 (911181.003.000) 01/09 01:18:12 Image size of job updated: 113848
	52  -  MemoryUsage of job (MB)
	52804  -  ResidentSetSize of job (KB)
...
006 (911181.001.000) 01/09 01:18:13 Image size of job updated: 113884
	52  -  MemoryUsage of job (MB)
	52840  -  ResidentSetSize of job (KB)
...
006 (911181.007.000) 01/09 01:18:14 Image size of job updated: 114208
	52  -  MemoryUsage of job (MB)
	53164  -  ResidentSetSize of job (KB)
...
006 (911181.008.000) 01/09 01:18:14 Image size of job updated: 114168
	52  -  MemoryUsage of job (MB)
	53124  -  ResidentSetSize of job (KB)
...
006 (911181.006.000) 01/09 01:18:15 Image size of job updated: 113976
	52  -  MemoryUsage of job (MB)
	52932  -  ResidentSetSize of job (KB)
...
006 (911181.000.000) 01/09 01:18:15 Image size of job updated: 114044
	52  -  MemoryUsage of job (MB)
	53000  -  ResidentSetSize of job (KB)
...
006 (911181.011.000) 01/09 01:18:16 Image size of job updated: 114396
	53  -  MemoryUsage of job (MB)
	53352  -  ResidentSetSize of job (KB)
...
006 (911181.010.000) 01/09 01:18:17 Image size of job updated: 114148
	52  -  MemoryUsage of job (MB)
	53104  -  ResidentSetSize of job (KB)
...
006 (911181.004.000) 01/09 01:18:17 Image size of job updated: 121308
	52  -  MemoryUsage of job (MB)
	53000  -  ResidentSetSize of job (KB)
...
006 (911181.002.000) 01/09 01:18:18 Image size of job updated: 114404
	53  -  MemoryUsage of job (MB)
	53360  -  ResidentSetSize of job (KB)
...
006 (911181.005.000) 01/09 01:18:18 Image size of job updated: 113880
	52  -  MemoryUsage of job (MB)
	52836  -  ResidentSetSize of job (KB)
...
006 (911181.013.000) 01/09 01:18:19 Image size of job updated: 114432
	53  -  MemoryUsage of job (MB)
	53388  -  ResidentSetSize of job (KB)
...
006 (911181.009.000) 01/09 01:18:19 Image size of job updated: 114036
	52  -  MemoryUsage of job (MB)
	52992  -  ResidentSetSize of job (KB)
...
006 (911181.012.000) 01/09 01:18:20 Image size of job updated: 114148
	52  -  MemoryUsage of job (MB)
	53104  -  ResidentSetSize of job (KB)
...
006 (911181.015.000) 01/09 01:22:56 Image size of job updated: 113976
	52  -  MemoryUsage of job (MB)
	52932  -  ResidentSetSize of job (KB)
...
006 (911181.014.000) 01/09 01:22:57 Image size of job updated: 114540
	53  -  MemoryUsage of job (MB)
	53496  -  ResidentSetSize of job (KB)
...
006 (911181.001.000) 01/09 01:23:13 Image size of job updated: 113892
	52  -  MemoryUsage of job (MB)
	52848  -  ResidentSetSize of job (KB)
...
006 (911181.007.000) 01/09 01:23:15 Image size of job updated: 114216
	52  -  MemoryUsage of job (MB)
	53172  -  ResidentSetSize of job (KB)
...
006 (911181.008.000) 01/09 01:23:15 Image size of job updated: 114168
	52  -  MemoryUsage of job (MB)
	53140  -  ResidentSetSize of job (KB)
...
006 (911181.006.000) 01/09 01:23:15 Image size of job updated: 113996
	52  -  MemoryUsage of job (MB)
	52952  -  ResidentSetSize of job (KB)
...
006 (911181.000.000) 01/09 01:23:16 Image size of job updated: 114060
	52  -  MemoryUsage of job (MB)
	53016  -  ResidentSetSize of job (KB)
...
006 (911181.011.000) 01/09 01:23:16 Image size of job updated: 114400
	53  -  MemoryUsage of job (MB)
	53356  -  ResidentSetSize of job (KB)
...
006 (911181.010.000) 01/09 01:23:17 Image size of job updated: 114152
	52  -  MemoryUsage of job (MB)
	53108  -  ResidentSetSize of job (KB)
...
006 (911181.004.000) 01/09 01:23:17 Image size of job updated: 121332
	52  -  MemoryUsage of job (MB)
	53024  -  ResidentSetSize of job (KB)
...
006 (911181.005.000) 01/09 01:23:18 Image size of job updated: 113892
	52  -  MemoryUsage of job (MB)
	52848  -  ResidentSetSize of job (KB)
...
006 (911181.002.000) 01/09 01:23:18 Image size of job updated: 114420
	53  -  MemoryUsage of job (MB)
	53376  -  ResidentSetSize of job (KB)
...
006 (911181.012.000) 01/09 01:23:20 Image size of job updated: 114160
	52  -  MemoryUsage of job (MB)
	53116  -  ResidentSetSize of job (KB)
...
006 (911181.015.000) 01/09 01:27:56 Image size of job updated: 113980
	52  -  MemoryUsage of job (MB)
	52936  -  ResidentSetSize of job (KB)
...
006 (911181.014.000) 01/09 01:27:58 Image size of job updated: 114560
	53  -  MemoryUsage of job (MB)
	53496  -  ResidentSetSize of job (KB)
...
006 (911181.001.000) 01/09 01:28:14 Image size of job updated: 113904
	52  -  MemoryUsage of job (MB)
	52860  -  ResidentSetSize of job (KB)
...
006 (911181.007.000) 01/09 01:28:15 Image size of job updated: 114224
	52  -  MemoryUsage of job (MB)
	53180  -  ResidentSetSize of job (KB)
...
006 (911181.008.000) 01/09 01:28:15 Image size of job updated: 114168
	52  -  MemoryUsage of job (MB)
	53152  -  ResidentSetSize of job (KB)
...
006 (911181.006.000) 01/09 01:28:16 Image size of job updated: 114012
	52  -  MemoryUsage of job (MB)
	52968  -  ResidentSetSize of job (KB)
...
006 (911181.000.000) 01/09 01:28:16 Image size of job updated: 114088
	52  -  MemoryUsage of job (MB)
	53044  -  ResidentSetSize of job (KB)
...
006 (911181.010.000) 01/09 01:28:17 Image size of job updated: 114164
	52  -  MemoryUsage of job (MB)
	53120  -  ResidentSetSize of job (KB)
...
006 (911181.004.000) 01/09 01:28:17 Image size of job updated: 121356
	52  -  MemoryUsage of job (MB)
	53048  -  ResidentSetSize of job (KB)
...
006 (911181.002.000) 01/09 01:28:19 Image size of job updated: 114436
	53  -  MemoryUsage of job (MB)
	53392  -  ResidentSetSize of job (KB)
...
006 (911181.012.000) 01/09 01:28:21 Image size of job updated: 114568
	53  -  MemoryUsage of job (MB)
	53524  -  ResidentSetSize of job (KB)
...
006 (911181.015.000) 01/09 01:32:57 Image size of job updated: 113988
	52  -  MemoryUsage of job (MB)
	52944  -  ResidentSetSize of job (KB)
...
006 (911181.014.000) 01/09 01:32:59 Image size of job updated: 114576
	53  -  MemoryUsage of job (MB)
	53496  -  ResidentSetSize of job (KB)
...
006 (911181.001.000) 01/09 01:33:14 Image size of job updated: 113908
	52  -  MemoryUsage of job (MB)
	52864  -  ResidentSetSize of job (KB)
...
006 (911181.007.000) 01/09 01:33:15 Image size of job updated: 114232
	52  -  MemoryUsage of job (MB)
	53188  -  ResidentSetSize of job (KB)
...
006 (911181.008.000) 01/09 01:33:15 Image size of job updated: 114168
	52  -  MemoryUsage of job (MB)
	53172  -  ResidentSetSize of job (KB)
...
006 (911181.006.000) 01/09 01:33:16 Image size of job updated: 114032
	52  -  MemoryUsage of job (MB)
	52988  -  ResidentSetSize of job (KB)
...
006 (911181.011.000) 01/09 01:33:17 Image size of job updated: 114404
	53  -  MemoryUsage of job (MB)
	53360  -  ResidentSetSize of job (KB)
...
006 (911181.000.000) 01/09 01:33:17 Image size of job updated: 114116
	52  -  MemoryUsage of job (MB)
	53072  -  ResidentSetSize of job (KB)
...
006 (911181.004.000) 01/09 01:33:18 Image size of job updated: 121388
	52  -  MemoryUsage of job (MB)
	53080  -  ResidentSetSize of job (KB)
...
006 (911181.010.000) 01/09 01:33:18 Image size of job updated: 114180
	52  -  MemoryUsage of job (MB)
	53136  -  ResidentSetSize of job (KB)
...
006 (911181.002.000) 01/09 01:33:20 Image size of job updated: 114452
	53  -  MemoryUsage of job (MB)
	53408  -  ResidentSetSize of job (KB)
...
006 (911181.005.000) 01/09 01:33:20 Image size of job updated: 113908
	52  -  MemoryUsage of job (MB)
	52864  -  ResidentSetSize of job (KB)
...
006 (911181.013.000) 01/09 01:33:21 Image size of job updated: 114436
	53  -  MemoryUsage of job (MB)
	53392  -  ResidentSetSize of job (KB)
...
006 (911181.012.000) 01/09 01:33:22 Image size of job updated: 114576
	53  -  MemoryUsage of job (MB)
	53532  -  ResidentSetSize of job (KB)
...
006 (911181.015.000) 01/09 01:37:58 Image size of job updated: 113992
	52  -  MemoryUsage of job (MB)
	52948  -  ResidentSetSize of job (KB)
...
006 (911181.014.000) 01/09 01:37:59 Image size of job updated: 114592
	53  -  MemoryUsage of job (MB)
	53496  -  ResidentSetSize of job (KB)
...
006 (911181.001.000) 01/09 01:38:14 Image size of job updated: 113916
	52  -  MemoryUsage of job (MB)
	52872  -  ResidentSetSize of job (KB)
...
006 (911181.008.000) 01/09 01:38:16 Image size of job updated: 114168
	52  -  MemoryUsage of job (MB)
	53180  -  ResidentSetSize of job (KB)
...
006 (911181.006.000) 01/09 01:38:16 Image size of job updated: 114052
	52  -  MemoryUsage of job (MB)
	53008  -  ResidentSetSize of job (KB)
...
006 (911181.007.000) 01/09 01:38:16 Image size of job updated: 114244
	52  -  MemoryUsage of job (MB)
	53200  -  ResidentSetSize of job (KB)
...
006 (911181.000.000) 01/09 01:38:18 Image size of job updated: 114148
	52  -  MemoryUsage of job (MB)
	53104  -  ResidentSetSize of job (KB)
...
006 (911181.004.000) 01/09 01:38:19 Image size of job updated: 121416
	52  -  MemoryUsage of job (MB)
	53108  -  ResidentSetSize of job (KB)
...
006 (911181.010.000) 01/09 01:38:19 Image size of job updated: 114196
	52  -  MemoryUsage of job (MB)
	53152  -  ResidentSetSize of job (KB)
...
006 (911181.005.000) 01/09 01:38:20 Image size of job updated: 114316
	53  -  MemoryUsage of job (MB)
	53272  -  ResidentSetSize of job (KB)
...
006 (911181.002.000) 01/09 01:38:20 Image size of job updated: 114468
	53  -  MemoryUsage of job (MB)
	53424  -  ResidentSetSize of job (KB)
...
006 (911181.013.000) 01/09 01:38:21 Image size of job updated: 114448
	53  -  MemoryUsage of job (MB)
	53392  -  ResidentSetSize of job (KB)
...
006 (911181.012.000) 01/09 01:38:22 Image size of job updated: 114588
	53  -  MemoryUsage of job (MB)
	53544  -  ResidentSetSize of job (KB)
...
006 (911181.015.000) 01/09 01:42:58 Image size of job updated: 114000
	52  -  MemoryUsage of job (MB)
	52956  -  ResidentSetSize of job (KB)
...
006 (911181.014.000) 01/09 01:43:00 Image size of job updated: 114616
	53  -  MemoryUsage of job (MB)
	53496  -  ResidentSetSize of job (KB)
...
005 (911181.000.000) 01/09 01:43:05 Job terminated.
	(1) Normal termination (return value 0)
		Usr 0 00:08:16, Sys 0 00:00:12  -  Run Remote Usage
		Usr 0 00:00:00, Sys 0 00:00:00  -  Run Local Usage
		Usr 0 00:08:16, Sys 0 00:00:12  -  Total Remote Usage
		Usr 0 00:00:00, Sys 0 00:00:00  -  Total Local Usage
	344855  -  Run Bytes Sent By Job
	947  -  Run Bytes Received By Job
	344855  -  Total Bytes Sent By Job
	947  -  Total Bytes Received By Job
	Partitionable Resources :    Usage  Request Allocated
	   Cpus                 :                 1         1
	   Disk (KB)            :      350        1   3420085
	   Memory (MB)          :       52     2000      2000
...
005 (911181.004.000) 01/09 01:43:13 Job terminated.
	(1) Normal termination (return value 0)
		Usr 0 00:08:13, Sys 0 00:00:12  -  Run Remote Usage
		Usr 0 00:00:00, Sys 0 00:00:00  -  Run Local Usage
		Usr 0 00:08:13, Sys 0 00:00:12  -  Total Remote Usage
		Usr 0 00:00:00, Sys 0 00:00:00  -  Total Local Usage
	344833  -  Run Bytes Sent By Job
	967  -  Run Bytes Received By Job
	344833  -  Total Bytes Sent By Job
	967  -  Total Bytes Received By Job
	Partitionable Resources :    Usage  Request Allocated
	   Cpus                 :                 1         1
	   Disk (KB)            :      350        1   2222042
	   Memory (MB)          :       52     2000      2000
...
006 (911181.001.000) 01/09 01:43:15 Image size of job updated: 113928
	52  -  MemoryUsage of job (MB)
	52884  -  ResidentSetSize of job (KB)
...
006 (911181.008.000) 01/09 01:43:16 Image size of job updated: 114168
	52  -  MemoryUsage of job (MB)
	53212  -  ResidentSetSize of job (KB)
...
006 (911181.007.000) 01/09 01:43:17 Image size of job updated: 114260
	52  -  MemoryUsage of job (MB)
	53216  -  ResidentSetSize of job (KB)
...
006 (911181.011.000) 01/09 01:43:17 Image size of job updated: 114408
	53  -  MemoryUsage of job (MB)
	53364  -  ResidentSetSize of job (KB)
...
006 (911181.006.000) 01/09 01:43:17 Image size of job updated: 114088
	52  -  MemoryUsage of job (MB)
	53044  -  ResidentSetSize of job (KB)
...
006 (911181.010.000) 01/09 01:43:19 Image size of job updated: 114208
	52  -  MemoryUsage of job (MB)
	53164  -  ResidentSetSize of job (KB)
...
006 (911181.002.000) 01/09 01:43:20 Image size of job updated: 114492
	53  -  MemoryUsage of job (MB)
	53448  -  ResidentSetSize of job (KB)
...
006 (911181.013.000) 01/09 01:43:21 Image size of job updated: 114464
	53  -  MemoryUsage of job (MB)
	53392  -  ResidentSetSize of job (KB)
...
006 (911181.005.000) 01/09 01:43:21 Image size of job updated: 114336
	53  -  MemoryUsage of job (MB)
	53292  -  ResidentSetSize of job (KB)
...
006 (911181.012.000) 01/09 01:43:23 Image size of job updated: 114604
	53  -  MemoryUsage of job (MB)
	53560  -  ResidentSetSize of job (KB)
...
006 (911181.015.000) 01/09 01:47:59 Image size of job updated: 114012
	52  -  MemoryUsage of job (MB)
	52968  -  ResidentSetSize of job (KB)
...
006 (911181.014.000) 01/09 01:48:01 Image size of job updated: 114636
	53  -  MemoryUsage of job (MB)
	53496  -  ResidentSetSize of job (KB)
...
006 (911181.001.000) 01/09 01:48:16 Image size of job updated: 113944
	52  -  MemoryUsage of job (MB)
	52900  -  ResidentSetSize of job (KB)
...
006 (911181.008.000) 01/09 01:48:16 Image size of job updated: 114168
	52  -  MemoryUsage of job (MB)
	53236  -  ResidentSetSize of job (KB)
...
006 (911181.007.000) 01/09 01:48:17 Image size of job updated: 114272
	52  -  MemoryUsage of job (MB)
	53228  -  ResidentSetSize of job (KB)
...
006 (911181.011.000) 01/09 01:48:18 Image size of job updated: 114412
	53  -  MemoryUsage of job (MB)
	53368  -  ResidentSetSize of job (KB)
...
006 (911181.006.000) 01/09 01:48:18 Image size of job updated: 114092
	52  -  MemoryUsage of job (MB)
	53048  -  ResidentSetSize of job (KB)
...
006 (911181.010.000) 01/09 01:48:20 Image size of job updated: 114224
	52  -  MemoryUsage of job (MB)
	53180  -  ResidentSetSize of job (KB)
...
006 (911181.002.000) 01/09 01:48:21 Image size of job updated: 114524
	53  -  MemoryUsage of job (MB)
	53480  -  ResidentSetSize of job (KB)
...
006 (911181.012.000) 01/09 01:48:24 Image size of job updated: 114616
	53  -  MemoryUsage of job (MB)
	53572  -  ResidentSetSize of job (KB)
...
005 (911181.005.000) 01/09 01:50:00 Job terminated.
	(1) Normal termination (return value 0)
		Usr 0 00:07:50, Sys 0 00:00:12  -  Run Remote Usage
		Usr 0 00:00:00, Sys 0 00:00:00  -  Run Local Usage
		Usr 0 00:07:50, Sys 0 00:00:12  -  Total Remote Usage
		Usr 0 00:00:00, Sys 0 00:00:00  -  Total Local Usage
	261170  -  Run Bytes Sent By Job
	993  -  Run Bytes Received By Job
	261170  -  Total Bytes Sent By Job
	993  -  Total Bytes Received By Job
	Partitionable Resources :    Usage  Request Allocated
	   Cpus                 :                 1         1
	   Disk (KB)            :      268        1   2251401
	   Memory (MB)          :       53     2000      2000
...
005 (911181.007.000) 01/09 01:51:28 Job terminated.
	(1) Normal termination (return value 0)
		Usr 0 00:07:57, Sys 0 00:00:12  -  Run Remote Usage
		Usr 0 00:00:00, Sys 0 00:00:00  -  Run Local Usage
		Usr 0 00:07:57, Sys 0 00:00:12  -  Total Remote Usage
		Usr 0 00:00:00, Sys 0 00:00:00  -  Total Local Usage
	247023  -  Run Bytes Sent By Job
	989  -  Run Bytes Received By Job
	247023  -  Total Bytes Sent By Job
	989  -  Total Bytes Received By Job
	Partitionable Resources :    Usage  Request Allocated
	   Cpus                 :                 1         1
	   Disk (KB)            :      254        1   3491813
	   Memory (MB)          :       52     2000      2000
...
005 (911181.013.000) 01/09 01:52:42 Job terminated.
	(1) Normal termination (return value 0)
		Usr 0 00:09:02, Sys 0 00:00:13  -  Run Remote Usage
		Usr 0 00:00:00, Sys 0 00:00:00  -  Run Local Usage
		Usr 0 00:09:02, Sys 0 00:00:13  -  Total Remote Usage
		Usr 0 00:00:00, Sys 0 00:00:00  -  Total Local Usage
	292609  -  Run Bytes Sent By Job
	985  -  Run Bytes Received By Job
	292609  -  Total Bytes Sent By Job
	985  -  Total Bytes Received By Job
	Partitionable Resources :    Usage  Request Allocated
	   Cpus                 :                 1         1
	   Disk (KB)            :      299        1   3518619
	   Memory (MB)          :       53     2000      2000
...
005 (911181.006.000) 01/09 01:52:52 Job terminated.
	(1) Normal termination (return value 0)
		Usr 0 00:08:00, Sys 0 00:00:13  -  Run Remote Usage
		Usr 0 00:00:00, Sys 0 00:00:00  -  Run Local Usage
		Usr 0 00:08:00, Sys 0 00:00:13  -  Total Remote Usage
		Usr 0 00:00:00, Sys 0 00:00:00  -  Total Local Usage
	330667  -  Run Bytes Sent By Job
	963  -  Run Bytes Received By Job
	330667  -  Total Bytes Sent By Job
	963  -  Total Bytes Received By Job
	Partitionable Resources :    Usage  Request Allocated
	   Cpus                 :                 1         1
	   Disk (KB)            :      336        1   3485859
	   Memory (MB)          :       52     2000      2000
...
006 (911181.015.000) 01/09 01:53:00 Image size of job updated: 114036
	52  -  MemoryUsage of job (MB)
	52992  -  ResidentSetSize of job (KB)
...
006 (911181.011.000) 01/09 01:53:18 Image size of job updated: 114420
	53  -  MemoryUsage of job (MB)
	53376  -  ResidentSetSize of job (KB)
...
006 (911181.010.000) 01/09 01:53:21 Image size of job updated: 114224
	52  -  MemoryUsage of job (MB)
	53204  -  ResidentSetSize of job (KB)
...
006 (911181.012.000) 01/09 01:53:24 Image size of job updated: 114632
	53  -  MemoryUsage of job (MB)
	53588  -  ResidentSetSize of job (KB)
...
005 (911181.014.000) 01/09 01:54:09 Job terminated.
	(1) Normal termination (return value 0)
		Usr 0 00:09:25, Sys 0 00:00:15  -  Run Remote Usage
		Usr 0 00:00:00, Sys 0 00:00:00  -  Run Local Usage
		Usr 0 00:09:25, Sys 0 00:00:15  -  Total Remote Usage
		Usr 0 00:00:00, Sys 0 00:00:00  -  Total Local Usage
	367792  -  Run Bytes Sent By Job
	955  -  Run Bytes Received By Job
	367792  -  Total Bytes Sent By Job
	955  -  Total Bytes Received By Job
	Partitionable Resources :    Usage  Request Allocated
	   Cpus                 :                 1         1
	   Disk (KB)            :      372        1   1540812
	   Memory (MB)          :       53     2000      2000
...
005 (911181.009.000) 01/09 01:55:08 Job terminated.
	(1) Normal termination (return value 0)
		Usr 0 00:09:44, Sys 0 00:00:14  -  Run Remote Usage
		Usr 0 00:00:00, Sys 0 00:00:00  -  Run Local Usage
		Usr 0 00:09:44, Sys 0 00:00:14  -  Total Remote Usage
		Usr 0 00:00:00, Sys 0 00:00:00  -  Total Local Usage
	292603  -  Run Bytes Sent By Job
	965  -  Run Bytes Received By Job
	292603  -  Total Bytes Sent By Job
	965  -  Total Bytes Received By Job
	Partitionable Resources :    Usage  Request Allocated
	   Cpus                 :                 1         1
	   Disk (KB)            :      299        1   2831135
	   Memory (MB)          :       52     2000      2000
...
005 (911181.008.000) 01/09 01:55:09 Job terminated.
	(1) Normal termination (return value 0)
		Usr 0 00:09:34, Sys 0 00:00:21  -  Run Remote Usage
		Usr 0 00:00:00, Sys 0 00:00:00  -  Run Local Usage
		Usr 0 00:09:34, Sys 0 00:00:21  -  Total Remote Usage
		Usr 0 00:00:00, Sys 0 00:00:00  -  Total Local Usage
	376671  -  Run Bytes Sent By Job
	939  -  Run Bytes Received By Job
	376671  -  Total Bytes Sent By Job
	939  -  Total Bytes Received By Job
	Partitionable Resources :    Usage  Request Allocated
	   Cpus                 :                 1         1
	   Disk (KB)            :      381        1   3387163
	   Memory (MB)          :       52     2000      2000
...
006 (911181.011.000) 01/09 01:58:18 Image size of job updated: 114432
	53  -  MemoryUsage of job (MB)
	53388  -  ResidentSetSize of job (KB)
...
006 (911181.010.000) 01/09 01:58:21 Image size of job updated: 114224
	52  -  MemoryUsage of job (MB)
	53220  -  ResidentSetSize of job (KB)
...
006 (911181.012.000) 01/09 01:58:24 Image size of job updated: 114672
	53  -  MemoryUsage of job (MB)
	53628  -  ResidentSetSize of job (KB)
...
005 (911181.015.000) 01/09 01:58:51 Job terminated.
	(1) Normal termination (return value 0)
		Usr 0 00:09:03, Sys 0 00:00:14  -  Run Remote Usage
		Usr 0 00:00:00, Sys 0 00:00:00  -  Run Local Usage
		Usr 0 00:09:03, Sys 0 00:00:14  -  Total Remote Usage
		Usr 0 00:00:00, Sys 0 00:00:00  -  Total Local Usage
	283692  -  Run Bytes Sent By Job
	981  -  Run Bytes Received By Job
	283692  -  Total Bytes Sent By Job
	981  -  Total Bytes Received By Job
	Partitionable Resources :    Usage  Request Allocated
	   Cpus                 :                 1         1
	   Disk (KB)            :      290        1   2622722
	   Memory (MB)          :       52     2000      2000
...
005 (911181.001.000) 01/09 01:59:04 Job terminated.
	(1) Normal termination (return value 0)
		Usr 0 00:08:43, Sys 0 00:00:15  -  Run Remote Usage
		Usr 0 00:00:00, Sys 0 00:00:00  -  Run Local Usage
		Usr 0 00:08:43, Sys 0 00:00:15  -  Total Remote Usage
		Usr 0 00:00:00, Sys 0 00:00:00  -  Total Local Usage
	261582  -  Run Bytes Sent By Job
	973  -  Run Bytes Received By Job
	261582  -  Total Bytes Sent By Job
	973  -  Total Bytes Received By Job
	Partitionable Resources :    Usage  Request Allocated
	   Cpus                 :                 1         1
	   Disk (KB)            :      268        1   3155778
	   Memory (MB)          :       52     2000      2000
...
005 (911181.010.000) 01/09 01:59:10 Job terminated.
	(1) Normal termination (return value 0)
		Usr 0 00:09:41, Sys 0 00:00:15  -  Run Remote Usage
		Usr 0 00:00:00, Sys 0 00:00:00  -  Run Local Usage
		Usr 0 00:09:41, Sys 0 00:00:15  -  Total Remote Usage
		Usr 0 00:00:00, Sys 0 00:00:00  -  Total Local Usage
	372480  -  Run Bytes Sent By Job
	935  -  Run Bytes Received By Job
	372480  -  Total Bytes Sent By Job
	935  -  Total Bytes Received By Job
	Partitionable Resources :    Usage  Request Allocated
	   Cpus                 :                 1         1
	   Disk (KB)            :      376        1   3304248
	   Memory (MB)          :       52     2000      2000
...
005 (911181.002.000) 01/09 02:01:12 Job terminated.
	(1) Normal termination (return value 0)
		Usr 0 00:08:39, Sys 0 00:00:15  -  Run Remote Usage
		Usr 0 00:00:00, Sys 0 00:00:00  -  Run Local Usage
		Usr 0 00:08:39, Sys 0 00:00:15  -  Total Remote Usage
		Usr 0 00:00:00, Sys 0 00:00:00  -  Total Local Usage
	336160  -  Run Bytes Sent By Job
	943  -  Run Bytes Received By Job
	336160  -  Total Bytes Sent By Job
	943  -  Total Bytes Received By Job
	Partitionable Resources :    Usage  Request Allocated
	   Cpus                 :                 1         1
	   Disk (KB)            :      341        1   1776205
	   Memory (MB)          :       53     2000      2000
...
005 (911181.003.000) 01/09 02:01:50 Job terminated.
	(1) Normal termination (return value 0)
		Usr 0 00:08:17, Sys 0 00:00:13  -  Run Remote Usage
		Usr 0 00:00:00, Sys 0 00:00:00  -  Run Local Usage
		Usr 0 00:08:17, Sys 0 00:00:13  -  Total Remote Usage
		Usr 0 00:00:00, Sys 0 00:00:00  -  Total Local Usage
	252858  -  Run Bytes Sent By Job
	969  -  Run Bytes Received By Job
	252858  -  Total Bytes Sent By Job
	969  -  Total Bytes Received By Job
	Partitionable Resources :    Usage  Request Allocated
	   Cpus                 :                 1         1
	   Disk (KB)            :      260        1   2466023
	   Memory (MB)          :       52     2000      2000
...
005 (911181.012.000) 01/09 02:02:22 Job terminated.
	(1) Normal termination (return value 0)
		Usr 0 00:10:16, Sys 0 00:00:18  -  Run Remote Usage
		Usr 0 00:00:00, Sys 0 00:00:00  -  Run Local Usage
		Usr 0 00:10:16, Sys 0 00:00:18  -  Total Remote Usage
		Usr 0 00:00:00, Sys 0 00:00:00  -  Total Local Usage
	376257  -  Run Bytes Sent By Job
	959  -  Run Bytes Received By Job
	376257  -  Total Bytes Sent By Job
	959  -  Total Bytes Received By Job
	Partitionable Resources :    Usage  Request Allocated
	   Cpus                 :                 1         1
	   Disk (KB)            :      380        1   2122589
	   Memory (MB)          :       53     2000      2000
...
006 (911181.011.000) 01/09 02:03:18 Image size of job updated: 114452
	53  -  MemoryUsage of job (MB)
	53408  -  ResidentSetSize of job (KB)
...
005 (911181.011.000) 01/09 02:09:12 Job terminated.
	(1) Normal termination (return value 0)
		Usr 0 00:10:41, Sys 0 00:00:19  -  Run Remote Usage
		Usr 0 00:00:00, Sys 0 00:00:00  -  Run Local Usage
		Usr 0 00:10:41, Sys 0 00:00:19  -  Total Remote Usage
		Usr 0 00:00:00, Sys 0 00:00:00  -  Total Local Usage
	288827  -  Run Bytes Sent By Job
	961  -  Run Bytes Received By Job
	288827  -  Total Bytes Sent By Job
	961  -  Total Bytes Received By Job
	Partitionable Resources :    Usage  Request Allocated
	   Cpus                 :                 1         1
	   Disk (KB)            :      295        1   2254474
	   Memory (MB)          :       53     2000      2000
...
