000 (911177.000.000) 01/09 00:54:05 Job submitted from host: <137.138.44.75:9618?addrs=137.138.44.75-9618+[2001-1458-d00-1a--b]-9618&noUDP&sock=124143_59c7_28>
...
000 (911177.001.000) 01/09 00:54:05 Job submitted from host: <137.138.44.75:9618?addrs=137.138.44.75-9618+[2001-1458-d00-1a--b]-9618&noUDP&sock=124143_59c7_28>
...
000 (911177.002.000) 01/09 00:54:05 Job submitted from host: <137.138.44.75:9618?addrs=137.138.44.75-9618+[2001-1458-d00-1a--b]-9618&noUDP&sock=124143_59c7_28>
...
000 (911177.003.000) 01/09 00:54:05 Job submitted from host: <137.138.44.75:9618?addrs=137.138.44.75-9618+[2001-1458-d00-1a--b]-9618&noUDP&sock=124143_59c7_28>
...
000 (911177.004.000) 01/09 00:54:05 Job submitted from host: <137.138.44.75:9618?addrs=137.138.44.75-9618+[2001-1458-d00-1a--b]-9618&noUDP&sock=124143_59c7_28>
...
000 (911177.005.000) 01/09 00:54:05 Job submitted from host: <137.138.44.75:9618?addrs=137.138.44.75-9618+[2001-1458-d00-1a--b]-9618&noUDP&sock=124143_59c7_28>
...
000 (911177.006.000) 01/09 00:54:05 Job submitted from host: <137.138.44.75:9618?addrs=137.138.44.75-9618+[2001-1458-d00-1a--b]-9618&noUDP&sock=124143_59c7_28>
...
000 (911177.007.000) 01/09 00:54:05 Job submitted from host: <137.138.44.75:9618?addrs=137.138.44.75-9618+[2001-1458-d00-1a--b]-9618&noUDP&sock=124143_59c7_28>
...
000 (911177.008.000) 01/09 00:54:05 Job submitted from host: <137.138.44.75:9618?addrs=137.138.44.75-9618+[2001-1458-d00-1a--b]-9618&noUDP&sock=124143_59c7_28>
...
000 (911177.009.000) 01/09 00:54:05 Job submitted from host: <137.138.44.75:9618?addrs=137.138.44.75-9618+[2001-1458-d00-1a--b]-9618&noUDP&sock=124143_59c7_28>
...
000 (911177.010.000) 01/09 00:54:05 Job submitted from host: <137.138.44.75:9618?addrs=137.138.44.75-9618+[2001-1458-d00-1a--b]-9618&noUDP&sock=124143_59c7_28>
...
000 (911177.011.000) 01/09 00:54:05 Job submitted from host: <137.138.44.75:9618?addrs=137.138.44.75-9618+[2001-1458-d00-1a--b]-9618&noUDP&sock=124143_59c7_28>
...
000 (911177.012.000) 01/09 00:54:05 Job submitted from host: <137.138.44.75:9618?addrs=137.138.44.75-9618+[2001-1458-d00-1a--b]-9618&noUDP&sock=124143_59c7_28>
...
000 (911177.013.000) 01/09 00:54:05 Job submitted from host: <137.138.44.75:9618?addrs=137.138.44.75-9618+[2001-1458-d00-1a--b]-9618&noUDP&sock=124143_59c7_28>
...
000 (911177.014.000) 01/09 00:54:05 Job submitted from host: <137.138.44.75:9618?addrs=137.138.44.75-9618+[2001-1458-d00-1a--b]-9618&noUDP&sock=124143_59c7_28>
...
000 (911177.015.000) 01/09 00:54:05 Job submitted from host: <137.138.44.75:9618?addrs=137.138.44.75-9618+[2001-1458-d00-1a--b]-9618&noUDP&sock=124143_59c7_28>
...
001 (911177.001.000) 01/09 01:07:46 Job executing on host: <188.184.211.79:9618?addrs=188.184.211.79-9618+[--1]-9618&noUDP&sock=8902_3cfb_3>
...
001 (911177.003.000) 01/09 01:07:47 Job executing on host: <188.184.210.142:9618?addrs=188.184.210.142-9618+[--1]-9618&noUDP&sock=862_2721_46>
...
001 (911177.005.000) 01/09 01:07:48 Job executing on host: <188.184.138.164:9618?addrs=188.184.138.164-9618+[--1]-9618&noUDP&sock=3568_3e68_3>
...
001 (911177.004.000) 01/09 01:07:48 Job executing on host: <188.184.196.243:9618?addrs=188.184.196.243-9618+[--1]-9618&noUDP&sock=8899_ddca_3>
...
001 (911177.000.000) 01/09 01:07:48 Job executing on host: <188.184.196.184:9618?addrs=188.184.196.184-9618+[--1]-9618&noUDP&sock=5254_b315_3>
...
001 (911177.008.000) 01/09 01:07:48 Job executing on host: <188.184.197.229:9618?addrs=188.184.197.229-9618+[--1]-9618&noUDP&sock=8871_a923_3>
...
001 (911177.009.000) 01/09 01:07:48 Job executing on host: <128.142.240.221:9618?addrs=128.142.240.221-9618+[--1]-9618&noUDP&sock=8426_1ff1_3>
...
001 (911177.013.000) 01/09 01:07:50 Job executing on host: <188.184.139.53:9618?addrs=188.184.139.53-9618+[--1]-9618&noUDP&sock=23226_ff27_3>
...
001 (911177.014.000) 01/09 01:07:52 Job executing on host: <188.184.182.61:9618?addrs=188.184.182.61-9618+[--1]-9618&noUDP&sock=838_b0dc_3>
...
001 (911177.015.000) 01/09 01:07:53 Job executing on host: <188.184.182.101:9618?addrs=188.184.182.101-9618+[--1]-9618&noUDP&sock=8626_9c6f_3>
...
001 (911177.010.000) 01/09 01:07:53 Job executing on host: <188.184.139.55:9618?addrs=188.184.139.55-9618+[--1]-9618&noUDP&sock=8397_8fbb_3>
...
001 (911177.006.000) 01/09 01:07:53 Job executing on host: <188.184.212.105:9618?addrs=188.184.212.105-9618+[--1]-9618&noUDP&sock=8813_e0a5_3>
...
001 (911177.011.000) 01/09 01:07:53 Job executing on host: <188.184.197.54:9618?addrs=188.184.197.54-9618+[--1]-9618&noUDP&sock=8757_7757_3>
...
006 (911177.001.000) 01/09 01:07:55 Image size of job updated: 113436
	52  -  MemoryUsage of job (MB)
	52472  -  ResidentSetSize of job (KB)
...
006 (911177.005.000) 01/09 01:07:56 Image size of job updated: 113428
	52  -  MemoryUsage of job (MB)
	52464  -  ResidentSetSize of job (KB)
...
006 (911177.004.000) 01/09 01:07:56 Image size of job updated: 113432
	52  -  MemoryUsage of job (MB)
	52460  -  ResidentSetSize of job (KB)
...
006 (911177.003.000) 01/09 01:07:56 Image size of job updated: 170264
	52  -  MemoryUsage of job (MB)
	52460  -  ResidentSetSize of job (KB)
...
006 (911177.009.000) 01/09 01:07:57 Image size of job updated: 113616
	52  -  MemoryUsage of job (MB)
	52652  -  ResidentSetSize of job (KB)
...
001 (911177.012.000) 01/09 01:07:57 Job executing on host: <188.184.197.92:9618?addrs=188.184.197.92-9618+[--1]-9618&noUDP&sock=3581_af3c_3>
...
001 (911177.002.000) 01/09 01:07:57 Job executing on host: <188.184.212.143:9618?addrs=188.184.212.143-9618+[--1]-9618&noUDP&sock=8849_e276_3>
...
006 (911177.000.000) 01/09 01:07:57 Image size of job updated: 113444
	52  -  MemoryUsage of job (MB)
	52472  -  ResidentSetSize of job (KB)
...
006 (911177.008.000) 01/09 01:07:57 Image size of job updated: 113616
	52  -  MemoryUsage of job (MB)
	52644  -  ResidentSetSize of job (KB)
...
006 (911177.013.000) 01/09 01:07:59 Image size of job updated: 110228
	49  -  MemoryUsage of job (MB)
	49920  -  ResidentSetSize of job (KB)
...
006 (911177.014.000) 01/09 01:08:01 Image size of job updated: 18948
	7  -  MemoryUsage of job (MB)
	6388  -  ResidentSetSize of job (KB)
...
006 (911177.015.000) 01/09 01:08:01 Image size of job updated: 113556
	52  -  MemoryUsage of job (MB)
	52592  -  ResidentSetSize of job (KB)
...
006 (911177.010.000) 01/09 01:08:01 Image size of job updated: 173500
	52  -  MemoryUsage of job (MB)
	52628  -  ResidentSetSize of job (KB)
...
006 (911177.006.000) 01/09 01:08:02 Image size of job updated: 113412
	52  -  MemoryUsage of job (MB)
	52440  -  ResidentSetSize of job (KB)
...
006 (911177.011.000) 01/09 01:08:02 Image size of job updated: 113584
	52  -  MemoryUsage of job (MB)
	52620  -  ResidentSetSize of job (KB)
...
006 (911177.012.000) 01/09 01:08:05 Image size of job updated: 22564
	8  -  MemoryUsage of job (MB)
	8108  -  ResidentSetSize of job (KB)
...
006 (911177.002.000) 01/09 01:08:06 Image size of job updated: 113444
	52  -  MemoryUsage of job (MB)
	52472  -  ResidentSetSize of job (KB)
...
001 (911177.007.000) 01/09 01:08:07 Job executing on host: <188.184.212.96:9618?addrs=188.184.212.96-9618+[--1]-9618&noUDP&sock=8910_6955_3>
...
006 (911177.007.000) 01/09 01:08:16 Image size of job updated: 110232
	49  -  MemoryUsage of job (MB)
	49924  -  ResidentSetSize of job (KB)
...
006 (911177.001.000) 01/09 01:12:56 Image size of job updated: 113872
	52  -  MemoryUsage of job (MB)
	52828  -  ResidentSetSize of job (KB)
...
006 (911177.005.000) 01/09 01:12:56 Image size of job updated: 113560
	52  -  MemoryUsage of job (MB)
	52536  -  ResidentSetSize of job (KB)
...
006 (911177.004.000) 01/09 01:12:56 Image size of job updated: 113608
	52  -  MemoryUsage of job (MB)
	52580  -  ResidentSetSize of job (KB)
...
006 (911177.003.000) 01/09 01:12:57 Image size of job updated: 170668
	52  -  MemoryUsage of job (MB)
	52784  -  ResidentSetSize of job (KB)
...
006 (911177.009.000) 01/09 01:12:57 Image size of job updated: 113696
	52  -  MemoryUsage of job (MB)
	52672  -  ResidentSetSize of job (KB)
...
006 (911177.000.000) 01/09 01:12:58 Image size of job updated: 114024
	52  -  MemoryUsage of job (MB)
	52980  -  ResidentSetSize of job (KB)
...
006 (911177.008.000) 01/09 01:12:58 Image size of job updated: 114140
	52  -  MemoryUsage of job (MB)
	53096  -  ResidentSetSize of job (KB)
...
006 (911177.013.000) 01/09 01:12:59 Image size of job updated: 113696
	52  -  MemoryUsage of job (MB)
	52672  -  ResidentSetSize of job (KB)
...
006 (911177.014.000) 01/09 01:13:01 Image size of job updated: 113888
	52  -  MemoryUsage of job (MB)
	52860  -  ResidentSetSize of job (KB)
...
006 (911177.015.000) 01/09 01:13:01 Image size of job updated: 113768
	52  -  MemoryUsage of job (MB)
	52744  -  ResidentSetSize of job (KB)
...
006 (911177.010.000) 01/09 01:13:01 Image size of job updated: 174032
	52  -  MemoryUsage of job (MB)
	53088  -  ResidentSetSize of job (KB)
...
006 (911177.006.000) 01/09 01:13:03 Image size of job updated: 113964
	52  -  MemoryUsage of job (MB)
	52920  -  ResidentSetSize of job (KB)
...
006 (911177.011.000) 01/09 01:13:03 Image size of job updated: 113992
	52  -  MemoryUsage of job (MB)
	52948  -  ResidentSetSize of job (KB)
...
006 (911177.012.000) 01/09 01:13:05 Image size of job updated: 113832
	52  -  MemoryUsage of job (MB)
	52804  -  ResidentSetSize of job (KB)
...
006 (911177.002.000) 01/09 01:13:07 Image size of job updated: 113724
	52  -  MemoryUsage of job (MB)
	52944  -  ResidentSetSize of job (KB)
...
006 (911177.007.000) 01/09 01:13:17 Image size of job updated: 113812
	52  -  MemoryUsage of job (MB)
	52768  -  ResidentSetSize of job (KB)
...
006 (911177.001.000) 01/09 01:17:56 Image size of job updated: 113880
	52  -  MemoryUsage of job (MB)
	52836  -  ResidentSetSize of job (KB)
...
006 (911177.005.000) 01/09 01:17:56 Image size of job updated: 113872
	52  -  MemoryUsage of job (MB)
	52828  -  ResidentSetSize of job (KB)
...
006 (911177.004.000) 01/09 01:17:57 Image size of job updated: 114424
	53  -  MemoryUsage of job (MB)
	53380  -  ResidentSetSize of job (KB)
...
006 (911177.003.000) 01/09 01:17:57 Image size of job updated: 170752
	52  -  MemoryUsage of job (MB)
	52796  -  ResidentSetSize of job (KB)
...
006 (911177.009.000) 01/09 01:17:57 Image size of job updated: 114032
	52  -  MemoryUsage of job (MB)
	52988  -  ResidentSetSize of job (KB)
...
006 (911177.008.000) 01/09 01:17:58 Image size of job updated: 114160
	52  -  MemoryUsage of job (MB)
	53116  -  ResidentSetSize of job (KB)
...
006 (911177.000.000) 01/09 01:17:58 Image size of job updated: 114040
	52  -  MemoryUsage of job (MB)
	52996  -  ResidentSetSize of job (KB)
...
006 (911177.013.000) 01/09 01:17:59 Image size of job updated: 114032
	52  -  MemoryUsage of job (MB)
	52988  -  ResidentSetSize of job (KB)
...
006 (911177.010.000) 01/09 01:18:02 Image size of job updated: 174056
	52  -  MemoryUsage of job (MB)
	53112  -  ResidentSetSize of job (KB)
...
006 (911177.014.000) 01/09 01:18:02 Image size of job updated: 114108
	52  -  MemoryUsage of job (MB)
	53064  -  ResidentSetSize of job (KB)
...
006 (911177.015.000) 01/09 01:18:02 Image size of job updated: 113964
	52  -  MemoryUsage of job (MB)
	52920  -  ResidentSetSize of job (KB)
...
006 (911177.006.000) 01/09 01:18:03 Image size of job updated: 113980
	52  -  MemoryUsage of job (MB)
	52936  -  ResidentSetSize of job (KB)
...
006 (911177.011.000) 01/09 01:18:03 Image size of job updated: 113996
	52  -  MemoryUsage of job (MB)
	52952  -  ResidentSetSize of job (KB)
...
006 (911177.012.000) 01/09 01:18:06 Image size of job updated: 114140
	52  -  MemoryUsage of job (MB)
	53096  -  ResidentSetSize of job (KB)
...
006 (911177.002.000) 01/09 01:18:07 Image size of job updated: 113740
	52  -  MemoryUsage of job (MB)
	52960  -  ResidentSetSize of job (KB)
...
006 (911177.007.000) 01/09 01:18:18 Image size of job updated: 113824
	52  -  MemoryUsage of job (MB)
	52780  -  ResidentSetSize of job (KB)
...
006 (911177.001.000) 01/09 01:22:56 Image size of job updated: 113892
	52  -  MemoryUsage of job (MB)
	52848  -  ResidentSetSize of job (KB)
...
006 (911177.005.000) 01/09 01:22:57 Image size of job updated: 113880
	52  -  MemoryUsage of job (MB)
	52836  -  ResidentSetSize of job (KB)
...
006 (911177.004.000) 01/09 01:22:57 Image size of job updated: 114436
	53  -  MemoryUsage of job (MB)
	53392  -  ResidentSetSize of job (KB)
...
006 (911177.003.000) 01/09 01:22:57 Image size of job updated: 170764
	52  -  MemoryUsage of job (MB)
	52808  -  ResidentSetSize of job (KB)
...
006 (911177.008.000) 01/09 01:22:58 Image size of job updated: 114168
	52  -  MemoryUsage of job (MB)
	53124  -  ResidentSetSize of job (KB)
...
006 (911177.000.000) 01/09 01:22:58 Image size of job updated: 114460
	53  -  MemoryUsage of job (MB)
	53416  -  ResidentSetSize of job (KB)
...
006 (911177.010.000) 01/09 01:23:02 Image size of job updated: 174068
	52  -  MemoryUsage of job (MB)
	53132  -  ResidentSetSize of job (KB)
...
006 (911177.014.000) 01/09 01:23:03 Image size of job updated: 114112
	52  -  MemoryUsage of job (MB)
	53068  -  ResidentSetSize of job (KB)
...
006 (911177.015.000) 01/09 01:23:03 Image size of job updated: 114372
	53  -  MemoryUsage of job (MB)
	53328  -  ResidentSetSize of job (KB)
...
006 (911177.006.000) 01/09 01:23:03 Image size of job updated: 113988
	52  -  MemoryUsage of job (MB)
	52944  -  ResidentSetSize of job (KB)
...
006 (911177.012.000) 01/09 01:23:06 Image size of job updated: 114156
	52  -  MemoryUsage of job (MB)
	53112  -  ResidentSetSize of job (KB)
...
006 (911177.002.000) 01/09 01:23:07 Image size of job updated: 113760
	52  -  MemoryUsage of job (MB)
	52980  -  ResidentSetSize of job (KB)
...
006 (911177.007.000) 01/09 01:23:18 Image size of job updated: 113832
	52  -  MemoryUsage of job (MB)
	52788  -  ResidentSetSize of job (KB)
...
006 (911177.001.000) 01/09 01:27:57 Image size of job updated: 113900
	52  -  MemoryUsage of job (MB)
	52856  -  ResidentSetSize of job (KB)
...
006 (911177.005.000) 01/09 01:27:57 Image size of job updated: 113896
	52  -  MemoryUsage of job (MB)
	52852  -  ResidentSetSize of job (KB)
...
006 (911177.004.000) 01/09 01:27:57 Image size of job updated: 114456
	53  -  MemoryUsage of job (MB)
	53412  -  ResidentSetSize of job (KB)
...
006 (911177.003.000) 01/09 01:27:58 Image size of job updated: 170776
	52  -  MemoryUsage of job (MB)
	52820  -  ResidentSetSize of job (KB)
...
006 (911177.008.000) 01/09 01:27:59 Image size of job updated: 114184
	52  -  MemoryUsage of job (MB)
	53140  -  ResidentSetSize of job (KB)
...
006 (911177.000.000) 01/09 01:27:59 Image size of job updated: 114480
	53  -  MemoryUsage of job (MB)
	53436  -  ResidentSetSize of job (KB)
...
006 (911177.010.000) 01/09 01:28:02 Image size of job updated: 174068
	52  -  MemoryUsage of job (MB)
	53152  -  ResidentSetSize of job (KB)
...
006 (911177.014.000) 01/09 01:28:03 Image size of job updated: 114512
	53  -  MemoryUsage of job (MB)
	53472  -  ResidentSetSize of job (KB)
...
006 (911177.015.000) 01/09 01:28:03 Image size of job updated: 114372
	53  -  MemoryUsage of job (MB)
	53336  -  ResidentSetSize of job (KB)
...
006 (911177.006.000) 01/09 01:28:04 Image size of job updated: 113996
	52  -  MemoryUsage of job (MB)
	52952  -  ResidentSetSize of job (KB)
...
006 (911177.011.000) 01/09 01:28:05 Image size of job updated: 114008
	52  -  MemoryUsage of job (MB)
	52964  -  ResidentSetSize of job (KB)
...
006 (911177.012.000) 01/09 01:28:06 Image size of job updated: 114164
	52  -  MemoryUsage of job (MB)
	53120  -  ResidentSetSize of job (KB)
...
006 (911177.002.000) 01/09 01:28:09 Image size of job updated: 113780
	52  -  MemoryUsage of job (MB)
	53000  -  ResidentSetSize of job (KB)
...
006 (911177.007.000) 01/09 01:28:19 Image size of job updated: 113832
	52  -  MemoryUsage of job (MB)
	52796  -  ResidentSetSize of job (KB)
...
006 (911177.001.000) 01/09 01:32:57 Image size of job updated: 113912
	52  -  MemoryUsage of job (MB)
	52868  -  ResidentSetSize of job (KB)
...
006 (911177.005.000) 01/09 01:32:57 Image size of job updated: 113904
	52  -  MemoryUsage of job (MB)
	52860  -  ResidentSetSize of job (KB)
...
006 (911177.004.000) 01/09 01:32:58 Image size of job updated: 114468
	53  -  MemoryUsage of job (MB)
	53424  -  ResidentSetSize of job (KB)
...
006 (911177.003.000) 01/09 01:32:59 Image size of job updated: 170780
	52  -  MemoryUsage of job (MB)
	52824  -  ResidentSetSize of job (KB)
...
006 (911177.008.000) 01/09 01:32:59 Image size of job updated: 114188
	52  -  MemoryUsage of job (MB)
	53144  -  ResidentSetSize of job (KB)
...
006 (911177.000.000) 01/09 01:32:59 Image size of job updated: 114492
	53  -  MemoryUsage of job (MB)
	53448  -  ResidentSetSize of job (KB)
...
006 (911177.014.000) 01/09 01:33:03 Image size of job updated: 114520
	53  -  MemoryUsage of job (MB)
	53480  -  ResidentSetSize of job (KB)
...
006 (911177.010.000) 01/09 01:33:03 Image size of job updated: 174068
	52  -  MemoryUsage of job (MB)
	53164  -  ResidentSetSize of job (KB)
...
006 (911177.006.000) 01/09 01:33:04 Image size of job updated: 114000
	52  -  MemoryUsage of job (MB)
	52956  -  ResidentSetSize of job (KB)
...
006 (911177.015.000) 01/09 01:33:04 Image size of job updated: 114372
	53  -  MemoryUsage of job (MB)
	53344  -  ResidentSetSize of job (KB)
...
006 (911177.011.000) 01/09 01:33:05 Image size of job updated: 114016
	52  -  MemoryUsage of job (MB)
	52972  -  ResidentSetSize of job (KB)
...
006 (911177.012.000) 01/09 01:33:07 Image size of job updated: 114176
	52  -  MemoryUsage of job (MB)
	53132  -  ResidentSetSize of job (KB)
...
006 (911177.002.000) 01/09 01:33:09 Image size of job updated: 113800
	52  -  MemoryUsage of job (MB)
	53020  -  ResidentSetSize of job (KB)
...
006 (911177.007.000) 01/09 01:33:20 Image size of job updated: 113832
	52  -  MemoryUsage of job (MB)
	52804  -  ResidentSetSize of job (KB)
...
006 (911177.005.000) 01/09 01:37:58 Image size of job updated: 113916
	52  -  MemoryUsage of job (MB)
	52872  -  ResidentSetSize of job (KB)
...
006 (911177.004.000) 01/09 01:37:59 Image size of job updated: 114476
	53  -  MemoryUsage of job (MB)
	53432  -  ResidentSetSize of job (KB)
...
006 (911177.003.000) 01/09 01:37:59 Image size of job updated: 170792
	52  -  MemoryUsage of job (MB)
	52836  -  ResidentSetSize of job (KB)
...
006 (911177.008.000) 01/09 01:37:59 Image size of job updated: 114204
	52  -  MemoryUsage of job (MB)
	53160  -  ResidentSetSize of job (KB)
...
006 (911177.009.000) 01/09 01:37:59 Image size of job updated: 114032
	52  -  MemoryUsage of job (MB)
	52992  -  ResidentSetSize of job (KB)
...
006 (911177.000.000) 01/09 01:38:00 Image size of job updated: 114524
	53  -  MemoryUsage of job (MB)
	53480  -  ResidentSetSize of job (KB)
...
006 (911177.014.000) 01/09 01:38:03 Image size of job updated: 114528
	53  -  MemoryUsage of job (MB)
	53488  -  ResidentSetSize of job (KB)
...
006 (911177.010.000) 01/09 01:38:04 Image size of job updated: 174068
	52  -  MemoryUsage of job (MB)
	53188  -  ResidentSetSize of job (KB)
...
006 (911177.006.000) 01/09 01:38:04 Image size of job updated: 114024
	52  -  MemoryUsage of job (MB)
	52980  -  ResidentSetSize of job (KB)
...
006 (911177.015.000) 01/09 01:38:05 Image size of job updated: 114372
	53  -  MemoryUsage of job (MB)
	53352  -  ResidentSetSize of job (KB)
...
006 (911177.011.000) 01/09 01:38:05 Image size of job updated: 114032
	52  -  MemoryUsage of job (MB)
	52988  -  ResidentSetSize of job (KB)
...
006 (911177.012.000) 01/09 01:38:07 Image size of job updated: 114188
	52  -  MemoryUsage of job (MB)
	53144  -  ResidentSetSize of job (KB)
...
006 (911177.002.000) 01/09 01:38:09 Image size of job updated: 113824
	52  -  MemoryUsage of job (MB)
	53044  -  ResidentSetSize of job (KB)
...
006 (911177.007.000) 01/09 01:38:20 Image size of job updated: 113832
	52  -  MemoryUsage of job (MB)
	52808  -  ResidentSetSize of job (KB)
...
006 (911177.005.000) 01/09 01:42:59 Image size of job updated: 113916
	52  -  MemoryUsage of job (MB)
	52892  -  ResidentSetSize of job (KB)
...
006 (911177.004.000) 01/09 01:42:59 Image size of job updated: 114492
	53  -  MemoryUsage of job (MB)
	53448  -  ResidentSetSize of job (KB)
...
006 (911177.008.000) 01/09 01:43:00 Image size of job updated: 114216
	52  -  MemoryUsage of job (MB)
	53172  -  ResidentSetSize of job (KB)
...
006 (911177.009.000) 01/09 01:43:00 Image size of job updated: 114032
	52  -  MemoryUsage of job (MB)
	53000  -  ResidentSetSize of job (KB)
...
006 (911177.003.000) 01/09 01:43:00 Image size of job updated: 170812
	52  -  MemoryUsage of job (MB)
	52856  -  ResidentSetSize of job (KB)
...
006 (911177.000.000) 01/09 01:43:01 Image size of job updated: 114548
	53  -  MemoryUsage of job (MB)
	53480  -  ResidentSetSize of job (KB)
...
006 (911177.013.000) 01/09 01:43:02 Image size of job updated: 114036
	52  -  MemoryUsage of job (MB)
	52992  -  ResidentSetSize of job (KB)
...
006 (911177.010.000) 01/09 01:43:04 Image size of job updated: 174068
	52  -  MemoryUsage of job (MB)
	53220  -  ResidentSetSize of job (KB)
...
006 (911177.014.000) 01/09 01:43:05 Image size of job updated: 114536
	53  -  MemoryUsage of job (MB)
	53496  -  ResidentSetSize of job (KB)
...
006 (911177.015.000) 01/09 01:43:05 Image size of job updated: 114372
	53  -  MemoryUsage of job (MB)
	53372  -  ResidentSetSize of job (KB)
...
006 (911177.006.000) 01/09 01:43:06 Image size of job updated: 114036
	52  -  MemoryUsage of job (MB)
	52992  -  ResidentSetSize of job (KB)
...
006 (911177.011.000) 01/09 01:43:06 Image size of job updated: 114048
	52  -  MemoryUsage of job (MB)
	53004  -  ResidentSetSize of job (KB)
...
006 (911177.012.000) 01/09 01:43:07 Image size of job updated: 114212
	52  -  MemoryUsage of job (MB)
	53168  -  ResidentSetSize of job (KB)
...
006 (911177.002.000) 01/09 01:43:10 Image size of job updated: 113852
	52  -  MemoryUsage of job (MB)
	53072  -  ResidentSetSize of job (KB)
...
006 (911177.007.000) 01/09 01:43:20 Image size of job updated: 113832
	52  -  MemoryUsage of job (MB)
	52820  -  ResidentSetSize of job (KB)
...
006 (911177.009.000) 01/09 01:48:00 Image size of job updated: 114032
	52  -  MemoryUsage of job (MB)
	53008  -  ResidentSetSize of job (KB)
...
006 (911177.004.000) 01/09 01:48:00 Image size of job updated: 114516
	53  -  MemoryUsage of job (MB)
	53472  -  ResidentSetSize of job (KB)
...
006 (911177.003.000) 01/09 01:48:01 Image size of job updated: 171208
	53  -  MemoryUsage of job (MB)
	53252  -  ResidentSetSize of job (KB)
...
006 (911177.000.000) 01/09 01:48:01 Image size of job updated: 114552
	53  -  MemoryUsage of job (MB)
	53480  -  ResidentSetSize of job (KB)
...
006 (911177.013.000) 01/09 01:48:02 Image size of job updated: 114040
	52  -  MemoryUsage of job (MB)
	52996  -  ResidentSetSize of job (KB)
...
006 (911177.014.000) 01/09 01:48:05 Image size of job updated: 114548
	53  -  MemoryUsage of job (MB)
	53508  -  ResidentSetSize of job (KB)
...
006 (911177.006.000) 01/09 01:48:06 Image size of job updated: 114052
	52  -  MemoryUsage of job (MB)
	53008  -  ResidentSetSize of job (KB)
...
006 (911177.015.000) 01/09 01:48:06 Image size of job updated: 114372
	53  -  MemoryUsage of job (MB)
	53400  -  ResidentSetSize of job (KB)
...
006 (911177.012.000) 01/09 01:48:08 Image size of job updated: 114228
	52  -  MemoryUsage of job (MB)
	53184  -  ResidentSetSize of job (KB)
...
006 (911177.002.000) 01/09 01:48:10 Image size of job updated: 113856
	52  -  MemoryUsage of job (MB)
	53076  -  ResidentSetSize of job (KB)
...
006 (911177.007.000) 01/09 01:48:21 Image size of job updated: 113832
	52  -  MemoryUsage of job (MB)
	52840  -  ResidentSetSize of job (KB)
...
005 (911177.011.000) 01/09 01:51:00 Job terminated.
	(1) Normal termination (return value 0)
		Usr 0 00:08:59, Sys 0 00:00:15  -  Run Remote Usage
		Usr 0 00:00:00, Sys 0 00:00:00  -  Run Local Usage
		Usr 0 00:08:59, Sys 0 00:00:15  -  Total Remote Usage
		Usr 0 00:00:00, Sys 0 00:00:00  -  Total Local Usage
	291988  -  Run Bytes Sent By Job
	1004  -  Run Bytes Received By Job
	291988  -  Total Bytes Sent By Job
	1004  -  Total Bytes Received By Job
	Partitionable Resources :    Usage  Request Allocated
	   Cpus                 :                 1         1
	   Disk (KB)            :      298        1   3293124
	   Memory (MB)          :       52     2000      2000
...
005 (911177.000.000) 01/09 01:51:18 Job terminated.
	(1) Normal termination (return value 0)
		Usr 0 00:09:17, Sys 0 00:00:16  -  Run Remote Usage
		Usr 0 00:00:00, Sys 0 00:00:00  -  Run Local Usage
		Usr 0 00:09:17, Sys 0 00:00:16  -  Total Remote Usage
		Usr 0 00:00:00, Sys 0 00:00:00  -  Total Local Usage
	347123  -  Run Bytes Sent By Job
	990  -  Run Bytes Received By Job
	347123  -  Total Bytes Sent By Job
	990  -  Total Bytes Received By Job
	Partitionable Resources :    Usage  Request Allocated
	   Cpus                 :                 1         1
	   Disk (KB)            :      352        1   3179190
	   Memory (MB)          :       53     2000      2000
...
005 (911177.001.000) 01/09 01:51:20 Job terminated.
	(1) Normal termination (return value 0)
		Usr 0 00:08:23, Sys 0 00:00:16  -  Run Remote Usage
		Usr 0 00:00:00, Sys 0 00:00:00  -  Run Local Usage
		Usr 0 00:08:23, Sys 0 00:00:16  -  Total Remote Usage
		Usr 0 00:00:00, Sys 0 00:00:00  -  Total Local Usage
	264767  -  Run Bytes Sent By Job
	1016  -  Run Bytes Received By Job
	264767  -  Total Bytes Sent By Job
	1016  -  Total Bytes Received By Job
	Partitionable Resources :    Usage  Request Allocated
	   Cpus                 :                 1         1
	   Disk (KB)            :      271        1   3094206
	   Memory (MB)          :       52     2000      2000
...
005 (911177.015.000) 01/09 01:52:12 Job terminated.
	(1) Normal termination (return value 0)
		Usr 0 00:10:05, Sys 0 00:00:15  -  Run Remote Usage
		Usr 0 00:00:00, Sys 0 00:00:00  -  Run Local Usage
		Usr 0 00:10:05, Sys 0 00:00:15  -  Total Remote Usage
		Usr 0 00:00:00, Sys 0 00:00:00  -  Total Local Usage
	287226  -  Run Bytes Sent By Job
	1024  -  Run Bytes Received By Job
	287226  -  Total Bytes Sent By Job
	1024  -  Total Bytes Received By Job
	Partitionable Resources :    Usage  Request Allocated
	   Cpus                 :                 1         1
	   Disk (KB)            :      293        1   3400519
	   Memory (MB)          :       53     2000      2000
...
006 (911177.005.000) 01/09 01:53:00 Image size of job updated: 113916
	56  -  MemoryUsage of job (MB)
	57308  -  ResidentSetSize of job (KB)
...
006 (911177.008.000) 01/09 01:53:01 Image size of job updated: 114248
	52  -  MemoryUsage of job (MB)
	53204  -  ResidentSetSize of job (KB)
...
006 (911177.009.000) 01/09 01:53:01 Image size of job updated: 114032
	52  -  MemoryUsage of job (MB)
	53028  -  ResidentSetSize of job (KB)
...
006 (911177.004.000) 01/09 01:53:01 Image size of job updated: 114540
	53  -  MemoryUsage of job (MB)
	53496  -  ResidentSetSize of job (KB)
...
006 (911177.013.000) 01/09 01:53:03 Image size of job updated: 114048
	52  -  MemoryUsage of job (MB)
	53004  -  ResidentSetSize of job (KB)
...
006 (911177.014.000) 01/09 01:53:05 Image size of job updated: 114556
	53  -  MemoryUsage of job (MB)
	53516  -  ResidentSetSize of job (KB)
...
006 (911177.010.000) 01/09 01:53:06 Image size of job updated: 174068
	58  -  MemoryUsage of job (MB)
	58832  -  ResidentSetSize of job (KB)
...
006 (911177.006.000) 01/09 01:53:06 Image size of job updated: 114072
	52  -  MemoryUsage of job (MB)
	53028  -  ResidentSetSize of job (KB)
...
006 (911177.012.000) 01/09 01:53:09 Image size of job updated: 114248
	52  -  MemoryUsage of job (MB)
	53204  -  ResidentSetSize of job (KB)
...
005 (911177.010.000) 01/09 01:53:12 Job terminated.
	(1) Normal termination (return value 0)
		Usr 0 00:09:20, Sys 0 00:00:17  -  Run Remote Usage
		Usr 0 00:00:00, Sys 0 00:00:00  -  Run Local Usage
		Usr 0 00:09:20, Sys 0 00:00:17  -  Total Remote Usage
		Usr 0 00:00:00, Sys 0 00:00:00  -  Total Local Usage
	374325  -  Run Bytes Sent By Job
	978  -  Run Bytes Received By Job
	374325  -  Total Bytes Sent By Job
	978  -  Total Bytes Received By Job
	Partitionable Resources :    Usage  Request Allocated
	   Cpus                 :                 1         1
	   Disk (KB)            :      422        1   2231946
	   Memory (MB)          :       58     2000      2000
...
005 (911177.005.000) 01/09 01:53:17 Job terminated.
	(1) Normal termination (return value 0)
		Usr 0 00:08:53, Sys 0 00:00:16  -  Run Remote Usage
		Usr 0 00:00:00, Sys 0 00:00:00  -  Run Local Usage
		Usr 0 00:08:53, Sys 0 00:00:16  -  Total Remote Usage
		Usr 0 00:00:00, Sys 0 00:00:00  -  Total Local Usage
	265124  -  Run Bytes Sent By Job
	1036  -  Run Bytes Received By Job
	265124  -  Total Bytes Sent By Job
	1036  -  Total Bytes Received By Job
	Partitionable Resources :    Usage  Request Allocated
	   Cpus                 :                 1         1
	   Disk (KB)            :      300        1   1957019
	   Memory (MB)          :       56     2000      2000
...
006 (911177.007.000) 01/09 01:53:21 Image size of job updated: 113832
	52  -  MemoryUsage of job (MB)
	53236  -  ResidentSetSize of job (KB)
...
005 (911177.002.000) 01/09 01:54:22 Job terminated.
	(1) Normal termination (return value 0)
		Usr 0 00:08:34, Sys 0 00:00:14  -  Run Remote Usage
		Usr 0 00:00:00, Sys 0 00:00:00  -  Run Local Usage
		Usr 0 00:08:34, Sys 0 00:00:14  -  Total Remote Usage
		Usr 0 00:00:00, Sys 0 00:00:00  -  Total Local Usage
	338450  -  Run Bytes Sent By Job
	986  -  Run Bytes Received By Job
	338450  -  Total Bytes Sent By Job
	986  -  Total Bytes Received By Job
	Partitionable Resources :    Usage  Request Allocated
	   Cpus                 :                 1         1
	   Disk (KB)            :      343        1   3367801
	   Memory (MB)          :       52     2000      2000
...
005 (911177.003.000) 01/09 01:54:27 Job terminated.
	(1) Normal termination (return value 0)
		Usr 0 00:07:58, Sys 0 00:00:18  -  Run Remote Usage
		Usr 0 00:00:00, Sys 0 00:00:00  -  Run Local Usage
		Usr 0 00:07:58, Sys 0 00:00:18  -  Total Remote Usage
		Usr 0 00:00:00, Sys 0 00:00:00  -  Total Local Usage
	256130  -  Run Bytes Sent By Job
	1012  -  Run Bytes Received By Job
	256130  -  Total Bytes Sent By Job
	1012  -  Total Bytes Received By Job
	Partitionable Resources :    Usage  Request Allocated
	   Cpus                 :                 1         1
	   Disk (KB)            :      263        1   2600575
	   Memory (MB)          :       53     2000      2000
...
005 (911177.007.000) 01/09 01:55:25 Job terminated.
	(1) Normal termination (return value 0)
		Usr 0 00:08:15, Sys 0 00:00:14  -  Run Remote Usage
		Usr 0 00:00:00, Sys 0 00:00:00  -  Run Local Usage
		Usr 0 00:08:15, Sys 0 00:00:14  -  Total Remote Usage
		Usr 0 00:00:00, Sys 0 00:00:00  -  Total Local Usage
	250218  -  Run Bytes Sent By Job
	1032  -  Run Bytes Received By Job
	250218  -  Total Bytes Sent By Job
	1032  -  Total Bytes Received By Job
	Partitionable Resources :    Usage  Request Allocated
	   Cpus                 :                 1         1
	   Disk (KB)            :      257        1   2488589
	   Memory (MB)          :       52     2000      2000
...
005 (911177.004.000) 01/09 01:57:12 Job terminated.
	(1) Normal termination (return value 0)
		Usr 0 00:09:11, Sys 0 00:00:15  -  Run Remote Usage
		Usr 0 00:00:00, Sys 0 00:00:00  -  Run Local Usage
		Usr 0 00:09:11, Sys 0 00:00:15  -  Total Remote Usage
		Usr 0 00:00:00, Sys 0 00:00:00  -  Total Local Usage
	347477  -  Run Bytes Sent By Job
	1010  -  Run Bytes Received By Job
	347477  -  Total Bytes Sent By Job
	1010  -  Total Bytes Received By Job
	Partitionable Resources :    Usage  Request Allocated
	   Cpus                 :                 1         1
	   Disk (KB)            :      352        1   2737593
	   Memory (MB)          :       53     2000      2000
...
006 (911177.008.000) 01/09 01:58:01 Image size of job updated: 114268
	52  -  MemoryUsage of job (MB)
	53224  -  ResidentSetSize of job (KB)
...
006 (911177.013.000) 01/09 01:58:04 Image size of job updated: 114048
	52  -  MemoryUsage of job (MB)
	53024  -  ResidentSetSize of job (KB)
...
006 (911177.014.000) 01/09 01:58:06 Image size of job updated: 114572
	53  -  MemoryUsage of job (MB)
	53532  -  ResidentSetSize of job (KB)
...
006 (911177.006.000) 01/09 01:58:07 Image size of job updated: 114072
	57  -  MemoryUsage of job (MB)
	57664  -  ResidentSetSize of job (KB)
...
006 (911177.012.000) 01/09 01:58:09 Image size of job updated: 114248
	52  -  MemoryUsage of job (MB)
	53228  -  ResidentSetSize of job (KB)
...
005 (911177.006.000) 01/09 01:58:37 Job terminated.
	(1) Normal termination (return value 0)
		Usr 0 00:08:00, Sys 0 00:00:18  -  Run Remote Usage
		Usr 0 00:00:00, Sys 0 00:00:00  -  Run Local Usage
		Usr 0 00:08:00, Sys 0 00:00:18  -  Total Remote Usage
		Usr 0 00:00:00, Sys 0 00:00:00  -  Total Local Usage
	332576  -  Run Bytes Sent By Job
	1006  -  Run Bytes Received By Job
	332576  -  Total Bytes Sent By Job
	1006  -  Total Bytes Received By Job
	Partitionable Resources :    Usage  Request Allocated
	   Cpus                 :                 1         1
	   Disk (KB)            :      343        1   3307261
	   Memory (MB)          :       57     2000      2000
...
005 (911177.009.000) 01/09 01:59:23 Job terminated.
	(1) Normal termination (return value 0)
		Usr 0 00:10:54, Sys 0 00:00:20  -  Run Remote Usage
		Usr 0 00:00:00, Sys 0 00:00:00  -  Run Local Usage
		Usr 0 00:10:54, Sys 0 00:00:20  -  Total Remote Usage
		Usr 0 00:00:00, Sys 0 00:00:00  -  Total Local Usage
	296528  -  Run Bytes Sent By Job
	1008  -  Run Bytes Received By Job
	296528  -  Total Bytes Sent By Job
	1008  -  Total Bytes Received By Job
	Partitionable Resources :    Usage  Request Allocated
	   Cpus                 :                 1         1
	   Disk (KB)            :      302        1   3376109
	   Memory (MB)          :       52     2000      2000
...
005 (911177.008.000) 01/09 02:00:32 Job terminated.
	(1) Normal termination (return value 0)
		Usr 0 00:10:51, Sys 0 00:00:16  -  Run Remote Usage
		Usr 0 00:00:00, Sys 0 00:00:00  -  Run Local Usage
		Usr 0 00:10:51, Sys 0 00:00:16  -  Total Remote Usage
		Usr 0 00:00:00, Sys 0 00:00:00  -  Total Local Usage
	379342  -  Run Bytes Sent By Job
	982  -  Run Bytes Received By Job
	379342  -  Total Bytes Sent By Job
	982  -  Total Bytes Received By Job
	Partitionable Resources :    Usage  Request Allocated
	   Cpus                 :                 1         1
	   Disk (KB)            :      383        1   3226745
	   Memory (MB)          :       52     2000      2000
...
006 (911177.014.000) 01/09 02:03:06 Image size of job updated: 114600
	53  -  MemoryUsage of job (MB)
	53560  -  ResidentSetSize of job (KB)
...
005 (911177.012.000) 01/09 02:03:09 Job terminated.
	(1) Normal termination (return value 0)
		Usr 0 00:11:08, Sys 0 00:00:26  -  Run Remote Usage
		Usr 0 00:00:00, Sys 0 00:00:00  -  Run Local Usage
		Usr 0 00:11:08, Sys 0 00:00:26  -  Total Remote Usage
		Usr 0 00:00:00, Sys 0 00:00:00  -  Total Local Usage
	378488  -  Run Bytes Sent By Job
	1002  -  Run Bytes Received By Job
	378488  -  Total Bytes Sent By Job
	1002  -  Total Bytes Received By Job
	Partitionable Resources :    Usage  Request Allocated
	   Cpus                 :                 1         1
	   Disk (KB)            :      382        1   3388045
	   Memory (MB)          :       52     2000      2000
...
005 (911177.013.000) 01/09 02:06:11 Job terminated.
	(1) Normal termination (return value 0)
		Usr 0 00:10:36, Sys 0 00:00:17  -  Run Remote Usage
		Usr 0 00:00:00, Sys 0 00:00:00  -  Run Local Usage
		Usr 0 00:10:36, Sys 0 00:00:17  -  Total Remote Usage
		Usr 0 00:00:00, Sys 0 00:00:00  -  Total Local Usage
	296132  -  Run Bytes Sent By Job
	1028  -  Run Bytes Received By Job
	296132  -  Total Bytes Sent By Job
	1028  -  Total Bytes Received By Job
	Partitionable Resources :    Usage  Request Allocated
	   Cpus                 :                 1         1
	   Disk (KB)            :      302        1   2664072
	   Memory (MB)          :       52     2000      2000
...
006 (911177.014.000) 01/09 02:08:06 Image size of job updated: 114628
	53  -  MemoryUsage of job (MB)
	53588  -  ResidentSetSize of job (KB)
...
005 (911177.014.000) 01/09 02:13:05 Job terminated.
	(1) Normal termination (return value 0)
		Usr 0 00:10:22, Sys 0 00:00:18  -  Run Remote Usage
		Usr 0 00:00:00, Sys 0 00:00:00  -  Run Local Usage
		Usr 0 00:10:22, Sys 0 00:00:18  -  Total Remote Usage
		Usr 0 00:00:00, Sys 0 00:00:00  -  Total Local Usage
	369604  -  Run Bytes Sent By Job
	998  -  Run Bytes Received By Job
	369604  -  Total Bytes Sent By Job
	998  -  Total Bytes Received By Job
	Partitionable Resources :    Usage  Request Allocated
	   Cpus                 :                 1         1
	   Disk (KB)            :      374        1   3076011
	   Memory (MB)          :       53     2000      2000
...
