000 (911178.000.000) 01/09 00:54:11 Job submitted from host: <137.138.44.75:9618?addrs=137.138.44.75-9618+[2001-1458-d00-1a--b]-9618&noUDP&sock=124143_59c7_28>
...
000 (911178.001.000) 01/09 00:54:11 Job submitted from host: <137.138.44.75:9618?addrs=137.138.44.75-9618+[2001-1458-d00-1a--b]-9618&noUDP&sock=124143_59c7_28>
...
000 (911178.002.000) 01/09 00:54:11 Job submitted from host: <137.138.44.75:9618?addrs=137.138.44.75-9618+[2001-1458-d00-1a--b]-9618&noUDP&sock=124143_59c7_28>
...
000 (911178.003.000) 01/09 00:54:11 Job submitted from host: <137.138.44.75:9618?addrs=137.138.44.75-9618+[2001-1458-d00-1a--b]-9618&noUDP&sock=124143_59c7_28>
...
000 (911178.004.000) 01/09 00:54:11 Job submitted from host: <137.138.44.75:9618?addrs=137.138.44.75-9618+[2001-1458-d00-1a--b]-9618&noUDP&sock=124143_59c7_28>
...
000 (911178.005.000) 01/09 00:54:11 Job submitted from host: <137.138.44.75:9618?addrs=137.138.44.75-9618+[2001-1458-d00-1a--b]-9618&noUDP&sock=124143_59c7_28>
...
000 (911178.006.000) 01/09 00:54:11 Job submitted from host: <137.138.44.75:9618?addrs=137.138.44.75-9618+[2001-1458-d00-1a--b]-9618&noUDP&sock=124143_59c7_28>
...
000 (911178.007.000) 01/09 00:54:11 Job submitted from host: <137.138.44.75:9618?addrs=137.138.44.75-9618+[2001-1458-d00-1a--b]-9618&noUDP&sock=124143_59c7_28>
...
000 (911178.008.000) 01/09 00:54:11 Job submitted from host: <137.138.44.75:9618?addrs=137.138.44.75-9618+[2001-1458-d00-1a--b]-9618&noUDP&sock=124143_59c7_28>
...
000 (911178.009.000) 01/09 00:54:11 Job submitted from host: <137.138.44.75:9618?addrs=137.138.44.75-9618+[2001-1458-d00-1a--b]-9618&noUDP&sock=124143_59c7_28>
...
000 (911178.010.000) 01/09 00:54:11 Job submitted from host: <137.138.44.75:9618?addrs=137.138.44.75-9618+[2001-1458-d00-1a--b]-9618&noUDP&sock=124143_59c7_28>
...
000 (911178.011.000) 01/09 00:54:11 Job submitted from host: <137.138.44.75:9618?addrs=137.138.44.75-9618+[2001-1458-d00-1a--b]-9618&noUDP&sock=124143_59c7_28>
...
000 (911178.012.000) 01/09 00:54:11 Job submitted from host: <137.138.44.75:9618?addrs=137.138.44.75-9618+[2001-1458-d00-1a--b]-9618&noUDP&sock=124143_59c7_28>
...
000 (911178.013.000) 01/09 00:54:11 Job submitted from host: <137.138.44.75:9618?addrs=137.138.44.75-9618+[2001-1458-d00-1a--b]-9618&noUDP&sock=124143_59c7_28>
...
000 (911178.014.000) 01/09 00:54:11 Job submitted from host: <137.138.44.75:9618?addrs=137.138.44.75-9618+[2001-1458-d00-1a--b]-9618&noUDP&sock=124143_59c7_28>
...
000 (911178.015.000) 01/09 00:54:11 Job submitted from host: <137.138.44.75:9618?addrs=137.138.44.75-9618+[2001-1458-d00-1a--b]-9618&noUDP&sock=124143_59c7_28>
...
001 (911178.003.000) 01/09 01:07:53 Job executing on host: <188.184.196.83:9618?addrs=188.184.196.83-9618+[--1]-9618&noUDP&sock=8888_523f_3>
...
001 (911178.004.000) 01/09 01:07:53 Job executing on host: <188.184.210.29:9618?addrs=188.184.210.29-9618+[--1]-9618&noUDP&sock=3497_db97_3>
...
001 (911178.005.000) 01/09 01:07:53 Job executing on host: <188.184.138.9:9618?addrs=188.184.138.9-9618+[--1]-9618&noUDP&sock=8342_6190_3>
...
001 (911178.001.000) 01/09 01:07:53 Job executing on host: <188.184.190.133:9618?addrs=188.184.190.133-9618+[--1]-9618&noUDP&sock=8696_a010_3>
...
001 (911178.000.000) 01/09 01:07:53 Job executing on host: <188.184.212.29:9618?addrs=188.184.212.29-9618+[--1]-9618&noUDP&sock=3635_3341_3>
...
001 (911178.002.000) 01/09 01:07:56 Job executing on host: <188.184.182.53:9618?addrs=188.184.182.53-9618+[--1]-9618&noUDP&sock=2063_f060_3>
...
001 (911178.011.000) 01/09 01:07:57 Job executing on host: <188.184.139.175:9618?addrs=188.184.139.175-9618+[--1]-9618&noUDP&sock=9212_8eef_3>
...
001 (911178.006.000) 01/09 01:07:57 Job executing on host: <188.184.212.215:9618?addrs=188.184.212.215-9618+[--1]-9618&noUDP&sock=8783_4cce_3>
...
001 (911178.012.000) 01/09 01:07:57 Job executing on host: <188.184.182.43:9618?addrs=188.184.182.43-9618+[--1]-9618&noUDP&sock=13444_9d5a_3>
...
001 (911178.010.000) 01/09 01:07:58 Job executing on host: <188.184.212.48:9618?addrs=188.184.212.48-9618+[--1]-9618&noUDP&sock=8854_f13e_3>
...
001 (911178.014.000) 01/09 01:07:58 Job executing on host: <128.142.240.153:9618?addrs=128.142.240.153-9618+[--1]-9618&noUDP&sock=584_77cd_3>
...
001 (911178.015.000) 01/09 01:07:58 Job executing on host: <188.184.182.42:9618?addrs=188.184.182.42-9618+[--1]-9618&noUDP&sock=8358_ab7c_3>
...
001 (911178.008.000) 01/09 01:07:58 Job executing on host: <188.184.139.104:9618?addrs=188.184.139.104-9618+[--1]-9618&noUDP&sock=21697_3ad9_3>
...
001 (911178.007.000) 01/09 01:07:59 Job executing on host: <188.184.190.66:9618?addrs=188.184.190.66-9618+[--1]-9618&noUDP&sock=10198_df50_3>
...
001 (911178.009.000) 01/09 01:07:59 Job executing on host: <188.184.182.115:9618?addrs=188.184.182.115-9618+[--1]-9618&noUDP&sock=8326_266d_72>
...
001 (911178.013.000) 01/09 01:08:00 Job executing on host: <188.184.139.225:9618?addrs=188.184.139.225-9618+[--1]-9618&noUDP&sock=829_8481_3>
...
006 (911178.003.000) 01/09 01:08:01 Image size of job updated: 113428
	52  -  MemoryUsage of job (MB)
	52464  -  ResidentSetSize of job (KB)
...
006 (911178.004.000) 01/09 01:08:01 Image size of job updated: 113440
	52  -  MemoryUsage of job (MB)
	52468  -  ResidentSetSize of job (KB)
...
006 (911178.005.000) 01/09 01:08:01 Image size of job updated: 97640
	39  -  MemoryUsage of job (MB)
	39484  -  ResidentSetSize of job (KB)
...
006 (911178.000.000) 01/09 01:08:02 Image size of job updated: 113448
	52  -  MemoryUsage of job (MB)
	52476  -  ResidentSetSize of job (KB)
...
006 (911178.001.000) 01/09 01:08:02 Image size of job updated: 113428
	52  -  MemoryUsage of job (MB)
	52464  -  ResidentSetSize of job (KB)
...
006 (911178.011.000) 01/09 01:08:05 Image size of job updated: 100020
	41  -  MemoryUsage of job (MB)
	41524  -  ResidentSetSize of job (KB)
...
006 (911178.006.000) 01/09 01:08:05 Image size of job updated: 113404
	52  -  MemoryUsage of job (MB)
	52432  -  ResidentSetSize of job (KB)
...
006 (911178.002.000) 01/09 01:08:05 Image size of job updated: 113440
	52  -  MemoryUsage of job (MB)
	52468  -  ResidentSetSize of job (KB)
...
006 (911178.010.000) 01/09 01:08:06 Image size of job updated: 113600
	52  -  MemoryUsage of job (MB)
	52628  -  ResidentSetSize of job (KB)
...
006 (911178.014.000) 01/09 01:08:06 Image size of job updated: 113576
	52  -  MemoryUsage of job (MB)
	52604  -  ResidentSetSize of job (KB)
...
006 (911178.012.000) 01/09 01:08:06 Image size of job updated: 111880
	51  -  MemoryUsage of job (MB)
	51324  -  ResidentSetSize of job (KB)
...
006 (911178.007.000) 01/09 01:08:07 Image size of job updated: 113388
	52  -  MemoryUsage of job (MB)
	52424  -  ResidentSetSize of job (KB)
...
006 (911178.008.000) 01/09 01:08:07 Image size of job updated: 113624
	52  -  MemoryUsage of job (MB)
	52652  -  ResidentSetSize of job (KB)
...
006 (911178.015.000) 01/09 01:08:07 Image size of job updated: 113560
	52  -  MemoryUsage of job (MB)
	52596  -  ResidentSetSize of job (KB)
...
006 (911178.009.000) 01/09 01:08:08 Image size of job updated: 128604
	52  -  MemoryUsage of job (MB)
	52652  -  ResidentSetSize of job (KB)
...
006 (911178.013.000) 01/09 01:08:09 Image size of job updated: 113612
	52  -  MemoryUsage of job (MB)
	52648  -  ResidentSetSize of job (KB)
...
006 (911178.003.000) 01/09 01:13:01 Image size of job updated: 113832
	52  -  MemoryUsage of job (MB)
	52788  -  ResidentSetSize of job (KB)
...
006 (911178.004.000) 01/09 01:13:01 Image size of job updated: 114024
	52  -  MemoryUsage of job (MB)
	52980  -  ResidentSetSize of job (KB)
...
006 (911178.005.000) 01/09 01:13:01 Image size of job updated: 113632
	52  -  MemoryUsage of job (MB)
	52588  -  ResidentSetSize of job (KB)
...
006 (911178.001.000) 01/09 01:13:03 Image size of job updated: 113868
	52  -  MemoryUsage of job (MB)
	52824  -  ResidentSetSize of job (KB)
...
006 (911178.000.000) 01/09 01:13:03 Image size of job updated: 114028
	52  -  MemoryUsage of job (MB)
	52984  -  ResidentSetSize of job (KB)
...
006 (911178.011.000) 01/09 01:13:05 Image size of job updated: 113732
	52  -  MemoryUsage of job (MB)
	52688  -  ResidentSetSize of job (KB)
...
006 (911178.006.000) 01/09 01:13:05 Image size of job updated: 113548
	52  -  MemoryUsage of job (MB)
	52520  -  ResidentSetSize of job (KB)
...
006 (911178.002.000) 01/09 01:13:06 Image size of job updated: 113580
	52  -  MemoryUsage of job (MB)
	52552  -  ResidentSetSize of job (KB)
...
006 (911178.010.000) 01/09 01:13:06 Image size of job updated: 114324
	53  -  MemoryUsage of job (MB)
	53296  -  ResidentSetSize of job (KB)
...
006 (911178.014.000) 01/09 01:13:06 Image size of job updated: 113800
	52  -  MemoryUsage of job (MB)
	52756  -  ResidentSetSize of job (KB)
...
006 (911178.012.000) 01/09 01:13:07 Image size of job updated: 113776
	52  -  MemoryUsage of job (MB)
	52732  -  ResidentSetSize of job (KB)
...
006 (911178.007.000) 01/09 01:13:07 Image size of job updated: 113804
	52  -  MemoryUsage of job (MB)
	52760  -  ResidentSetSize of job (KB)
...
006 (911178.008.000) 01/09 01:13:08 Image size of job updated: 114152
	52  -  MemoryUsage of job (MB)
	53108  -  ResidentSetSize of job (KB)
...
006 (911178.015.000) 01/09 01:13:08 Image size of job updated: 113960
	52  -  MemoryUsage of job (MB)
	52916  -  ResidentSetSize of job (KB)
...
006 (911178.009.000) 01/09 01:13:09 Image size of job updated: 128684
	52  -  MemoryUsage of job (MB)
	52672  -  ResidentSetSize of job (KB)
...
006 (911178.013.000) 01/09 01:13:10 Image size of job updated: 113692
	52  -  MemoryUsage of job (MB)
	52668  -  ResidentSetSize of job (KB)
...
006 (911178.005.000) 01/09 01:18:02 Image size of job updated: 113876
	52  -  MemoryUsage of job (MB)
	52832  -  ResidentSetSize of job (KB)
...
006 (911178.003.000) 01/09 01:18:02 Image size of job updated: 113840
	52  -  MemoryUsage of job (MB)
	52796  -  ResidentSetSize of job (KB)
...
006 (911178.004.000) 01/09 01:18:03 Image size of job updated: 114064
	52  -  MemoryUsage of job (MB)
	53020  -  ResidentSetSize of job (KB)
...
006 (911178.000.000) 01/09 01:18:03 Image size of job updated: 114048
	52  -  MemoryUsage of job (MB)
	53004  -  ResidentSetSize of job (KB)
...
006 (911178.001.000) 01/09 01:18:03 Image size of job updated: 113876
	52  -  MemoryUsage of job (MB)
	52832  -  ResidentSetSize of job (KB)
...
006 (911178.006.000) 01/09 01:18:06 Image size of job updated: 113960
	52  -  MemoryUsage of job (MB)
	52916  -  ResidentSetSize of job (KB)
...
006 (911178.011.000) 01/09 01:18:06 Image size of job updated: 113984
	52  -  MemoryUsage of job (MB)
	52940  -  ResidentSetSize of job (KB)
...
006 (911178.002.000) 01/09 01:18:06 Image size of job updated: 114000
	52  -  MemoryUsage of job (MB)
	52956  -  ResidentSetSize of job (KB)
...
006 (911178.014.000) 01/09 01:18:07 Image size of job updated: 114128
	52  -  MemoryUsage of job (MB)
	53084  -  ResidentSetSize of job (KB)
...
006 (911178.012.000) 01/09 01:18:07 Image size of job updated: 114164
	52  -  MemoryUsage of job (MB)
	53120  -  ResidentSetSize of job (KB)
...
006 (911178.010.000) 01/09 01:18:07 Image size of job updated: 114536
	53  -  MemoryUsage of job (MB)
	53492  -  ResidentSetSize of job (KB)
...
006 (911178.008.000) 01/09 01:18:08 Image size of job updated: 114172
	52  -  MemoryUsage of job (MB)
	53128  -  ResidentSetSize of job (KB)
...
006 (911178.015.000) 01/09 01:18:08 Image size of job updated: 113968
	52  -  MemoryUsage of job (MB)
	52924  -  ResidentSetSize of job (KB)
...
006 (911178.007.000) 01/09 01:18:08 Image size of job updated: 114220
	52  -  MemoryUsage of job (MB)
	53176  -  ResidentSetSize of job (KB)
...
006 (911178.009.000) 01/09 01:18:10 Image size of job updated: 129016
	52  -  MemoryUsage of job (MB)
	52984  -  ResidentSetSize of job (KB)
...
006 (911178.013.000) 01/09 01:18:11 Image size of job updated: 114536
	53  -  MemoryUsage of job (MB)
	53492  -  ResidentSetSize of job (KB)
...
006 (911178.005.000) 01/09 01:23:02 Image size of job updated: 113880
	52  -  MemoryUsage of job (MB)
	52836  -  ResidentSetSize of job (KB)
...
006 (911178.003.000) 01/09 01:23:03 Image size of job updated: 113844
	52  -  MemoryUsage of job (MB)
	52800  -  ResidentSetSize of job (KB)
...
006 (911178.004.000) 01/09 01:23:03 Image size of job updated: 114092
	52  -  MemoryUsage of job (MB)
	53048  -  ResidentSetSize of job (KB)
...
006 (911178.000.000) 01/09 01:23:03 Image size of job updated: 114072
	52  -  MemoryUsage of job (MB)
	53028  -  ResidentSetSize of job (KB)
...
006 (911178.001.000) 01/09 01:23:03 Image size of job updated: 114280
	52  -  MemoryUsage of job (MB)
	53236  -  ResidentSetSize of job (KB)
...
006 (911178.006.000) 01/09 01:23:06 Image size of job updated: 113968
	52  -  MemoryUsage of job (MB)
	52924  -  ResidentSetSize of job (KB)
...
006 (911178.014.000) 01/09 01:23:07 Image size of job updated: 114136
	52  -  MemoryUsage of job (MB)
	53092  -  ResidentSetSize of job (KB)
...
006 (911178.012.000) 01/09 01:23:07 Image size of job updated: 114168
	52  -  MemoryUsage of job (MB)
	53124  -  ResidentSetSize of job (KB)
...
006 (911178.002.000) 01/09 01:23:07 Image size of job updated: 114412
	53  -  MemoryUsage of job (MB)
	53368  -  ResidentSetSize of job (KB)
...
006 (911178.010.000) 01/09 01:23:08 Image size of job updated: 114548
	53  -  MemoryUsage of job (MB)
	53504  -  ResidentSetSize of job (KB)
...
006 (911178.008.000) 01/09 01:23:08 Image size of job updated: 114596
	53  -  MemoryUsage of job (MB)
	53552  -  ResidentSetSize of job (KB)
...
006 (911178.015.000) 01/09 01:23:08 Image size of job updated: 113968
	52  -  MemoryUsage of job (MB)
	52936  -  ResidentSetSize of job (KB)
...
006 (911178.007.000) 01/09 01:23:09 Image size of job updated: 114228
	52  -  MemoryUsage of job (MB)
	53184  -  ResidentSetSize of job (KB)
...
006 (911178.009.000) 01/09 01:23:10 Image size of job updated: 129020
	52  -  MemoryUsage of job (MB)
	52988  -  ResidentSetSize of job (KB)
...
006 (911178.005.000) 01/09 01:28:02 Image size of job updated: 113892
	52  -  MemoryUsage of job (MB)
	52848  -  ResidentSetSize of job (KB)
...
006 (911178.003.000) 01/09 01:28:03 Image size of job updated: 114240
	52  -  MemoryUsage of job (MB)
	53196  -  ResidentSetSize of job (KB)
...
006 (911178.004.000) 01/09 01:28:03 Image size of job updated: 114092
	52  -  MemoryUsage of job (MB)
	53080  -  ResidentSetSize of job (KB)
...
006 (911178.000.000) 01/09 01:28:04 Image size of job updated: 114092
	52  -  MemoryUsage of job (MB)
	53048  -  ResidentSetSize of job (KB)
...
006 (911178.001.000) 01/09 01:28:04 Image size of job updated: 114296
	53  -  MemoryUsage of job (MB)
	53252  -  ResidentSetSize of job (KB)
...
006 (911178.014.000) 01/09 01:28:07 Image size of job updated: 114152
	52  -  MemoryUsage of job (MB)
	53108  -  ResidentSetSize of job (KB)
...
006 (911178.006.000) 01/09 01:28:07 Image size of job updated: 113972
	52  -  MemoryUsage of job (MB)
	52928  -  ResidentSetSize of job (KB)
...
006 (911178.012.000) 01/09 01:28:08 Image size of job updated: 114172
	52  -  MemoryUsage of job (MB)
	53128  -  ResidentSetSize of job (KB)
...
006 (911178.002.000) 01/09 01:28:08 Image size of job updated: 114428
	53  -  MemoryUsage of job (MB)
	53384  -  ResidentSetSize of job (KB)
...
006 (911178.010.000) 01/09 01:28:08 Image size of job updated: 114560
	53  -  MemoryUsage of job (MB)
	53516  -  ResidentSetSize of job (KB)
...
006 (911178.015.000) 01/09 01:28:09 Image size of job updated: 113968
	52  -  MemoryUsage of job (MB)
	52944  -  ResidentSetSize of job (KB)
...
006 (911178.007.000) 01/09 01:28:09 Image size of job updated: 114240
	52  -  MemoryUsage of job (MB)
	53196  -  ResidentSetSize of job (KB)
...
006 (911178.009.000) 01/09 01:28:11 Image size of job updated: 129416
	53  -  MemoryUsage of job (MB)
	53384  -  ResidentSetSize of job (KB)
...
006 (911178.005.000) 01/09 01:33:03 Image size of job updated: 113892
	52  -  MemoryUsage of job (MB)
	52856  -  ResidentSetSize of job (KB)
...
006 (911178.000.000) 01/09 01:33:04 Image size of job updated: 114100
	52  -  MemoryUsage of job (MB)
	53056  -  ResidentSetSize of job (KB)
...
006 (911178.001.000) 01/09 01:33:04 Image size of job updated: 114304
	53  -  MemoryUsage of job (MB)
	53260  -  ResidentSetSize of job (KB)
...
006 (911178.004.000) 01/09 01:33:04 Image size of job updated: 114092
	52  -  MemoryUsage of job (MB)
	53104  -  ResidentSetSize of job (KB)
...
006 (911178.011.000) 01/09 01:33:07 Image size of job updated: 114056
	52  -  MemoryUsage of job (MB)
	52940  -  ResidentSetSize of job (KB)
...
006 (911178.014.000) 01/09 01:33:08 Image size of job updated: 114164
	52  -  MemoryUsage of job (MB)
	53120  -  ResidentSetSize of job (KB)
...
006 (911178.006.000) 01/09 01:33:08 Image size of job updated: 113984
	52  -  MemoryUsage of job (MB)
	52940  -  ResidentSetSize of job (KB)
...
006 (911178.012.000) 01/09 01:33:08 Image size of job updated: 114580
	53  -  MemoryUsage of job (MB)
	53536  -  ResidentSetSize of job (KB)
...
006 (911178.002.000) 01/09 01:33:08 Image size of job updated: 114448
	53  -  MemoryUsage of job (MB)
	53384  -  ResidentSetSize of job (KB)
...
006 (911178.010.000) 01/09 01:33:08 Image size of job updated: 114564
	53  -  MemoryUsage of job (MB)
	53516  -  ResidentSetSize of job (KB)
...
006 (911178.015.000) 01/09 01:33:09 Image size of job updated: 113968
	53  -  MemoryUsage of job (MB)
	53352  -  ResidentSetSize of job (KB)
...
006 (911178.008.000) 01/09 01:33:10 Image size of job updated: 114624
	53  -  MemoryUsage of job (MB)
	53580  -  ResidentSetSize of job (KB)
...
006 (911178.007.000) 01/09 01:33:10 Image size of job updated: 114248
	52  -  MemoryUsage of job (MB)
	53204  -  ResidentSetSize of job (KB)
...
006 (911178.005.000) 01/09 01:38:03 Image size of job updated: 113892
	52  -  MemoryUsage of job (MB)
	52864  -  ResidentSetSize of job (KB)
...
006 (911178.000.000) 01/09 01:38:04 Image size of job updated: 114128
	52  -  MemoryUsage of job (MB)
	53084  -  ResidentSetSize of job (KB)
...
006 (911178.001.000) 01/09 01:38:04 Image size of job updated: 114316
	53  -  MemoryUsage of job (MB)
	53272  -  ResidentSetSize of job (KB)
...
006 (911178.004.000) 01/09 01:38:05 Image size of job updated: 114092
	52  -  MemoryUsage of job (MB)
	53108  -  ResidentSetSize of job (KB)
...
006 (911178.011.000) 01/09 01:38:07 Image size of job updated: 114064
	52  -  MemoryUsage of job (MB)
	52940  -  ResidentSetSize of job (KB)
...
006 (911178.014.000) 01/09 01:38:08 Image size of job updated: 114172
	52  -  MemoryUsage of job (MB)
	53128  -  ResidentSetSize of job (KB)
...
006 (911178.006.000) 01/09 01:38:08 Image size of job updated: 114000
	52  -  MemoryUsage of job (MB)
	52956  -  ResidentSetSize of job (KB)
...
006 (911178.012.000) 01/09 01:38:08 Image size of job updated: 114600
	53  -  MemoryUsage of job (MB)
	53556  -  ResidentSetSize of job (KB)
...
006 (911178.010.000) 01/09 01:38:09 Image size of job updated: 114580
	53  -  MemoryUsage of job (MB)
	53536  -  ResidentSetSize of job (KB)
...
006 (911178.015.000) 01/09 01:38:09 Image size of job updated: 113968
	53  -  MemoryUsage of job (MB)
	53360  -  ResidentSetSize of job (KB)
...
006 (911178.002.000) 01/09 01:38:09 Image size of job updated: 114460
	53  -  MemoryUsage of job (MB)
	53384  -  ResidentSetSize of job (KB)
...
006 (911178.008.000) 01/09 01:38:10 Image size of job updated: 114648
	53  -  MemoryUsage of job (MB)
	53604  -  ResidentSetSize of job (KB)
...
006 (911178.007.000) 01/09 01:38:11 Image size of job updated: 114264
	52  -  MemoryUsage of job (MB)
	53220  -  ResidentSetSize of job (KB)
...
005 (911178.004.000) 01/09 01:38:57 Job terminated.
	(1) Normal termination (return value 0)
		Usr 0 00:06:40, Sys 0 00:00:09  -  Run Remote Usage
		Usr 0 00:00:00, Sys 0 00:00:00  -  Run Local Usage
		Usr 0 00:06:40, Sys 0 00:00:09  -  Total Remote Usage
		Usr 0 00:00:00, Sys 0 00:00:00  -  Total Local Usage
	342643  -  Run Bytes Sent By Job
	979  -  Run Bytes Received By Job
	342643  -  Total Bytes Sent By Job
	979  -  Total Bytes Received By Job
	Partitionable Resources :    Usage  Request Allocated
	   Cpus                 :                 1         1
	   Disk (KB)            :      347        1   3502356
	   Memory (MB)          :       52     2000      2000
...
006 (911178.005.000) 01/09 01:43:04 Image size of job updated: 113892
	52  -  MemoryUsage of job (MB)
	52880  -  ResidentSetSize of job (KB)
...
006 (911178.001.000) 01/09 01:43:05 Image size of job updated: 114336
	53  -  MemoryUsage of job (MB)
	53272  -  ResidentSetSize of job (KB)
...
006 (911178.000.000) 01/09 01:43:05 Image size of job updated: 114552
	53  -  MemoryUsage of job (MB)
	53508  -  ResidentSetSize of job (KB)
...
006 (911178.014.000) 01/09 01:43:08 Image size of job updated: 114584
	53  -  MemoryUsage of job (MB)
	53540  -  ResidentSetSize of job (KB)
...
006 (911178.011.000) 01/09 01:43:08 Image size of job updated: 114076
	52  -  MemoryUsage of job (MB)
	52940  -  ResidentSetSize of job (KB)
...
006 (911178.010.000) 01/09 01:43:09 Image size of job updated: 114604
	53  -  MemoryUsage of job (MB)
	53560  -  ResidentSetSize of job (KB)
...
006 (911178.006.000) 01/09 01:43:09 Image size of job updated: 114016
	52  -  MemoryUsage of job (MB)
	52972  -  ResidentSetSize of job (KB)
...
006 (911178.012.000) 01/09 01:43:09 Image size of job updated: 114620
	53  -  MemoryUsage of job (MB)
	53576  -  ResidentSetSize of job (KB)
...
006 (911178.015.000) 01/09 01:43:10 Image size of job updated: 113968
	53  -  MemoryUsage of job (MB)
	53384  -  ResidentSetSize of job (KB)
...
006 (911178.008.000) 01/09 01:43:10 Image size of job updated: 114676
	53  -  MemoryUsage of job (MB)
	53604  -  ResidentSetSize of job (KB)
...
006 (911178.007.000) 01/09 01:43:11 Image size of job updated: 114280
	52  -  MemoryUsage of job (MB)
	53236  -  ResidentSetSize of job (KB)
...
006 (911178.009.000) 01/09 01:43:12 Image size of job updated: 129416
	53  -  MemoryUsage of job (MB)
	53392  -  ResidentSetSize of job (KB)
...
006 (911178.005.000) 01/09 01:48:05 Image size of job updated: 113892
	52  -  MemoryUsage of job (MB)
	52896  -  ResidentSetSize of job (KB)
...
006 (911178.000.000) 01/09 01:48:06 Image size of job updated: 114556
	53  -  MemoryUsage of job (MB)
	53512  -  ResidentSetSize of job (KB)
...
006 (911178.014.000) 01/09 01:48:09 Image size of job updated: 114592
	53  -  MemoryUsage of job (MB)
	53540  -  ResidentSetSize of job (KB)
...
006 (911178.011.000) 01/09 01:48:09 Image size of job updated: 114104
	52  -  MemoryUsage of job (MB)
	52940  -  ResidentSetSize of job (KB)
...
006 (911178.010.000) 01/09 01:48:09 Image size of job updated: 114620
	53  -  MemoryUsage of job (MB)
	53576  -  ResidentSetSize of job (KB)
...
006 (911178.006.000) 01/09 01:48:10 Image size of job updated: 114024
	52  -  MemoryUsage of job (MB)
	52980  -  ResidentSetSize of job (KB)
...
006 (911178.012.000) 01/09 01:48:10 Image size of job updated: 114656
	53  -  MemoryUsage of job (MB)
	53612  -  ResidentSetSize of job (KB)
...
006 (911178.008.000) 01/09 01:48:11 Image size of job updated: 114680
	53  -  MemoryUsage of job (MB)
	53604  -  ResidentSetSize of job (KB)
...
006 (911178.009.000) 01/09 01:48:13 Image size of job updated: 129416
	53  -  MemoryUsage of job (MB)
	53404  -  ResidentSetSize of job (KB)
...
005 (911178.007.000) 01/09 01:51:20 Job terminated.
	(1) Normal termination (return value 0)
		Usr 0 00:07:54, Sys 0 00:00:11  -  Run Remote Usage
		Usr 0 00:00:00, Sys 0 00:00:00  -  Run Local Usage
		Usr 0 00:07:54, Sys 0 00:00:11  -  Total Remote Usage
		Usr 0 00:00:00, Sys 0 00:00:00  -  Total Local Usage
	245834  -  Run Bytes Sent By Job
	1001  -  Run Bytes Received By Job
	245834  -  Total Bytes Sent By Job
	1001  -  Total Bytes Received By Job
	Partitionable Resources :    Usage  Request Allocated
	   Cpus                 :                 1         1
	   Disk (KB)            :      253        1   2847450
	   Memory (MB)          :       52     2000      2000
...
006 (911178.000.000) 01/09 01:51:20 Image size of job updated: 528400
	53  -  MemoryUsage of job (MB)
	53512  -  ResidentSetSize of job (KB)
...
005 (911178.000.000) 01/09 01:51:20 Job terminated.
	(1) Normal termination (return value 0)
		Usr 0 00:09:13, Sys 0 00:00:15  -  Run Remote Usage
		Usr 0 00:00:00, Sys 0 00:00:00  -  Run Local Usage
		Usr 0 00:09:13, Sys 0 00:00:15  -  Total Remote Usage
		Usr 0 00:00:00, Sys 0 00:00:00  -  Total Local Usage
	343069  -  Run Bytes Sent By Job
	959  -  Run Bytes Received By Job
	343069  -  Total Bytes Sent By Job
	959  -  Total Bytes Received By Job
	Partitionable Resources :    Usage  Request Allocated
	   Cpus                 :                 1         1
	   Disk (KB)            :      348        1   2466373
	   Memory (MB)          :       53     2000      2000
...
005 (911178.005.000) 01/09 01:52:38 Job terminated.
	(1) Normal termination (return value 0)
		Usr 0 00:08:55, Sys 0 00:00:16  -  Run Remote Usage
		Usr 0 00:00:00, Sys 0 00:00:00  -  Run Local Usage
		Usr 0 00:08:55, Sys 0 00:00:16  -  Total Remote Usage
		Usr 0 00:00:00, Sys 0 00:00:00  -  Total Local Usage
	260715  -  Run Bytes Sent By Job
	1005  -  Run Bytes Received By Job
	260715  -  Total Bytes Sent By Job
	1005  -  Total Bytes Received By Job
	Partitionable Resources :    Usage  Request Allocated
	   Cpus                 :                 1         1
	   Disk (KB)            :      267        1   1973549
	   Memory (MB)          :       52     2000      2000
...
006 (911178.001.000) 01/09 01:52:46 Image size of job updated: 512012
	53  -  MemoryUsage of job (MB)
	53272  -  ResidentSetSize of job (KB)
...
005 (911178.001.000) 01/09 01:52:47 Job terminated.
	(1) Normal termination (return value 0)
		Usr 0 00:08:02, Sys 0 00:00:15  -  Run Remote Usage
		Usr 0 00:00:00, Sys 0 00:00:00  -  Run Local Usage
		Usr 0 00:08:02, Sys 0 00:00:15  -  Total Remote Usage
		Usr 0 00:00:00, Sys 0 00:00:00  -  Total Local Usage
	260761  -  Run Bytes Sent By Job
	985  -  Run Bytes Received By Job
	260761  -  Total Bytes Sent By Job
	985  -  Total Bytes Received By Job
	Partitionable Resources :    Usage  Request Allocated
	   Cpus                 :                 1         1
	   Disk (KB)            :      267        1   3171369
	   Memory (MB)          :       53     2000      2000
...
006 (911178.006.000) 01/09 01:53:10 Image size of job updated: 114032
	52  -  MemoryUsage of job (MB)
	52988  -  ResidentSetSize of job (KB)
...
006 (911178.012.000) 01/09 01:53:11 Image size of job updated: 114676
	53  -  MemoryUsage of job (MB)
	53612  -  ResidentSetSize of job (KB)
...
005 (911178.015.000) 01/09 01:53:13 Job terminated.
	(1) Normal termination (return value 0)
		Usr 0 00:09:14, Sys 0 00:00:14  -  Run Remote Usage
		Usr 0 00:00:00, Sys 0 00:00:00  -  Run Local Usage
		Usr 0 00:09:14, Sys 0 00:00:14  -  Total Remote Usage
		Usr 0 00:00:00, Sys 0 00:00:00  -  Total Local Usage
	282444  -  Run Bytes Sent By Job
	993  -  Run Bytes Received By Job
	282444  -  Total Bytes Sent By Job
	993  -  Total Bytes Received By Job
	Partitionable Resources :    Usage  Request Allocated
	   Cpus                 :                 1         1
	   Disk (KB)            :      289        1   3361152
	   Memory (MB)          :       53     2000      2000
...
006 (911178.009.000) 01/09 01:53:13 Image size of job updated: 129416
	53  -  MemoryUsage of job (MB)
	53424  -  ResidentSetSize of job (KB)
...
005 (911178.008.000) 01/09 01:53:38 Job terminated.
	(1) Normal termination (return value 0)
		Usr 0 00:09:36, Sys 0 00:00:13  -  Run Remote Usage
		Usr 0 00:00:00, Sys 0 00:00:00  -  Run Local Usage
		Usr 0 00:09:36, Sys 0 00:00:13  -  Total Remote Usage
		Usr 0 00:00:00, Sys 0 00:00:00  -  Total Local Usage
	374070  -  Run Bytes Sent By Job
	951  -  Run Bytes Received By Job
	374070  -  Total Bytes Sent By Job
	951  -  Total Bytes Received By Job
	Partitionable Resources :    Usage  Request Allocated
	   Cpus                 :                 1         1
	   Disk (KB)            :      390        1   2765056
	   Memory (MB)          :       53     2000      2000
...
006 (911178.002.000) 01/09 01:55:08 Image size of job updated: 307180
	53  -  MemoryUsage of job (MB)
	53384  -  ResidentSetSize of job (KB)
...
005 (911178.002.000) 01/09 01:55:09 Job terminated.
	(1) Normal termination (return value 0)
		Usr 0 00:08:38, Sys 0 00:00:15  -  Run Remote Usage
		Usr 0 00:00:00, Sys 0 00:00:00  -  Run Local Usage
		Usr 0 00:08:38, Sys 0 00:00:15  -  Total Remote Usage
		Usr 0 00:00:00, Sys 0 00:00:00  -  Total Local Usage
	333992  -  Run Bytes Sent By Job
	955  -  Run Bytes Received By Job
	333992  -  Total Bytes Sent By Job
	955  -  Total Bytes Received By Job
	Partitionable Resources :    Usage  Request Allocated
	   Cpus                 :                 1         1
	   Disk (KB)            :      339        1   3234854
	   Memory (MB)          :       53     2000      2000
...
005 (911178.011.000) 01/09 01:55:29 Job terminated.
	(1) Normal termination (return value 0)
		Usr 0 00:09:56, Sys 0 00:00:16  -  Run Remote Usage
		Usr 0 00:00:00, Sys 0 00:00:00  -  Run Local Usage
		Usr 0 00:09:56, Sys 0 00:00:16  -  Total Remote Usage
		Usr 0 00:00:00, Sys 0 00:00:00  -  Total Local Usage
	287965  -  Run Bytes Sent By Job
	973  -  Run Bytes Received By Job
	287965  -  Total Bytes Sent By Job
	973  -  Total Bytes Received By Job
	Partitionable Resources :    Usage  Request Allocated
	   Cpus                 :                 1         1
	   Disk (KB)            :      294        1   2737278
	   Memory (MB)          :       52     2000      2000
...
006 (911178.006.000) 01/09 01:58:11 Image size of job updated: 114032
	52  -  MemoryUsage of job (MB)
	53040  -  ResidentSetSize of job (KB)
...
005 (911178.012.000) 01/09 01:58:31 Job terminated.
	(1) Normal termination (return value 0)
		Usr 0 00:09:45, Sys 0 00:00:14  -  Run Remote Usage
		Usr 0 00:00:00, Sys 0 00:00:00  -  Run Local Usage
		Usr 0 00:09:45, Sys 0 00:00:14  -  Total Remote Usage
		Usr 0 00:00:00, Sys 0 00:00:00  -  Total Local Usage
	374410  -  Run Bytes Sent By Job
	971  -  Run Bytes Received By Job
	374410  -  Total Bytes Sent By Job
	971  -  Total Bytes Received By Job
	Partitionable Resources :    Usage  Request Allocated
	   Cpus                 :                 1         1
	   Disk (KB)            :      387        1   3336984
	   Memory (MB)          :       53     2000      2000
...
005 (911178.009.000) 01/09 01:58:52 Job terminated.
	(1) Normal termination (return value 0)
		Usr 0 00:10:45, Sys 0 00:00:18  -  Run Remote Usage
		Usr 0 00:00:00, Sys 0 00:00:00  -  Run Local Usage
		Usr 0 00:10:45, Sys 0 00:00:18  -  Total Remote Usage
		Usr 0 00:00:00, Sys 0 00:00:00  -  Total Local Usage
	291766  -  Run Bytes Sent By Job
	977  -  Run Bytes Received By Job
	291766  -  Total Bytes Sent By Job
	977  -  Total Bytes Received By Job
	Partitionable Resources :    Usage  Request Allocated
	   Cpus                 :                 1         1
	   Disk (KB)            :      298        1   2736345
	   Memory (MB)          :       53     2000      2000
...
005 (911178.010.000) 01/09 01:59:19 Job terminated.
	(1) Normal termination (return value 0)
		Usr 0 00:10:47, Sys 0 00:00:19  -  Run Remote Usage
		Usr 0 00:00:00, Sys 0 00:00:00  -  Run Local Usage
		Usr 0 00:10:47, Sys 0 00:00:19  -  Total Remote Usage
		Usr 0 00:00:00, Sys 0 00:00:00  -  Total Local Usage
	369881  -  Run Bytes Sent By Job
	947  -  Run Bytes Received By Job
	369881  -  Total Bytes Sent By Job
	947  -  Total Bytes Received By Job
	Partitionable Resources :    Usage  Request Allocated
	   Cpus                 :                 1         1
	   Disk (KB)            :      374        1   3019193
	   Memory (MB)          :       53     2000      2000
...
005 (911178.014.000) 01/09 01:59:49 Job terminated.
	(1) Normal termination (return value 0)
		Usr 0 00:10:06, Sys 0 00:00:20  -  Run Remote Usage
		Usr 0 00:00:00, Sys 0 00:00:00  -  Run Local Usage
		Usr 0 00:10:06, Sys 0 00:00:20  -  Total Remote Usage
		Usr 0 00:00:00, Sys 0 00:00:00  -  Total Local Usage
	365154  -  Run Bytes Sent By Job
	967  -  Run Bytes Received By Job
	365154  -  Total Bytes Sent By Job
	967  -  Total Bytes Received By Job
	Partitionable Resources :    Usage  Request Allocated
	   Cpus                 :                 1         1
	   Disk (KB)            :      369        1   2956869
	   Memory (MB)          :       53     2000      2000
...
005 (911178.006.000) 01/09 02:02:48 Job terminated.
	(1) Normal termination (return value 0)
		Usr 0 00:08:29, Sys 0 00:00:12  -  Run Remote Usage
		Usr 0 00:00:00, Sys 0 00:00:00  -  Run Local Usage
		Usr 0 00:08:29, Sys 0 00:00:12  -  Total Remote Usage
		Usr 0 00:00:00, Sys 0 00:00:00  -  Total Local Usage
	328136  -  Run Bytes Sent By Job
	975  -  Run Bytes Received By Job
	328136  -  Total Bytes Sent By Job
	975  -  Total Bytes Received By Job
	Partitionable Resources :    Usage  Request Allocated
	   Cpus                 :                 1         1
	   Disk (KB)            :      333        1   2851425
	   Memory (MB)          :       52     2000      2000
...
005 (911178.013.000) 01/09 02:05:27 Job terminated.
	(1) Normal termination (return value 0)
		Usr 0 00:10:23, Sys 0 00:00:18  -  Run Remote Usage
		Usr 0 00:00:00, Sys 0 00:00:00  -  Run Local Usage
		Usr 0 00:10:23, Sys 0 00:00:18  -  Total Remote Usage
		Usr 0 00:00:00, Sys 0 00:00:00  -  Total Local Usage
	291782  -  Run Bytes Sent By Job
	997  -  Run Bytes Received By Job
	291782  -  Total Bytes Sent By Job
	997  -  Total Bytes Received By Job
	Partitionable Resources :    Usage  Request Allocated
	   Cpus                 :                 1         1
	   Disk (KB)            :      298        1   3472140
	   Memory (MB)          :       53     2000      2000
...
009 (911178.003.000) 01/09 09:18:47 Job was aborted by the user.
	Job removed by SYSTEM_PERIODIC_REMOVE due to wall time exceeded allowed max.
...
