000 (911133.000.000) 01/08 21:59:18 Job submitted from host: <137.138.44.75:9618?addrs=137.138.44.75-9618+[2001-1458-d00-1a--b]-9618&noUDP&sock=124143_59c7_28>
...
000 (911133.001.000) 01/08 21:59:18 Job submitted from host: <137.138.44.75:9618?addrs=137.138.44.75-9618+[2001-1458-d00-1a--b]-9618&noUDP&sock=124143_59c7_28>
...
000 (911133.002.000) 01/08 21:59:18 Job submitted from host: <137.138.44.75:9618?addrs=137.138.44.75-9618+[2001-1458-d00-1a--b]-9618&noUDP&sock=124143_59c7_28>
...
000 (911133.003.000) 01/08 21:59:18 Job submitted from host: <137.138.44.75:9618?addrs=137.138.44.75-9618+[2001-1458-d00-1a--b]-9618&noUDP&sock=124143_59c7_28>
...
000 (911133.004.000) 01/08 21:59:18 Job submitted from host: <137.138.44.75:9618?addrs=137.138.44.75-9618+[2001-1458-d00-1a--b]-9618&noUDP&sock=124143_59c7_28>
...
000 (911133.005.000) 01/08 21:59:18 Job submitted from host: <137.138.44.75:9618?addrs=137.138.44.75-9618+[2001-1458-d00-1a--b]-9618&noUDP&sock=124143_59c7_28>
...
000 (911133.006.000) 01/08 21:59:18 Job submitted from host: <137.138.44.75:9618?addrs=137.138.44.75-9618+[2001-1458-d00-1a--b]-9618&noUDP&sock=124143_59c7_28>
...
000 (911133.007.000) 01/08 21:59:18 Job submitted from host: <137.138.44.75:9618?addrs=137.138.44.75-9618+[2001-1458-d00-1a--b]-9618&noUDP&sock=124143_59c7_28>
...
000 (911133.008.000) 01/08 21:59:18 Job submitted from host: <137.138.44.75:9618?addrs=137.138.44.75-9618+[2001-1458-d00-1a--b]-9618&noUDP&sock=124143_59c7_28>
...
000 (911133.009.000) 01/08 21:59:18 Job submitted from host: <137.138.44.75:9618?addrs=137.138.44.75-9618+[2001-1458-d00-1a--b]-9618&noUDP&sock=124143_59c7_28>
...
000 (911133.010.000) 01/08 21:59:18 Job submitted from host: <137.138.44.75:9618?addrs=137.138.44.75-9618+[2001-1458-d00-1a--b]-9618&noUDP&sock=124143_59c7_28>
...
000 (911133.011.000) 01/08 21:59:18 Job submitted from host: <137.138.44.75:9618?addrs=137.138.44.75-9618+[2001-1458-d00-1a--b]-9618&noUDP&sock=124143_59c7_28>
...
000 (911133.012.000) 01/08 21:59:18 Job submitted from host: <137.138.44.75:9618?addrs=137.138.44.75-9618+[2001-1458-d00-1a--b]-9618&noUDP&sock=124143_59c7_28>
...
000 (911133.013.000) 01/08 21:59:18 Job submitted from host: <137.138.44.75:9618?addrs=137.138.44.75-9618+[2001-1458-d00-1a--b]-9618&noUDP&sock=124143_59c7_28>
...
000 (911133.014.000) 01/08 21:59:18 Job submitted from host: <137.138.44.75:9618?addrs=137.138.44.75-9618+[2001-1458-d00-1a--b]-9618&noUDP&sock=124143_59c7_28>
...
000 (911133.015.000) 01/08 21:59:18 Job submitted from host: <137.138.44.75:9618?addrs=137.138.44.75-9618+[2001-1458-d00-1a--b]-9618&noUDP&sock=124143_59c7_28>
...
001 (911133.000.000) 01/08 22:00:57 Job executing on host: <188.185.56.140:9618?addrs=188.185.56.140-9618+[--1]-9618&noUDP&sock=9016_0a24_3>
...
001 (911133.012.000) 01/08 22:00:59 Job executing on host: <188.185.185.126:9618?addrs=188.185.185.126-9618+[--1]-9618&noUDP&sock=8810_bac7_3>
...
001 (911133.005.000) 01/08 22:01:00 Job executing on host: <188.185.58.12:9618?addrs=188.185.58.12-9618+[--1]-9618&noUDP&sock=8629_f7ff_3>
...
001 (911133.015.000) 01/08 22:01:00 Job executing on host: <188.185.198.22:9618?addrs=188.185.198.22-9618+[--1]-9618&noUDP&sock=8454_a225_3>
...
001 (911133.004.000) 01/08 22:01:01 Job executing on host: <188.185.63.54:9618?addrs=188.185.63.54-9618+[--1]-9618&noUDP&sock=8850_0fda_3>
...
001 (911133.011.000) 01/08 22:01:01 Job executing on host: <188.185.57.109:9618?addrs=188.185.57.109-9618+[--1]-9618&noUDP&sock=8703_d5c2_3>
...
001 (911133.002.000) 01/08 22:01:03 Job executing on host: <188.185.62.43:9618?addrs=188.185.62.43-9618+[--1]-9618&noUDP&sock=9002_b170_3>
...
001 (911133.006.000) 01/08 22:01:03 Job executing on host: <188.185.254.209:9618?addrs=188.185.254.209-9618+[--1]-9618&noUDP&sock=431_85d0_3>
...
001 (911133.013.000) 01/08 22:01:05 Job executing on host: <188.185.63.94:9618?addrs=188.185.63.94-9618+[--1]-9618&noUDP&sock=8584_cd75_3>
...
001 (911133.014.000) 01/08 22:01:05 Job executing on host: <188.185.222.215:9618?addrs=188.185.222.215-9618+[--1]-9618&noUDP&sock=7079_7f6c_19>
...
001 (911133.010.000) 01/08 22:01:06 Job executing on host: <188.185.156.146:9618?addrs=188.185.156.146-9618+[--1]-9618&noUDP&sock=8559_e765_112>
...
001 (911133.003.000) 01/08 22:01:06 Job executing on host: <188.185.187.90:9618?addrs=188.185.187.90-9618+[--1]-9618&noUDP&sock=8871_28c0_3>
...
001 (911133.009.000) 01/08 22:01:06 Job executing on host: <128.142.129.21:9618?addrs=128.142.129.21-9618+[--1]-9618&noUDP&sock=368_4f58_19>
...
006 (911133.000.000) 01/08 22:01:07 Image size of job updated: 16648
	6  -  MemoryUsage of job (MB)
	5216  -  ResidentSetSize of job (KB)
...
006 (911133.012.000) 01/08 22:01:07 Image size of job updated: 1420
	2  -  MemoryUsage of job (MB)
	1384  -  ResidentSetSize of job (KB)
...
006 (911133.005.000) 01/08 22:01:09 Image size of job updated: 10648
	10  -  MemoryUsage of job (MB)
	9808  -  ResidentSetSize of job (KB)
...
006 (911133.015.000) 01/08 22:01:10 Image size of job updated: 1008
	1  -  MemoryUsage of job (MB)
	1008  -  ResidentSetSize of job (KB)
...
006 (911133.011.000) 01/08 22:01:10 Image size of job updated: 1000
	1  -  MemoryUsage of job (MB)
	1000  -  ResidentSetSize of job (KB)
...
006 (911133.004.000) 01/08 22:01:10 Image size of job updated: 836
	1  -  MemoryUsage of job (MB)
	836  -  ResidentSetSize of job (KB)
...
006 (911133.002.000) 01/08 22:01:11 Image size of job updated: 1064
	1  -  MemoryUsage of job (MB)
	1000  -  ResidentSetSize of job (KB)
...
001 (911133.007.000) 01/08 22:01:11 Job executing on host: <188.185.141.176:9618?addrs=188.185.141.176-9618+[--1]-9618&noUDP&sock=8435_8b10_138>
...
006 (911133.006.000) 01/08 22:01:12 Image size of job updated: 1004
	1  -  MemoryUsage of job (MB)
	1004  -  ResidentSetSize of job (KB)
...
006 (911133.014.000) 01/08 22:01:14 Image size of job updated: 992
	1  -  MemoryUsage of job (MB)
	992  -  ResidentSetSize of job (KB)
...
006 (911133.010.000) 01/08 22:01:14 Image size of job updated: 6264
	1  -  MemoryUsage of job (MB)
	1000  -  ResidentSetSize of job (KB)
...
006 (911133.013.000) 01/08 22:01:14 Image size of job updated: 1360
	2  -  MemoryUsage of job (MB)
	1348  -  ResidentSetSize of job (KB)
...
006 (911133.009.000) 01/08 22:01:15 Image size of job updated: 1012
	1  -  MemoryUsage of job (MB)
	1004  -  ResidentSetSize of job (KB)
...
006 (911133.003.000) 01/08 22:01:15 Image size of job updated: 9904
	10  -  MemoryUsage of job (MB)
	9832  -  ResidentSetSize of job (KB)
...
006 (911133.007.000) 01/08 22:01:20 Image size of job updated: 33460
	1  -  MemoryUsage of job (MB)
	1000  -  ResidentSetSize of job (KB)
...
001 (911133.008.000) 01/08 22:01:31 Job executing on host: <188.185.243.157:9618?addrs=188.185.243.157-9618+[--1]-9618&noUDP&sock=8230_fcee_3>
...
006 (911133.008.000) 01/08 22:01:39 Image size of job updated: 424
	1  -  MemoryUsage of job (MB)
	424  -  ResidentSetSize of job (KB)
...
006 (911133.000.000) 01/08 22:06:07 Image size of job updated: 98604
	54  -  MemoryUsage of job (MB)
	55264  -  ResidentSetSize of job (KB)
...
006 (911133.012.000) 01/08 22:06:07 Image size of job updated: 101036
	55  -  MemoryUsage of job (MB)
	55368  -  ResidentSetSize of job (KB)
...
006 (911133.005.000) 01/08 22:06:10 Image size of job updated: 67508
	54  -  MemoryUsage of job (MB)
	55140  -  ResidentSetSize of job (KB)
...
006 (911133.015.000) 01/08 22:06:10 Image size of job updated: 80748
	54  -  MemoryUsage of job (MB)
	55196  -  ResidentSetSize of job (KB)
...
006 (911133.011.000) 01/08 22:06:10 Image size of job updated: 99444
	55  -  MemoryUsage of job (MB)
	55300  -  ResidentSetSize of job (KB)
...
006 (911133.004.000) 01/08 22:06:11 Image size of job updated: 67792
	54  -  MemoryUsage of job (MB)
	55264  -  ResidentSetSize of job (KB)
...
006 (911133.002.000) 01/08 22:06:11 Image size of job updated: 67880
	54  -  MemoryUsage of job (MB)
	55240  -  ResidentSetSize of job (KB)
...
006 (911133.006.000) 01/08 22:06:12 Image size of job updated: 101356
	54  -  MemoryUsage of job (MB)
	55160  -  ResidentSetSize of job (KB)
...
006 (911133.010.000) 01/08 22:06:14 Image size of job updated: 84892
	55  -  MemoryUsage of job (MB)
	55332  -  ResidentSetSize of job (KB)
...
006 (911133.014.000) 01/08 22:06:14 Image size of job updated: 98184
	54  -  MemoryUsage of job (MB)
	55296  -  ResidentSetSize of job (KB)
...
006 (911133.009.000) 01/08 22:06:15 Image size of job updated: 80020
	54  -  MemoryUsage of job (MB)
	55240  -  ResidentSetSize of job (KB)
...
006 (911133.013.000) 01/08 22:06:15 Image size of job updated: 96820
	54  -  MemoryUsage of job (MB)
	55248  -  ResidentSetSize of job (KB)
...
006 (911133.003.000) 01/08 22:06:16 Image size of job updated: 67572
	54  -  MemoryUsage of job (MB)
	55112  -  ResidentSetSize of job (KB)
...
006 (911133.007.000) 01/08 22:06:21 Image size of job updated: 133616
	54  -  MemoryUsage of job (MB)
	55048  -  ResidentSetSize of job (KB)
...
006 (911133.008.000) 01/08 22:06:59 Image size of job updated: 69896
	47  -  MemoryUsage of job (MB)
	47592  -  ResidentSetSize of job (KB)
...
006 (911133.006.000) 01/08 22:11:12 Image size of job updated: 101356
	54  -  MemoryUsage of job (MB)
	55180  -  ResidentSetSize of job (KB)
...
006 (911133.014.000) 01/08 22:11:14 Image size of job updated: 98184
	55  -  MemoryUsage of job (MB)
	55328  -  ResidentSetSize of job (KB)
...
006 (911133.007.000) 01/08 22:11:21 Image size of job updated: 133616
	54  -  MemoryUsage of job (MB)
	55068  -  ResidentSetSize of job (KB)
...
006 (911133.008.000) 01/08 22:11:58 Image size of job updated: 72520
	55  -  MemoryUsage of job (MB)
	55344  -  ResidentSetSize of job (KB)
...
006 (911133.015.000) 01/08 22:16:11 Image size of job updated: 80748
	54  -  MemoryUsage of job (MB)
	55228  -  ResidentSetSize of job (KB)
...
006 (911133.010.000) 01/08 22:26:16 Image size of job updated: 84892
	55  -  MemoryUsage of job (MB)
	55420  -  ResidentSetSize of job (KB)
...
006 (911133.008.000) 01/08 22:27:03 Image size of job updated: 72520
	55  -  MemoryUsage of job (MB)
	55420  -  ResidentSetSize of job (KB)
...
005 (911133.009.000) 01/08 22:57:46 Job terminated.
	(1) Normal termination (return value 0)
		Usr 0 00:02:07, Sys 0 00:00:06  -  Run Remote Usage
		Usr 0 00:00:00, Sys 0 00:00:00  -  Run Local Usage
		Usr 0 00:02:07, Sys 0 00:00:06  -  Total Remote Usage
		Usr 0 00:00:00, Sys 0 00:00:00  -  Total Local Usage
	84041  -  Run Bytes Sent By Job
	1044  -  Run Bytes Received By Job
	84041  -  Total Bytes Sent By Job
	1044  -  Total Bytes Received By Job
	Partitionable Resources :    Usage  Request Allocated
	   Cpus                 :                 1         1
	   Disk (KB)            :       95        2   1867630
	   Memory (MB)          :       54     2000      2000
...
005 (911133.005.000) 01/08 23:03:57 Job terminated.
	(1) Normal termination (return value 0)
		Usr 0 00:01:58, Sys 0 00:00:04  -  Run Remote Usage
		Usr 0 00:00:00, Sys 0 00:00:00  -  Run Local Usage
		Usr 0 00:01:58, Sys 0 00:00:04  -  Total Remote Usage
		Usr 0 00:00:00, Sys 0 00:00:00  -  Total Local Usage
	74478  -  Run Bytes Sent By Job
	1072  -  Run Bytes Received By Job
	74478  -  Total Bytes Sent By Job
	1072  -  Total Bytes Received By Job
	Partitionable Resources :    Usage  Request Allocated
	   Cpus                 :                 1         1
	   Disk (KB)            :       86        2   1928992
	   Memory (MB)          :       54     2000      2000
...
001 (911133.001.000) 01/08 23:50:43 Job executing on host: <188.185.215.73:9618?addrs=188.185.215.73-9618+[--1]-9618&noUDP&sock=8826_cb60_3>
...
006 (911133.001.000) 01/08 23:50:52 Image size of job updated: 1188
	2  -  MemoryUsage of job (MB)
	1188  -  ResidentSetSize of job (KB)
...
006 (911133.008.000) 01/08 23:54:35 Image size of job updated: 72520
	55  -  MemoryUsage of job (MB)
	55428  -  ResidentSetSize of job (KB)
...
006 (911133.001.000) 01/08 23:55:53 Image size of job updated: 65536
	44  -  MemoryUsage of job (MB)
	44380  -  ResidentSetSize of job (KB)
...
006 (911133.001.000) 01/09 00:00:54 Image size of job updated: 65536
	54  -  MemoryUsage of job (MB)
	55156  -  ResidentSetSize of job (KB)
...
006 (911133.008.000) 01/09 00:04:36 Image size of job updated: 72520
	55  -  MemoryUsage of job (MB)
	55456  -  ResidentSetSize of job (KB)
...
006 (911133.008.000) 01/09 00:19:37 Image size of job updated: 72520
	55  -  MemoryUsage of job (MB)
	55504  -  ResidentSetSize of job (KB)
...
005 (911133.008.000) 01/09 00:21:50 Job terminated.
	(1) Normal termination (return value 0)
		Usr 0 00:02:25, Sys 0 00:00:07  -  Run Remote Usage
		Usr 0 00:00:00, Sys 0 00:00:00  -  Run Local Usage
		Usr 0 00:02:25, Sys 0 00:00:07  -  Total Remote Usage
		Usr 0 00:00:00, Sys 0 00:00:00  -  Total Local Usage
	82697  -  Run Bytes Sent By Job
	1018  -  Run Bytes Received By Job
	82697  -  Total Bytes Sent By Job
	1018  -  Total Bytes Received By Job
	Partitionable Resources :    Usage  Request Allocated
	   Cpus                 :                 1         1
	   Disk (KB)            :       93        2   1896981
	   Memory (MB)          :       55     2000      2000
...
005 (911133.001.000) 01/09 00:34:17 Job terminated.
	(1) Normal termination (return value 0)
		Usr 0 00:01:54, Sys 0 00:00:12  -  Run Remote Usage
		Usr 0 00:00:00, Sys 0 00:00:00  -  Run Local Usage
		Usr 0 00:01:54, Sys 0 00:00:12  -  Total Remote Usage
		Usr 0 00:00:00, Sys 0 00:00:00  -  Total Local Usage
	74484  -  Run Bytes Sent By Job
	1052  -  Run Bytes Received By Job
	74484  -  Total Bytes Sent By Job
	1052  -  Total Bytes Received By Job
	Partitionable Resources :    Usage  Request Allocated
	   Cpus                 :                 1         1
	   Disk (KB)            :       86        2   1930887
	   Memory (MB)          :       54     2000      2000
...
004 (911133.013.000) 01/09 00:52:48 Job was evicted.
	(0) Job was not checkpointed.
		Usr 0 00:00:07, Sys 0 00:00:01  -  Run Remote Usage
		Usr 0 00:00:00, Sys 0 00:00:00  -  Run Local Usage
	7830  -  Run Bytes Sent By Job
	1064  -  Run Bytes Received By Job
	Partitionable Resources :    Usage  Request Allocated
	   Cpus                 :                 1         1
	   Disk (KB)            :       21        2   1975067
	   Memory (MB)          :       54     2000      2000
...
009 (911133.013.000) 01/09 00:52:48 Job was aborted by the user.
	via condor_rm (by user vveckaln)
...
004 (911133.006.000) 01/09 01:02:40 Job was evicted.
	(0) Job was not checkpointed.
		Usr 0 00:00:16, Sys 0 00:00:01  -  Run Remote Usage
		Usr 0 00:00:00, Sys 0 00:00:00  -  Run Local Usage
	0  -  Run Bytes Sent By Job
	1042  -  Run Bytes Received By Job
	Partitionable Resources :    Usage  Request Allocated
	   Cpus                 :                 1         1
	   Disk (KB)            :       32        2   1956129
	   Memory (MB)          :       54     2000      2000
...
004 (911133.003.000) 01/09 01:02:40 Job was evicted.
	(0) Job was not checkpointed.
		Usr 0 00:00:18, Sys 0 00:00:01  -  Run Remote Usage
		Usr 0 00:00:00, Sys 0 00:00:00  -  Run Local Usage
	0  -  Run Bytes Sent By Job
	1048  -  Run Bytes Received By Job
	Partitionable Resources :    Usage  Request Allocated
	   Cpus                 :                 1         1
	   Disk (KB)            :       33        2   1846667
	   Memory (MB)          :       54     2000      2000
...
009 (911133.006.000) 01/09 01:02:40 Job was aborted by the user.
	via condor_rm (by user vveckaln)
...
009 (911133.003.000) 01/09 01:02:40 Job was aborted by the user.
	via condor_rm (by user vveckaln)
...
004 (911133.004.000) 01/09 01:02:40 Job was evicted.
	(0) Job was not checkpointed.
		Usr 0 00:00:06, Sys 0 00:00:01  -  Run Remote Usage
		Usr 0 00:00:00, Sys 0 00:00:00  -  Run Local Usage
	0  -  Run Bytes Sent By Job
	1046  -  Run Bytes Received By Job
	Partitionable Resources :    Usage  Request Allocated
	   Cpus                 :                 1         1
	   Disk (KB)            :       20        2   1960576
	   Memory (MB)          :       54     2000      2000
...
004 (911133.012.000) 01/09 01:02:40 Job was evicted.
	(0) Job was not checkpointed.
		Usr 0 00:00:17, Sys 0 00:00:01  -  Run Remote Usage
		Usr 0 00:00:00, Sys 0 00:00:00  -  Run Local Usage
	0  -  Run Bytes Sent By Job
	1038  -  Run Bytes Received By Job
	Partitionable Resources :    Usage  Request Allocated
	   Cpus                 :                 1         1
	   Disk (KB)            :       33        2   2027299
	   Memory (MB)          :       55     2000      2000
...
004 (911133.002.000) 01/09 01:02:40 Job was evicted.
	(0) Job was not checkpointed.
		Usr 0 00:00:24, Sys 0 00:00:01  -  Run Remote Usage
		Usr 0 00:00:00, Sys 0 00:00:00  -  Run Local Usage
	0  -  Run Bytes Sent By Job
	1022  -  Run Bytes Received By Job
	Partitionable Resources :    Usage  Request Allocated
	   Cpus                 :                 1         1
	   Disk (KB)            :       37        2   1908518
	   Memory (MB)          :       54     2000      2000
...
009 (911133.004.000) 01/09 01:02:40 Job was aborted by the user.
	via condor_rm (by user vveckaln)
...
004 (911133.000.000) 01/09 01:02:40 Job was evicted.
	(0) Job was not checkpointed.
		Usr 0 00:00:18, Sys 0 00:00:01  -  Run Remote Usage
		Usr 0 00:00:00, Sys 0 00:00:00  -  Run Local Usage
	0  -  Run Bytes Sent By Job
	1026  -  Run Bytes Received By Job
	Partitionable Resources :    Usage  Request Allocated
	   Cpus                 :                 1         1
	   Disk (KB)            :       33        2   1967664
	   Memory (MB)          :       54     2000      2000
...
009 (911133.012.000) 01/09 01:02:40 Job was aborted by the user.
	via condor_rm (by user vveckaln)
...
004 (911133.011.000) 01/09 01:02:41 Job was evicted.
	(0) Job was not checkpointed.
		Usr 0 00:00:07, Sys 0 00:00:02  -  Run Remote Usage
		Usr 0 00:00:00, Sys 0 00:00:00  -  Run Local Usage
	0  -  Run Bytes Sent By Job
	1040  -  Run Bytes Received By Job
	Partitionable Resources :    Usage  Request Allocated
	   Cpus                 :                 1         1
	   Disk (KB)            :       21        2   2024050
	   Memory (MB)          :       55     2000      2000
...
009 (911133.000.000) 01/09 01:02:41 Job was aborted by the user.
	via condor_rm (by user vveckaln)
...
004 (911133.007.000) 01/09 01:02:41 Job was evicted.
	(0) Job was not checkpointed.
		Usr 0 00:00:50, Sys 0 00:00:06  -  Run Remote Usage
		Usr 0 00:00:00, Sys 0 00:00:00  -  Run Local Usage
	0  -  Run Bytes Sent By Job
	1068  -  Run Bytes Received By Job
	Partitionable Resources :    Usage  Request Allocated
	   Cpus                 :                 1         1
	   Disk (KB)            :       29        2   2009736
	   Memory (MB)          :       54     2000      2000
...
009 (911133.002.000) 01/09 01:02:41 Job was aborted by the user.
	via condor_rm (by user vveckaln)
...
009 (911133.011.000) 01/09 01:02:41 Job was aborted by the user.
	via condor_rm (by user vveckaln)
...
009 (911133.007.000) 01/09 01:02:41 Job was aborted by the user.
	via condor_rm (by user vveckaln)
...
004 (911133.015.000) 01/09 01:02:41 Job was evicted.
	(0) Job was not checkpointed.
		Usr 0 00:00:14, Sys 0 00:00:01  -  Run Remote Usage
		Usr 0 00:00:00, Sys 0 00:00:00  -  Run Local Usage
	0  -  Run Bytes Sent By Job
	1060  -  Run Bytes Received By Job
	Partitionable Resources :    Usage  Request Allocated
	   Cpus                 :                 1         1
	   Disk (KB)            :       30        2   1940926
	   Memory (MB)          :       54     2000      2000
...
009 (911133.015.000) 01/09 01:02:41 Job was aborted by the user.
	via condor_rm (by user vveckaln)
...
004 (911133.014.000) 01/09 01:02:44 Job was evicted.
	(0) Job was not checkpointed.
		Usr 0 00:00:06, Sys 0 00:00:01  -  Run Remote Usage
		Usr 0 00:00:00, Sys 0 00:00:00  -  Run Local Usage
	0  -  Run Bytes Sent By Job
	1034  -  Run Bytes Received By Job
	Partitionable Resources :    Usage  Request Allocated
	   Cpus                 :                 1         1
	   Disk (KB)            :       20        2   2020291
	   Memory (MB)          :       55     2000      2000
...
004 (911133.010.000) 01/09 01:02:44 Job was evicted.
	(0) Job was not checkpointed.
		Usr 0 00:00:41, Sys 0 00:00:02  -  Run Remote Usage
		Usr 0 00:00:00, Sys 0 00:00:00  -  Run Local Usage
	0  -  Run Bytes Sent By Job
	1014  -  Run Bytes Received By Job
	Partitionable Resources :    Usage  Request Allocated
	   Cpus                 :                 1         1
	   Disk (KB)            :       36        2   1952326
	   Memory (MB)          :       55     2000      2000
...
009 (911133.014.000) 01/09 01:02:44 Job was aborted by the user.
	via condor_rm (by user vveckaln)
...
009 (911133.010.000) 01/09 01:02:44 Job was aborted by the user.
	via condor_rm (by user vveckaln)
...
