000 (917402.000.000) 01/09 14:18:24 Job submitted from host: <137.138.44.75:9618?addrs=137.138.44.75-9618+[2001-1458-d00-1a--b]-9618&noUDP&sock=124143_59c7_28>
...
000 (917402.001.000) 01/09 14:18:24 Job submitted from host: <137.138.44.75:9618?addrs=137.138.44.75-9618+[2001-1458-d00-1a--b]-9618&noUDP&sock=124143_59c7_28>
...
000 (917402.002.000) 01/09 14:18:24 Job submitted from host: <137.138.44.75:9618?addrs=137.138.44.75-9618+[2001-1458-d00-1a--b]-9618&noUDP&sock=124143_59c7_28>
...
000 (917402.003.000) 01/09 14:18:24 Job submitted from host: <137.138.44.75:9618?addrs=137.138.44.75-9618+[2001-1458-d00-1a--b]-9618&noUDP&sock=124143_59c7_28>
...
000 (917402.004.000) 01/09 14:18:24 Job submitted from host: <137.138.44.75:9618?addrs=137.138.44.75-9618+[2001-1458-d00-1a--b]-9618&noUDP&sock=124143_59c7_28>
...
000 (917402.005.000) 01/09 14:18:24 Job submitted from host: <137.138.44.75:9618?addrs=137.138.44.75-9618+[2001-1458-d00-1a--b]-9618&noUDP&sock=124143_59c7_28>
...
000 (917402.006.000) 01/09 14:18:24 Job submitted from host: <137.138.44.75:9618?addrs=137.138.44.75-9618+[2001-1458-d00-1a--b]-9618&noUDP&sock=124143_59c7_28>
...
000 (917402.007.000) 01/09 14:18:24 Job submitted from host: <137.138.44.75:9618?addrs=137.138.44.75-9618+[2001-1458-d00-1a--b]-9618&noUDP&sock=124143_59c7_28>
...
001 (917402.000.000) 01/09 14:39:00 Job executing on host: <188.184.201.240:9618?addrs=188.184.201.240-9618+[--1]-9618&noUDP&sock=10050_5b4c_3>
...
001 (917402.001.000) 01/09 14:39:01 Job executing on host: <137.138.119.79:9618?addrs=137.138.119.79-9618+[--1]-9618&noUDP&sock=3102_9b46_3>
...
001 (917402.002.000) 01/09 14:39:01 Job executing on host: <188.184.200.170:9618?addrs=188.184.200.170-9618+[--1]-9618&noUDP&sock=8847_32dd_3>
...
001 (917402.005.000) 01/09 14:39:01 Job executing on host: <188.184.202.205:9618?addrs=188.184.202.205-9618+[--1]-9618&noUDP&sock=8622_de0e_3>
...
001 (917402.007.000) 01/09 14:39:03 Job executing on host: <188.184.202.145:9618?addrs=188.184.202.145-9618+[--1]-9618&noUDP&sock=8684_64ed_3>
...
001 (917402.004.000) 01/09 14:39:04 Job executing on host: <188.184.186.149:9618?addrs=188.184.186.149-9618+[--1]-9618&noUDP&sock=8927_137b_3>
...
001 (917402.006.000) 01/09 14:39:04 Job executing on host: <188.184.186.35:9618?addrs=188.184.186.35-9618+[--1]-9618&noUDP&sock=8846_e380_3>
...
001 (917402.003.000) 01/09 14:39:06 Job executing on host: <188.184.207.85:9618?addrs=188.184.207.85-9618+[--1]-9618&noUDP&sock=32164_b8a5_3>
...
006 (917402.000.000) 01/09 14:39:09 Image size of job updated: 107904
	55  -  MemoryUsage of job (MB)
	55596  -  ResidentSetSize of job (KB)
...
006 (917402.001.000) 01/09 14:39:09 Image size of job updated: 107852
	55  -  MemoryUsage of job (MB)
	55540  -  ResidentSetSize of job (KB)
...
006 (917402.005.000) 01/09 14:39:10 Image size of job updated: 107984
	55  -  MemoryUsage of job (MB)
	55672  -  ResidentSetSize of job (KB)
...
006 (917402.002.000) 01/09 14:39:10 Image size of job updated: 107920
	55  -  MemoryUsage of job (MB)
	55612  -  ResidentSetSize of job (KB)
...
006 (917402.004.000) 01/09 14:39:12 Image size of job updated: 107996
	55  -  MemoryUsage of job (MB)
	55688  -  ResidentSetSize of job (KB)
...
006 (917402.007.000) 01/09 14:39:12 Image size of job updated: 109528
	49  -  MemoryUsage of job (MB)
	49708  -  ResidentSetSize of job (KB)
...
006 (917402.006.000) 01/09 14:39:13 Image size of job updated: 108004
	55  -  MemoryUsage of job (MB)
	55696  -  ResidentSetSize of job (KB)
...
006 (917402.003.000) 01/09 14:39:15 Image size of job updated: 20596
	7  -  MemoryUsage of job (MB)
	6504  -  ResidentSetSize of job (KB)
...
006 (917402.000.000) 01/09 14:44:09 Image size of job updated: 108256
	55  -  MemoryUsage of job (MB)
	55628  -  ResidentSetSize of job (KB)
...
006 (917402.001.000) 01/09 14:44:09 Image size of job updated: 108220
	55  -  MemoryUsage of job (MB)
	55588  -  ResidentSetSize of job (KB)
...
006 (917402.005.000) 01/09 14:44:10 Image size of job updated: 108368
	55  -  MemoryUsage of job (MB)
	55736  -  ResidentSetSize of job (KB)
...
006 (917402.002.000) 01/09 14:44:11 Image size of job updated: 108260
	55  -  MemoryUsage of job (MB)
	55632  -  ResidentSetSize of job (KB)
...
006 (917402.004.000) 01/09 14:44:12 Image size of job updated: 108380
	55  -  MemoryUsage of job (MB)
	55752  -  ResidentSetSize of job (KB)
...
006 (917402.007.000) 01/09 14:44:13 Image size of job updated: 109528
	55  -  MemoryUsage of job (MB)
	55860  -  ResidentSetSize of job (KB)
...
006 (917402.006.000) 01/09 14:44:14 Image size of job updated: 108368
	55  -  MemoryUsage of job (MB)
	55740  -  ResidentSetSize of job (KB)
...
006 (917402.003.000) 01/09 14:44:16 Image size of job updated: 107712
	55  -  MemoryUsage of job (MB)
	55540  -  ResidentSetSize of job (KB)
...
006 (917402.005.000) 01/09 14:49:10 Image size of job updated: 108496
	55  -  MemoryUsage of job (MB)
	55864  -  ResidentSetSize of job (KB)
...
006 (917402.001.000) 01/09 14:49:10 Image size of job updated: 108224
	55  -  MemoryUsage of job (MB)
	55592  -  ResidentSetSize of job (KB)
...
006 (917402.007.000) 01/09 14:49:13 Image size of job updated: 109528
	55  -  MemoryUsage of job (MB)
	55864  -  ResidentSetSize of job (KB)
...
006 (917402.004.000) 01/09 14:49:13 Image size of job updated: 108496
	55  -  MemoryUsage of job (MB)
	55868  -  ResidentSetSize of job (KB)
...
006 (917402.006.000) 01/09 14:49:14 Image size of job updated: 108368
	55  -  MemoryUsage of job (MB)
	55796  -  ResidentSetSize of job (KB)
...
006 (917402.003.000) 01/09 14:49:16 Image size of job updated: 108004
	55  -  MemoryUsage of job (MB)
	55540  -  ResidentSetSize of job (KB)
...
006 (917402.000.000) 01/09 14:54:10 Image size of job updated: 108832
	55  -  MemoryUsage of job (MB)
	56088  -  ResidentSetSize of job (KB)
...
006 (917402.001.000) 01/09 14:54:11 Image size of job updated: 108272
	55  -  MemoryUsage of job (MB)
	55640  -  ResidentSetSize of job (KB)
...
006 (917402.005.000) 01/09 14:54:11 Image size of job updated: 109068
	55  -  MemoryUsage of job (MB)
	56320  -  ResidentSetSize of job (KB)
...
006 (917402.002.000) 01/09 14:54:12 Image size of job updated: 108848
	55  -  MemoryUsage of job (MB)
	56104  -  ResidentSetSize of job (KB)
...
006 (917402.007.000) 01/09 14:54:13 Image size of job updated: 109528
	55  -  MemoryUsage of job (MB)
	55936  -  ResidentSetSize of job (KB)
...
006 (917402.006.000) 01/09 14:54:14 Image size of job updated: 108956
	55  -  MemoryUsage of job (MB)
	56276  -  ResidentSetSize of job (KB)
...
006 (917402.003.000) 01/09 14:54:16 Image size of job updated: 108004
	55  -  MemoryUsage of job (MB)
	55556  -  ResidentSetSize of job (KB)
...
006 (917402.000.000) 01/09 14:59:11 Image size of job updated: 108856
	55  -  MemoryUsage of job (MB)
	56112  -  ResidentSetSize of job (KB)
...
006 (917402.001.000) 01/09 14:59:11 Image size of job updated: 108868
	55  -  MemoryUsage of job (MB)
	56120  -  ResidentSetSize of job (KB)
...
006 (917402.005.000) 01/09 14:59:12 Image size of job updated: 109168
	56  -  MemoryUsage of job (MB)
	56420  -  ResidentSetSize of job (KB)
...
006 (917402.002.000) 01/09 14:59:13 Image size of job updated: 108880
	55  -  MemoryUsage of job (MB)
	56136  -  ResidentSetSize of job (KB)
...
006 (917402.004.000) 01/09 14:59:14 Image size of job updated: 109028
	55  -  MemoryUsage of job (MB)
	56284  -  ResidentSetSize of job (KB)
...
006 (917402.007.000) 01/09 14:59:14 Image size of job updated: 109528
	56  -  MemoryUsage of job (MB)
	56404  -  ResidentSetSize of job (KB)
...
006 (917402.006.000) 01/09 14:59:15 Image size of job updated: 109000
	55  -  MemoryUsage of job (MB)
	56320  -  ResidentSetSize of job (KB)
...
006 (917402.000.000) 01/09 15:04:11 Image size of job updated: 108876
	55  -  MemoryUsage of job (MB)
	56132  -  ResidentSetSize of job (KB)
...
006 (917402.001.000) 01/09 15:04:11 Image size of job updated: 108896
	55  -  MemoryUsage of job (MB)
	56148  -  ResidentSetSize of job (KB)
...
006 (917402.005.000) 01/09 15:04:12 Image size of job updated: 109176
	56  -  MemoryUsage of job (MB)
	56428  -  ResidentSetSize of job (KB)
...
006 (917402.002.000) 01/09 15:04:13 Image size of job updated: 108904
	55  -  MemoryUsage of job (MB)
	56160  -  ResidentSetSize of job (KB)
...
006 (917402.004.000) 01/09 15:04:14 Image size of job updated: 109064
	55  -  MemoryUsage of job (MB)
	56320  -  ResidentSetSize of job (KB)
...
006 (917402.007.000) 01/09 15:04:15 Image size of job updated: 109528
	56  -  MemoryUsage of job (MB)
	56408  -  ResidentSetSize of job (KB)
...
006 (917402.006.000) 01/09 15:04:16 Image size of job updated: 109120
	56  -  MemoryUsage of job (MB)
	56440  -  ResidentSetSize of job (KB)
...
006 (917402.000.000) 01/09 15:09:12 Image size of job updated: 108900
	55  -  MemoryUsage of job (MB)
	56156  -  ResidentSetSize of job (KB)
...
006 (917402.001.000) 01/09 15:09:12 Image size of job updated: 108916
	55  -  MemoryUsage of job (MB)
	56168  -  ResidentSetSize of job (KB)
...
006 (917402.002.000) 01/09 15:09:13 Image size of job updated: 108928
	55  -  MemoryUsage of job (MB)
	56184  -  ResidentSetSize of job (KB)
...
006 (917402.003.000) 01/09 15:09:17 Image size of job updated: 108004
	55  -  MemoryUsage of job (MB)
	55564  -  ResidentSetSize of job (KB)
...
006 (917402.002.000) 01/09 15:11:23 Image size of job updated: 528400
	55  -  MemoryUsage of job (MB)
	56184  -  ResidentSetSize of job (KB)
...
005 (917402.002.000) 01/09 15:11:23 Job terminated.
	(1) Normal termination (return value 0)
		Usr 0 00:09:54, Sys 0 00:02:13  -  Run Remote Usage
		Usr 0 00:00:00, Sys 0 00:00:00  -  Run Local Usage
		Usr 0 00:09:54, Sys 0 00:02:13  -  Total Remote Usage
		Usr 0 00:00:00, Sys 0 00:00:00  -  Total Local Usage
	271830  -  Run Bytes Sent By Job
	1043  -  Run Bytes Received By Job
	271830  -  Total Bytes Sent By Job
	1043  -  Total Bytes Received By Job
	Partitionable Resources :    Usage  Request Allocated
	   Cpus                 :                 1         1
	   Disk (KB)            :      278        1   2144801
	   Memory (MB)          :       55     2000      2000
...
005 (917402.000.000) 01/09 15:13:43 Job terminated.
	(1) Normal termination (return value 0)
		Usr 0 00:10:24, Sys 0 00:02:12  -  Run Remote Usage
		Usr 0 00:00:00, Sys 0 00:00:00  -  Run Local Usage
		Usr 0 00:10:24, Sys 0 00:02:12  -  Total Remote Usage
		Usr 0 00:00:00, Sys 0 00:00:00  -  Total Local Usage
	271822  -  Run Bytes Sent By Job
	1023  -  Run Bytes Received By Job
	271822  -  Total Bytes Sent By Job
	1023  -  Total Bytes Received By Job
	Partitionable Resources :    Usage  Request Allocated
	   Cpus                 :                 1         1
	   Disk (KB)            :      278        1   2105115
	   Memory (MB)          :       55     2000      2000
...
006 (917402.005.000) 01/09 15:14:13 Image size of job updated: 109188
	56  -  MemoryUsage of job (MB)
	56440  -  ResidentSetSize of job (KB)
...
006 (917402.001.000) 01/09 15:14:13 Image size of job updated: 108936
	55  -  MemoryUsage of job (MB)
	56188  -  ResidentSetSize of job (KB)
...
006 (917402.004.000) 01/09 15:14:15 Image size of job updated: 109176
	56  -  MemoryUsage of job (MB)
	56432  -  ResidentSetSize of job (KB)
...
005 (917402.005.000) 01/09 15:19:07 Job terminated.
	(1) Normal termination (return value 0)
		Usr 0 00:12:25, Sys 0 00:02:39  -  Run Remote Usage
		Usr 0 00:00:00, Sys 0 00:00:00  -  Run Local Usage
		Usr 0 00:12:25, Sys 0 00:02:39  -  Total Remote Usage
		Usr 0 00:00:00, Sys 0 00:00:00  -  Total Local Usage
	314068  -  Run Bytes Sent By Job
	1011  -  Run Bytes Received By Job
	314068  -  Total Bytes Sent By Job
	1011  -  Total Bytes Received By Job
	Partitionable Resources :    Usage  Request Allocated
	   Cpus                 :                 1         1
	   Disk (KB)            :      319        1   2098940
	   Memory (MB)          :       56     2000      2000
...
005 (917402.006.000) 01/09 15:19:08 Job terminated.
	(1) Normal termination (return value 0)
		Usr 0 00:11:13, Sys 0 00:02:28  -  Run Remote Usage
		Usr 0 00:00:00, Sys 0 00:00:00  -  Run Local Usage
		Usr 0 00:11:13, Sys 0 00:02:28  -  Total Remote Usage
		Usr 0 00:00:00, Sys 0 00:00:00  -  Total Local Usage
	302851  -  Run Bytes Sent By Job
	1035  -  Run Bytes Received By Job
	302851  -  Total Bytes Sent By Job
	1035  -  Total Bytes Received By Job
	Partitionable Resources :    Usage  Request Allocated
	   Cpus                 :                 1         1
	   Disk (KB)            :      309        1   2094895
	   Memory (MB)          :       56     2000      2000
...
006 (917402.001.000) 01/09 15:19:13 Image size of job updated: 108956
	55  -  MemoryUsage of job (MB)
	56208  -  ResidentSetSize of job (KB)
...
006 (917402.007.000) 01/09 15:19:16 Image size of job updated: 121480
	62  -  MemoryUsage of job (MB)
	63276  -  ResidentSetSize of job (KB)
...
006 (917402.003.000) 01/09 15:19:18 Image size of job updated: 108004
	55  -  MemoryUsage of job (MB)
	55608  -  ResidentSetSize of job (KB)
...
005 (917402.007.000) 01/09 15:19:22 Job terminated.
	(1) Normal termination (return value 0)
		Usr 0 00:10:36, Sys 0 00:02:21  -  Run Remote Usage
		Usr 0 00:00:00, Sys 0 00:00:00  -  Run Local Usage
		Usr 0 00:10:36, Sys 0 00:02:21  -  Total Remote Usage
		Usr 0 00:00:00, Sys 0 00:00:00  -  Total Local Usage
	293911  -  Run Bytes Sent By Job
	1031  -  Run Bytes Received By Job
	293911  -  Total Bytes Sent By Job
	1031  -  Total Bytes Received By Job
	Partitionable Resources :    Usage  Request Allocated
	   Cpus                 :                 1         1
	   Disk (KB)            :      526        1    749223
	   Memory (MB)          :       62     2000      2000
...
005 (917402.001.000) 01/09 15:23:57 Job terminated.
	(1) Normal termination (return value 0)
		Usr 0 00:10:08, Sys 0 00:02:09  -  Run Remote Usage
		Usr 0 00:00:00, Sys 0 00:00:00  -  Run Local Usage
		Usr 0 00:10:08, Sys 0 00:02:09  -  Total Remote Usage
		Usr 0 00:00:00, Sys 0 00:00:00  -  Total Local Usage
	287852  -  Run Bytes Sent By Job
	1019  -  Run Bytes Received By Job
	287852  -  Total Bytes Sent By Job
	1019  -  Total Bytes Received By Job
	Partitionable Resources :    Usage  Request Allocated
	   Cpus                 :                 1         1
	   Disk (KB)            :      294        1   2078920
	   Memory (MB)          :       55     2000      2000
...
006 (917402.004.000) 01/09 15:24:16 Image size of job updated: 109188
	56  -  MemoryUsage of job (MB)
	56444  -  ResidentSetSize of job (KB)
...
006 (917402.004.000) 01/09 15:29:16 Image size of job updated: 116504
	59  -  MemoryUsage of job (MB)
	60348  -  ResidentSetSize of job (KB)
...
005 (917402.004.000) 01/09 15:29:37 Job terminated.
	(1) Normal termination (return value 0)
		Usr 0 00:11:32, Sys 0 00:02:40  -  Run Remote Usage
		Usr 0 00:00:00, Sys 0 00:00:00  -  Run Local Usage
		Usr 0 00:11:32, Sys 0 00:02:40  -  Total Remote Usage
		Usr 0 00:00:00, Sys 0 00:00:00  -  Total Local Usage
	302821  -  Run Bytes Sent By Job
	1015  -  Run Bytes Received By Job
	302821  -  Total Bytes Sent By Job
	1015  -  Total Bytes Received By Job
	Partitionable Resources :    Usage  Request Allocated
	   Cpus                 :                 1         1
	   Disk (KB)            :      334        1   1200541
	   Memory (MB)          :       59     2000      2000
...
006 (917402.003.000) 01/09 15:44:21 Image size of job updated: 108220
	55  -  MemoryUsage of job (MB)
	56004  -  ResidentSetSize of job (KB)
...
006 (917402.003.000) 01/09 15:49:21 Image size of job updated: 108244
	55  -  MemoryUsage of job (MB)
	56028  -  ResidentSetSize of job (KB)
...
006 (917402.003.000) 01/09 15:54:21 Image size of job updated: 108260
	55  -  MemoryUsage of job (MB)
	56044  -  ResidentSetSize of job (KB)
...
006 (917402.003.000) 01/09 15:59:22 Image size of job updated: 108288
	55  -  MemoryUsage of job (MB)
	56072  -  ResidentSetSize of job (KB)
...
006 (917402.003.000) 01/09 16:04:23 Image size of job updated: 108292
	55  -  MemoryUsage of job (MB)
	56076  -  ResidentSetSize of job (KB)
...
006 (917402.003.000) 01/09 16:09:23 Image size of job updated: 108308
	55  -  MemoryUsage of job (MB)
	56092  -  ResidentSetSize of job (KB)
...
005 (917402.003.000) 01/09 16:13:33 Job terminated.
	(1) Normal termination (return value 0)
		Usr 0 00:08:21, Sys 0 00:01:54  -  Run Remote Usage
		Usr 0 00:00:00, Sys 0 00:00:00  -  Run Local Usage
		Usr 0 00:08:21, Sys 0 00:01:54  -  Total Remote Usage
		Usr 0 00:00:00, Sys 0 00:00:00  -  Total Local Usage
	257742  -  Run Bytes Sent By Job
	1039  -  Run Bytes Received By Job
	257742  -  Total Bytes Sent By Job
	1039  -  Total Bytes Received By Job
	Partitionable Resources :    Usage  Request Allocated
	   Cpus                 :                 1         1
	   Disk (KB)            :      264        1   2028276
	   Memory (MB)          :       55     2000      2000
...
