000 (911111.000.000) 01/08 19:49:34 Job submitted from host: <137.138.44.75:9618?addrs=137.138.44.75-9618+[2001-1458-d00-1a--b]-9618&noUDP&sock=124143_59c7_28>
...
000 (911111.001.000) 01/08 19:49:34 Job submitted from host: <137.138.44.75:9618?addrs=137.138.44.75-9618+[2001-1458-d00-1a--b]-9618&noUDP&sock=124143_59c7_28>
...
000 (911111.002.000) 01/08 19:49:34 Job submitted from host: <137.138.44.75:9618?addrs=137.138.44.75-9618+[2001-1458-d00-1a--b]-9618&noUDP&sock=124143_59c7_28>
...
000 (911111.003.000) 01/08 19:49:34 Job submitted from host: <137.138.44.75:9618?addrs=137.138.44.75-9618+[2001-1458-d00-1a--b]-9618&noUDP&sock=124143_59c7_28>
...
000 (911111.004.000) 01/08 19:49:34 Job submitted from host: <137.138.44.75:9618?addrs=137.138.44.75-9618+[2001-1458-d00-1a--b]-9618&noUDP&sock=124143_59c7_28>
...
000 (911111.005.000) 01/08 19:49:34 Job submitted from host: <137.138.44.75:9618?addrs=137.138.44.75-9618+[2001-1458-d00-1a--b]-9618&noUDP&sock=124143_59c7_28>
...
000 (911111.006.000) 01/08 19:49:34 Job submitted from host: <137.138.44.75:9618?addrs=137.138.44.75-9618+[2001-1458-d00-1a--b]-9618&noUDP&sock=124143_59c7_28>
...
000 (911111.007.000) 01/08 19:49:34 Job submitted from host: <137.138.44.75:9618?addrs=137.138.44.75-9618+[2001-1458-d00-1a--b]-9618&noUDP&sock=124143_59c7_28>
...
001 (911111.002.000) 01/08 19:52:47 Job executing on host: <188.185.220.61:9618?addrs=188.185.220.61-9618+[--1]-9618&noUDP&sock=8648_b385_60>
...
001 (911111.001.000) 01/08 19:52:48 Job executing on host: <188.185.56.172:9618?addrs=188.185.56.172-9618+[--1]-9618&noUDP&sock=8503_3e49_3>
...
001 (911111.003.000) 01/08 19:52:48 Job executing on host: <188.185.250.15:9618?addrs=188.185.250.15-9618+[--1]-9618&noUDP&sock=24687_1f05_3>
...
001 (911111.007.000) 01/08 19:52:52 Job executing on host: <188.185.56.226:9618?addrs=188.185.56.226-9618+[--1]-9618&noUDP&sock=8694_40e0_3>
...
006 (911111.001.000) 01/08 19:52:56 Image size of job updated: 1428
	2  -  MemoryUsage of job (MB)
	1348  -  ResidentSetSize of job (KB)
...
006 (911111.003.000) 01/08 19:52:56 Image size of job updated: 1020
	1  -  MemoryUsage of job (MB)
	996  -  ResidentSetSize of job (KB)
...
006 (911111.002.000) 01/08 19:52:56 Image size of job updated: 992
	1  -  MemoryUsage of job (MB)
	992  -  ResidentSetSize of job (KB)
...
001 (911111.004.000) 01/08 19:52:59 Job executing on host: <188.185.242.207:9618?addrs=188.185.242.207-9618+[--1]-9618&noUDP&sock=5901_7cdc_26>
...
006 (911111.007.000) 01/08 19:53:01 Image size of job updated: 35796
	20  -  MemoryUsage of job (MB)
	19744  -  ResidentSetSize of job (KB)
...
006 (911111.004.000) 01/08 19:53:08 Image size of job updated: 424
	1  -  MemoryUsage of job (MB)
	424  -  ResidentSetSize of job (KB)
...
001 (911111.005.000) 01/08 19:53:13 Job executing on host: <188.185.216.138:9618?addrs=188.185.216.138-9618+[--1]-9618&noUDP&sock=1445_5b40_95>
...
006 (911111.005.000) 01/08 19:53:21 Image size of job updated: 424
	1  -  MemoryUsage of job (MB)
	424  -  ResidentSetSize of job (KB)
...
001 (911111.006.000) 01/08 19:53:26 Job executing on host: <188.185.200.60:9618?addrs=188.185.200.60-9618+[--1]-9618&noUDP&sock=8267_5def_3>
...
006 (911111.006.000) 01/08 19:53:39 Image size of job updated: 896
	1  -  MemoryUsage of job (MB)
	896  -  ResidentSetSize of job (KB)
...
001 (911111.000.000) 01/08 19:54:36 Job executing on host: <128.142.193.38:9618?addrs=128.142.193.38-9618+[--1]-9618&noUDP&sock=7970_a64f_115>
...
006 (911111.000.000) 01/08 19:54:45 Image size of job updated: 130560
	52  -  MemoryUsage of job (MB)
	52464  -  ResidentSetSize of job (KB)
...
006 (911111.007.000) 01/08 19:54:56 Image size of job updated: 35796
	20  -  MemoryUsage of job (MB)
	19808  -  ResidentSetSize of job (KB)
...
005 (911111.007.000) 01/08 19:54:56 Job terminated.
	(1) Normal termination (return value 0)
		Usr 0 00:00:12, Sys 0 00:00:01  -  Run Remote Usage
		Usr 0 00:00:00, Sys 0 00:00:00  -  Run Local Usage
		Usr 0 00:00:12, Sys 0 00:00:01  -  Total Remote Usage
		Usr 0 00:00:00, Sys 0 00:00:00  -  Total Local Usage
	15447  -  Run Bytes Sent By Job
	1044  -  Run Bytes Received By Job
	15447  -  Total Bytes Sent By Job
	1044  -  Total Bytes Received By Job
	Partitionable Resources :    Usage  Request Allocated
	   Cpus                 :                 1         1
	   Disk (KB)            :       28        2   1053004
	   Memory (MB)          :       20     2000      2000
...
006 (911111.001.000) 01/08 19:56:02 Image size of job updated: 184760
	2  -  MemoryUsage of job (MB)
	1348  -  ResidentSetSize of job (KB)
...
005 (911111.001.000) 01/08 19:56:02 Job terminated.
	(1) Normal termination (return value 0)
		Usr 0 00:00:11, Sys 0 00:00:01  -  Run Remote Usage
		Usr 0 00:00:00, Sys 0 00:00:00  -  Run Local Usage
		Usr 0 00:00:11, Sys 0 00:00:01  -  Total Remote Usage
		Usr 0 00:00:00, Sys 0 00:00:00  -  Total Local Usage
	15146  -  Run Bytes Sent By Job
	1032  -  Run Bytes Received By Job
	15146  -  Total Bytes Sent By Job
	1032  -  Total Bytes Received By Job
	Partitionable Resources :    Usage  Request Allocated
	   Cpus                 :                 1         1
	   Disk (KB)            :       28        2   1157503
	   Memory (MB)          :        2     2000      2000
...
005 (911111.000.000) 01/08 19:56:12 Job terminated.
	(1) Normal termination (return value 0)
		Usr 0 00:00:09, Sys 0 00:00:01  -  Run Remote Usage
		Usr 0 00:00:00, Sys 0 00:00:00  -  Run Local Usage
		Usr 0 00:00:09, Sys 0 00:00:01  -  Total Remote Usage
		Usr 0 00:00:00, Sys 0 00:00:00  -  Total Local Usage
	14964  -  Run Bytes Sent By Job
	1036  -  Run Bytes Received By Job
	14964  -  Total Bytes Sent By Job
	1036  -  Total Bytes Received By Job
	Partitionable Resources :    Usage  Request Allocated
	   Cpus                 :                 1         1
	   Disk (KB)            :       28        2   1273368
	   Memory (MB)          :       52     2000      2000
...
006 (911111.002.000) 01/08 19:57:57 Image size of job updated: 113440
	52  -  MemoryUsage of job (MB)
	52468  -  ResidentSetSize of job (KB)
...
006 (911111.003.000) 01/08 19:57:57 Image size of job updated: 112724
	52  -  MemoryUsage of job (MB)
	52424  -  ResidentSetSize of job (KB)
...
006 (911111.004.000) 01/08 19:58:09 Image size of job updated: 113624
	52  -  MemoryUsage of job (MB)
	52652  -  ResidentSetSize of job (KB)
...
006 (911111.005.000) 01/08 19:58:23 Image size of job updated: 87452
	34  -  MemoryUsage of job (MB)
	33952  -  ResidentSetSize of job (KB)
...
006 (911111.006.000) 01/08 19:58:36 Image size of job updated: 20632
	7  -  MemoryUsage of job (MB)
	6572  -  ResidentSetSize of job (KB)
...
006 (911111.002.000) 01/08 20:02:57 Image size of job updated: 113440
	52  -  MemoryUsage of job (MB)
	52540  -  ResidentSetSize of job (KB)
...
006 (911111.003.000) 01/08 20:02:58 Image size of job updated: 112724
	52  -  MemoryUsage of job (MB)
	52448  -  ResidentSetSize of job (KB)
...
006 (911111.005.000) 01/08 20:03:22 Image size of job updated: 104360
	52  -  MemoryUsage of job (MB)
	52624  -  ResidentSetSize of job (KB)
...
006 (911111.006.000) 01/08 20:03:36 Image size of job updated: 95068
	41  -  MemoryUsage of job (MB)
	41548  -  ResidentSetSize of job (KB)
...
005 (911111.003.000) 01/08 20:04:48 Job terminated.
	(1) Normal termination (return value 0)
		Usr 0 00:00:08, Sys 0 00:00:00  -  Run Remote Usage
		Usr 0 00:00:00, Sys 0 00:00:00  -  Run Local Usage
		Usr 0 00:00:08, Sys 0 00:00:00  -  Total Remote Usage
		Usr 0 00:00:00, Sys 0 00:00:00  -  Total Local Usage
	15071  -  Run Bytes Sent By Job
	1052  -  Run Bytes Received By Job
	15071  -  Total Bytes Sent By Job
	1052  -  Total Bytes Received By Job
	Partitionable Resources :    Usage  Request Allocated
	   Cpus                 :                 1         1
	   Disk (KB)            :       28        2    932139
	   Memory (MB)          :       52     2000      2000
...
005 (911111.002.000) 01/08 20:06:00 Job terminated.
	(1) Normal termination (return value 0)
		Usr 0 00:00:08, Sys 0 00:00:01  -  Run Remote Usage
		Usr 0 00:00:00, Sys 0 00:00:00  -  Run Local Usage
		Usr 0 00:00:08, Sys 0 00:00:01  -  Total Remote Usage
		Usr 0 00:00:00, Sys 0 00:00:00  -  Total Local Usage
	15388  -  Run Bytes Sent By Job
	1056  -  Run Bytes Received By Job
	15388  -  Total Bytes Sent By Job
	1056  -  Total Bytes Received By Job
	Partitionable Resources :    Usage  Request Allocated
	   Cpus                 :                 1         1
	   Disk (KB)            :       28        2   1105627
	   Memory (MB)          :       52     2000      2000
...
006 (911111.004.000) 01/08 20:08:09 Image size of job updated: 113624
	52  -  MemoryUsage of job (MB)
	52672  -  ResidentSetSize of job (KB)
...
006 (911111.006.000) 01/08 20:08:36 Image size of job updated: 95908
	45  -  MemoryUsage of job (MB)
	45316  -  ResidentSetSize of job (KB)
...
005 (911111.004.000) 01/08 20:08:53 Job terminated.
	(1) Normal termination (return value 0)
		Usr 0 00:00:12, Sys 0 00:00:01  -  Run Remote Usage
		Usr 0 00:00:00, Sys 0 00:00:00  -  Run Local Usage
		Usr 0 00:00:12, Sys 0 00:00:01  -  Total Remote Usage
		Usr 0 00:00:00, Sys 0 00:00:00  -  Total Local Usage
	15589  -  Run Bytes Sent By Job
	1028  -  Run Bytes Received By Job
	15589  -  Total Bytes Sent By Job
	1028  -  Total Bytes Received By Job
	Partitionable Resources :    Usage  Request Allocated
	   Cpus                 :                 1         1
	   Disk (KB)            :       28        2   1058627
	   Memory (MB)          :       52     2000      2000
...
006 (911111.006.000) 01/08 20:13:37 Image size of job updated: 95908
	52  -  MemoryUsage of job (MB)
	52660  -  ResidentSetSize of job (KB)
...
006 (911111.006.000) 01/08 20:18:38 Image size of job updated: 95908
	52  -  MemoryUsage of job (MB)
	52680  -  ResidentSetSize of job (KB)
...
006 (911111.005.000) 01/08 20:18:51 Image size of job updated: 104360
	53  -  MemoryUsage of job (MB)
	53492  -  ResidentSetSize of job (KB)
...
006 (911111.005.000) 01/08 20:23:37 Image size of job updated: 104360
	54  -  MemoryUsage of job (MB)
	54356  -  ResidentSetSize of job (KB)
...
006 (911111.006.000) 01/08 20:23:39 Image size of job updated: 95908
	54  -  MemoryUsage of job (MB)
	54924  -  ResidentSetSize of job (KB)
...
005 (911111.006.000) 01/08 20:24:49 Job terminated.
	(1) Normal termination (return value 0)
		Usr 0 00:00:09, Sys 0 00:00:01  -  Run Remote Usage
		Usr 0 00:00:00, Sys 0 00:00:00  -  Run Local Usage
		Usr 0 00:00:09, Sys 0 00:00:01  -  Total Remote Usage
		Usr 0 00:00:00, Sys 0 00:00:00  -  Total Local Usage
	15655  -  Run Bytes Sent By Job
	1048  -  Run Bytes Received By Job
	15655  -  Total Bytes Sent By Job
	1048  -  Total Bytes Received By Job
	Partitionable Resources :    Usage  Request Allocated
	   Cpus                 :                 1         1
	   Disk (KB)            :       46        2   1083009
	   Memory (MB)          :       54     2000      2000
...
006 (911111.005.000) 01/08 20:28:27 Image size of job updated: 104360
	54  -  MemoryUsage of job (MB)
	54924  -  ResidentSetSize of job (KB)
...
005 (911111.005.000) 01/08 20:30:23 Job terminated.
	(1) Normal termination (return value 0)
		Usr 0 00:00:09, Sys 0 00:00:01  -  Run Remote Usage
		Usr 0 00:00:00, Sys 0 00:00:00  -  Run Local Usage
		Usr 0 00:00:09, Sys 0 00:00:01  -  Total Remote Usage
		Usr 0 00:00:00, Sys 0 00:00:00  -  Total Local Usage
	15514  -  Run Bytes Sent By Job
	1024  -  Run Bytes Received By Job
	15514  -  Total Bytes Sent By Job
	1024  -  Total Bytes Received By Job
	Partitionable Resources :    Usage  Request Allocated
	   Cpus                 :                 1         1
	   Disk (KB)            :       47        2    840844
	   Memory (MB)          :       54     2000      2000
...
