000 (917406.000.000) 01/09 14:18:30 Job submitted from host: <137.138.44.75:9618?addrs=137.138.44.75-9618+[2001-1458-d00-1a--b]-9618&noUDP&sock=124143_59c7_28>
...
000 (917406.001.000) 01/09 14:18:30 Job submitted from host: <137.138.44.75:9618?addrs=137.138.44.75-9618+[2001-1458-d00-1a--b]-9618&noUDP&sock=124143_59c7_28>
...
000 (917406.002.000) 01/09 14:18:30 Job submitted from host: <137.138.44.75:9618?addrs=137.138.44.75-9618+[2001-1458-d00-1a--b]-9618&noUDP&sock=124143_59c7_28>
...
000 (917406.003.000) 01/09 14:18:30 Job submitted from host: <137.138.44.75:9618?addrs=137.138.44.75-9618+[2001-1458-d00-1a--b]-9618&noUDP&sock=124143_59c7_28>
...
000 (917406.004.000) 01/09 14:18:30 Job submitted from host: <137.138.44.75:9618?addrs=137.138.44.75-9618+[2001-1458-d00-1a--b]-9618&noUDP&sock=124143_59c7_28>
...
000 (917406.005.000) 01/09 14:18:30 Job submitted from host: <137.138.44.75:9618?addrs=137.138.44.75-9618+[2001-1458-d00-1a--b]-9618&noUDP&sock=124143_59c7_28>
...
000 (917406.006.000) 01/09 14:18:30 Job submitted from host: <137.138.44.75:9618?addrs=137.138.44.75-9618+[2001-1458-d00-1a--b]-9618&noUDP&sock=124143_59c7_28>
...
000 (917406.007.000) 01/09 14:18:30 Job submitted from host: <137.138.44.75:9618?addrs=137.138.44.75-9618+[2001-1458-d00-1a--b]-9618&noUDP&sock=124143_59c7_28>
...
001 (917406.001.000) 01/09 14:39:04 Job executing on host: <188.184.201.118:9618?addrs=188.184.201.118-9618+[--1]-9618&noUDP&sock=8952_cd31_3>
...
001 (917406.000.000) 01/09 14:39:05 Job executing on host: <188.184.186.132:9618?addrs=188.184.186.132-9618+[--1]-9618&noUDP&sock=8761_d688_3>
...
001 (917406.003.000) 01/09 14:39:06 Job executing on host: <188.184.202.246:9618?addrs=188.184.202.246-9618+[--1]-9618&noUDP&sock=8837_56eb_3>
...
001 (917406.005.000) 01/09 14:39:06 Job executing on host: <188.184.69.45:9618?addrs=188.184.69.45-9618+[--1]-9618&noUDP&sock=7940_1277_3>
...
001 (917406.002.000) 01/09 14:39:07 Job executing on host: <188.184.205.43:9618?addrs=188.184.205.43-9618+[--1]-9618&noUDP&sock=8759_d688_3>
...
001 (917406.006.000) 01/09 14:39:08 Job executing on host: <188.184.70.111:9618?addrs=188.184.70.111-9618+[--1]-9618&noUDP&sock=7886_085a_3>
...
001 (917406.004.000) 01/09 14:39:10 Job executing on host: <188.184.68.31:9618?addrs=188.184.68.31-9618+[--1]-9618&noUDP&sock=8604_855a_3>
...
006 (917406.001.000) 01/09 14:39:13 Image size of job updated: 107872
	55  -  MemoryUsage of job (MB)
	55564  -  ResidentSetSize of job (KB)
...
006 (917406.000.000) 01/09 14:39:14 Image size of job updated: 139984
	55  -  MemoryUsage of job (MB)
	55600  -  ResidentSetSize of job (KB)
...
006 (917406.002.000) 01/09 14:39:15 Image size of job updated: 104320
	45  -  MemoryUsage of job (MB)
	45736  -  ResidentSetSize of job (KB)
...
006 (917406.003.000) 01/09 14:39:15 Image size of job updated: 107648
	55  -  MemoryUsage of job (MB)
	55532  -  ResidentSetSize of job (KB)
...
006 (917406.005.000) 01/09 14:39:15 Image size of job updated: 107984
	55  -  MemoryUsage of job (MB)
	55676  -  ResidentSetSize of job (KB)
...
006 (917406.006.000) 01/09 14:39:16 Image size of job updated: 1528
	2  -  MemoryUsage of job (MB)
	1436  -  ResidentSetSize of job (KB)
...
006 (917406.004.000) 01/09 14:39:18 Image size of job updated: 5112
	5  -  MemoryUsage of job (MB)
	5112  -  ResidentSetSize of job (KB)
...
001 (917406.007.000) 01/09 14:39:19 Job executing on host: <188.184.69.41:9618?addrs=188.184.69.41-9618+[--1]-9618&noUDP&sock=10199_8ee9_138>
...
006 (917406.007.000) 01/09 14:39:27 Image size of job updated: 12412
	3  -  MemoryUsage of job (MB)
	3000  -  ResidentSetSize of job (KB)
...
006 (917406.001.000) 01/09 14:44:14 Image size of job updated: 108236
	55  -  MemoryUsage of job (MB)
	55608  -  ResidentSetSize of job (KB)
...
006 (917406.000.000) 01/09 14:44:14 Image size of job updated: 140356
	55  -  MemoryUsage of job (MB)
	55652  -  ResidentSetSize of job (KB)
...
006 (917406.002.000) 01/09 14:44:15 Image size of job updated: 108252
	55  -  MemoryUsage of job (MB)
	55624  -  ResidentSetSize of job (KB)
...
006 (917406.003.000) 01/09 14:44:16 Image size of job updated: 108016
	55  -  MemoryUsage of job (MB)
	55576  -  ResidentSetSize of job (KB)
...
006 (917406.005.000) 01/09 14:44:16 Image size of job updated: 108396
	55  -  MemoryUsage of job (MB)
	55768  -  ResidentSetSize of job (KB)
...
006 (917406.006.000) 01/09 14:44:17 Image size of job updated: 108364
	55  -  MemoryUsage of job (MB)
	55732  -  ResidentSetSize of job (KB)
...
006 (917406.004.000) 01/09 14:44:18 Image size of job updated: 108336
	55  -  MemoryUsage of job (MB)
	55732  -  ResidentSetSize of job (KB)
...
006 (917406.007.000) 01/09 14:44:27 Image size of job updated: 110332
	55  -  MemoryUsage of job (MB)
	55736  -  ResidentSetSize of job (KB)
...
006 (917406.001.000) 01/09 14:49:14 Image size of job updated: 108288
	55  -  MemoryUsage of job (MB)
	55660  -  ResidentSetSize of job (KB)
...
006 (917406.000.000) 01/09 14:49:14 Image size of job updated: 140368
	55  -  MemoryUsage of job (MB)
	55664  -  ResidentSetSize of job (KB)
...
006 (917406.002.000) 01/09 14:49:16 Image size of job updated: 108264
	55  -  MemoryUsage of job (MB)
	55636  -  ResidentSetSize of job (KB)
...
006 (917406.006.000) 01/09 14:49:18 Image size of job updated: 108424
	55  -  MemoryUsage of job (MB)
	55792  -  ResidentSetSize of job (KB)
...
006 (917406.004.000) 01/09 14:49:19 Image size of job updated: 108380
	55  -  MemoryUsage of job (MB)
	55756  -  ResidentSetSize of job (KB)
...
006 (917406.007.000) 01/09 14:49:28 Image size of job updated: 110364
	55  -  MemoryUsage of job (MB)
	55748  -  ResidentSetSize of job (KB)
...
006 (917406.001.000) 01/09 14:54:14 Image size of job updated: 108844
	55  -  MemoryUsage of job (MB)
	56100  -  ResidentSetSize of job (KB)
...
006 (917406.000.000) 01/09 14:54:15 Image size of job updated: 140936
	55  -  MemoryUsage of job (MB)
	56116  -  ResidentSetSize of job (KB)
...
006 (917406.005.000) 01/09 14:54:16 Image size of job updated: 108464
	55  -  MemoryUsage of job (MB)
	55836  -  ResidentSetSize of job (KB)
...
006 (917406.002.000) 01/09 14:54:17 Image size of job updated: 108848
	55  -  MemoryUsage of job (MB)
	56104  -  ResidentSetSize of job (KB)
...
006 (917406.004.000) 01/09 14:54:20 Image size of job updated: 108440
	55  -  MemoryUsage of job (MB)
	55816  -  ResidentSetSize of job (KB)
...
006 (917406.001.000) 01/09 14:59:15 Image size of job updated: 108868
	55  -  MemoryUsage of job (MB)
	56124  -  ResidentSetSize of job (KB)
...
006 (917406.000.000) 01/09 14:59:16 Image size of job updated: 140952
	55  -  MemoryUsage of job (MB)
	56132  -  ResidentSetSize of job (KB)
...
006 (917406.002.000) 01/09 14:59:17 Image size of job updated: 108876
	55  -  MemoryUsage of job (MB)
	56132  -  ResidentSetSize of job (KB)
...
006 (917406.003.000) 01/09 14:59:17 Image size of job updated: 108016
	55  -  MemoryUsage of job (MB)
	55620  -  ResidentSetSize of job (KB)
...
006 (917406.006.000) 01/09 14:59:18 Image size of job updated: 108428
	55  -  MemoryUsage of job (MB)
	55796  -  ResidentSetSize of job (KB)
...
006 (917406.004.000) 01/09 14:59:20 Image size of job updated: 108500
	55  -  MemoryUsage of job (MB)
	55876  -  ResidentSetSize of job (KB)
...
006 (917406.001.000) 01/09 15:04:16 Image size of job updated: 108896
	55  -  MemoryUsage of job (MB)
	56152  -  ResidentSetSize of job (KB)
...
006 (917406.000.000) 01/09 15:04:16 Image size of job updated: 140976
	55  -  MemoryUsage of job (MB)
	56156  -  ResidentSetSize of job (KB)
...
006 (917406.005.000) 01/09 15:04:17 Image size of job updated: 108480
	55  -  MemoryUsage of job (MB)
	55852  -  ResidentSetSize of job (KB)
...
006 (917406.002.000) 01/09 15:04:17 Image size of job updated: 108896
	55  -  MemoryUsage of job (MB)
	56152  -  ResidentSetSize of job (KB)
...
006 (917406.007.000) 01/09 15:04:30 Image size of job updated: 110468
	55  -  MemoryUsage of job (MB)
	55852  -  ResidentSetSize of job (KB)
...
005 (917406.001.000) 01/09 15:06:59 Job terminated.
	(1) Normal termination (return value 0)
		Usr 0 00:07:34, Sys 0 00:01:50  -  Run Remote Usage
		Usr 0 00:00:00, Sys 0 00:00:00  -  Run Local Usage
		Usr 0 00:07:34, Sys 0 00:01:50  -  Total Remote Usage
		Usr 0 00:00:00, Sys 0 00:00:00  -  Total Local Usage
	258472  -  Run Bytes Sent By Job
	983  -  Run Bytes Received By Job
	258472  -  Total Bytes Sent By Job
	983  -  Total Bytes Received By Job
	Partitionable Resources :    Usage  Request Allocated
	   Cpus                 :                 1         1
	   Disk (KB)            :      265        1   2091462
	   Memory (MB)          :       55     2000      2000
...
006 (917406.002.000) 01/09 15:09:17 Image size of job updated: 108916
	55  -  MemoryUsage of job (MB)
	56172  -  ResidentSetSize of job (KB)
...
006 (917406.000.000) 01/09 15:09:17 Image size of job updated: 141000
	55  -  MemoryUsage of job (MB)
	56180  -  ResidentSetSize of job (KB)
...
006 (917406.003.000) 01/09 15:09:18 Image size of job updated: 108388
	55  -  MemoryUsage of job (MB)
	56048  -  ResidentSetSize of job (KB)
...
005 (917406.002.000) 01/09 15:11:25 Job terminated.
	(1) Normal termination (return value 0)
		Usr 0 00:08:41, Sys 0 00:02:01  -  Run Remote Usage
		Usr 0 00:00:00, Sys 0 00:00:00  -  Run Local Usage
		Usr 0 00:08:41, Sys 0 00:02:01  -  Total Remote Usage
		Usr 0 00:00:00, Sys 0 00:00:00  -  Total Local Usage
	266822  -  Run Bytes Sent By Job
	1007  -  Run Bytes Received By Job
	266822  -  Total Bytes Sent By Job
	1007  -  Total Bytes Received By Job
	Partitionable Resources :    Usage  Request Allocated
	   Cpus                 :                 1         1
	   Disk (KB)            :      273        1   2190558
	   Memory (MB)          :       55     2000      2000
...
005 (917406.000.000) 01/09 15:13:33 Job terminated.
	(1) Normal termination (return value 0)
		Usr 0 00:10:02, Sys 0 00:02:16  -  Run Remote Usage
		Usr 0 00:00:00, Sys 0 00:00:00  -  Run Local Usage
		Usr 0 00:10:02, Sys 0 00:02:16  -  Total Remote Usage
		Usr 0 00:00:00, Sys 0 00:00:00  -  Total Local Usage
	266800  -  Run Bytes Sent By Job
	987  -  Run Bytes Received By Job
	266800  -  Total Bytes Sent By Job
	987  -  Total Bytes Received By Job
	Partitionable Resources :    Usage  Request Allocated
	   Cpus                 :                 1         1
	   Disk (KB)            :      273        1   1914619
	   Memory (MB)          :       55     2000      2000
...
006 (917406.005.000) 01/09 15:14:18 Image size of job updated: 108488
	55  -  MemoryUsage of job (MB)
	55860  -  ResidentSetSize of job (KB)
...
006 (917406.006.000) 01/09 15:14:19 Image size of job updated: 108980
	55  -  MemoryUsage of job (MB)
	56232  -  ResidentSetSize of job (KB)
...
006 (917406.003.000) 01/09 15:14:19 Image size of job updated: 108388
	55  -  MemoryUsage of job (MB)
	56076  -  ResidentSetSize of job (KB)
...
006 (917406.004.000) 01/09 15:14:21 Image size of job updated: 108648
	55  -  MemoryUsage of job (MB)
	55944  -  ResidentSetSize of job (KB)
...
006 (917406.005.000) 01/09 15:19:18 Image size of job updated: 109020
	55  -  MemoryUsage of job (MB)
	56276  -  ResidentSetSize of job (KB)
...
006 (917406.006.000) 01/09 15:19:19 Image size of job updated: 108984
	55  -  MemoryUsage of job (MB)
	56236  -  ResidentSetSize of job (KB)
...
006 (917406.003.000) 01/09 15:19:20 Image size of job updated: 108388
	55  -  MemoryUsage of job (MB)
	56096  -  ResidentSetSize of job (KB)
...
006 (917406.004.000) 01/09 15:19:22 Image size of job updated: 109068
	56  -  MemoryUsage of job (MB)
	56328  -  ResidentSetSize of job (KB)
...
006 (917406.005.000) 01/09 15:24:18 Image size of job updated: 109044
	55  -  MemoryUsage of job (MB)
	56300  -  ResidentSetSize of job (KB)
...
006 (917406.003.000) 01/09 15:24:20 Image size of job updated: 108388
	55  -  MemoryUsage of job (MB)
	56112  -  ResidentSetSize of job (KB)
...
006 (917406.006.000) 01/09 15:24:20 Image size of job updated: 108988
	55  -  MemoryUsage of job (MB)
	56240  -  ResidentSetSize of job (KB)
...
006 (917406.004.000) 01/09 15:24:23 Image size of job updated: 109068
	56  -  MemoryUsage of job (MB)
	56448  -  ResidentSetSize of job (KB)
...
006 (917406.005.000) 01/09 15:29:19 Image size of job updated: 109060
	55  -  MemoryUsage of job (MB)
	56316  -  ResidentSetSize of job (KB)
...
006 (917406.003.000) 01/09 15:29:20 Image size of job updated: 108388
	55  -  MemoryUsage of job (MB)
	56128  -  ResidentSetSize of job (KB)
...
006 (917406.006.000) 01/09 15:29:21 Image size of job updated: 109044
	55  -  MemoryUsage of job (MB)
	56296  -  ResidentSetSize of job (KB)
...
006 (917406.007.000) 01/09 15:29:33 Image size of job updated: 110992
	55  -  MemoryUsage of job (MB)
	56260  -  ResidentSetSize of job (KB)
...
005 (917406.003.000) 01/09 15:30:09 Job terminated.
	(1) Normal termination (return value 0)
		Usr 0 00:08:07, Sys 0 00:01:49  -  Run Remote Usage
		Usr 0 00:00:00, Sys 0 00:00:00  -  Run Local Usage
		Usr 0 00:08:07, Sys 0 00:01:49  -  Total Remote Usage
		Usr 0 00:00:00, Sys 0 00:00:00  -  Total Local Usage
	252646  -  Run Bytes Sent By Job
	1003  -  Run Bytes Received By Job
	252646  -  Total Bytes Sent By Job
	1003  -  Total Bytes Received By Job
	Partitionable Resources :    Usage  Request Allocated
	   Cpus                 :                 1         1
	   Disk (KB)            :      260        1   1164936
	   Memory (MB)          :       55     2000      2000
...
006 (917406.005.000) 01/09 15:34:20 Image size of job updated: 109172
	56  -  MemoryUsage of job (MB)
	56428  -  ResidentSetSize of job (KB)
...
006 (917406.007.000) 01/09 15:34:34 Image size of job updated: 111124
	56  -  MemoryUsage of job (MB)
	56392  -  ResidentSetSize of job (KB)
...
006 (917406.006.000) 01/09 15:54:22 Image size of job updated: 109052
	55  -  MemoryUsage of job (MB)
	56304  -  ResidentSetSize of job (KB)
...
006 (917406.006.000) 01/09 15:59:23 Image size of job updated: 109056
	55  -  MemoryUsage of job (MB)
	56308  -  ResidentSetSize of job (KB)
...
006 (917406.006.000) 01/09 16:04:23 Image size of job updated: 109060
	55  -  MemoryUsage of job (MB)
	56312  -  ResidentSetSize of job (KB)
...
006 (917406.004.000) 01/09 16:04:27 Image size of job updated: 109068
	56  -  MemoryUsage of job (MB)
	56456  -  ResidentSetSize of job (KB)
...
005 (917406.006.000) 01/09 16:05:46 Job terminated.
	(1) Normal termination (return value 0)
		Usr 0 00:10:42, Sys 0 00:03:34  -  Run Remote Usage
		Usr 0 00:00:00, Sys 0 00:00:00  -  Run Local Usage
		Usr 0 00:10:42, Sys 0 00:03:34  -  Total Remote Usage
		Usr 0 00:00:00, Sys 0 00:00:00  -  Total Local Usage
	298228  -  Run Bytes Sent By Job
	999  -  Run Bytes Received By Job
	298228  -  Total Bytes Sent By Job
	999  -  Total Bytes Received By Job
	Partitionable Resources :    Usage  Request Allocated
	   Cpus                 :                 1         1
	   Disk (KB)            :      304        1   2272215
	   Memory (MB)          :       55     2000      2000
...
006 (917406.005.000) 01/09 16:09:24 Image size of job updated: 109176
	56  -  MemoryUsage of job (MB)
	56432  -  ResidentSetSize of job (KB)
...
006 (917406.007.000) 01/09 16:09:37 Image size of job updated: 111124
	56  -  MemoryUsage of job (MB)
	56396  -  ResidentSetSize of job (KB)
...
006 (917406.007.000) 01/09 16:14:38 Image size of job updated: 111124
	56  -  MemoryUsage of job (MB)
	56400  -  ResidentSetSize of job (KB)
...
005 (917406.004.000) 01/09 16:16:20 Job terminated.
	(1) Normal termination (return value 0)
		Usr 0 00:10:59, Sys 0 00:03:29  -  Run Remote Usage
		Usr 0 00:00:00, Sys 0 00:00:00  -  Run Local Usage
		Usr 0 00:10:59, Sys 0 00:03:29  -  Total Remote Usage
		Usr 0 00:00:00, Sys 0 00:00:00  -  Total Local Usage
	305803  -  Run Bytes Sent By Job
	979  -  Run Bytes Received By Job
	305803  -  Total Bytes Sent By Job
	979  -  Total Bytes Received By Job
	Partitionable Resources :    Usage  Request Allocated
	   Cpus                 :                 1         1
	   Disk (KB)            :      311        1   1851429
	   Memory (MB)          :       56     2000      2000
...
005 (917406.007.000) 01/09 16:18:13 Job terminated.
	(1) Normal termination (return value 0)
		Usr 0 00:10:57, Sys 0 00:03:36  -  Run Remote Usage
		Usr 0 00:00:00, Sys 0 00:00:00  -  Run Local Usage
		Usr 0 00:10:57, Sys 0 00:03:36  -  Total Remote Usage
		Usr 0 00:00:00, Sys 0 00:00:00  -  Total Local Usage
	288958  -  Run Bytes Sent By Job
	995  -  Run Bytes Received By Job
	288958  -  Total Bytes Sent By Job
	995  -  Total Bytes Received By Job
	Partitionable Resources :    Usage  Request Allocated
	   Cpus                 :                 1         1
	   Disk (KB)            :      295        1   2393235
	   Memory (MB)          :       56     2000      2000
...
005 (917406.005.000) 01/09 16:19:02 Job terminated.
	(1) Normal termination (return value 0)
		Usr 0 00:10:58, Sys 0 00:03:35  -  Run Remote Usage
		Usr 0 00:00:00, Sys 0 00:00:00  -  Run Local Usage
		Usr 0 00:10:58, Sys 0 00:03:35  -  Total Remote Usage
		Usr 0 00:00:00, Sys 0 00:00:00  -  Total Local Usage
	294398  -  Run Bytes Sent By Job
	975  -  Run Bytes Received By Job
	294398  -  Total Bytes Sent By Job
	975  -  Total Bytes Received By Job
	Partitionable Resources :    Usage  Request Allocated
	   Cpus                 :                 1         1
	   Disk (KB)            :      300        1   2470099
	   Memory (MB)          :       56     2000      2000
...
