000 (911180.000.000) 01/09 00:57:02 Job submitted from host: <137.138.44.75:9618?addrs=137.138.44.75-9618+[2001-1458-d00-1a--b]-9618&noUDP&sock=124143_59c7_28>
...
000 (911180.001.000) 01/09 00:57:02 Job submitted from host: <137.138.44.75:9618?addrs=137.138.44.75-9618+[2001-1458-d00-1a--b]-9618&noUDP&sock=124143_59c7_28>
...
000 (911180.002.000) 01/09 00:57:02 Job submitted from host: <137.138.44.75:9618?addrs=137.138.44.75-9618+[2001-1458-d00-1a--b]-9618&noUDP&sock=124143_59c7_28>
...
000 (911180.003.000) 01/09 00:57:02 Job submitted from host: <137.138.44.75:9618?addrs=137.138.44.75-9618+[2001-1458-d00-1a--b]-9618&noUDP&sock=124143_59c7_28>
...
000 (911180.004.000) 01/09 00:57:02 Job submitted from host: <137.138.44.75:9618?addrs=137.138.44.75-9618+[2001-1458-d00-1a--b]-9618&noUDP&sock=124143_59c7_28>
...
000 (911180.005.000) 01/09 00:57:02 Job submitted from host: <137.138.44.75:9618?addrs=137.138.44.75-9618+[2001-1458-d00-1a--b]-9618&noUDP&sock=124143_59c7_28>
...
000 (911180.006.000) 01/09 00:57:02 Job submitted from host: <137.138.44.75:9618?addrs=137.138.44.75-9618+[2001-1458-d00-1a--b]-9618&noUDP&sock=124143_59c7_28>
...
000 (911180.007.000) 01/09 00:57:02 Job submitted from host: <137.138.44.75:9618?addrs=137.138.44.75-9618+[2001-1458-d00-1a--b]-9618&noUDP&sock=124143_59c7_28>
...
000 (911180.008.000) 01/09 00:57:02 Job submitted from host: <137.138.44.75:9618?addrs=137.138.44.75-9618+[2001-1458-d00-1a--b]-9618&noUDP&sock=124143_59c7_28>
...
000 (911180.009.000) 01/09 00:57:02 Job submitted from host: <137.138.44.75:9618?addrs=137.138.44.75-9618+[2001-1458-d00-1a--b]-9618&noUDP&sock=124143_59c7_28>
...
000 (911180.010.000) 01/09 00:57:02 Job submitted from host: <137.138.44.75:9618?addrs=137.138.44.75-9618+[2001-1458-d00-1a--b]-9618&noUDP&sock=124143_59c7_28>
...
000 (911180.011.000) 01/09 00:57:02 Job submitted from host: <137.138.44.75:9618?addrs=137.138.44.75-9618+[2001-1458-d00-1a--b]-9618&noUDP&sock=124143_59c7_28>
...
000 (911180.012.000) 01/09 00:57:02 Job submitted from host: <137.138.44.75:9618?addrs=137.138.44.75-9618+[2001-1458-d00-1a--b]-9618&noUDP&sock=124143_59c7_28>
...
000 (911180.013.000) 01/09 00:57:03 Job submitted from host: <137.138.44.75:9618?addrs=137.138.44.75-9618+[2001-1458-d00-1a--b]-9618&noUDP&sock=124143_59c7_28>
...
000 (911180.014.000) 01/09 00:57:03 Job submitted from host: <137.138.44.75:9618?addrs=137.138.44.75-9618+[2001-1458-d00-1a--b]-9618&noUDP&sock=124143_59c7_28>
...
000 (911180.015.000) 01/09 00:57:03 Job submitted from host: <137.138.44.75:9618?addrs=137.138.44.75-9618+[2001-1458-d00-1a--b]-9618&noUDP&sock=124143_59c7_28>
...
001 (911180.001.000) 01/09 01:07:58 Job executing on host: <188.184.210.177:9618?addrs=188.184.210.177-9618+[--1]-9618&noUDP&sock=8847_32dd_3>
...
001 (911180.000.000) 01/09 01:07:58 Job executing on host: <188.184.190.162:9618?addrs=188.184.190.162-9618+[--1]-9618&noUDP&sock=8518_7059_3>
...
001 (911180.002.000) 01/09 01:07:58 Job executing on host: <188.184.182.46:9618?addrs=188.184.182.46-9618+[--1]-9618&noUDP&sock=8332_e4ce_3>
...
001 (911180.005.000) 01/09 01:07:59 Job executing on host: <188.184.197.27:9618?addrs=188.184.197.27-9618+[--1]-9618&noUDP&sock=10576_261d_3>
...
001 (911180.009.000) 01/09 01:08:00 Job executing on host: <188.184.197.90:9618?addrs=188.184.197.90-9618+[--1]-9618&noUDP&sock=3283_c1ea_3>
...
001 (911180.011.000) 01/09 01:08:00 Job executing on host: <128.142.149.29:9618?addrs=128.142.149.29-9618+[--1]-9618&noUDP&sock=8328_c73d_3>
...
001 (911180.007.000) 01/09 01:08:01 Job executing on host: <188.184.213.201:9618?addrs=188.184.213.201-9618+[--1]-9618&noUDP&sock=8740_ce3b_3>
...
001 (911180.015.000) 01/09 01:08:02 Job executing on host: <188.184.196.69:9618?addrs=188.184.196.69-9618+[--1]-9618&noUDP&sock=8888_523f_120>
...
001 (911180.014.000) 01/09 01:08:02 Job executing on host: <128.142.240.144:9618?addrs=128.142.240.144-9618+[--1]-9618&noUDP&sock=8342_1ff1_3>
...
001 (911180.010.000) 01/09 01:08:02 Job executing on host: <188.184.182.166:9618?addrs=188.184.182.166-9618+[--1]-9618&noUDP&sock=26466_5e01_3>
...
001 (911180.003.000) 01/09 01:08:02 Job executing on host: <188.184.182.191:9618?addrs=188.184.182.191-9618+[--1]-9618&noUDP&sock=8334_52c8_3>
...
001 (911180.012.000) 01/09 01:08:03 Job executing on host: <188.184.182.145:9618?addrs=188.184.182.145-9618+[--1]-9618&noUDP&sock=22834_1e07_3>
...
001 (911180.004.000) 01/09 01:08:03 Job executing on host: <128.142.149.27:9618?addrs=128.142.149.27-9618+[--1]-9618&noUDP&sock=11753_7915_3>
...
001 (911180.008.000) 01/09 01:08:04 Job executing on host: <188.184.197.124:9618?addrs=188.184.197.124-9618+[--1]-9618&noUDP&sock=8833_988a_3>
...
001 (911180.006.000) 01/09 01:08:04 Job executing on host: <128.142.240.166:9618?addrs=128.142.240.166-9618+[--1]-9618&noUDP&sock=8369_5498_137>
...
001 (911180.013.000) 01/09 01:08:06 Job executing on host: <128.142.149.112:9618?addrs=128.142.149.112-9618+[--1]-9618&noUDP&sock=8648_b385_96>
...
006 (911180.001.000) 01/09 01:08:07 Image size of job updated: 113424
	52  -  MemoryUsage of job (MB)
	52460  -  ResidentSetSize of job (KB)
...
006 (911180.000.000) 01/09 01:08:07 Image size of job updated: 113436
	52  -  MemoryUsage of job (MB)
	52464  -  ResidentSetSize of job (KB)
...
006 (911180.002.000) 01/09 01:08:07 Image size of job updated: 113444
	52  -  MemoryUsage of job (MB)
	52472  -  ResidentSetSize of job (KB)
...
006 (911180.009.000) 01/09 01:08:08 Image size of job updated: 39904
	20  -  MemoryUsage of job (MB)
	20132  -  ResidentSetSize of job (KB)
...
006 (911180.005.000) 01/09 01:08:08 Image size of job updated: 103900
	45  -  MemoryUsage of job (MB)
	45316  -  ResidentSetSize of job (KB)
...
006 (911180.011.000) 01/09 01:08:09 Image size of job updated: 113584
	52  -  MemoryUsage of job (MB)
	52620  -  ResidentSetSize of job (KB)
...
006 (911180.015.000) 01/09 01:08:10 Image size of job updated: 103696
	45  -  MemoryUsage of job (MB)
	45112  -  ResidentSetSize of job (KB)
...
006 (911180.014.000) 01/09 01:08:10 Image size of job updated: 110248
	49  -  MemoryUsage of job (MB)
	49924  -  ResidentSetSize of job (KB)
...
006 (911180.007.000) 01/09 01:08:10 Image size of job updated: 113388
	52  -  MemoryUsage of job (MB)
	52424  -  ResidentSetSize of job (KB)
...
006 (911180.010.000) 01/09 01:08:11 Image size of job updated: 89684
	35  -  MemoryUsage of job (MB)
	35132  -  ResidentSetSize of job (KB)
...
006 (911180.003.000) 01/09 01:08:11 Image size of job updated: 113432
	52  -  MemoryUsage of job (MB)
	52468  -  ResidentSetSize of job (KB)
...
006 (911180.012.000) 01/09 01:08:12 Image size of job updated: 113616
	52  -  MemoryUsage of job (MB)
	52644  -  ResidentSetSize of job (KB)
...
006 (911180.004.000) 01/09 01:08:12 Image size of job updated: 111752
	50  -  MemoryUsage of job (MB)
	51184  -  ResidentSetSize of job (KB)
...
006 (911180.008.000) 01/09 01:08:13 Image size of job updated: 113588
	52  -  MemoryUsage of job (MB)
	52648  -  ResidentSetSize of job (KB)
...
006 (911180.006.000) 01/09 01:08:13 Image size of job updated: 114204
	52  -  MemoryUsage of job (MB)
	52428  -  ResidentSetSize of job (KB)
...
006 (911180.013.000) 01/09 01:08:15 Image size of job updated: 114460
	50  -  MemoryUsage of job (MB)
	51200  -  ResidentSetSize of job (KB)
...
006 (911180.002.000) 01/09 01:13:08 Image size of job updated: 113988
	52  -  MemoryUsage of job (MB)
	52944  -  ResidentSetSize of job (KB)
...
006 (911180.009.000) 01/09 01:13:08 Image size of job updated: 113700
	52  -  MemoryUsage of job (MB)
	52676  -  ResidentSetSize of job (KB)
...
006 (911180.001.000) 01/09 01:13:08 Image size of job updated: 113860
	52  -  MemoryUsage of job (MB)
	52816  -  ResidentSetSize of job (KB)
...
006 (911180.000.000) 01/09 01:13:08 Image size of job updated: 114012
	52  -  MemoryUsage of job (MB)
	52968  -  ResidentSetSize of job (KB)
...
006 (911180.011.000) 01/09 01:13:09 Image size of job updated: 113992
	52  -  MemoryUsage of job (MB)
	52948  -  ResidentSetSize of job (KB)
...
006 (911180.005.000) 01/09 01:13:09 Image size of job updated: 113564
	52  -  MemoryUsage of job (MB)
	52540  -  ResidentSetSize of job (KB)
...
006 (911180.015.000) 01/09 01:13:10 Image size of job updated: 113764
	52  -  MemoryUsage of job (MB)
	52740  -  ResidentSetSize of job (KB)
...
006 (911180.007.000) 01/09 01:13:11 Image size of job updated: 113800
	52  -  MemoryUsage of job (MB)
	52756  -  ResidentSetSize of job (KB)
...
006 (911180.014.000) 01/09 01:13:11 Image size of job updated: 113780
	52  -  MemoryUsage of job (MB)
	52752  -  ResidentSetSize of job (KB)
...
006 (911180.010.000) 01/09 01:13:12 Image size of job updated: 114136
	52  -  MemoryUsage of job (MB)
	53092  -  ResidentSetSize of job (KB)
...
006 (911180.003.000) 01/09 01:13:12 Image size of job updated: 113836
	52  -  MemoryUsage of job (MB)
	52792  -  ResidentSetSize of job (KB)
...
006 (911180.012.000) 01/09 01:13:13 Image size of job updated: 114540
	53  -  MemoryUsage of job (MB)
	53496  -  ResidentSetSize of job (KB)
...
006 (911180.004.000) 01/09 01:13:13 Image size of job updated: 113708
	52  -  MemoryUsage of job (MB)
	52644  -  ResidentSetSize of job (KB)
...
006 (911180.008.000) 01/09 01:13:14 Image size of job updated: 113836
	52  -  MemoryUsage of job (MB)
	52808  -  ResidentSetSize of job (KB)
...
006 (911180.006.000) 01/09 01:13:14 Image size of job updated: 114760
	52  -  MemoryUsage of job (MB)
	52912  -  ResidentSetSize of job (KB)
...
006 (911180.013.000) 01/09 01:13:16 Image size of job updated: 116092
	52  -  MemoryUsage of job (MB)
	52984  -  ResidentSetSize of job (KB)
...
006 (911180.002.000) 01/09 01:18:08 Image size of job updated: 114008
	52  -  MemoryUsage of job (MB)
	52964  -  ResidentSetSize of job (KB)
...
006 (911180.001.000) 01/09 01:18:09 Image size of job updated: 113860
	52  -  MemoryUsage of job (MB)
	52828  -  ResidentSetSize of job (KB)
...
006 (911180.000.000) 01/09 01:18:09 Image size of job updated: 114032
	52  -  MemoryUsage of job (MB)
	52988  -  ResidentSetSize of job (KB)
...
006 (911180.011.000) 01/09 01:18:09 Image size of job updated: 113996
	52  -  MemoryUsage of job (MB)
	52952  -  ResidentSetSize of job (KB)
...
006 (911180.009.000) 01/09 01:18:09 Image size of job updated: 114036
	52  -  MemoryUsage of job (MB)
	52992  -  ResidentSetSize of job (KB)
...
006 (911180.005.000) 01/09 01:18:10 Image size of job updated: 113876
	52  -  MemoryUsage of job (MB)
	52832  -  ResidentSetSize of job (KB)
...
006 (911180.015.000) 01/09 01:18:11 Image size of job updated: 113952
	52  -  MemoryUsage of job (MB)
	52908  -  ResidentSetSize of job (KB)
...
006 (911180.007.000) 01/09 01:18:11 Image size of job updated: 113812
	52  -  MemoryUsage of job (MB)
	52768  -  ResidentSetSize of job (KB)
...
006 (911180.014.000) 01/09 01:18:12 Image size of job updated: 114112
	52  -  MemoryUsage of job (MB)
	53068  -  ResidentSetSize of job (KB)
...
006 (911180.010.000) 01/09 01:18:12 Image size of job updated: 114156
	52  -  MemoryUsage of job (MB)
	53112  -  ResidentSetSize of job (KB)
...
006 (911180.003.000) 01/09 01:18:12 Image size of job updated: 113844
	52  -  MemoryUsage of job (MB)
	52800  -  ResidentSetSize of job (KB)
...
006 (911180.012.000) 01/09 01:18:13 Image size of job updated: 114560
	53  -  MemoryUsage of job (MB)
	53516  -  ResidentSetSize of job (KB)
...
006 (911180.004.000) 01/09 01:18:13 Image size of job updated: 114452
	53  -  MemoryUsage of job (MB)
	53372  -  ResidentSetSize of job (KB)
...
006 (911180.008.000) 01/09 01:18:14 Image size of job updated: 114160
	52  -  MemoryUsage of job (MB)
	53116  -  ResidentSetSize of job (KB)
...
006 (911180.006.000) 01/09 01:18:14 Image size of job updated: 114772
	52  -  MemoryUsage of job (MB)
	52924  -  ResidentSetSize of job (KB)
...
006 (911180.013.000) 01/09 01:18:16 Image size of job updated: 116492
	53  -  MemoryUsage of job (MB)
	53384  -  ResidentSetSize of job (KB)
...
006 (911180.002.000) 01/09 01:23:08 Image size of job updated: 114024
	52  -  MemoryUsage of job (MB)
	52980  -  ResidentSetSize of job (KB)
...
006 (911180.001.000) 01/09 01:23:09 Image size of job updated: 113860
	52  -  MemoryUsage of job (MB)
	52840  -  ResidentSetSize of job (KB)
...
006 (911180.000.000) 01/09 01:23:09 Image size of job updated: 114052
	52  -  MemoryUsage of job (MB)
	53008  -  ResidentSetSize of job (KB)
...
006 (911180.005.000) 01/09 01:23:10 Image size of job updated: 113880
	52  -  MemoryUsage of job (MB)
	52836  -  ResidentSetSize of job (KB)
...
006 (911180.011.000) 01/09 01:23:10 Image size of job updated: 114000
	52  -  MemoryUsage of job (MB)
	52956  -  ResidentSetSize of job (KB)
...
006 (911180.015.000) 01/09 01:23:11 Image size of job updated: 113960
	52  -  MemoryUsage of job (MB)
	52916  -  ResidentSetSize of job (KB)
...
006 (911180.014.000) 01/09 01:23:12 Image size of job updated: 114524
	53  -  MemoryUsage of job (MB)
	53480  -  ResidentSetSize of job (KB)
...
006 (911180.010.000) 01/09 01:23:12 Image size of job updated: 114172
	52  -  MemoryUsage of job (MB)
	53128  -  ResidentSetSize of job (KB)
...
006 (911180.007.000) 01/09 01:23:12 Image size of job updated: 113820
	52  -  MemoryUsage of job (MB)
	52776  -  ResidentSetSize of job (KB)
...
006 (911180.012.000) 01/09 01:23:13 Image size of job updated: 114572
	53  -  MemoryUsage of job (MB)
	53528  -  ResidentSetSize of job (KB)
...
006 (911180.008.000) 01/09 01:23:14 Image size of job updated: 114168
	52  -  MemoryUsage of job (MB)
	53124  -  ResidentSetSize of job (KB)
...
006 (911180.006.000) 01/09 01:23:14 Image size of job updated: 114788
	52  -  MemoryUsage of job (MB)
	52940  -  ResidentSetSize of job (KB)
...
006 (911180.004.000) 01/09 01:23:14 Image size of job updated: 114452
	53  -  MemoryUsage of job (MB)
	53384  -  ResidentSetSize of job (KB)
...
006 (911180.013.000) 01/09 01:23:16 Image size of job updated: 117148
	53  -  MemoryUsage of job (MB)
	53384  -  ResidentSetSize of job (KB)
...
006 (911180.002.000) 01/09 01:28:09 Image size of job updated: 114044
	52  -  MemoryUsage of job (MB)
	53000  -  ResidentSetSize of job (KB)
...
006 (911180.001.000) 01/09 01:28:10 Image size of job updated: 113860
	52  -  MemoryUsage of job (MB)
	52848  -  ResidentSetSize of job (KB)
...
006 (911180.000.000) 01/09 01:28:10 Image size of job updated: 114060
	52  -  MemoryUsage of job (MB)
	53016  -  ResidentSetSize of job (KB)
...
006 (911180.011.000) 01/09 01:28:11 Image size of job updated: 114004
	52  -  MemoryUsage of job (MB)
	52960  -  ResidentSetSize of job (KB)
...
006 (911180.015.000) 01/09 01:28:11 Image size of job updated: 113964
	52  -  MemoryUsage of job (MB)
	52920  -  ResidentSetSize of job (KB)
...
006 (911180.005.000) 01/09 01:28:11 Image size of job updated: 113888
	52  -  MemoryUsage of job (MB)
	52844  -  ResidentSetSize of job (KB)
...
006 (911180.014.000) 01/09 01:28:12 Image size of job updated: 114548
	53  -  MemoryUsage of job (MB)
	53504  -  ResidentSetSize of job (KB)
...
006 (911180.007.000) 01/09 01:28:13 Image size of job updated: 113832
	52  -  MemoryUsage of job (MB)
	52788  -  ResidentSetSize of job (KB)
...
006 (911180.010.000) 01/09 01:28:13 Image size of job updated: 114184
	52  -  MemoryUsage of job (MB)
	53140  -  ResidentSetSize of job (KB)
...
006 (911180.012.000) 01/09 01:28:14 Image size of job updated: 114588
	53  -  MemoryUsage of job (MB)
	53528  -  ResidentSetSize of job (KB)
...
006 (911180.003.000) 01/09 01:28:14 Image size of job updated: 113848
	52  -  MemoryUsage of job (MB)
	52804  -  ResidentSetSize of job (KB)
...
006 (911180.008.000) 01/09 01:28:15 Image size of job updated: 114168
	52  -  MemoryUsage of job (MB)
	53140  -  ResidentSetSize of job (KB)
...
006 (911180.006.000) 01/09 01:28:15 Image size of job updated: 114808
	52  -  MemoryUsage of job (MB)
	52960  -  ResidentSetSize of job (KB)
...
006 (911180.004.000) 01/09 01:28:15 Image size of job updated: 114460
	53  -  MemoryUsage of job (MB)
	53404  -  ResidentSetSize of job (KB)
...
006 (911180.002.000) 01/09 01:33:09 Image size of job updated: 114064
	52  -  MemoryUsage of job (MB)
	53020  -  ResidentSetSize of job (KB)
...
006 (911180.001.000) 01/09 01:33:11 Image size of job updated: 113860
	52  -  MemoryUsage of job (MB)
	52856  -  ResidentSetSize of job (KB)
...
006 (911180.000.000) 01/09 01:33:11 Image size of job updated: 114076
	52  -  MemoryUsage of job (MB)
	53032  -  ResidentSetSize of job (KB)
...
006 (911180.011.000) 01/09 01:33:11 Image size of job updated: 114016
	52  -  MemoryUsage of job (MB)
	52972  -  ResidentSetSize of job (KB)
...
006 (911180.005.000) 01/09 01:33:12 Image size of job updated: 113892
	52  -  MemoryUsage of job (MB)
	52848  -  ResidentSetSize of job (KB)
...
006 (911180.015.000) 01/09 01:33:12 Image size of job updated: 113972
	52  -  MemoryUsage of job (MB)
	52928  -  ResidentSetSize of job (KB)
...
006 (911180.014.000) 01/09 01:33:13 Image size of job updated: 114552
	53  -  MemoryUsage of job (MB)
	53508  -  ResidentSetSize of job (KB)
...
006 (911180.007.000) 01/09 01:33:13 Image size of job updated: 113840
	52  -  MemoryUsage of job (MB)
	52796  -  ResidentSetSize of job (KB)
...
006 (911180.010.000) 01/09 01:33:14 Image size of job updated: 114204
	52  -  MemoryUsage of job (MB)
	53160  -  ResidentSetSize of job (KB)
...
006 (911180.012.000) 01/09 01:33:14 Image size of job updated: 114600
	53  -  MemoryUsage of job (MB)
	53528  -  ResidentSetSize of job (KB)
...
006 (911180.003.000) 01/09 01:33:14 Image size of job updated: 113852
	52  -  MemoryUsage of job (MB)
	52808  -  ResidentSetSize of job (KB)
...
006 (911180.008.000) 01/09 01:33:15 Image size of job updated: 114168
	52  -  MemoryUsage of job (MB)
	53148  -  ResidentSetSize of job (KB)
...
006 (911180.006.000) 01/09 01:33:15 Image size of job updated: 114820
	52  -  MemoryUsage of job (MB)
	52972  -  ResidentSetSize of job (KB)
...
006 (911180.004.000) 01/09 01:33:15 Image size of job updated: 114484
	53  -  MemoryUsage of job (MB)
	53428  -  ResidentSetSize of job (KB)
...
006 (911180.013.000) 01/09 01:33:17 Image size of job updated: 117156
	53  -  MemoryUsage of job (MB)
	53392  -  ResidentSetSize of job (KB)
...
006 (911180.002.000) 01/09 01:38:09 Image size of job updated: 114092
	52  -  MemoryUsage of job (MB)
	53048  -  ResidentSetSize of job (KB)
...
006 (911180.000.000) 01/09 01:38:11 Image size of job updated: 114088
	52  -  MemoryUsage of job (MB)
	53044  -  ResidentSetSize of job (KB)
...
006 (911180.001.000) 01/09 01:38:11 Image size of job updated: 113860
	52  -  MemoryUsage of job (MB)
	52872  -  ResidentSetSize of job (KB)
...
006 (911180.011.000) 01/09 01:38:12 Image size of job updated: 114032
	52  -  MemoryUsage of job (MB)
	52988  -  ResidentSetSize of job (KB)
...
006 (911180.005.000) 01/09 01:38:12 Image size of job updated: 113904
	52  -  MemoryUsage of job (MB)
	52860  -  ResidentSetSize of job (KB)
...
006 (911180.015.000) 01/09 01:38:13 Image size of job updated: 113976
	52  -  MemoryUsage of job (MB)
	52932  -  ResidentSetSize of job (KB)
...
006 (911180.014.000) 01/09 01:38:13 Image size of job updated: 114564
	53  -  MemoryUsage of job (MB)
	53520  -  ResidentSetSize of job (KB)
...
006 (911180.010.000) 01/09 01:38:14 Image size of job updated: 114232
	52  -  MemoryUsage of job (MB)
	53188  -  ResidentSetSize of job (KB)
...
006 (911180.003.000) 01/09 01:38:14 Image size of job updated: 113860
	52  -  MemoryUsage of job (MB)
	52816  -  ResidentSetSize of job (KB)
...
006 (911180.007.000) 01/09 01:38:14 Image size of job updated: 113848
	52  -  MemoryUsage of job (MB)
	52804  -  ResidentSetSize of job (KB)
...
006 (911180.004.000) 01/09 01:38:15 Image size of job updated: 116804
	53  -  MemoryUsage of job (MB)
	53456  -  ResidentSetSize of job (KB)
...
006 (911180.008.000) 01/09 01:38:15 Image size of job updated: 114168
	52  -  MemoryUsage of job (MB)
	53176  -  ResidentSetSize of job (KB)
...
006 (911180.006.000) 01/09 01:38:15 Image size of job updated: 114832
	52  -  MemoryUsage of job (MB)
	52984  -  ResidentSetSize of job (KB)
...
006 (911180.013.000) 01/09 01:38:17 Image size of job updated: 117164
	53  -  MemoryUsage of job (MB)
	53400  -  ResidentSetSize of job (KB)
...
006 (911180.002.000) 01/09 01:43:10 Image size of job updated: 114116
	52  -  MemoryUsage of job (MB)
	53048  -  ResidentSetSize of job (KB)
...
006 (911180.011.000) 01/09 01:43:12 Image size of job updated: 114048
	52  -  MemoryUsage of job (MB)
	53004  -  ResidentSetSize of job (KB)
...
006 (911180.009.000) 01/09 01:43:12 Image size of job updated: 114392
	52  -  MemoryUsage of job (MB)
	52992  -  ResidentSetSize of job (KB)
...
006 (911180.005.000) 01/09 01:43:12 Image size of job updated: 113916
	52  -  MemoryUsage of job (MB)
	52872  -  ResidentSetSize of job (KB)
...
006 (911180.000.000) 01/09 01:43:12 Image size of job updated: 114116
	52  -  MemoryUsage of job (MB)
	53072  -  ResidentSetSize of job (KB)
...
006 (911180.001.000) 01/09 01:43:12 Image size of job updated: 113860
	52  -  MemoryUsage of job (MB)
	52888  -  ResidentSetSize of job (KB)
...
006 (911180.014.000) 01/09 01:43:13 Image size of job updated: 114580
	53  -  MemoryUsage of job (MB)
	53536  -  ResidentSetSize of job (KB)
...
006 (911180.007.000) 01/09 01:43:15 Image size of job updated: 113872
	52  -  MemoryUsage of job (MB)
	52828  -  ResidentSetSize of job (KB)
...
006 (911180.006.000) 01/09 01:43:16 Image size of job updated: 114856
	52  -  MemoryUsage of job (MB)
	52984  -  ResidentSetSize of job (KB)
...
006 (911180.010.000) 01/09 01:43:15 Image size of job updated: 114268
	52  -  MemoryUsage of job (MB)
	53224  -  ResidentSetSize of job (KB)
...
006 (911180.004.000) 01/09 01:43:16 Image size of job updated: 141788
	53  -  MemoryUsage of job (MB)
	53476  -  ResidentSetSize of job (KB)
...
006 (911180.008.000) 01/09 01:43:16 Image size of job updated: 114168
	52  -  MemoryUsage of job (MB)
	53192  -  ResidentSetSize of job (KB)
...
006 (911180.013.000) 01/09 01:43:18 Image size of job updated: 117176
	53  -  MemoryUsage of job (MB)
	53412  -  ResidentSetSize of job (KB)
...
006 (911180.002.000) 01/09 01:48:11 Image size of job updated: 114120
	52  -  MemoryUsage of job (MB)
	53048  -  ResidentSetSize of job (KB)
...
006 (911180.009.000) 01/09 01:48:12 Image size of job updated: 114408
	52  -  MemoryUsage of job (MB)
	52992  -  ResidentSetSize of job (KB)
...
006 (911180.000.000) 01/09 01:48:13 Image size of job updated: 114144
	52  -  MemoryUsage of job (MB)
	53100  -  ResidentSetSize of job (KB)
...
006 (911180.005.000) 01/09 01:48:13 Image size of job updated: 113924
	52  -  MemoryUsage of job (MB)
	52880  -  ResidentSetSize of job (KB)
...
006 (911180.014.000) 01/09 01:48:14 Image size of job updated: 114596
	53  -  MemoryUsage of job (MB)
	53536  -  ResidentSetSize of job (KB)
...
006 (911180.015.000) 01/09 01:48:14 Image size of job updated: 113984
	52  -  MemoryUsage of job (MB)
	52940  -  ResidentSetSize of job (KB)
...
006 (911180.003.000) 01/09 01:48:15 Image size of job updated: 113868
	52  -  MemoryUsage of job (MB)
	52824  -  ResidentSetSize of job (KB)
...
006 (911180.004.000) 01/09 01:48:17 Image size of job updated: 141892
	53  -  MemoryUsage of job (MB)
	53492  -  ResidentSetSize of job (KB)
...
006 (911180.008.000) 01/09 01:48:17 Image size of job updated: 114168
	52  -  MemoryUsage of job (MB)
	53216  -  ResidentSetSize of job (KB)
...
006 (911180.013.000) 01/09 01:48:18 Image size of job updated: 117184
	53  -  MemoryUsage of job (MB)
	53420  -  ResidentSetSize of job (KB)
...
005 (911180.011.000) 01/09 01:51:50 Job terminated.
	(1) Normal termination (return value 0)
		Usr 0 00:08:53, Sys 0 00:00:15  -  Run Remote Usage
		Usr 0 00:00:00, Sys 0 00:00:00  -  Run Local Usage
		Usr 0 00:08:53, Sys 0 00:00:15  -  Total Remote Usage
		Usr 0 00:00:00, Sys 0 00:00:00  -  Total Local Usage
	293285  -  Run Bytes Sent By Job
	992  -  Run Bytes Received By Job
	293285  -  Total Bytes Sent By Job
	992  -  Total Bytes Received By Job
	Partitionable Resources :    Usage  Request Allocated
	   Cpus                 :                 1         1
	   Disk (KB)            :      299        1   2248414
	   Memory (MB)          :       52     2000      2000
...
005 (911180.007.000) 01/09 01:51:55 Job terminated.
	(1) Normal termination (return value 0)
		Usr 0 00:07:18, Sys 0 00:00:13  -  Run Remote Usage
		Usr 0 00:00:00, Sys 0 00:00:00  -  Run Local Usage
		Usr 0 00:07:18, Sys 0 00:00:13  -  Total Remote Usage
		Usr 0 00:00:00, Sys 0 00:00:00  -  Total Local Usage
	251098  -  Run Bytes Sent By Job
	1020  -  Run Bytes Received By Job
	251098  -  Total Bytes Sent By Job
	1020  -  Total Bytes Received By Job
	Partitionable Resources :    Usage  Request Allocated
	   Cpus                 :                 1         1
	   Disk (KB)            :      258        1   3321449
	   Memory (MB)          :       52     2000      2000
...
005 (911180.001.000) 01/09 01:52:11 Job terminated.
	(1) Normal termination (return value 0)
		Usr 0 00:09:13, Sys 0 00:00:16  -  Run Remote Usage
		Usr 0 00:00:00, Sys 0 00:00:00  -  Run Local Usage
		Usr 0 00:09:13, Sys 0 00:00:16  -  Total Remote Usage
		Usr 0 00:00:00, Sys 0 00:00:00  -  Total Local Usage
	266040  -  Run Bytes Sent By Job
	1004  -  Run Bytes Received By Job
	266040  -  Total Bytes Sent By Job
	1004  -  Total Bytes Received By Job
	Partitionable Resources :    Usage  Request Allocated
	   Cpus                 :                 1         1
	   Disk (KB)            :      273        1   3482556
	   Memory (MB)          :       52     2000      2000
...
005 (911180.010.000) 01/09 01:52:26 Job terminated.
	(1) Normal termination (return value 0)
		Usr 0 00:10:13, Sys 0 00:00:15  -  Run Remote Usage
		Usr 0 00:00:00, Sys 0 00:00:00  -  Run Local Usage
		Usr 0 00:10:13, Sys 0 00:00:15  -  Total Remote Usage
		Usr 0 00:00:00, Sys 0 00:00:00  -  Total Local Usage
	376609  -  Run Bytes Sent By Job
	966  -  Run Bytes Received By Job
	376609  -  Total Bytes Sent By Job
	966  -  Total Bytes Received By Job
	Partitionable Resources :    Usage  Request Allocated
	   Cpus                 :                 1         1
	   Disk (KB)            :      381        1   3446701
	   Memory (MB)          :       52     2000      2000
...
005 (911180.002.000) 01/09 01:52:39 Job terminated.
	(1) Normal termination (return value 0)
		Usr 0 00:07:08, Sys 0 00:00:11  -  Run Remote Usage
		Usr 0 00:00:00, Sys 0 00:00:00  -  Run Local Usage
		Usr 0 00:07:08, Sys 0 00:00:11  -  Total Remote Usage
		Usr 0 00:00:00, Sys 0 00:00:00  -  Total Local Usage
	341065  -  Run Bytes Sent By Job
	974  -  Run Bytes Received By Job
	341065  -  Total Bytes Sent By Job
	974  -  Total Bytes Received By Job
	Partitionable Resources :    Usage  Request Allocated
	   Cpus                 :                 1         1
	   Disk (KB)            :      346        1   1980192
	   Memory (MB)          :       52     2000      2000
...
006 (911180.009.000) 01/09 01:53:13 Image size of job updated: 114424
	52  -  MemoryUsage of job (MB)
	52992  -  ResidentSetSize of job (KB)
...
006 (911180.005.000) 01/09 01:53:13 Image size of job updated: 113940
	52  -  MemoryUsage of job (MB)
	52896  -  ResidentSetSize of job (KB)
...
006 (911180.015.000) 01/09 01:53:15 Image size of job updated: 113988
	52  -  MemoryUsage of job (MB)
	52944  -  ResidentSetSize of job (KB)
...
006 (911180.003.000) 01/09 01:53:15 Image size of job updated: 113872
	52  -  MemoryUsage of job (MB)
	52828  -  ResidentSetSize of job (KB)
...
006 (911180.008.000) 01/09 01:53:17 Image size of job updated: 114168
	52  -  MemoryUsage of job (MB)
	53236  -  ResidentSetSize of job (KB)
...
005 (911180.004.000) 01/09 01:53:34 Job terminated.
	(1) Normal termination (return value 0)
		Usr 0 00:08:31, Sys 0 00:00:14  -  Run Remote Usage
		Usr 0 00:00:00, Sys 0 00:00:00  -  Run Local Usage
		Usr 0 00:08:31, Sys 0 00:00:14  -  Total Remote Usage
		Usr 0 00:00:00, Sys 0 00:00:00  -  Total Local Usage
	349350  -  Run Bytes Sent By Job
	998  -  Run Bytes Received By Job
	349350  -  Total Bytes Sent By Job
	998  -  Total Bytes Received By Job
	Partitionable Resources :    Usage  Request Allocated
	   Cpus                 :                 1         1
	   Disk (KB)            :      361        1   2574616
	   Memory (MB)          :       53     2000      2000
...
005 (911180.012.000) 01/09 01:53:48 Job terminated.
	(1) Normal termination (return value 0)
		Usr 0 00:10:48, Sys 0 00:00:19  -  Run Remote Usage
		Usr 0 00:00:00, Sys 0 00:00:00  -  Run Local Usage
		Usr 0 00:10:48, Sys 0 00:00:19  -  Total Remote Usage
		Usr 0 00:00:00, Sys 0 00:00:00  -  Total Local Usage
	380780  -  Run Bytes Sent By Job
	990  -  Run Bytes Received By Job
	380780  -  Total Bytes Sent By Job
	990  -  Total Bytes Received By Job
	Partitionable Resources :    Usage  Request Allocated
	   Cpus                 :                 1         1
	   Disk (KB)            :      390        1   3431514
	   Memory (MB)          :       53     2000      2000
...
005 (911180.013.000) 01/09 01:53:59 Job terminated.
	(1) Normal termination (return value 0)
		Usr 0 00:09:44, Sys 0 00:00:17  -  Run Remote Usage
		Usr 0 00:00:00, Sys 0 00:00:00  -  Run Local Usage
		Usr 0 00:09:44, Sys 0 00:00:17  -  Total Remote Usage
		Usr 0 00:00:00, Sys 0 00:00:00  -  Total Local Usage
	297069  -  Run Bytes Sent By Job
	1016  -  Run Bytes Received By Job
	297069  -  Total Bytes Sent By Job
	1016  -  Total Bytes Received By Job
	Partitionable Resources :    Usage  Request Allocated
	   Cpus                 :                 1         1
	   Disk (KB)            :      303        1   3229516
	   Memory (MB)          :       53     2000      2000
...
005 (911180.000.000) 01/09 01:54:09 Job terminated.
	(1) Normal termination (return value 0)
		Usr 0 00:09:13, Sys 0 00:00:16  -  Run Remote Usage
		Usr 0 00:00:00, Sys 0 00:00:00  -  Run Local Usage
		Usr 0 00:09:13, Sys 0 00:00:16  -  Total Remote Usage
		Usr 0 00:00:00, Sys 0 00:00:00  -  Total Local Usage
	349764  -  Run Bytes Sent By Job
	978  -  Run Bytes Received By Job
	349764  -  Total Bytes Sent By Job
	978  -  Total Bytes Received By Job
	Partitionable Resources :    Usage  Request Allocated
	   Cpus                 :                 1         1
	   Disk (KB)            :      354        1   3449184
	   Memory (MB)          :       52     2000      2000
...
005 (911180.006.000) 01/09 01:55:11 Job terminated.
	(1) Normal termination (return value 0)
		Usr 0 00:08:31, Sys 0 00:00:15  -  Run Remote Usage
		Usr 0 00:00:00, Sys 0 00:00:00  -  Run Local Usage
		Usr 0 00:08:31, Sys 0 00:00:15  -  Total Remote Usage
		Usr 0 00:00:00, Sys 0 00:00:00  -  Total Local Usage
	334798  -  Run Bytes Sent By Job
	994  -  Run Bytes Received By Job
	334798  -  Total Bytes Sent By Job
	994  -  Total Bytes Received By Job
	Partitionable Resources :    Usage  Request Allocated
	   Cpus                 :                 1         1
	   Disk (KB)            :      340        1   3372610
	   Memory (MB)          :       52     2000      2000
...
005 (911180.005.000) 01/09 01:56:53 Job terminated.
	(1) Normal termination (return value 0)
		Usr 0 00:09:08, Sys 0 00:00:14  -  Run Remote Usage
		Usr 0 00:00:00, Sys 0 00:00:00  -  Run Local Usage
		Usr 0 00:09:08, Sys 0 00:00:14  -  Total Remote Usage
		Usr 0 00:00:00, Sys 0 00:00:00  -  Total Local Usage
	266003  -  Run Bytes Sent By Job
	1024  -  Run Bytes Received By Job
	266003  -  Total Bytes Sent By Job
	1024  -  Total Bytes Received By Job
	Partitionable Resources :    Usage  Request Allocated
	   Cpus                 :                 1         1
	   Disk (KB)            :      273        1   2626147
	   Memory (MB)          :       52     2000      2000
...
005 (911180.008.000) 01/09 01:57:22 Job terminated.
	(1) Normal termination (return value 0)
		Usr 0 00:10:53, Sys 0 00:00:18  -  Run Remote Usage
		Usr 0 00:00:00, Sys 0 00:00:00  -  Run Local Usage
		Usr 0 00:10:53, Sys 0 00:00:18  -  Total Remote Usage
		Usr 0 00:00:00, Sys 0 00:00:00  -  Total Local Usage
	380794  -  Run Bytes Sent By Job
	970  -  Run Bytes Received By Job
	380794  -  Total Bytes Sent By Job
	970  -  Total Bytes Received By Job
	Partitionable Resources :    Usage  Request Allocated
	   Cpus                 :                 1         1
	   Disk (KB)            :      385        1   3247924
	   Memory (MB)          :       52     2000      2000
...
006 (911180.015.000) 01/09 01:58:15 Image size of job updated: 114000
	52  -  MemoryUsage of job (MB)
	52956  -  ResidentSetSize of job (KB)
...
006 (911180.003.000) 01/09 01:58:16 Image size of job updated: 113880
	52  -  MemoryUsage of job (MB)
	52836  -  ResidentSetSize of job (KB)
...
005 (911180.009.000) 01/09 02:00:03 Job terminated.
	(1) Normal termination (return value 0)
		Usr 0 00:10:16, Sys 0 00:00:17  -  Run Remote Usage
		Usr 0 00:00:00, Sys 0 00:00:00  -  Run Local Usage
		Usr 0 00:10:16, Sys 0 00:00:17  -  Total Remote Usage
		Usr 0 00:00:00, Sys 0 00:00:00  -  Total Local Usage
	297452  -  Run Bytes Sent By Job
	996  -  Run Bytes Received By Job
	297452  -  Total Bytes Sent By Job
	996  -  Total Bytes Received By Job
	Partitionable Resources :    Usage  Request Allocated
	   Cpus                 :                 1         1
	   Disk (KB)            :      303        1   2537621
	   Memory (MB)          :       52     2000      2000
...
005 (911180.014.000) 01/09 02:00:14 Job terminated.
	(1) Normal termination (return value 0)
		Usr 0 00:10:14, Sys 0 00:00:21  -  Run Remote Usage
		Usr 0 00:00:00, Sys 0 00:00:00  -  Run Local Usage
		Usr 0 00:10:14, Sys 0 00:00:21  -  Total Remote Usage
		Usr 0 00:00:00, Sys 0 00:00:00  -  Total Local Usage
	371843  -  Run Bytes Sent By Job
	986  -  Run Bytes Received By Job
	371843  -  Total Bytes Sent By Job
	986  -  Total Bytes Received By Job
	Partitionable Resources :    Usage  Request Allocated
	   Cpus                 :                 1         1
	   Disk (KB)            :      376        1   1952052
	   Memory (MB)          :       53     2000      2000
...
006 (911180.015.000) 01/09 02:03:15 Image size of job updated: 114024
	52  -  MemoryUsage of job (MB)
	52980  -  ResidentSetSize of job (KB)
...
006 (911180.003.000) 01/09 02:03:16 Image size of job updated: 113892
	52  -  MemoryUsage of job (MB)
	52848  -  ResidentSetSize of job (KB)
...
005 (911180.015.000) 01/09 02:06:54 Job terminated.
	(1) Normal termination (return value 0)
		Usr 0 00:09:33, Sys 0 00:00:17  -  Run Remote Usage
		Usr 0 00:00:00, Sys 0 00:00:00  -  Run Local Usage
		Usr 0 00:09:33, Sys 0 00:00:17  -  Total Remote Usage
		Usr 0 00:00:00, Sys 0 00:00:00  -  Total Local Usage
	288145  -  Run Bytes Sent By Job
	1012  -  Run Bytes Received By Job
	288145  -  Total Bytes Sent By Job
	1012  -  Total Bytes Received By Job
	Partitionable Resources :    Usage  Request Allocated
	   Cpus                 :                 1         1
	   Disk (KB)            :      294        1   2264953
	   Memory (MB)          :       52     2000      2000
...
006 (911180.003.000) 01/09 02:08:16 Image size of job updated: 113904
	52  -  MemoryUsage of job (MB)
	52860  -  ResidentSetSize of job (KB)
...
005 (911180.003.000) 01/09 02:15:20 Job terminated.
	(1) Normal termination (return value 0)
		Usr 0 00:08:45, Sys 0 00:00:15  -  Run Remote Usage
		Usr 0 00:00:00, Sys 0 00:00:00  -  Run Local Usage
		Usr 0 00:08:45, Sys 0 00:00:15  -  Total Remote Usage
		Usr 0 00:00:00, Sys 0 00:00:00  -  Total Local Usage
	256975  -  Run Bytes Sent By Job
	1000  -  Run Bytes Received By Job
	256975  -  Total Bytes Sent By Job
	1000  -  Total Bytes Received By Job
	Partitionable Resources :    Usage  Request Allocated
	   Cpus                 :                 1         1
	   Disk (KB)            :      264        1   1904288
	   Memory (MB)          :       52     2000      2000
...
