000 (918702.000.000) 01/09 16:28:25 Job submitted from host: <137.138.44.75:9618?addrs=137.138.44.75-9618+[2001-1458-d00-1a--b]-9618&noUDP&sock=124143_59c7_28>
...
000 (918702.001.000) 01/09 16:28:25 Job submitted from host: <137.138.44.75:9618?addrs=137.138.44.75-9618+[2001-1458-d00-1a--b]-9618&noUDP&sock=124143_59c7_28>
...
000 (918702.002.000) 01/09 16:28:25 Job submitted from host: <137.138.44.75:9618?addrs=137.138.44.75-9618+[2001-1458-d00-1a--b]-9618&noUDP&sock=124143_59c7_28>
...
000 (918702.003.000) 01/09 16:28:25 Job submitted from host: <137.138.44.75:9618?addrs=137.138.44.75-9618+[2001-1458-d00-1a--b]-9618&noUDP&sock=124143_59c7_28>
...
000 (918702.004.000) 01/09 16:28:25 Job submitted from host: <137.138.44.75:9618?addrs=137.138.44.75-9618+[2001-1458-d00-1a--b]-9618&noUDP&sock=124143_59c7_28>
...
000 (918702.005.000) 01/09 16:28:25 Job submitted from host: <137.138.44.75:9618?addrs=137.138.44.75-9618+[2001-1458-d00-1a--b]-9618&noUDP&sock=124143_59c7_28>
...
000 (918702.006.000) 01/09 16:28:25 Job submitted from host: <137.138.44.75:9618?addrs=137.138.44.75-9618+[2001-1458-d00-1a--b]-9618&noUDP&sock=124143_59c7_28>
...
000 (918702.007.000) 01/09 16:28:25 Job submitted from host: <137.138.44.75:9618?addrs=137.138.44.75-9618+[2001-1458-d00-1a--b]-9618&noUDP&sock=124143_59c7_28>
...
000 (918702.008.000) 01/09 16:28:25 Job submitted from host: <137.138.44.75:9618?addrs=137.138.44.75-9618+[2001-1458-d00-1a--b]-9618&noUDP&sock=124143_59c7_28>
...
000 (918702.009.000) 01/09 16:28:25 Job submitted from host: <137.138.44.75:9618?addrs=137.138.44.75-9618+[2001-1458-d00-1a--b]-9618&noUDP&sock=124143_59c7_28>
...
000 (918702.010.000) 01/09 16:28:25 Job submitted from host: <137.138.44.75:9618?addrs=137.138.44.75-9618+[2001-1458-d00-1a--b]-9618&noUDP&sock=124143_59c7_28>
...
000 (918702.011.000) 01/09 16:28:25 Job submitted from host: <137.138.44.75:9618?addrs=137.138.44.75-9618+[2001-1458-d00-1a--b]-9618&noUDP&sock=124143_59c7_28>
...
000 (918702.012.000) 01/09 16:28:25 Job submitted from host: <137.138.44.75:9618?addrs=137.138.44.75-9618+[2001-1458-d00-1a--b]-9618&noUDP&sock=124143_59c7_28>
...
000 (918702.013.000) 01/09 16:28:25 Job submitted from host: <137.138.44.75:9618?addrs=137.138.44.75-9618+[2001-1458-d00-1a--b]-9618&noUDP&sock=124143_59c7_28>
...
000 (918702.014.000) 01/09 16:28:25 Job submitted from host: <137.138.44.75:9618?addrs=137.138.44.75-9618+[2001-1458-d00-1a--b]-9618&noUDP&sock=124143_59c7_28>
...
000 (918702.015.000) 01/09 16:28:25 Job submitted from host: <137.138.44.75:9618?addrs=137.138.44.75-9618+[2001-1458-d00-1a--b]-9618&noUDP&sock=124143_59c7_28>
...
001 (918702.000.000) 01/09 16:32:29 Job executing on host: <137.138.43.114:9618?addrs=137.138.43.114-9618+[--1]-9618&noUDP&sock=917_e0d7_3>
...
001 (918702.002.000) 01/09 16:32:29 Job executing on host: <188.184.181.230:9618?addrs=188.184.181.230-9618+[--1]-9618&noUDP&sock=8887_4652_145>
...
001 (918702.003.000) 01/09 16:32:29 Job executing on host: <137.138.43.130:9618?addrs=137.138.43.130-9618+[--1]-9618&noUDP&sock=8767_534a_3>
...
001 (918702.005.000) 01/09 16:32:30 Job executing on host: <188.184.204.253:9618?addrs=188.184.204.253-9618+[--1]-9618&noUDP&sock=19481_3cfa_3>
...
001 (918702.010.000) 01/09 16:32:30 Job executing on host: <188.184.167.164:9618?addrs=188.184.167.164-9618+[--1]-9618&noUDP&sock=8964_764d_3>
...
001 (918702.007.000) 01/09 16:32:30 Job executing on host: <188.184.180.249:9618?addrs=188.184.180.249-9618+[--1]-9618&noUDP&sock=8994_9c2b_3>
...
001 (918702.012.000) 01/09 16:32:31 Job executing on host: <188.184.167.97:9618?addrs=188.184.167.97-9618+[--1]-9618&noUDP&sock=8893_c039_3>
...
001 (918702.004.000) 01/09 16:32:32 Job executing on host: <188.184.181.239:9618?addrs=188.184.181.239-9618+[--1]-9618&noUDP&sock=8983_cf01_3>
...
001 (918702.009.000) 01/09 16:32:32 Job executing on host: <188.184.132.248:9618?addrs=188.184.132.248-9618+[--1]-9618&noUDP&sock=8940_fd2c_3>
...
001 (918702.013.000) 01/09 16:32:32 Job executing on host: <188.184.167.199:9618?addrs=188.184.167.199-9618+[--1]-9618&noUDP&sock=8893_c039_3>
...
001 (918702.001.000) 01/09 16:32:32 Job executing on host: <188.184.203.68:9618?addrs=188.184.203.68-9618+[--1]-9618&noUDP&sock=8836_a753_3>
...
001 (918702.006.000) 01/09 16:32:33 Job executing on host: <188.184.133.105:9618?addrs=188.184.133.105-9618+[--1]-9618&noUDP&sock=8878_764d_3>
...
001 (918702.011.000) 01/09 16:32:33 Job executing on host: <188.184.167.181:9618?addrs=188.184.167.181-9618+[--1]-9618&noUDP&sock=8847_32dd_3>
...
001 (918702.008.000) 01/09 16:32:33 Job executing on host: <188.184.204.254:9618?addrs=188.184.204.254-9618+[--1]-9618&noUDP&sock=8880_d57d_3>
...
001 (918702.015.000) 01/09 16:32:33 Job executing on host: <188.184.213.27:9618?addrs=188.184.213.27-9618+[--1]-9618&noUDP&sock=9007_f205_3>
...
001 (918702.014.000) 01/09 16:32:36 Job executing on host: <188.184.76.9:9618?addrs=188.184.76.9-9618+[--1]-9618&noUDP&sock=5658_cf58_3>
...
006 (918702.000.000) 01/09 16:32:37 Image size of job updated: 113740
	58  -  MemoryUsage of job (MB)
	59052  -  ResidentSetSize of job (KB)
...
006 (918702.002.000) 01/09 16:32:37 Image size of job updated: 113708
	58  -  MemoryUsage of job (MB)
	59020  -  ResidentSetSize of job (KB)
...
006 (918702.005.000) 01/09 16:32:38 Image size of job updated: 108024
	48  -  MemoryUsage of job (MB)
	48504  -  ResidentSetSize of job (KB)
...
006 (918702.003.000) 01/09 16:32:38 Image size of job updated: 107772
	48  -  MemoryUsage of job (MB)
	48324  -  ResidentSetSize of job (KB)
...
006 (918702.010.000) 01/09 16:32:39 Image size of job updated: 113828
	58  -  MemoryUsage of job (MB)
	59140  -  ResidentSetSize of job (KB)
...
006 (918702.007.000) 01/09 16:32:39 Image size of job updated: 106548
	54  -  MemoryUsage of job (MB)
	54976  -  ResidentSetSize of job (KB)
...
006 (918702.012.000) 01/09 16:32:40 Image size of job updated: 103876
	45  -  MemoryUsage of job (MB)
	45296  -  ResidentSetSize of job (KB)
...
006 (918702.004.000) 01/09 16:32:40 Image size of job updated: 113744
	58  -  MemoryUsage of job (MB)
	59056  -  ResidentSetSize of job (KB)
...
006 (918702.009.000) 01/09 16:32:40 Image size of job updated: 16564
	6  -  MemoryUsage of job (MB)
	5196  -  ResidentSetSize of job (KB)
...
006 (918702.001.000) 01/09 16:32:41 Image size of job updated: 13364
	4  -  MemoryUsage of job (MB)
	3948  -  ResidentSetSize of job (KB)
...
006 (918702.006.000) 01/09 16:32:41 Image size of job updated: 113680
	58  -  MemoryUsage of job (MB)
	58992  -  ResidentSetSize of job (KB)
...
006 (918702.011.000) 01/09 16:32:41 Image size of job updated: 113484
	58  -  MemoryUsage of job (MB)
	58800  -  ResidentSetSize of job (KB)
...
006 (918702.013.000) 01/09 16:32:41 Image size of job updated: 113524
	58  -  MemoryUsage of job (MB)
	58840  -  ResidentSetSize of job (KB)
...
006 (918702.015.000) 01/09 16:32:42 Image size of job updated: 113476
	58  -  MemoryUsage of job (MB)
	58792  -  ResidentSetSize of job (KB)
...
006 (918702.008.000) 01/09 16:32:42 Image size of job updated: 113856
	58  -  MemoryUsage of job (MB)
	59168  -  ResidentSetSize of job (KB)
...
006 (918702.014.000) 01/09 16:32:44 Image size of job updated: 88048
	34  -  MemoryUsage of job (MB)
	34132  -  ResidentSetSize of job (KB)
...
006 (918702.000.000) 01/09 16:37:37 Image size of job updated: 114072
	58  -  MemoryUsage of job (MB)
	59268  -  ResidentSetSize of job (KB)
...
006 (918702.002.000) 01/09 16:37:37 Image size of job updated: 114032
	58  -  MemoryUsage of job (MB)
	59228  -  ResidentSetSize of job (KB)
...
006 (918702.005.000) 01/09 16:37:38 Image size of job updated: 113732
	58  -  MemoryUsage of job (MB)
	58940  -  ResidentSetSize of job (KB)
...
006 (918702.010.000) 01/09 16:37:39 Image size of job updated: 114284
	59  -  MemoryUsage of job (MB)
	59480  -  ResidentSetSize of job (KB)
...
006 (918702.003.000) 01/09 16:37:39 Image size of job updated: 113680
	58  -  MemoryUsage of job (MB)
	58888  -  ResidentSetSize of job (KB)
...
006 (918702.007.000) 01/09 16:37:39 Image size of job updated: 113664
	58  -  MemoryUsage of job (MB)
	58872  -  ResidentSetSize of job (KB)
...
006 (918702.012.000) 01/09 16:37:40 Image size of job updated: 114184
	58  -  MemoryUsage of job (MB)
	59380  -  ResidentSetSize of job (KB)
...
006 (918702.004.000) 01/09 16:37:40 Image size of job updated: 114064
	58  -  MemoryUsage of job (MB)
	59260  -  ResidentSetSize of job (KB)
...
006 (918702.009.000) 01/09 16:37:40 Image size of job updated: 113812
	58  -  MemoryUsage of job (MB)
	59020  -  ResidentSetSize of job (KB)
...
006 (918702.001.000) 01/09 16:37:41 Image size of job updated: 113736
	58  -  MemoryUsage of job (MB)
	58944  -  ResidentSetSize of job (KB)
...
006 (918702.006.000) 01/09 16:37:41 Image size of job updated: 114056
	58  -  MemoryUsage of job (MB)
	59252  -  ResidentSetSize of job (KB)
...
006 (918702.011.000) 01/09 16:37:41 Image size of job updated: 113740
	58  -  MemoryUsage of job (MB)
	59068  -  ResidentSetSize of job (KB)
...
006 (918702.013.000) 01/09 16:37:42 Image size of job updated: 113836
	58  -  MemoryUsage of job (MB)
	59044  -  ResidentSetSize of job (KB)
...
006 (918702.015.000) 01/09 16:37:42 Image size of job updated: 113836
	58  -  MemoryUsage of job (MB)
	59044  -  ResidentSetSize of job (KB)
...
006 (918702.008.000) 01/09 16:37:43 Image size of job updated: 114180
	58  -  MemoryUsage of job (MB)
	59376  -  ResidentSetSize of job (KB)
...
006 (918702.014.000) 01/09 16:37:44 Image size of job updated: 114172
	58  -  MemoryUsage of job (MB)
	59368  -  ResidentSetSize of job (KB)
...
006 (918702.006.000) 01/09 16:41:30 Image size of job updated: 184764
	58  -  MemoryUsage of job (MB)
	59252  -  ResidentSetSize of job (KB)
...
005 (918702.006.000) 01/09 16:41:30 Job terminated.
	(1) Normal termination (return value 0)
		Usr 0 00:02:48, Sys 0 00:00:32  -  Run Remote Usage
		Usr 0 00:00:00, Sys 0 00:00:00  -  Run Local Usage
		Usr 0 00:02:48, Sys 0 00:00:32  -  Total Remote Usage
		Usr 0 00:00:00, Sys 0 00:00:00  -  Total Local Usage
	208280  -  Run Bytes Sent By Job
	1042  -  Run Bytes Received By Job
	208280  -  Total Bytes Sent By Job
	1042  -  Total Bytes Received By Job
	Partitionable Resources :    Usage  Request Allocated
	   Cpus                 :                 1         1
	   Disk (KB)            :      216        2   2074854
	   Memory (MB)          :       58     2000      2000
...
005 (918702.010.000) 01/09 16:42:15 Job terminated.
	(1) Normal termination (return value 0)
		Usr 0 00:03:30, Sys 0 00:00:40  -  Run Remote Usage
		Usr 0 00:00:00, Sys 0 00:00:00  -  Run Local Usage
		Usr 0 00:03:30, Sys 0 00:00:40  -  Total Remote Usage
		Usr 0 00:00:00, Sys 0 00:00:00  -  Total Local Usage
	220241  -  Run Bytes Sent By Job
	1014  -  Run Bytes Received By Job
	220241  -  Total Bytes Sent By Job
	1014  -  Total Bytes Received By Job
	Partitionable Resources :    Usage  Request Allocated
	   Cpus                 :                 1         1
	   Disk (KB)            :      228        2   2133000
	   Memory (MB)          :       59     2000      2000
...
006 (918702.000.000) 01/09 16:42:38 Image size of job updated: 114280
	59  -  MemoryUsage of job (MB)
	59476  -  ResidentSetSize of job (KB)
...
006 (918702.002.000) 01/09 16:42:38 Image size of job updated: 114276
	59  -  MemoryUsage of job (MB)
	59472  -  ResidentSetSize of job (KB)
...
006 (918702.007.000) 01/09 16:42:39 Image size of job updated: 113668
	58  -  MemoryUsage of job (MB)
	58876  -  ResidentSetSize of job (KB)
...
006 (918702.005.000) 01/09 16:42:39 Image size of job updated: 113740
	58  -  MemoryUsage of job (MB)
	58948  -  ResidentSetSize of job (KB)
...
006 (918702.004.000) 01/09 16:42:40 Image size of job updated: 121544
	63  -  MemoryUsage of job (MB)
	64008  -  ResidentSetSize of job (KB)
...
006 (918702.012.000) 01/09 16:42:40 Image size of job updated: 114192
	58  -  MemoryUsage of job (MB)
	59388  -  ResidentSetSize of job (KB)
...
006 (918702.001.000) 01/09 16:42:41 Image size of job updated: 113748
	58  -  MemoryUsage of job (MB)
	58956  -  ResidentSetSize of job (KB)
...
006 (918702.009.000) 01/09 16:42:41 Image size of job updated: 113824
	58  -  MemoryUsage of job (MB)
	59032  -  ResidentSetSize of job (KB)
...
006 (918702.011.000) 01/09 16:42:42 Image size of job updated: 113740
	62  -  MemoryUsage of job (MB)
	63352  -  ResidentSetSize of job (KB)
...
005 (918702.015.000) 01/09 16:42:42 Job terminated.
	(1) Normal termination (return value 0)
		Usr 0 00:03:18, Sys 0 00:00:35  -  Run Remote Usage
		Usr 0 00:00:00, Sys 0 00:00:00  -  Run Local Usage
		Usr 0 00:03:18, Sys 0 00:00:35  -  Total Remote Usage
		Usr 0 00:00:00, Sys 0 00:00:00  -  Total Local Usage
	144654  -  Run Bytes Sent By Job
	1060  -  Run Bytes Received By Job
	144654  -  Total Bytes Sent By Job
	1060  -  Total Bytes Received By Job
	Partitionable Resources :    Usage  Request Allocated
	   Cpus                 :                 1         1
	   Disk (KB)            :      154        2   1614843
	   Memory (MB)          :       58     2000      2000
...
006 (918702.013.000) 01/09 16:42:42 Image size of job updated: 113848
	58  -  MemoryUsage of job (MB)
	59056  -  ResidentSetSize of job (KB)
...
006 (918702.008.000) 01/09 16:42:43 Image size of job updated: 114328
	59  -  MemoryUsage of job (MB)
	59524  -  ResidentSetSize of job (KB)
...
006 (918702.014.000) 01/09 16:42:45 Image size of job updated: 114180
	58  -  MemoryUsage of job (MB)
	59376  -  ResidentSetSize of job (KB)
...
005 (918702.004.000) 01/09 16:42:49 Job terminated.
	(1) Normal termination (return value 0)
		Usr 0 00:03:07, Sys 0 00:00:35  -  Run Remote Usage
		Usr 0 00:00:00, Sys 0 00:00:00  -  Run Local Usage
		Usr 0 00:03:07, Sys 0 00:00:35  -  Total Remote Usage
		Usr 0 00:00:00, Sys 0 00:00:00  -  Total Local Usage
	212943  -  Run Bytes Sent By Job
	1046  -  Run Bytes Received By Job
	212943  -  Total Bytes Sent By Job
	1046  -  Total Bytes Received By Job
	Partitionable Resources :    Usage  Request Allocated
	   Cpus                 :                 1         1
	   Disk (KB)            :      228        2   2169464
	   Memory (MB)          :       63     2000      2000
...
005 (918702.011.000) 01/09 16:42:58 Job terminated.
	(1) Normal termination (return value 0)
		Usr 0 00:03:09, Sys 0 00:00:38  -  Run Remote Usage
		Usr 0 00:00:00, Sys 0 00:00:00  -  Run Local Usage
		Usr 0 00:03:09, Sys 0 00:00:38  -  Total Remote Usage
		Usr 0 00:00:00, Sys 0 00:00:00  -  Total Local Usage
	145770  -  Run Bytes Sent By Job
	1040  -  Run Bytes Received By Job
	145770  -  Total Bytes Sent By Job
	1040  -  Total Bytes Received By Job
	Partitionable Resources :    Usage  Request Allocated
	   Cpus                 :                 1         1
	   Disk (KB)            :      181        2   2104788
	   Memory (MB)          :       62     2000      2000
...
005 (918702.008.000) 01/09 16:43:25 Job terminated.
	(1) Normal termination (return value 0)
		Usr 0 00:03:30, Sys 0 00:00:41  -  Run Remote Usage
		Usr 0 00:00:00, Sys 0 00:00:00  -  Run Local Usage
		Usr 0 00:03:30, Sys 0 00:00:41  -  Total Remote Usage
		Usr 0 00:00:00, Sys 0 00:00:00  -  Total Local Usage
	221448  -  Run Bytes Sent By Job
	1018  -  Run Bytes Received By Job
	221448  -  Total Bytes Sent By Job
	1018  -  Total Bytes Received By Job
	Partitionable Resources :    Usage  Request Allocated
	   Cpus                 :                 1         1
	   Disk (KB)            :      229        2   2099600
	   Memory (MB)          :       59     2000      2000
...
005 (918702.000.000) 01/09 16:43:43 Job terminated.
	(1) Normal termination (return value 0)
		Usr 0 00:03:06, Sys 0 00:00:36  -  Run Remote Usage
		Usr 0 00:00:00, Sys 0 00:00:00  -  Run Local Usage
		Usr 0 00:03:06, Sys 0 00:00:36  -  Total Remote Usage
		Usr 0 00:00:00, Sys 0 00:00:00  -  Total Local Usage
	213665  -  Run Bytes Sent By Job
	1026  -  Run Bytes Received By Job
	213665  -  Total Bytes Sent By Job
	1026  -  Total Bytes Received By Job
	Partitionable Resources :    Usage  Request Allocated
	   Cpus                 :                 1         1
	   Disk (KB)            :      221        2   2073116
	   Memory (MB)          :       59     2000      2000
...
005 (918702.013.000) 01/09 16:45:50 Job terminated.
	(1) Normal termination (return value 0)
		Usr 0 00:03:25, Sys 0 00:00:39  -  Run Remote Usage
		Usr 0 00:00:00, Sys 0 00:00:00  -  Run Local Usage
		Usr 0 00:03:25, Sys 0 00:00:39  -  Total Remote Usage
		Usr 0 00:00:00, Sys 0 00:00:00  -  Total Local Usage
	147934  -  Run Bytes Sent By Job
	1064  -  Run Bytes Received By Job
	147934  -  Total Bytes Sent By Job
	1064  -  Total Bytes Received By Job
	Partitionable Resources :    Usage  Request Allocated
	   Cpus                 :                 1         1
	   Disk (KB)            :      157        2   1598039
	   Memory (MB)          :       58     2000      2000
...
005 (918702.002.000) 01/09 16:45:55 Job terminated.
	(1) Normal termination (return value 0)
		Usr 0 00:02:58, Sys 0 00:00:35  -  Run Remote Usage
		Usr 0 00:00:00, Sys 0 00:00:00  -  Run Local Usage
		Usr 0 00:02:58, Sys 0 00:00:35  -  Total Remote Usage
		Usr 0 00:00:00, Sys 0 00:00:00  -  Total Local Usage
	210210  -  Run Bytes Sent By Job
	1022  -  Run Bytes Received By Job
	210210  -  Total Bytes Sent By Job
	1022  -  Total Bytes Received By Job
	Partitionable Resources :    Usage  Request Allocated
	   Cpus                 :                 1         1
	   Disk (KB)            :      218        2   2058236
	   Memory (MB)          :       59     2000      2000
...
006 (918702.003.000) 01/09 16:47:40 Image size of job updated: 113692
	58  -  MemoryUsage of job (MB)
	58900  -  ResidentSetSize of job (KB)
...
006 (918702.007.000) 01/09 16:47:40 Image size of job updated: 113676
	58  -  MemoryUsage of job (MB)
	58884  -  ResidentSetSize of job (KB)
...
006 (918702.012.000) 01/09 16:47:41 Image size of job updated: 114256
	59  -  MemoryUsage of job (MB)
	59452  -  ResidentSetSize of job (KB)
...
006 (918702.009.000) 01/09 16:47:42 Image size of job updated: 113828
	58  -  MemoryUsage of job (MB)
	59036  -  ResidentSetSize of job (KB)
...
006 (918702.014.000) 01/09 16:47:45 Image size of job updated: 114288
	59  -  MemoryUsage of job (MB)
	59484  -  ResidentSetSize of job (KB)
...
005 (918702.014.000) 01/09 16:49:18 Job terminated.
	(1) Normal termination (return value 0)
		Usr 0 00:04:21, Sys 0 00:00:59  -  Run Remote Usage
		Usr 0 00:00:00, Sys 0 00:00:00  -  Run Local Usage
		Usr 0 00:04:21, Sys 0 00:00:59  -  Total Remote Usage
		Usr 0 00:00:00, Sys 0 00:00:00  -  Total Local Usage
	218400  -  Run Bytes Sent By Job
	1034  -  Run Bytes Received By Job
	218400  -  Total Bytes Sent By Job
	1034  -  Total Bytes Received By Job
	Partitionable Resources :    Usage  Request Allocated
	   Cpus                 :                 1         1
	   Disk (KB)            :      226        2   1329244
	   Memory (MB)          :       59     2000      2000
...
005 (918702.012.000) 01/09 16:50:47 Job terminated.
	(1) Normal termination (return value 0)
		Usr 0 00:03:48, Sys 0 00:00:43  -  Run Remote Usage
		Usr 0 00:00:00, Sys 0 00:00:00  -  Run Local Usage
		Usr 0 00:03:48, Sys 0 00:00:43  -  Total Remote Usage
		Usr 0 00:00:00, Sys 0 00:00:00  -  Total Local Usage
	221982  -  Run Bytes Sent By Job
	1038  -  Run Bytes Received By Job
	221982  -  Total Bytes Sent By Job
	1038  -  Total Bytes Received By Job
	Partitionable Resources :    Usage  Request Allocated
	   Cpus                 :                 1         1
	   Disk (KB)            :      230        2   2118743
	   Memory (MB)          :       59     2000      2000
...
005 (918702.007.000) 01/09 16:52:09 Job terminated.
	(1) Normal termination (return value 0)
		Usr 0 00:02:54, Sys 0 00:00:34  -  Run Remote Usage
		Usr 0 00:00:00, Sys 0 00:00:00  -  Run Local Usage
		Usr 0 00:02:54, Sys 0 00:00:34  -  Total Remote Usage
		Usr 0 00:00:00, Sys 0 00:00:00  -  Total Local Usage
	134563  -  Run Bytes Sent By Job
	1068  -  Run Bytes Received By Job
	134563  -  Total Bytes Sent By Job
	1068  -  Total Bytes Received By Job
	Partitionable Resources :    Usage  Request Allocated
	   Cpus                 :                 1         1
	   Disk (KB)            :      144        2   2106917
	   Memory (MB)          :       58     2000      2000
...
006 (918702.001.000) 01/09 16:57:42 Image size of job updated: 113752
	58  -  MemoryUsage of job (MB)
	58960  -  ResidentSetSize of job (KB)
...
006 (918702.009.000) 01/09 16:57:43 Image size of job updated: 113832
	58  -  MemoryUsage of job (MB)
	59040  -  ResidentSetSize of job (KB)
...
005 (918702.009.000) 01/09 16:58:14 Job terminated.
	(1) Normal termination (return value 0)
		Usr 0 00:02:50, Sys 0 00:00:33  -  Run Remote Usage
		Usr 0 00:00:00, Sys 0 00:00:00  -  Run Local Usage
		Usr 0 00:02:50, Sys 0 00:00:33  -  Total Remote Usage
		Usr 0 00:00:00, Sys 0 00:00:00  -  Total Local Usage
	147763  -  Run Bytes Sent By Job
	1044  -  Run Bytes Received By Job
	147763  -  Total Bytes Sent By Job
	1044  -  Total Bytes Received By Job
	Partitionable Resources :    Usage  Request Allocated
	   Cpus                 :                 1         1
	   Disk (KB)            :      157        2   1675813
	   Memory (MB)          :       58     2000      2000
...
006 (918702.003.000) 01/09 16:58:26 Image size of job updated: 120572
	58  -  MemoryUsage of job (MB)
	58900  -  ResidentSetSize of job (KB)
...
005 (918702.003.000) 01/09 16:58:42 Job terminated.
	(1) Normal termination (return value 0)
		Usr 0 00:02:01, Sys 0 00:00:25  -  Run Remote Usage
		Usr 0 00:00:00, Sys 0 00:00:00  -  Run Local Usage
		Usr 0 00:02:01, Sys 0 00:00:25  -  Total Remote Usage
		Usr 0 00:00:00, Sys 0 00:00:00  -  Total Local Usage
	136162  -  Run Bytes Sent By Job
	1048  -  Run Bytes Received By Job
	136162  -  Total Bytes Sent By Job
	1048  -  Total Bytes Received By Job
	Partitionable Resources :    Usage  Request Allocated
	   Cpus                 :                 1         1
	   Disk (KB)            :      146        2   1559242
	   Memory (MB)          :       58     2000      2000
...
006 (918702.005.000) 01/09 17:03:41 Image size of job updated: 221936
	58  -  MemoryUsage of job (MB)
	58948  -  ResidentSetSize of job (KB)
...
005 (918702.005.000) 01/09 17:03:41 Job terminated.
	(1) Normal termination (return value 0)
		Usr 0 00:02:24, Sys 0 00:00:28  -  Run Remote Usage
		Usr 0 00:00:00, Sys 0 00:00:00  -  Run Local Usage
		Usr 0 00:02:24, Sys 0 00:00:28  -  Total Remote Usage
		Usr 0 00:00:00, Sys 0 00:00:00  -  Total Local Usage
	139273  -  Run Bytes Sent By Job
	1072  -  Run Bytes Received By Job
	139273  -  Total Bytes Sent By Job
	1072  -  Total Bytes Received By Job
	Partitionable Resources :    Usage  Request Allocated
	   Cpus                 :                 1         1
	   Disk (KB)            :      149        2   1723386
	   Memory (MB)          :       58     2000      2000
...
005 (918702.001.000) 01/09 17:17:25 Job terminated.
	(1) Normal termination (return value 0)
		Usr 0 00:02:59, Sys 0 00:00:32  -  Run Remote Usage
		Usr 0 00:00:00, Sys 0 00:00:00  -  Run Local Usage
		Usr 0 00:02:59, Sys 0 00:00:32  -  Total Remote Usage
		Usr 0 00:00:00, Sys 0 00:00:00  -  Total Local Usage
	138723  -  Run Bytes Sent By Job
	1052  -  Run Bytes Received By Job
	138723  -  Total Bytes Sent By Job
	1052  -  Total Bytes Received By Job
	Partitionable Resources :    Usage  Request Allocated
	   Cpus                 :                 1         1
	   Disk (KB)            :      148        2   1743232
	   Memory (MB)          :       58     2000      2000
...
