000 (911122.000.000) 01/08 20:53:24 Job submitted from host: <137.138.44.75:9618?addrs=137.138.44.75-9618+[2001-1458-d00-1a--b]-9618&noUDP&sock=124143_59c7_28>
...
000 (911122.001.000) 01/08 20:53:24 Job submitted from host: <137.138.44.75:9618?addrs=137.138.44.75-9618+[2001-1458-d00-1a--b]-9618&noUDP&sock=124143_59c7_28>
...
000 (911122.002.000) 01/08 20:53:24 Job submitted from host: <137.138.44.75:9618?addrs=137.138.44.75-9618+[2001-1458-d00-1a--b]-9618&noUDP&sock=124143_59c7_28>
...
000 (911122.003.000) 01/08 20:53:24 Job submitted from host: <137.138.44.75:9618?addrs=137.138.44.75-9618+[2001-1458-d00-1a--b]-9618&noUDP&sock=124143_59c7_28>
...
000 (911122.004.000) 01/08 20:53:24 Job submitted from host: <137.138.44.75:9618?addrs=137.138.44.75-9618+[2001-1458-d00-1a--b]-9618&noUDP&sock=124143_59c7_28>
...
000 (911122.005.000) 01/08 20:53:24 Job submitted from host: <137.138.44.75:9618?addrs=137.138.44.75-9618+[2001-1458-d00-1a--b]-9618&noUDP&sock=124143_59c7_28>
...
000 (911122.006.000) 01/08 20:53:24 Job submitted from host: <137.138.44.75:9618?addrs=137.138.44.75-9618+[2001-1458-d00-1a--b]-9618&noUDP&sock=124143_59c7_28>
...
000 (911122.007.000) 01/08 20:53:24 Job submitted from host: <137.138.44.75:9618?addrs=137.138.44.75-9618+[2001-1458-d00-1a--b]-9618&noUDP&sock=124143_59c7_28>
...
001 (911122.004.000) 01/08 20:55:03 Job executing on host: <188.185.60.225:9618?addrs=188.185.60.225-9618+[--1]-9618&noUDP&sock=8900_1f69_3>
...
001 (911122.005.000) 01/08 20:55:04 Job executing on host: <188.185.222.153:9618?addrs=188.185.222.153-9618+[--1]-9618&noUDP&sock=7685_29d1_62>
...
001 (911122.002.000) 01/08 20:55:04 Job executing on host: <188.185.56.235:9618?addrs=188.185.56.235-9618+[--1]-9618&noUDP&sock=8836_a753_3>
...
001 (911122.003.000) 01/08 20:55:04 Job executing on host: <188.185.223.84:9618?addrs=188.185.223.84-9618+[--1]-9618&noUDP&sock=5175_831a_19>
...
001 (911122.006.000) 01/08 20:55:05 Job executing on host: <188.185.56.157:9618?addrs=188.185.56.157-9618+[--1]-9618&noUDP&sock=8599_67c8_3>
...
001 (911122.001.000) 01/08 20:55:05 Job executing on host: <188.185.56.246:9618?addrs=188.185.56.246-9618+[--1]-9618&noUDP&sock=8910_b9bd_3>
...
001 (911122.007.000) 01/08 20:55:10 Job executing on host: <188.185.243.182:9618?addrs=188.185.243.182-9618+[--1]-9618&noUDP&sock=8522_796c_127>
...
006 (911122.005.000) 01/08 20:55:12 Image size of job updated: 9836
	10  -  MemoryUsage of job (MB)
	9824  -  ResidentSetSize of job (KB)
...
006 (911122.004.000) 01/08 20:55:12 Image size of job updated: 20128
	6  -  MemoryUsage of job (MB)
	5972  -  ResidentSetSize of job (KB)
...
006 (911122.003.000) 01/08 20:55:13 Image size of job updated: 1000
	1  -  MemoryUsage of job (MB)
	1000  -  ResidentSetSize of job (KB)
...
006 (911122.002.000) 01/08 20:55:13 Image size of job updated: 13204
	4  -  MemoryUsage of job (MB)
	3876  -  ResidentSetSize of job (KB)
...
006 (911122.006.000) 01/08 20:55:14 Image size of job updated: 20432
	7  -  MemoryUsage of job (MB)
	6180  -  ResidentSetSize of job (KB)
...
006 (911122.001.000) 01/08 20:55:14 Image size of job updated: 1648
	2  -  MemoryUsage of job (MB)
	1504  -  ResidentSetSize of job (KB)
...
006 (911122.007.000) 01/08 20:55:19 Image size of job updated: 1004
	1  -  MemoryUsage of job (MB)
	1004  -  ResidentSetSize of job (KB)
...
006 (911122.005.000) 01/08 21:00:12 Image size of job updated: 113584
	52  -  MemoryUsage of job (MB)
	52620  -  ResidentSetSize of job (KB)
...
006 (911122.003.000) 01/08 21:00:13 Image size of job updated: 113404
	52  -  MemoryUsage of job (MB)
	52440  -  ResidentSetSize of job (KB)
...
006 (911122.004.000) 01/08 21:00:13 Image size of job updated: 113752
	52  -  MemoryUsage of job (MB)
	52728  -  ResidentSetSize of job (KB)
...
006 (911122.002.000) 01/08 21:00:14 Image size of job updated: 113616
	52  -  MemoryUsage of job (MB)
	52592  -  ResidentSetSize of job (KB)
...
006 (911122.006.000) 01/08 21:00:15 Image size of job updated: 113816
	52  -  MemoryUsage of job (MB)
	52792  -  ResidentSetSize of job (KB)
...
006 (911122.001.000) 01/08 21:00:15 Image size of job updated: 113504
	52  -  MemoryUsage of job (MB)
	52480  -  ResidentSetSize of job (KB)
...
006 (911122.007.000) 01/08 21:00:19 Image size of job updated: 113556
	52  -  MemoryUsage of job (MB)
	52604  -  ResidentSetSize of job (KB)
...
001 (911122.000.000) 01/08 21:03:44 Job executing on host: <188.185.148.159:9618?addrs=188.185.148.159-9618+[--1]-9618&noUDP&sock=8214_b97f_145>
...
006 (911122.000.000) 01/08 21:03:55 Image size of job updated: 35608
	3  -  MemoryUsage of job (MB)
	2060  -  ResidentSetSize of job (KB)
...
006 (911122.004.000) 01/08 21:05:14 Image size of job updated: 114028
	52  -  MemoryUsage of job (MB)
	52984  -  ResidentSetSize of job (KB)
...
006 (911122.003.000) 01/08 21:05:14 Image size of job updated: 113404
	52  -  MemoryUsage of job (MB)
	52464  -  ResidentSetSize of job (KB)
...
006 (911122.002.000) 01/08 21:05:15 Image size of job updated: 113616
	52  -  MemoryUsage of job (MB)
	52836  -  ResidentSetSize of job (KB)
...
006 (911122.006.000) 01/08 21:05:15 Image size of job updated: 113816
	52  -  MemoryUsage of job (MB)
	52988  -  ResidentSetSize of job (KB)
...
006 (911122.001.000) 01/08 21:05:15 Image size of job updated: 113504
	52  -  MemoryUsage of job (MB)
	52780  -  ResidentSetSize of job (KB)
...
006 (911122.000.000) 01/08 21:09:06 Image size of job updated: 49336
	6  -  MemoryUsage of job (MB)
	5976  -  ResidentSetSize of job (KB)
...
006 (911122.003.000) 01/08 21:10:14 Image size of job updated: 113404
	52  -  MemoryUsage of job (MB)
	52508  -  ResidentSetSize of job (KB)
...
006 (911122.002.000) 01/08 21:10:15 Image size of job updated: 113616
	52  -  MemoryUsage of job (MB)
	52852  -  ResidentSetSize of job (KB)
...
006 (911122.006.000) 01/08 21:10:15 Image size of job updated: 113816
	52  -  MemoryUsage of job (MB)
	52992  -  ResidentSetSize of job (KB)
...
006 (911122.001.000) 01/08 21:10:15 Image size of job updated: 113504
	52  -  MemoryUsage of job (MB)
	52788  -  ResidentSetSize of job (KB)
...
006 (911122.007.000) 01/08 21:10:20 Image size of job updated: 113648
	52  -  MemoryUsage of job (MB)
	52756  -  ResidentSetSize of job (KB)
...
006 (911122.000.000) 01/08 21:13:57 Image size of job updated: 55956
	21  -  MemoryUsage of job (MB)
	21428  -  ResidentSetSize of job (KB)
...
006 (911122.005.000) 01/08 21:15:14 Image size of job updated: 113584
	52  -  MemoryUsage of job (MB)
	52644  -  ResidentSetSize of job (KB)
...
006 (911122.003.000) 01/08 21:15:15 Image size of job updated: 113404
	52  -  MemoryUsage of job (MB)
	52772  -  ResidentSetSize of job (KB)
...
006 (911122.004.000) 01/08 21:15:15 Image size of job updated: 114028
	52  -  MemoryUsage of job (MB)
	52992  -  ResidentSetSize of job (KB)
...
006 (911122.002.000) 01/08 21:15:16 Image size of job updated: 113616
	52  -  MemoryUsage of job (MB)
	52860  -  ResidentSetSize of job (KB)
...
006 (911122.001.000) 01/08 21:15:16 Image size of job updated: 113504
	52  -  MemoryUsage of job (MB)
	52796  -  ResidentSetSize of job (KB)
...
006 (911122.007.000) 01/08 21:15:20 Image size of job updated: 113816
	52  -  MemoryUsage of job (MB)
	52924  -  ResidentSetSize of job (KB)
...
006 (911122.000.000) 01/08 21:19:28 Image size of job updated: 55968
	22  -  MemoryUsage of job (MB)
	21612  -  ResidentSetSize of job (KB)
...
006 (911122.003.000) 01/08 21:20:15 Image size of job updated: 113404
	52  -  MemoryUsage of job (MB)
	52776  -  ResidentSetSize of job (KB)
...
006 (911122.005.000) 01/08 21:20:16 Image size of job updated: 113584
	52  -  MemoryUsage of job (MB)
	52776  -  ResidentSetSize of job (KB)
...
006 (911122.004.000) 01/08 21:20:16 Image size of job updated: 114028
	52  -  MemoryUsage of job (MB)
	53000  -  ResidentSetSize of job (KB)
...
006 (911122.002.000) 01/08 21:20:17 Image size of job updated: 113616
	52  -  MemoryUsage of job (MB)
	52872  -  ResidentSetSize of job (KB)
...
006 (911122.000.000) 01/08 21:24:25 Image size of job updated: 56640
	22  -  MemoryUsage of job (MB)
	21828  -  ResidentSetSize of job (KB)
...
006 (911122.004.000) 01/08 21:25:16 Image size of job updated: 114028
	52  -  MemoryUsage of job (MB)
	53012  -  ResidentSetSize of job (KB)
...
006 (911122.001.000) 01/08 21:25:17 Image size of job updated: 113504
	52  -  MemoryUsage of job (MB)
	52804  -  ResidentSetSize of job (KB)
...
006 (911122.002.000) 01/08 21:25:17 Image size of job updated: 113616
	52  -  MemoryUsage of job (MB)
	52884  -  ResidentSetSize of job (KB)
...
006 (911122.000.000) 01/08 21:29:05 Image size of job updated: 129172
	48  -  MemoryUsage of job (MB)
	48524  -  ResidentSetSize of job (KB)
...
006 (911122.003.000) 01/08 21:30:16 Image size of job updated: 113404
	52  -  MemoryUsage of job (MB)
	52780  -  ResidentSetSize of job (KB)
...
006 (911122.004.000) 01/08 21:30:17 Image size of job updated: 114028
	52  -  MemoryUsage of job (MB)
	53016  -  ResidentSetSize of job (KB)
...
006 (911122.002.000) 01/08 21:30:18 Image size of job updated: 113616
	52  -  MemoryUsage of job (MB)
	52900  -  ResidentSetSize of job (KB)
...
006 (911122.006.000) 01/08 21:30:18 Image size of job updated: 113816
	52  -  MemoryUsage of job (MB)
	52996  -  ResidentSetSize of job (KB)
...
006 (911122.007.000) 01/08 21:30:22 Image size of job updated: 113816
	52  -  MemoryUsage of job (MB)
	52932  -  ResidentSetSize of job (KB)
...
006 (911122.000.000) 01/08 21:34:05 Image size of job updated: 129172
	53  -  MemoryUsage of job (MB)
	54160  -  ResidentSetSize of job (KB)
...
006 (911122.003.000) 01/08 21:35:16 Image size of job updated: 113404
	52  -  MemoryUsage of job (MB)
	52784  -  ResidentSetSize of job (KB)
...
006 (911122.001.000) 01/08 21:35:18 Image size of job updated: 113504
	52  -  MemoryUsage of job (MB)
	52816  -  ResidentSetSize of job (KB)
...
006 (911122.004.000) 01/08 21:35:18 Image size of job updated: 114028
	52  -  MemoryUsage of job (MB)
	53028  -  ResidentSetSize of job (KB)
...
006 (911122.006.000) 01/08 21:35:19 Image size of job updated: 113816
	52  -  MemoryUsage of job (MB)
	53000  -  ResidentSetSize of job (KB)
...
005 (911122.002.000) 01/08 21:35:48 Job terminated.
	(1) Normal termination (return value 0)
		Usr 0 00:07:54, Sys 0 00:00:12  -  Run Remote Usage
		Usr 0 00:00:00, Sys 0 00:00:00  -  Run Local Usage
		Usr 0 00:07:54, Sys 0 00:00:12  -  Total Remote Usage
		Usr 0 00:00:00, Sys 0 00:00:00  -  Total Local Usage
	263780  -  Run Bytes Sent By Job
	1019  -  Run Bytes Received By Job
	263780  -  Total Bytes Sent By Job
	1019  -  Total Bytes Received By Job
	Partitionable Resources :    Usage  Request Allocated
	   Cpus                 :                 1         1
	   Disk (KB)            :      494        1   2035213
	   Memory (MB)          :       52     2000      2000
...
006 (911122.000.000) 01/08 21:39:05 Image size of job updated: 129172
	53  -  MemoryUsage of job (MB)
	54232  -  ResidentSetSize of job (KB)
...
006 (911122.005.000) 01/08 21:40:18 Image size of job updated: 113584
	52  -  MemoryUsage of job (MB)
	52948  -  ResidentSetSize of job (KB)
...
006 (911122.001.000) 01/08 21:40:18 Image size of job updated: 113504
	52  -  MemoryUsage of job (MB)
	52820  -  ResidentSetSize of job (KB)
...
006 (911122.004.000) 01/08 21:40:18 Image size of job updated: 114028
	52  -  MemoryUsage of job (MB)
	53044  -  ResidentSetSize of job (KB)
...
006 (911122.006.000) 01/08 21:40:19 Image size of job updated: 113816
	52  -  MemoryUsage of job (MB)
	53012  -  ResidentSetSize of job (KB)
...
006 (911122.001.000) 01/08 21:45:18 Image size of job updated: 113504
	52  -  MemoryUsage of job (MB)
	52828  -  ResidentSetSize of job (KB)
...
006 (911122.001.000) 01/08 21:50:19 Image size of job updated: 113504
	52  -  MemoryUsage of job (MB)
	52836  -  ResidentSetSize of job (KB)
...
006 (911122.003.000) 01/08 21:55:18 Image size of job updated: 113404
	52  -  MemoryUsage of job (MB)
	52788  -  ResidentSetSize of job (KB)
...
006 (911122.006.000) 01/08 21:55:21 Image size of job updated: 113816
	52  -  MemoryUsage of job (MB)
	53024  -  ResidentSetSize of job (KB)
...
006 (911122.007.000) 01/08 21:55:24 Image size of job updated: 113816
	52  -  MemoryUsage of job (MB)
	52936  -  ResidentSetSize of job (KB)
...
006 (911122.005.000) 01/08 22:00:20 Image size of job updated: 113584
	52  -  MemoryUsage of job (MB)
	52952  -  ResidentSetSize of job (KB)
...
006 (911122.003.000) 01/08 22:05:18 Image size of job updated: 113404
	52  -  MemoryUsage of job (MB)
	52792  -  ResidentSetSize of job (KB)
...
006 (911122.006.000) 01/08 22:05:22 Image size of job updated: 113816
	52  -  MemoryUsage of job (MB)
	53028  -  ResidentSetSize of job (KB)
...
006 (911122.001.000) 01/08 22:25:22 Image size of job updated: 113504
	52  -  MemoryUsage of job (MB)
	53244  -  ResidentSetSize of job (KB)
...
006 (911122.007.000) 01/08 22:30:27 Image size of job updated: 113816
	53  -  MemoryUsage of job (MB)
	53332  -  ResidentSetSize of job (KB)
...
006 (911122.005.000) 01/08 22:45:23 Image size of job updated: 113584
	52  -  MemoryUsage of job (MB)
	52960  -  ResidentSetSize of job (KB)
...
006 (911122.005.000) 01/08 22:55:24 Image size of job updated: 113584
	52  -  MemoryUsage of job (MB)
	52964  -  ResidentSetSize of job (KB)
...
006 (911122.005.000) 01/08 23:00:24 Image size of job updated: 113584
	52  -  MemoryUsage of job (MB)
	52968  -  ResidentSetSize of job (KB)
...
006 (911122.005.000) 01/08 23:05:25 Image size of job updated: 113584
	52  -  MemoryUsage of job (MB)
	52972  -  ResidentSetSize of job (KB)
...
006 (911122.005.000) 01/08 23:10:25 Image size of job updated: 113584
	52  -  MemoryUsage of job (MB)
	52976  -  ResidentSetSize of job (KB)
...
006 (911122.005.000) 01/08 23:15:25 Image size of job updated: 113584
	52  -  MemoryUsage of job (MB)
	52980  -  ResidentSetSize of job (KB)
...
006 (911122.005.000) 01/08 23:20:26 Image size of job updated: 113584
	52  -  MemoryUsage of job (MB)
	52988  -  ResidentSetSize of job (KB)
...
006 (911122.005.000) 01/08 23:30:26 Image size of job updated: 113584
	52  -  MemoryUsage of job (MB)
	52996  -  ResidentSetSize of job (KB)
...
006 (911122.005.000) 01/08 23:35:27 Image size of job updated: 113584
	52  -  MemoryUsage of job (MB)
	53008  -  ResidentSetSize of job (KB)
...
005 (911122.005.000) 01/08 23:54:37 Job terminated.
	(1) Normal termination (return value 0)
		Usr 0 00:09:19, Sys 0 00:00:18  -  Run Remote Usage
		Usr 0 00:00:00, Sys 0 00:00:00  -  Run Local Usage
		Usr 0 00:09:19, Sys 0 00:00:18  -  Total Remote Usage
		Usr 0 00:00:00, Sys 0 00:00:00  -  Total Local Usage
	290980  -  Run Bytes Sent By Job
	987  -  Run Bytes Received By Job
	290980  -  Total Bytes Sent By Job
	987  -  Total Bytes Received By Job
	Partitionable Resources :    Usage  Request Allocated
	   Cpus                 :                 1         1
	   Disk (KB)            :      297        1   2056225
	   Memory (MB)          :       52     2000      2000
...
006 (911122.000.000) 01/09 03:41:10 Image size of job updated: 129172
	54  -  MemoryUsage of job (MB)
	54392  -  ResidentSetSize of job (KB)
...
006 (911122.000.000) 01/09 03:56:12 Image size of job updated: 129172
	54  -  MemoryUsage of job (MB)
	54400  -  ResidentSetSize of job (KB)
...
006 (911122.000.000) 01/09 04:21:15 Image size of job updated: 129172
	54  -  MemoryUsage of job (MB)
	54404  -  ResidentSetSize of job (KB)
...
006 (911122.000.000) 01/09 04:31:16 Image size of job updated: 129172
	54  -  MemoryUsage of job (MB)
	54408  -  ResidentSetSize of job (KB)
...
006 (911122.000.000) 01/09 04:46:18 Image size of job updated: 129172
	54  -  MemoryUsage of job (MB)
	54412  -  ResidentSetSize of job (KB)
...
006 (911122.000.000) 01/09 04:56:19 Image size of job updated: 129172
	54  -  MemoryUsage of job (MB)
	54416  -  ResidentSetSize of job (KB)
...
009 (911122.000.000) 01/09 05:04:40 Job was aborted by the user.
	Job removed by SYSTEM_PERIODIC_REMOVE due to wall time exceeded allowed max.
...
009 (911122.001.000) 01/09 05:05:55 Job was aborted by the user.
	Job removed by SYSTEM_PERIODIC_REMOVE due to wall time exceeded allowed max.
...
009 (911122.007.000) 01/09 05:05:56 Job was aborted by the user.
	Job removed by SYSTEM_PERIODIC_REMOVE due to wall time exceeded allowed max.
...
009 (911122.006.000) 01/09 05:05:57 Job was aborted by the user.
	Job removed by SYSTEM_PERIODIC_REMOVE due to wall time exceeded allowed max.
...
009 (911122.004.000) 01/09 05:06:01 Job was aborted by the user.
	Job removed by SYSTEM_PERIODIC_REMOVE due to wall time exceeded allowed max.
...
009 (911122.003.000) 01/09 05:06:02 Job was aborted by the user.
	Job removed by SYSTEM_PERIODIC_REMOVE due to wall time exceeded allowed max.
...
