000 (911121.000.000) 01/08 20:53:17 Job submitted from host: <137.138.44.75:9618?addrs=137.138.44.75-9618+[2001-1458-d00-1a--b]-9618&noUDP&sock=124143_59c7_28>
...
000 (911121.001.000) 01/08 20:53:17 Job submitted from host: <137.138.44.75:9618?addrs=137.138.44.75-9618+[2001-1458-d00-1a--b]-9618&noUDP&sock=124143_59c7_28>
...
000 (911121.002.000) 01/08 20:53:17 Job submitted from host: <137.138.44.75:9618?addrs=137.138.44.75-9618+[2001-1458-d00-1a--b]-9618&noUDP&sock=124143_59c7_28>
...
000 (911121.003.000) 01/08 20:53:17 Job submitted from host: <137.138.44.75:9618?addrs=137.138.44.75-9618+[2001-1458-d00-1a--b]-9618&noUDP&sock=124143_59c7_28>
...
000 (911121.004.000) 01/08 20:53:17 Job submitted from host: <137.138.44.75:9618?addrs=137.138.44.75-9618+[2001-1458-d00-1a--b]-9618&noUDP&sock=124143_59c7_28>
...
000 (911121.005.000) 01/08 20:53:17 Job submitted from host: <137.138.44.75:9618?addrs=137.138.44.75-9618+[2001-1458-d00-1a--b]-9618&noUDP&sock=124143_59c7_28>
...
000 (911121.006.000) 01/08 20:53:17 Job submitted from host: <137.138.44.75:9618?addrs=137.138.44.75-9618+[2001-1458-d00-1a--b]-9618&noUDP&sock=124143_59c7_28>
...
000 (911121.007.000) 01/08 20:53:17 Job submitted from host: <137.138.44.75:9618?addrs=137.138.44.75-9618+[2001-1458-d00-1a--b]-9618&noUDP&sock=124143_59c7_28>
...
001 (911121.007.000) 01/08 20:55:00 Job executing on host: <188.185.58.106:9618?addrs=188.185.58.106-9618+[--1]-9618&noUDP&sock=8854_02e2_3>
...
001 (911121.001.000) 01/08 20:55:01 Job executing on host: <188.185.204.218:9618?addrs=188.185.204.218-9618+[--1]-9618&noUDP&sock=8758_6f0b_3>
...
001 (911121.006.000) 01/08 20:55:02 Job executing on host: <188.185.63.43:9618?addrs=188.185.63.43-9618+[--1]-9618&noUDP&sock=8664_ad09_3>
...
001 (911121.004.000) 01/08 20:55:03 Job executing on host: <188.185.58.107:9618?addrs=188.185.58.107-9618+[--1]-9618&noUDP&sock=8915_89c1_3>
...
006 (911121.007.000) 01/08 20:55:08 Image size of job updated: 1348
	2  -  MemoryUsage of job (MB)
	1336  -  ResidentSetSize of job (KB)
...
006 (911121.001.000) 01/08 20:55:10 Image size of job updated: 996
	1  -  MemoryUsage of job (MB)
	996  -  ResidentSetSize of job (KB)
...
006 (911121.006.000) 01/08 20:55:11 Image size of job updated: 16764
	6  -  MemoryUsage of job (MB)
	5232  -  ResidentSetSize of job (KB)
...
001 (911121.003.000) 01/08 20:55:11 Job executing on host: <188.185.250.249:9618?addrs=188.185.250.249-9618+[--1]-9618&noUDP&sock=8425_5eb5_3>
...
006 (911121.004.000) 01/08 20:55:12 Image size of job updated: 16572
	6  -  MemoryUsage of job (MB)
	5204  -  ResidentSetSize of job (KB)
...
006 (911121.003.000) 01/08 20:55:20 Image size of job updated: 428
	1  -  MemoryUsage of job (MB)
	424  -  ResidentSetSize of job (KB)
...
001 (911121.005.000) 01/08 20:55:28 Job executing on host: <188.185.223.50:9618?addrs=188.185.223.50-9618+[--1]-9618&noUDP&sock=7640_4c0e_19>
...
006 (911121.005.000) 01/08 20:55:37 Image size of job updated: 420
	1  -  MemoryUsage of job (MB)
	420  -  ResidentSetSize of job (KB)
...
001 (911121.000.000) 01/08 20:56:27 Job executing on host: <188.185.251.70:9618?addrs=188.185.251.70-9618+[--1]-9618&noUDP&sock=21194_36b6_18>
...
001 (911121.002.000) 01/08 20:56:39 Job executing on host: <188.185.137.67:9618?addrs=188.185.137.67-9618+[--1]-9618&noUDP&sock=8547_2904_95>
...
006 (911121.002.000) 01/08 20:56:52 Image size of job updated: 24044
	2  -  MemoryUsage of job (MB)
	1280  -  ResidentSetSize of job (KB)
...
006 (911121.000.000) 01/08 20:57:15 Image size of job updated: 648
	1  -  MemoryUsage of job (MB)
	472  -  ResidentSetSize of job (KB)
...
006 (911121.007.000) 01/08 21:00:08 Image size of job updated: 113768
	52  -  MemoryUsage of job (MB)
	52744  -  ResidentSetSize of job (KB)
...
006 (911121.001.000) 01/08 21:00:11 Image size of job updated: 112880
	52  -  MemoryUsage of job (MB)
	52468  -  ResidentSetSize of job (KB)
...
006 (911121.006.000) 01/08 21:00:12 Image size of job updated: 113700
	52  -  MemoryUsage of job (MB)
	52676  -  ResidentSetSize of job (KB)
...
006 (911121.004.000) 01/08 21:00:13 Image size of job updated: 112036
	52  -  MemoryUsage of job (MB)
	52784  -  ResidentSetSize of job (KB)
...
006 (911121.003.000) 01/08 21:00:21 Image size of job updated: 113424
	52  -  MemoryUsage of job (MB)
	52452  -  ResidentSetSize of job (KB)
...
006 (911121.005.000) 01/08 21:00:37 Image size of job updated: 113580
	52  -  MemoryUsage of job (MB)
	52616  -  ResidentSetSize of job (KB)
...
006 (911121.002.000) 01/08 21:01:56 Image size of job updated: 33544
	11  -  MemoryUsage of job (MB)
	10700  -  ResidentSetSize of job (KB)
...
006 (911121.000.000) 01/08 21:03:07 Image size of job updated: 18896
	7  -  MemoryUsage of job (MB)
	6696  -  ResidentSetSize of job (KB)
...
006 (911121.007.000) 01/08 21:05:08 Image size of job updated: 113768
	52  -  MemoryUsage of job (MB)
	52920  -  ResidentSetSize of job (KB)
...
006 (911121.006.000) 01/08 21:05:12 Image size of job updated: 113700
	52  -  MemoryUsage of job (MB)
	52988  -  ResidentSetSize of job (KB)
...
006 (911121.004.000) 01/08 21:05:13 Image size of job updated: 112036
	52  -  MemoryUsage of job (MB)
	52988  -  ResidentSetSize of job (KB)
...
006 (911121.003.000) 01/08 21:05:21 Image size of job updated: 113528
	52  -  MemoryUsage of job (MB)
	52496  -  ResidentSetSize of job (KB)
...
006 (911121.002.000) 01/08 21:07:05 Image size of job updated: 35980
	11  -  MemoryUsage of job (MB)
	10700  -  ResidentSetSize of job (KB)
...
006 (911121.000.000) 01/08 21:08:08 Image size of job updated: 93588
	52  -  MemoryUsage of job (MB)
	52468  -  ResidentSetSize of job (KB)
...
006 (911121.007.000) 01/08 21:10:09 Image size of job updated: 113768
	52  -  MemoryUsage of job (MB)
	52932  -  ResidentSetSize of job (KB)
...
006 (911121.006.000) 01/08 21:10:12 Image size of job updated: 113700
	52  -  MemoryUsage of job (MB)
	52992  -  ResidentSetSize of job (KB)
...
006 (911121.003.000) 01/08 21:10:21 Image size of job updated: 113804
	52  -  MemoryUsage of job (MB)
	52760  -  ResidentSetSize of job (KB)
...
006 (911121.000.000) 01/08 21:13:07 Image size of job updated: 93588
	52  -  MemoryUsage of job (MB)
	52540  -  ResidentSetSize of job (KB)
...
006 (911121.007.000) 01/08 21:15:09 Image size of job updated: 113768
	52  -  MemoryUsage of job (MB)
	52940  -  ResidentSetSize of job (KB)
...
006 (911121.001.000) 01/08 21:15:13 Image size of job updated: 112880
	52  -  MemoryUsage of job (MB)
	52492  -  ResidentSetSize of job (KB)
...
006 (911121.003.000) 01/08 21:15:22 Image size of job updated: 113804
	52  -  MemoryUsage of job (MB)
	52764  -  ResidentSetSize of job (KB)
...
006 (911121.005.000) 01/08 21:15:39 Image size of job updated: 113580
	52  -  MemoryUsage of job (MB)
	52752  -  ResidentSetSize of job (KB)
...
006 (911121.002.000) 01/08 21:16:52 Image size of job updated: 50612
	21  -  MemoryUsage of job (MB)
	20892  -  ResidentSetSize of job (KB)
...
006 (911121.007.000) 01/08 21:20:09 Image size of job updated: 113768
	52  -  MemoryUsage of job (MB)
	52944  -  ResidentSetSize of job (KB)
...
006 (911121.004.000) 01/08 21:20:14 Image size of job updated: 112036
	52  -  MemoryUsage of job (MB)
	52992  -  ResidentSetSize of job (KB)
...
006 (911121.005.000) 01/08 21:20:40 Image size of job updated: 113756
	52  -  MemoryUsage of job (MB)
	52964  -  ResidentSetSize of job (KB)
...
006 (911121.002.000) 01/08 21:22:04 Image size of job updated: 95536
	41  -  MemoryUsage of job (MB)
	41320  -  ResidentSetSize of job (KB)
...
006 (911121.007.000) 01/08 21:25:10 Image size of job updated: 113768
	52  -  MemoryUsage of job (MB)
	52960  -  ResidentSetSize of job (KB)
...
006 (911121.001.000) 01/08 21:25:14 Image size of job updated: 112880
	52  -  MemoryUsage of job (MB)
	52540  -  ResidentSetSize of job (KB)
...
006 (911121.004.000) 01/08 21:25:14 Image size of job updated: 112036
	52  -  MemoryUsage of job (MB)
	53000  -  ResidentSetSize of job (KB)
...
006 (911121.003.000) 01/08 21:25:22 Image size of job updated: 113804
	52  -  MemoryUsage of job (MB)
	52768  -  ResidentSetSize of job (KB)
...
006 (911121.002.000) 01/08 21:27:00 Image size of job updated: 98948
	53  -  MemoryUsage of job (MB)
	53336  -  ResidentSetSize of job (KB)
...
006 (911121.007.000) 01/08 21:30:11 Image size of job updated: 113768
	52  -  MemoryUsage of job (MB)
	52972  -  ResidentSetSize of job (KB)
...
006 (911121.006.000) 01/08 21:30:15 Image size of job updated: 113700
	52  -  MemoryUsage of job (MB)
	52996  -  ResidentSetSize of job (KB)
...
006 (911121.004.000) 01/08 21:30:15 Image size of job updated: 112036
	52  -  MemoryUsage of job (MB)
	53008  -  ResidentSetSize of job (KB)
...
006 (911121.005.000) 01/08 21:30:41 Image size of job updated: 113756
	52  -  MemoryUsage of job (MB)
	52976  -  ResidentSetSize of job (KB)
...
006 (911121.002.000) 01/08 21:32:02 Image size of job updated: 98948
	53  -  MemoryUsage of job (MB)
	53408  -  ResidentSetSize of job (KB)
...
006 (911121.007.000) 01/08 21:35:11 Image size of job updated: 113768
	52  -  MemoryUsage of job (MB)
	52984  -  ResidentSetSize of job (KB)
...
006 (911121.006.000) 01/08 21:35:15 Image size of job updated: 113700
	52  -  MemoryUsage of job (MB)
	53004  -  ResidentSetSize of job (KB)
...
006 (911121.004.000) 01/08 21:35:16 Image size of job updated: 112036
	52  -  MemoryUsage of job (MB)
	53020  -  ResidentSetSize of job (KB)
...
006 (911121.006.000) 01/08 21:40:15 Image size of job updated: 113700
	52  -  MemoryUsage of job (MB)
	53012  -  ResidentSetSize of job (KB)
...
006 (911121.003.000) 01/08 21:40:23 Image size of job updated: 113804
	52  -  MemoryUsage of job (MB)
	52772  -  ResidentSetSize of job (KB)
...
005 (911121.007.000) 01/08 21:41:29 Job terminated.
	(1) Normal termination (return value 0)
		Usr 0 00:08:13, Sys 0 00:00:12  -  Run Remote Usage
		Usr 0 00:00:00, Sys 0 00:00:00  -  Run Local Usage
		Usr 0 00:08:13, Sys 0 00:00:12  -  Total Remote Usage
		Usr 0 00:00:00, Sys 0 00:00:00  -  Total Local Usage
	291243  -  Run Bytes Sent By Job
	1043  -  Run Bytes Received By Job
	291243  -  Total Bytes Sent By Job
	1043  -  Total Bytes Received By Job
	Partitionable Resources :    Usage  Request Allocated
	   Cpus                 :                 1         1
	   Disk (KB)            :      297        2   2071637
	   Memory (MB)          :       52     2000      2000
...
005 (911121.004.000) 01/08 21:43:11 Job terminated.
	(1) Normal termination (return value 0)
		Usr 0 00:08:10, Sys 0 00:00:12  -  Run Remote Usage
		Usr 0 00:00:00, Sys 0 00:00:00  -  Run Local Usage
		Usr 0 00:08:10, Sys 0 00:00:12  -  Total Remote Usage
		Usr 0 00:00:00, Sys 0 00:00:00  -  Total Local Usage
	299702  -  Run Bytes Sent By Job
	1027  -  Run Bytes Received By Job
	299702  -  Total Bytes Sent By Job
	1027  -  Total Bytes Received By Job
	Partitionable Resources :    Usage  Request Allocated
	   Cpus                 :                 1         1
	   Disk (KB)            :      305        2   2108172
	   Memory (MB)          :       52     2000      2000
...
006 (911121.006.000) 01/08 21:45:16 Image size of job updated: 113700
	52  -  MemoryUsage of job (MB)
	53028  -  ResidentSetSize of job (KB)
...
006 (911121.003.000) 01/08 21:46:27 Image size of job updated: 113804
	52  -  MemoryUsage of job (MB)
	52776  -  ResidentSetSize of job (KB)
...
006 (911121.005.000) 01/08 21:50:42 Image size of job updated: 113756
	52  -  MemoryUsage of job (MB)
	52980  -  ResidentSetSize of job (KB)
...
005 (911121.000.000) 01/08 21:58:04 Job terminated.
	(1) Normal termination (return value 126)
		Usr 0 00:00:31, Sys 0 00:00:02  -  Run Remote Usage
		Usr 0 00:00:00, Sys 0 00:00:00  -  Run Local Usage
		Usr 0 00:00:31, Sys 0 00:00:02  -  Total Remote Usage
		Usr 0 00:00:00, Sys 0 00:00:00  -  Total Local Usage
	15989  -  Run Bytes Sent By Job
	1035  -  Run Bytes Received By Job
	15989  -  Total Bytes Sent By Job
	1035  -  Total Bytes Received By Job
	Partitionable Resources :    Usage  Request Allocated
	   Cpus                 :                 1         1
	   Disk (KB)            :       29        2   1282470
	   Memory (MB)          :       52     2000      2000
...
006 (911121.002.000) 01/08 22:07:28 Image size of job updated: 98948
	53  -  MemoryUsage of job (MB)
	53804  -  ResidentSetSize of job (KB)
...
006 (911121.001.000) 01/08 22:45:22 Image size of job updated: 112880
	52  -  MemoryUsage of job (MB)
	52936  -  ResidentSetSize of job (KB)
...
006 (911121.003.000) 01/09 01:15:48 Image size of job updated: 113804
	52  -  MemoryUsage of job (MB)
	53176  -  ResidentSetSize of job (KB)
...
006 (911121.006.000) 01/09 01:30:37 Image size of job updated: 113700
	53  -  MemoryUsage of job (MB)
	53428  -  ResidentSetSize of job (KB)
...
006 (911121.003.000) 01/09 04:56:11 Image size of job updated: 428732
	52  -  MemoryUsage of job (MB)
	53176  -  ResidentSetSize of job (KB)
...
006 (911121.005.000) 01/09 04:56:23 Image size of job updated: 428920
	52  -  MemoryUsage of job (MB)
	52980  -  ResidentSetSize of job (KB)
...
009 (911121.002.000) 01/09 04:57:05 Job was aborted by the user.
	Job removed by SYSTEM_PERIODIC_REMOVE due to wall time exceeded allowed max.
...
009 (911121.006.000) 01/09 05:05:43 Job was aborted by the user.
	Job removed by SYSTEM_PERIODIC_REMOVE due to wall time exceeded allowed max.
...
009 (911121.003.000) 01/09 05:05:53 Job was aborted by the user.
	Job removed by SYSTEM_PERIODIC_REMOVE due to wall time exceeded allowed max.
...
009 (911121.001.000) 01/09 05:05:56 Job was aborted by the user.
	Job removed by SYSTEM_PERIODIC_REMOVE due to wall time exceeded allowed max.
...
009 (911121.005.000) 01/09 05:06:27 Job was aborted by the user.
	Job removed by SYSTEM_PERIODIC_REMOVE due to wall time exceeded allowed max.
...
