000 (917644.000.000) 01/09 14:32:34 Job submitted from host: <137.138.44.75:9618?addrs=137.138.44.75-9618+[2001-1458-d00-1a--b]-9618&noUDP&sock=124143_59c7_28>
...
000 (917644.001.000) 01/09 14:32:34 Job submitted from host: <137.138.44.75:9618?addrs=137.138.44.75-9618+[2001-1458-d00-1a--b]-9618&noUDP&sock=124143_59c7_28>
...
000 (917644.002.000) 01/09 14:32:34 Job submitted from host: <137.138.44.75:9618?addrs=137.138.44.75-9618+[2001-1458-d00-1a--b]-9618&noUDP&sock=124143_59c7_28>
...
000 (917644.003.000) 01/09 14:32:34 Job submitted from host: <137.138.44.75:9618?addrs=137.138.44.75-9618+[2001-1458-d00-1a--b]-9618&noUDP&sock=124143_59c7_28>
...
000 (917644.004.000) 01/09 14:32:34 Job submitted from host: <137.138.44.75:9618?addrs=137.138.44.75-9618+[2001-1458-d00-1a--b]-9618&noUDP&sock=124143_59c7_28>
...
000 (917644.005.000) 01/09 14:32:34 Job submitted from host: <137.138.44.75:9618?addrs=137.138.44.75-9618+[2001-1458-d00-1a--b]-9618&noUDP&sock=124143_59c7_28>
...
000 (917644.006.000) 01/09 14:32:34 Job submitted from host: <137.138.44.75:9618?addrs=137.138.44.75-9618+[2001-1458-d00-1a--b]-9618&noUDP&sock=124143_59c7_28>
...
000 (917644.007.000) 01/09 14:32:34 Job submitted from host: <137.138.44.75:9618?addrs=137.138.44.75-9618+[2001-1458-d00-1a--b]-9618&noUDP&sock=124143_59c7_28>
...
000 (917644.008.000) 01/09 14:32:34 Job submitted from host: <137.138.44.75:9618?addrs=137.138.44.75-9618+[2001-1458-d00-1a--b]-9618&noUDP&sock=124143_59c7_28>
...
000 (917644.009.000) 01/09 14:32:34 Job submitted from host: <137.138.44.75:9618?addrs=137.138.44.75-9618+[2001-1458-d00-1a--b]-9618&noUDP&sock=124143_59c7_28>
...
000 (917644.010.000) 01/09 14:32:34 Job submitted from host: <137.138.44.75:9618?addrs=137.138.44.75-9618+[2001-1458-d00-1a--b]-9618&noUDP&sock=124143_59c7_28>
...
000 (917644.011.000) 01/09 14:32:34 Job submitted from host: <137.138.44.75:9618?addrs=137.138.44.75-9618+[2001-1458-d00-1a--b]-9618&noUDP&sock=124143_59c7_28>
...
000 (917644.012.000) 01/09 14:32:34 Job submitted from host: <137.138.44.75:9618?addrs=137.138.44.75-9618+[2001-1458-d00-1a--b]-9618&noUDP&sock=124143_59c7_28>
...
000 (917644.013.000) 01/09 14:32:34 Job submitted from host: <137.138.44.75:9618?addrs=137.138.44.75-9618+[2001-1458-d00-1a--b]-9618&noUDP&sock=124143_59c7_28>
...
000 (917644.014.000) 01/09 14:32:34 Job submitted from host: <137.138.44.75:9618?addrs=137.138.44.75-9618+[2001-1458-d00-1a--b]-9618&noUDP&sock=124143_59c7_28>
...
000 (917644.015.000) 01/09 14:32:34 Job submitted from host: <137.138.44.75:9618?addrs=137.138.44.75-9618+[2001-1458-d00-1a--b]-9618&noUDP&sock=124143_59c7_28>
...
001 (917644.010.000) 01/09 14:39:09 Job executing on host: <128.142.240.201:9618?addrs=128.142.240.201-9618+[--1]-9618&noUDP&sock=8764_ca9a_3>
...
001 (917644.002.000) 01/09 14:39:10 Job executing on host: <188.184.68.130:9618?addrs=188.184.68.130-9618+[--1]-9618&noUDP&sock=7957_5c63_3>
...
001 (917644.005.000) 01/09 14:39:11 Job executing on host: <188.184.182.11:9618?addrs=188.184.182.11-9618+[--1]-9618&noUDP&sock=8313_eb4b_111>
...
001 (917644.006.000) 01/09 14:39:13 Job executing on host: <188.184.213.189:9618?addrs=188.184.213.189-9618+[--1]-9618&noUDP&sock=8846_8345_3>
...
001 (917644.009.000) 01/09 14:39:14 Job executing on host: <188.184.197.14:9618?addrs=188.184.197.14-9618+[--1]-9618&noUDP&sock=8936_3ecb_3>
...
001 (917644.013.000) 01/09 14:39:16 Job executing on host: <188.184.197.20:9618?addrs=188.184.197.20-9618+[--1]-9618&noUDP&sock=7161_be30_3>
...
001 (917644.003.000) 01/09 14:39:16 Job executing on host: <188.184.71.75:9618?addrs=188.184.71.75-9618+[--1]-9618&noUDP&sock=8372_6361_3>
...
001 (917644.007.000) 01/09 14:39:16 Job executing on host: <188.184.190.67:9618?addrs=188.184.190.67-9618+[--1]-9618&noUDP&sock=8399_0c7d_3>
...
001 (917644.015.000) 01/09 14:39:16 Job executing on host: <188.184.210.144:9618?addrs=188.184.210.144-9618+[--1]-9618&noUDP&sock=3077_7568_3>
...
001 (917644.012.000) 01/09 14:39:17 Job executing on host: <188.184.138.117:9618?addrs=188.184.138.117-9618+[--1]-9618&noUDP&sock=8346_de52_108>
...
001 (917644.001.000) 01/09 14:39:17 Job executing on host: <188.184.68.132:9618?addrs=188.184.68.132-9618+[--1]-9618&noUDP&sock=15362_f261_3>
...
001 (917644.014.000) 01/09 14:39:18 Job executing on host: <188.184.190.235:9618?addrs=188.184.190.235-9618+[--1]-9618&noUDP&sock=8341_1ff1_3>
...
006 (917644.002.000) 01/09 14:39:18 Image size of job updated: 113716
	58  -  MemoryUsage of job (MB)
	59028  -  ResidentSetSize of job (KB)
...
006 (917644.010.000) 01/09 14:39:18 Image size of job updated: 113840
	58  -  MemoryUsage of job (MB)
	59152  -  ResidentSetSize of job (KB)
...
001 (917644.004.000) 01/09 14:39:19 Job executing on host: <188.184.71.82:9618?addrs=188.184.71.82-9618+[--1]-9618&noUDP&sock=8346_8deb_3>
...
001 (917644.008.000) 01/09 14:39:19 Job executing on host: <188.184.190.85:9618?addrs=188.184.190.85-9618+[--1]-9618&noUDP&sock=16327_db46_3>
...
006 (917644.005.000) 01/09 14:39:19 Image size of job updated: 118884
	56  -  MemoryUsage of job (MB)
	57100  -  ResidentSetSize of job (KB)
...
001 (917644.011.000) 01/09 14:39:19 Job executing on host: <188.184.197.79:9618?addrs=188.184.197.79-9618+[--1]-9618&noUDP&sock=6267_8885_3>
...
006 (917644.006.000) 01/09 14:39:22 Image size of job updated: 113684
	58  -  MemoryUsage of job (MB)
	58996  -  ResidentSetSize of job (KB)
...
006 (917644.009.000) 01/09 14:39:23 Image size of job updated: 113524
	58  -  MemoryUsage of job (MB)
	58840  -  ResidentSetSize of job (KB)
...
006 (917644.007.000) 01/09 14:39:25 Image size of job updated: 113344
	58  -  MemoryUsage of job (MB)
	58660  -  ResidentSetSize of job (KB)
...
006 (917644.015.000) 01/09 14:39:25 Image size of job updated: 113472
	58  -  MemoryUsage of job (MB)
	58788  -  ResidentSetSize of job (KB)
...
006 (917644.012.000) 01/09 14:39:25 Image size of job updated: 113852
	58  -  MemoryUsage of job (MB)
	59164  -  ResidentSetSize of job (KB)
...
006 (917644.001.000) 01/09 14:39:25 Image size of job updated: 53176
	7  -  MemoryUsage of job (MB)
	6952  -  ResidentSetSize of job (KB)
...
006 (917644.013.000) 01/09 14:39:25 Image size of job updated: 108196
	55  -  MemoryUsage of job (MB)
	55348  -  ResidentSetSize of job (KB)
...
006 (917644.003.000) 01/09 14:39:25 Image size of job updated: 18788
	6  -  MemoryUsage of job (MB)
	5552  -  ResidentSetSize of job (KB)
...
006 (917644.014.000) 01/09 14:39:26 Image size of job updated: 113804
	58  -  MemoryUsage of job (MB)
	59116  -  ResidentSetSize of job (KB)
...
001 (917644.000.000) 01/09 14:39:26 Job executing on host: <188.184.70.21:9618?addrs=188.184.70.21-9618+[--1]-9618&noUDP&sock=22526_dadc_3>
...
006 (917644.004.000) 01/09 14:39:27 Image size of job updated: 996
	1  -  MemoryUsage of job (MB)
	996  -  ResidentSetSize of job (KB)
...
006 (917644.008.000) 01/09 14:39:27 Image size of job updated: 113860
	58  -  MemoryUsage of job (MB)
	59172  -  ResidentSetSize of job (KB)
...
006 (917644.011.000) 01/09 14:39:28 Image size of job updated: 113492
	58  -  MemoryUsage of job (MB)
	58808  -  ResidentSetSize of job (KB)
...
006 (917644.000.000) 01/09 14:39:35 Image size of job updated: 16980
	6  -  MemoryUsage of job (MB)
	5244  -  ResidentSetSize of job (KB)
...
006 (917644.002.000) 01/09 14:44:18 Image size of job updated: 114280
	59  -  MemoryUsage of job (MB)
	59476  -  ResidentSetSize of job (KB)
...
006 (917644.010.000) 01/09 14:44:19 Image size of job updated: 114296
	59  -  MemoryUsage of job (MB)
	59492  -  ResidentSetSize of job (KB)
...
006 (917644.005.000) 01/09 14:44:20 Image size of job updated: 121672
	58  -  MemoryUsage of job (MB)
	58956  -  ResidentSetSize of job (KB)
...
006 (917644.006.000) 01/09 14:44:22 Image size of job updated: 114168
	58  -  MemoryUsage of job (MB)
	59364  -  ResidentSetSize of job (KB)
...
006 (917644.009.000) 01/09 14:44:24 Image size of job updated: 113852
	58  -  MemoryUsage of job (MB)
	59060  -  ResidentSetSize of job (KB)
...
006 (917644.007.000) 01/09 14:44:25 Image size of job updated: 113704
	58  -  MemoryUsage of job (MB)
	58912  -  ResidentSetSize of job (KB)
...
006 (917644.015.000) 01/09 14:44:25 Image size of job updated: 113852
	58  -  MemoryUsage of job (MB)
	59060  -  ResidentSetSize of job (KB)
...
006 (917644.012.000) 01/09 14:44:25 Image size of job updated: 114180
	58  -  MemoryUsage of job (MB)
	59376  -  ResidentSetSize of job (KB)
...
006 (917644.003.000) 01/09 14:44:26 Image size of job updated: 117744
	62  -  MemoryUsage of job (MB)
	62952  -  ResidentSetSize of job (KB)
...
006 (917644.001.000) 01/09 14:44:26 Image size of job updated: 145140
	58  -  MemoryUsage of job (MB)
	58972  -  ResidentSetSize of job (KB)
...
006 (917644.014.000) 01/09 14:44:26 Image size of job updated: 114264
	59  -  MemoryUsage of job (MB)
	59460  -  ResidentSetSize of job (KB)
...
006 (917644.013.000) 01/09 14:44:26 Image size of job updated: 113848
	58  -  MemoryUsage of job (MB)
	59056  -  ResidentSetSize of job (KB)
...
006 (917644.004.000) 01/09 14:44:27 Image size of job updated: 114084
	58  -  MemoryUsage of job (MB)
	59280  -  ResidentSetSize of job (KB)
...
006 (917644.008.000) 01/09 14:44:27 Image size of job updated: 114196
	58  -  MemoryUsage of job (MB)
	59392  -  ResidentSetSize of job (KB)
...
006 (917644.011.000) 01/09 14:44:29 Image size of job updated: 113872
	58  -  MemoryUsage of job (MB)
	59080  -  ResidentSetSize of job (KB)
...
006 (917644.000.000) 01/09 14:44:35 Image size of job updated: 114100
	58  -  MemoryUsage of job (MB)
	59296  -  ResidentSetSize of job (KB)
...
006 (917644.007.000) 01/09 14:45:07 Image size of job updated: 120596
	58  -  MemoryUsage of job (MB)
	58912  -  ResidentSetSize of job (KB)
...
005 (917644.007.000) 01/09 14:45:07 Job terminated.
	(1) Normal termination (return value 0)
		Usr 0 00:01:30, Sys 0 00:00:19  -  Run Remote Usage
		Usr 0 00:00:00, Sys 0 00:00:00  -  Run Local Usage
		Usr 0 00:01:30, Sys 0 00:00:19  -  Total Remote Usage
		Usr 0 00:00:00, Sys 0 00:00:00  -  Total Local Usage
	104188  -  Run Bytes Sent By Job
	1020  -  Run Bytes Received By Job
	104188  -  Total Bytes Sent By Job
	1020  -  Total Bytes Received By Job
	Partitionable Resources :    Usage  Request Allocated
	   Cpus                 :                 1         1
	   Disk (KB)            :      115        1   3366820
	   Memory (MB)          :       58     2000      2000
...
006 (917644.002.000) 01/09 14:45:09 Image size of job updated: 121340
	59  -  MemoryUsage of job (MB)
	59476  -  ResidentSetSize of job (KB)
...
005 (917644.002.000) 01/09 14:45:26 Job terminated.
	(1) Normal termination (return value 0)
		Usr 0 00:01:20, Sys 0 00:00:17  -  Run Remote Usage
		Usr 0 00:00:00, Sys 0 00:00:00  -  Run Local Usage
		Usr 0 00:01:20, Sys 0 00:00:17  -  Total Remote Usage
		Usr 0 00:00:00, Sys 0 00:00:00  -  Total Local Usage
	180254  -  Run Bytes Sent By Job
	974  -  Run Bytes Received By Job
	180254  -  Total Bytes Sent By Job
	974  -  Total Bytes Received By Job
	Partitionable Resources :    Usage  Request Allocated
	   Cpus                 :                 1         1
	   Disk (KB)            :      189        1   2540570
	   Memory (MB)          :       59     2000      2000
...
005 (917644.015.000) 01/09 14:46:06 Job terminated.
	(1) Normal termination (return value 0)
		Usr 0 00:01:54, Sys 0 00:00:24  -  Run Remote Usage
		Usr 0 00:00:00, Sys 0 00:00:00  -  Run Local Usage
		Usr 0 00:01:54, Sys 0 00:00:24  -  Total Remote Usage
		Usr 0 00:00:00, Sys 0 00:00:00  -  Total Local Usage
	109260  -  Run Bytes Sent By Job
	1012  -  Run Bytes Received By Job
	109260  -  Total Bytes Sent By Job
	1012  -  Total Bytes Received By Job
	Partitionable Resources :    Usage  Request Allocated
	   Cpus                 :                 1         1
	   Disk (KB)            :      120        1   3245649
	   Memory (MB)          :       58     2000      2000
...
005 (917644.006.000) 01/09 14:46:25 Job terminated.
	(1) Normal termination (return value 0)
		Usr 0 00:01:54, Sys 0 00:00:17  -  Run Remote Usage
		Usr 0 00:00:00, Sys 0 00:00:00  -  Run Local Usage
		Usr 0 00:01:54, Sys 0 00:00:17  -  Total Remote Usage
		Usr 0 00:00:00, Sys 0 00:00:00  -  Total Local Usage
	179956  -  Run Bytes Sent By Job
	994  -  Run Bytes Received By Job
	179956  -  Total Bytes Sent By Job
	994  -  Total Bytes Received By Job
	Partitionable Resources :    Usage  Request Allocated
	   Cpus                 :                 1         1
	   Disk (KB)            :      189        1   3364810
	   Memory (MB)          :       58     2000      2000
...
006 (917644.010.000) 01/09 14:46:27 Image size of job updated: 577548
	59  -  MemoryUsage of job (MB)
	59492  -  ResidentSetSize of job (KB)
...
005 (917644.010.000) 01/09 14:46:27 Job terminated.
	(1) Normal termination (return value 0)
		Usr 0 00:02:04, Sys 0 00:00:21  -  Run Remote Usage
		Usr 0 00:00:00, Sys 0 00:00:00  -  Run Local Usage
		Usr 0 00:02:04, Sys 0 00:00:21  -  Total Remote Usage
		Usr 0 00:00:00, Sys 0 00:00:00  -  Total Local Usage
	185661  -  Run Bytes Sent By Job
	966  -  Run Bytes Received By Job
	185661  -  Total Bytes Sent By Job
	966  -  Total Bytes Received By Job
	Partitionable Resources :    Usage  Request Allocated
	   Cpus                 :                 1         1
	   Disk (KB)            :      194        1   3397948
	   Memory (MB)          :       59     2000      2000
...
006 (917644.008.000) 01/09 14:46:51 Image size of job updated: 593936
	58  -  MemoryUsage of job (MB)
	59392  -  ResidentSetSize of job (KB)
...
005 (917644.008.000) 01/09 14:46:51 Job terminated.
	(1) Normal termination (return value 0)
		Usr 0 00:02:16, Sys 0 00:00:23  -  Run Remote Usage
		Usr 0 00:00:00, Sys 0 00:00:00  -  Run Local Usage
		Usr 0 00:02:16, Sys 0 00:00:23  -  Total Remote Usage
		Usr 0 00:00:00, Sys 0 00:00:00  -  Total Local Usage
	185809  -  Run Bytes Sent By Job
	970  -  Run Bytes Received By Job
	185809  -  Total Bytes Sent By Job
	970  -  Total Bytes Received By Job
	Partitionable Resources :    Usage  Request Allocated
	   Cpus                 :                 1         1
	   Disk (KB)            :      194        1   2485639
	   Memory (MB)          :       58     2000      2000
...
005 (917644.005.000) 01/09 14:47:33 Job terminated.
	(1) Normal termination (return value 0)
		Usr 0 00:01:55, Sys 0 00:00:21  -  Run Remote Usage
		Usr 0 00:00:00, Sys 0 00:00:00  -  Run Local Usage
		Usr 0 00:01:55, Sys 0 00:00:21  -  Total Remote Usage
		Usr 0 00:00:00, Sys 0 00:00:00  -  Total Local Usage
	106350  -  Run Bytes Sent By Job
	1024  -  Run Bytes Received By Job
	106350  -  Total Bytes Sent By Job
	1024  -  Total Bytes Received By Job
	Partitionable Resources :    Usage  Request Allocated
	   Cpus                 :                 1         1
	   Disk (KB)            :      117        1   3201141
	   Memory (MB)          :       58     2000      2000
...
005 (917644.009.000) 01/09 14:47:46 Job terminated.
	(1) Normal termination (return value 0)
		Usr 0 00:02:07, Sys 0 00:00:23  -  Run Remote Usage
		Usr 0 00:00:00, Sys 0 00:00:00  -  Run Local Usage
		Usr 0 00:02:07, Sys 0 00:00:23  -  Total Remote Usage
		Usr 0 00:00:00, Sys 0 00:00:00  -  Total Local Usage
	111206  -  Run Bytes Sent By Job
	996  -  Run Bytes Received By Job
	111206  -  Total Bytes Sent By Job
	996  -  Total Bytes Received By Job
	Partitionable Resources :    Usage  Request Allocated
	   Cpus                 :                 1         1
	   Disk (KB)            :      121        1   2055205
	   Memory (MB)          :       58     2000      2000
...
005 (917644.013.000) 01/09 14:48:46 Job terminated.
	(1) Normal termination (return value 0)
		Usr 0 00:02:06, Sys 0 00:00:24  -  Run Remote Usage
		Usr 0 00:00:00, Sys 0 00:00:00  -  Run Local Usage
		Usr 0 00:02:06, Sys 0 00:00:24  -  Total Remote Usage
		Usr 0 00:00:00, Sys 0 00:00:00  -  Total Local Usage
	110500  -  Run Bytes Sent By Job
	1016  -  Run Bytes Received By Job
	110500  -  Total Bytes Sent By Job
	1016  -  Total Bytes Received By Job
	Partitionable Resources :    Usage  Request Allocated
	   Cpus                 :                 1         1
	   Disk (KB)            :      121        1   3181042
	   Memory (MB)          :       58     2000      2000
...
006 (917644.003.000) 01/09 14:49:26 Image size of job updated: 117748
	62  -  MemoryUsage of job (MB)
	62956  -  ResidentSetSize of job (KB)
...
006 (917644.001.000) 01/09 14:49:26 Image size of job updated: 145144
	58  -  MemoryUsage of job (MB)
	58976  -  ResidentSetSize of job (KB)
...
006 (917644.012.000) 01/09 14:49:26 Image size of job updated: 121360
	63  -  MemoryUsage of job (MB)
	64008  -  ResidentSetSize of job (KB)
...
006 (917644.004.000) 01/09 14:49:28 Image size of job updated: 114160
	58  -  MemoryUsage of job (MB)
	59356  -  ResidentSetSize of job (KB)
...
005 (917644.014.000) 01/09 14:49:32 Job terminated.
	(1) Normal termination (return value 0)
		Usr 0 00:02:20, Sys 0 00:00:22  -  Run Remote Usage
		Usr 0 00:00:00, Sys 0 00:00:00  -  Run Local Usage
		Usr 0 00:02:20, Sys 0 00:00:22  -  Total Remote Usage
		Usr 0 00:00:00, Sys 0 00:00:00  -  Total Local Usage
	184688  -  Run Bytes Sent By Job
	986  -  Run Bytes Received By Job
	184688  -  Total Bytes Sent By Job
	986  -  Total Bytes Received By Job
	Partitionable Resources :    Usage  Request Allocated
	   Cpus                 :                 1         1
	   Disk (KB)            :      193        1   3345905
	   Memory (MB)          :       59     2000      2000
...
006 (917644.000.000) 01/09 14:49:35 Image size of job updated: 114172
	58  -  MemoryUsage of job (MB)
	59368  -  ResidentSetSize of job (KB)
...
005 (917644.012.000) 01/09 14:49:42 Job terminated.
	(1) Normal termination (return value 0)
		Usr 0 00:02:15, Sys 0 00:00:21  -  Run Remote Usage
		Usr 0 00:00:00, Sys 0 00:00:00  -  Run Local Usage
		Usr 0 00:02:15, Sys 0 00:00:21  -  Total Remote Usage
		Usr 0 00:00:00, Sys 0 00:00:00  -  Total Local Usage
	186316  -  Run Bytes Sent By Job
	990  -  Run Bytes Received By Job
	186316  -  Total Bytes Sent By Job
	990  -  Total Bytes Received By Job
	Partitionable Resources :    Usage  Request Allocated
	   Cpus                 :                 1         1
	   Disk (KB)            :      205        1   3372497
	   Memory (MB)          :       63     2000      2000
...
005 (917644.011.000) 01/09 14:50:15 Job terminated.
	(1) Normal termination (return value 0)
		Usr 0 00:02:07, Sys 0 00:00:23  -  Run Remote Usage
		Usr 0 00:00:00, Sys 0 00:00:00  -  Run Local Usage
		Usr 0 00:02:07, Sys 0 00:00:23  -  Total Remote Usage
		Usr 0 00:00:00, Sys 0 00:00:00  -  Total Local Usage
	109873  -  Run Bytes Sent By Job
	992  -  Run Bytes Received By Job
	109873  -  Total Bytes Sent By Job
	992  -  Total Bytes Received By Job
	Partitionable Resources :    Usage  Request Allocated
	   Cpus                 :                 1         1
	   Disk (KB)            :      120        1   3169155
	   Memory (MB)          :       58     2000      2000
...
005 (917644.003.000) 01/09 14:50:56 Job terminated.
	(1) Normal termination (return value 0)
		Usr 0 00:01:43, Sys 0 00:00:30  -  Run Remote Usage
		Usr 0 00:00:00, Sys 0 00:00:00  -  Run Local Usage
		Usr 0 00:01:43, Sys 0 00:00:30  -  Total Remote Usage
		Usr 0 00:00:00, Sys 0 00:00:00  -  Total Local Usage
	104814  -  Run Bytes Sent By Job
	1000  -  Run Bytes Received By Job
	104814  -  Total Bytes Sent By Job
	1000  -  Total Bytes Received By Job
	Partitionable Resources :    Usage  Request Allocated
	   Cpus                 :                 1         1
	   Disk (KB)            :      115        1   2544501
	   Memory (MB)          :       62     2000      2000
...
005 (917644.001.000) 01/09 14:51:05 Job terminated.
	(1) Normal termination (return value 0)
		Usr 0 00:01:43, Sys 0 00:00:29  -  Run Remote Usage
		Usr 0 00:00:00, Sys 0 00:00:00  -  Run Local Usage
		Usr 0 00:01:43, Sys 0 00:00:29  -  Total Remote Usage
		Usr 0 00:00:00, Sys 0 00:00:00  -  Total Local Usage
	106187  -  Run Bytes Sent By Job
	1004  -  Run Bytes Received By Job
	106187  -  Total Bytes Sent By Job
	1004  -  Total Bytes Received By Job
	Partitionable Resources :    Usage  Request Allocated
	   Cpus                 :                 1         1
	   Disk (KB)            :      116        1   2478159
	   Memory (MB)          :       58     2000      2000
...
006 (917644.000.000) 01/09 14:54:36 Image size of job updated: 114340
	59  -  MemoryUsage of job (MB)
	59536  -  ResidentSetSize of job (KB)
...
005 (917644.000.000) 01/09 14:56:04 Job terminated.
	(1) Normal termination (return value 0)
		Usr 0 00:01:49, Sys 0 00:00:30  -  Run Remote Usage
		Usr 0 00:00:00, Sys 0 00:00:00  -  Run Local Usage
		Usr 0 00:01:49, Sys 0 00:00:30  -  Total Remote Usage
		Usr 0 00:00:00, Sys 0 00:00:00  -  Total Local Usage
	181657  -  Run Bytes Sent By Job
	978  -  Run Bytes Received By Job
	181657  -  Total Bytes Sent By Job
	978  -  Total Bytes Received By Job
	Partitionable Resources :    Usage  Request Allocated
	   Cpus                 :                 1         1
	   Disk (KB)            :      190        1   2399574
	   Memory (MB)          :       59     2000      2000
...
005 (917644.004.000) 01/09 14:58:34 Job terminated.
	(1) Normal termination (return value 0)
		Usr 0 00:01:46, Sys 0 00:00:28  -  Run Remote Usage
		Usr 0 00:00:00, Sys 0 00:00:00  -  Run Local Usage
		Usr 0 00:01:46, Sys 0 00:00:28  -  Total Remote Usage
		Usr 0 00:00:00, Sys 0 00:00:00  -  Total Local Usage
	181743  -  Run Bytes Sent By Job
	998  -  Run Bytes Received By Job
	181743  -  Total Bytes Sent By Job
	998  -  Total Bytes Received By Job
	Partitionable Resources :    Usage  Request Allocated
	   Cpus                 :                 1         1
	   Disk (KB)            :      190        1   2351600
	   Memory (MB)          :       58     2000      2000
...
