000 (925102.000.000) 01/11 11:20:08 Job submitted from host: <137.138.44.75:9618?addrs=137.138.44.75-9618+[2001-1458-d00-1a--b]-9618&noUDP&sock=124143_59c7_28>
...
001 (925102.000.000) 01/11 11:37:52 Job executing on host: <188.184.132.123:9618?addrs=188.184.132.123-9618+[--1]-9618&noUDP&sock=8963_c3da_3>
...
006 (925102.000.000) 01/11 11:38:01 Image size of job updated: 47056
	21  -  MemoryUsage of job (MB)
	21104  -  ResidentSetSize of job (KB)
...
006 (925102.000.000) 01/11 11:43:02 Image size of job updated: 113432
	58  -  MemoryUsage of job (MB)
	58740  -  ResidentSetSize of job (KB)
...
006 (925102.000.000) 01/11 11:48:03 Image size of job updated: 113724
	58  -  MemoryUsage of job (MB)
	58932  -  ResidentSetSize of job (KB)
...
006 (925102.000.000) 01/11 11:53:03 Image size of job updated: 113724
	58  -  MemoryUsage of job (MB)
	58944  -  ResidentSetSize of job (KB)
...
006 (925102.000.000) 01/11 12:15:10 Image size of job updated: 184764
	58  -  MemoryUsage of job (MB)
	58944  -  ResidentSetSize of job (KB)
...
005 (925102.000.000) 01/11 12:15:10 Job terminated.
	(1) Normal termination (return value 0)
		Usr 0 00:02:34, Sys 0 00:00:30  -  Run Remote Usage
		Usr 0 00:00:00, Sys 0 00:00:00  -  Run Local Usage
		Usr 0 00:02:34, Sys 0 00:00:30  -  Total Remote Usage
		Usr 0 00:00:00, Sys 0 00:00:00  -  Total Local Usage
	134909  -  Run Bytes Sent By Job
	1041  -  Run Bytes Received By Job
	134909  -  Total Bytes Sent By Job
	1041  -  Total Bytes Received By Job
	Partitionable Resources :    Usage  Request Allocated
	   Cpus                 :                 1         1
	   Disk (KB)            :      145        2   1876677
	   Memory (MB)          :       58     2000      2000
...
