000 (925628.000.000) 01/11 14:51:45 Job submitted from host: <137.138.44.75:9618?addrs=137.138.44.75-9618+[2001-1458-d00-1a--b]-9618&noUDP&sock=124143_59c7_28>
...
000 (925628.001.000) 01/11 14:51:45 Job submitted from host: <137.138.44.75:9618?addrs=137.138.44.75-9618+[2001-1458-d00-1a--b]-9618&noUDP&sock=124143_59c7_28>
...
000 (925628.002.000) 01/11 14:51:45 Job submitted from host: <137.138.44.75:9618?addrs=137.138.44.75-9618+[2001-1458-d00-1a--b]-9618&noUDP&sock=124143_59c7_28>
...
000 (925628.003.000) 01/11 14:51:45 Job submitted from host: <137.138.44.75:9618?addrs=137.138.44.75-9618+[2001-1458-d00-1a--b]-9618&noUDP&sock=124143_59c7_28>
...
000 (925628.004.000) 01/11 14:51:45 Job submitted from host: <137.138.44.75:9618?addrs=137.138.44.75-9618+[2001-1458-d00-1a--b]-9618&noUDP&sock=124143_59c7_28>
...
000 (925628.005.000) 01/11 14:51:45 Job submitted from host: <137.138.44.75:9618?addrs=137.138.44.75-9618+[2001-1458-d00-1a--b]-9618&noUDP&sock=124143_59c7_28>
...
000 (925628.006.000) 01/11 14:51:45 Job submitted from host: <137.138.44.75:9618?addrs=137.138.44.75-9618+[2001-1458-d00-1a--b]-9618&noUDP&sock=124143_59c7_28>
...
000 (925628.007.000) 01/11 14:51:45 Job submitted from host: <137.138.44.75:9618?addrs=137.138.44.75-9618+[2001-1458-d00-1a--b]-9618&noUDP&sock=124143_59c7_28>
...
001 (925628.007.000) 01/11 14:54:42 Job executing on host: <128.142.161.151:9618?addrs=128.142.161.151-9618+[--1]-9618&noUDP&sock=32765_f510_3>
...
001 (925628.002.000) 01/11 14:54:42 Job executing on host: <188.185.53.127:9618?addrs=188.185.53.127-9618+[--1]-9618&noUDP&sock=8702_bda2_3>
...
001 (925628.005.000) 01/11 14:54:45 Job executing on host: <188.185.213.210:9618?addrs=188.185.213.210-9618+[--1]-9618&noUDP&sock=1538_d527_85>
...
001 (925628.000.000) 01/11 14:54:49 Job executing on host: <128.142.129.170:9618?addrs=128.142.129.170-9618+[--1]-9618&noUDP&sock=453_9ce5_125>
...
006 (925628.002.000) 01/11 14:54:50 Image size of job updated: 1036
	2  -  MemoryUsage of job (MB)
	1036  -  ResidentSetSize of job (KB)
...
006 (925628.007.000) 01/11 14:54:50 Image size of job updated: 992
	1  -  MemoryUsage of job (MB)
	992  -  ResidentSetSize of job (KB)
...
006 (925628.005.000) 01/11 14:54:54 Image size of job updated: 3444
	4  -  MemoryUsage of job (MB)
	3444  -  ResidentSetSize of job (KB)
...
006 (925628.000.000) 01/11 14:54:57 Image size of job updated: 2212
	2  -  MemoryUsage of job (MB)
	1180  -  ResidentSetSize of job (KB)
...
001 (925628.006.000) 01/11 14:55:10 Job executing on host: <128.142.164.173:9618?addrs=128.142.164.173-9618+[--1]-9618&noUDP&sock=8682_05bd_11>
...
006 (925628.006.000) 01/11 14:55:18 Image size of job updated: 50944
	1  -  MemoryUsage of job (MB)
	1008  -  ResidentSetSize of job (KB)
...
001 (925628.004.000) 01/11 14:55:38 Job executing on host: <188.185.240.45:9618?addrs=188.185.240.45-9618+[--1]-9618&noUDP&sock=8643_458b_60>
...
006 (925628.004.000) 01/11 14:55:47 Image size of job updated: 416
	1  -  MemoryUsage of job (MB)
	416  -  ResidentSetSize of job (KB)
...
001 (925628.003.000) 01/11 14:58:02 Job executing on host: <188.185.225.210:9618?addrs=188.185.225.210-9618+[--1]-9618&noUDP&sock=333_4d88_112>
...
006 (925628.003.000) 01/11 14:58:27 Image size of job updated: 424
	1  -  MemoryUsage of job (MB)
	416  -  ResidentSetSize of job (KB)
...
006 (925628.007.000) 01/11 14:59:50 Image size of job updated: 113844
	58  -  MemoryUsage of job (MB)
	59052  -  ResidentSetSize of job (KB)
...
006 (925628.002.000) 01/11 14:59:50 Image size of job updated: 113408
	58  -  MemoryUsage of job (MB)
	58724  -  ResidentSetSize of job (KB)
...
006 (925628.005.000) 01/11 14:59:55 Image size of job updated: 34664
	20  -  MemoryUsage of job (MB)
	19736  -  ResidentSetSize of job (KB)
...
006 (925628.000.000) 01/11 14:59:58 Image size of job updated: 112436
	58  -  MemoryUsage of job (MB)
	58936  -  ResidentSetSize of job (KB)
...
006 (925628.006.000) 01/11 15:00:18 Image size of job updated: 163792
	58  -  MemoryUsage of job (MB)
	59060  -  ResidentSetSize of job (KB)
...
006 (925628.004.000) 01/11 15:00:49 Image size of job updated: 1368
	2  -  MemoryUsage of job (MB)
	1348  -  ResidentSetSize of job (KB)
...
005 (925628.007.000) 01/11 15:02:22 Job terminated.
	(1) Normal termination (return value 0)
		Usr 0 00:01:52, Sys 0 00:00:25  -  Run Remote Usage
		Usr 0 00:00:00, Sys 0 00:00:00  -  Run Local Usage
		Usr 0 00:01:52, Sys 0 00:00:25  -  Total Remote Usage
		Usr 0 00:00:00, Sys 0 00:00:00  -  Total Local Usage
	113535  -  Run Bytes Sent By Job
	1026  -  Run Bytes Received By Job
	113535  -  Total Bytes Sent By Job
	1026  -  Total Bytes Received By Job
	Partitionable Resources :    Usage  Request Allocated
	   Cpus                 :                 1         1
	   Disk (KB)            :      124        1   1969965
	   Memory (MB)          :       58     2000      2000
...
005 (925628.000.000) 01/11 15:02:45 Job terminated.
	(1) Normal termination (return value 0)
		Usr 0 00:01:36, Sys 0 00:00:22  -  Run Remote Usage
		Usr 0 00:00:00, Sys 0 00:00:00  -  Run Local Usage
		Usr 0 00:01:36, Sys 0 00:00:22  -  Total Remote Usage
		Usr 0 00:00:00, Sys 0 00:00:00  -  Total Local Usage
	109620  -  Run Bytes Sent By Job
	1018  -  Run Bytes Received By Job
	109620  -  Total Bytes Sent By Job
	1018  -  Total Bytes Received By Job
	Partitionable Resources :    Usage  Request Allocated
	   Cpus                 :                 1         1
	   Disk (KB)            :      120        1   1790368
	   Memory (MB)          :       58     2000      2000
...
001 (925628.001.000) 01/11 15:02:55 Job executing on host: <128.142.129.170:9618?addrs=128.142.129.170-9618+[--1]-9618&noUDP&sock=453_9ce5_125>
...
006 (925628.001.000) 01/11 15:03:03 Image size of job updated: 5716
	5  -  MemoryUsage of job (MB)
	4696  -  ResidentSetSize of job (KB)
...
006 (925628.003.000) 01/11 15:03:12 Image size of job updated: 1012
	1  -  MemoryUsage of job (MB)
	1004  -  ResidentSetSize of job (KB)
...
006 (925628.005.000) 01/11 15:04:55 Image size of job updated: 113480
	58  -  MemoryUsage of job (MB)
	58812  -  ResidentSetSize of job (KB)
...
006 (925628.004.000) 01/11 15:05:48 Image size of job updated: 16580
	6  -  MemoryUsage of job (MB)
	5204  -  ResidentSetSize of job (KB)
...
005 (925628.001.000) 01/11 15:08:09 Job terminated.
	(1) Normal termination (return value 0)
		Usr 0 00:01:26, Sys 0 00:00:21  -  Run Remote Usage
		Usr 0 00:00:00, Sys 0 00:00:00  -  Run Local Usage
		Usr 0 00:01:26, Sys 0 00:00:21  -  Total Remote Usage
		Usr 0 00:00:00, Sys 0 00:00:00  -  Total Local Usage
	108260  -  Run Bytes Sent By Job
	1014  -  Run Bytes Received By Job
	108260  -  Total Bytes Sent By Job
	1014  -  Total Bytes Received By Job
	Partitionable Resources :    Usage  Request Allocated
	   Cpus                 :                 1         1
	   Disk (KB)            :      313        1   1790368
	   Memory (MB)          :        5     2000      2000
...
006 (925628.003.000) 01/11 15:08:14 Image size of job updated: 1520
	2  -  MemoryUsage of job (MB)
	1432  -  ResidentSetSize of job (KB)
...
005 (925628.006.000) 01/11 15:09:15 Job terminated.
	(1) Normal termination (return value 0)
		Usr 0 00:02:54, Sys 0 00:00:43  -  Run Remote Usage
		Usr 0 00:00:00, Sys 0 00:00:00  -  Run Local Usage
		Usr 0 00:02:54, Sys 0 00:00:43  -  Total Remote Usage
		Usr 0 00:00:00, Sys 0 00:00:00  -  Total Local Usage
	113941  -  Run Bytes Sent By Job
	1030  -  Run Bytes Received By Job
	113941  -  Total Bytes Sent By Job
	1030  -  Total Bytes Received By Job
	Partitionable Resources :    Usage  Request Allocated
	   Cpus                 :                 1         1
	   Disk (KB)            :      124        1   1191615
	   Memory (MB)          :       58     2000      2000
...
006 (925628.002.000) 01/11 15:09:52 Image size of job updated: 113408
	58  -  MemoryUsage of job (MB)
	58748  -  ResidentSetSize of job (KB)
...
006 (925628.004.000) 01/11 15:10:49 Image size of job updated: 36120
	20  -  MemoryUsage of job (MB)
	19808  -  ResidentSetSize of job (KB)
...
006 (925628.003.000) 01/11 15:13:23 Image size of job updated: 13368
	4  -  MemoryUsage of job (MB)
	3936  -  ResidentSetSize of job (KB)
...
006 (925628.002.000) 01/11 15:14:52 Image size of job updated: 113408
	58  -  MemoryUsage of job (MB)
	58876  -  ResidentSetSize of job (KB)
...
006 (925628.005.000) 01/11 15:14:57 Image size of job updated: 113580
	58  -  MemoryUsage of job (MB)
	58904  -  ResidentSetSize of job (KB)
...
006 (925628.004.000) 01/11 15:15:49 Image size of job updated: 92892
	43  -  MemoryUsage of job (MB)
	43668  -  ResidentSetSize of job (KB)
...
006 (925628.003.000) 01/11 15:18:42 Image size of job updated: 13368
	6  -  MemoryUsage of job (MB)
	5552  -  ResidentSetSize of job (KB)
...
006 (925628.002.000) 01/11 15:19:53 Image size of job updated: 113408
	58  -  MemoryUsage of job (MB)
	58932  -  ResidentSetSize of job (KB)
...
006 (925628.005.000) 01/11 15:19:57 Image size of job updated: 113780
	58  -  MemoryUsage of job (MB)
	59008  -  ResidentSetSize of job (KB)
...
006 (925628.004.000) 01/11 15:20:50 Image size of job updated: 101108
	58  -  MemoryUsage of job (MB)
	58864  -  ResidentSetSize of job (KB)
...
006 (925628.003.000) 01/11 15:23:19 Image size of job updated: 13368
	6  -  MemoryUsage of job (MB)
	6064  -  ResidentSetSize of job (KB)
...
006 (925628.002.000) 01/11 15:24:54 Image size of job updated: 113408
	58  -  MemoryUsage of job (MB)
	58936  -  ResidentSetSize of job (KB)
...
006 (925628.005.000) 01/11 15:24:57 Image size of job updated: 113852
	58  -  MemoryUsage of job (MB)
	59076  -  ResidentSetSize of job (KB)
...
006 (925628.003.000) 01/11 15:28:35 Image size of job updated: 24844
	20  -  MemoryUsage of job (MB)
	19740  -  ResidentSetSize of job (KB)
...
006 (925628.004.000) 01/11 15:30:51 Image size of job updated: 101108
	58  -  MemoryUsage of job (MB)
	58884  -  ResidentSetSize of job (KB)
...
006 (925628.003.000) 01/11 15:33:22 Image size of job updated: 78060
	34  -  MemoryUsage of job (MB)
	33960  -  ResidentSetSize of job (KB)
...
006 (925628.002.000) 01/11 15:34:55 Image size of job updated: 113408
	58  -  MemoryUsage of job (MB)
	58940  -  ResidentSetSize of job (KB)
...
006 (925628.005.000) 01/11 15:34:58 Image size of job updated: 113860
	58  -  MemoryUsage of job (MB)
	59084  -  ResidentSetSize of job (KB)
...
006 (925628.004.000) 01/11 15:35:51 Image size of job updated: 101108
	58  -  MemoryUsage of job (MB)
	59044  -  ResidentSetSize of job (KB)
...
006 (925628.003.000) 01/11 15:38:21 Image size of job updated: 92716
	43  -  MemoryUsage of job (MB)
	43192  -  ResidentSetSize of job (KB)
...
006 (925628.002.000) 01/11 15:39:56 Image size of job updated: 113408
	58  -  MemoryUsage of job (MB)
	58944  -  ResidentSetSize of job (KB)
...
006 (925628.004.000) 01/11 15:40:52 Image size of job updated: 101108
	58  -  MemoryUsage of job (MB)
	59072  -  ResidentSetSize of job (KB)
...
006 (925628.003.000) 01/11 15:43:29 Image size of job updated: 92716
	50  -  MemoryUsage of job (MB)
	50684  -  ResidentSetSize of job (KB)
...
006 (925628.003.000) 01/11 15:48:22 Image size of job updated: 110292
	58  -  MemoryUsage of job (MB)
	58656  -  ResidentSetSize of job (KB)
...
006 (925628.004.000) 01/11 15:50:52 Image size of job updated: 101108
	58  -  MemoryUsage of job (MB)
	59084  -  ResidentSetSize of job (KB)
...
006 (925628.003.000) 01/11 15:53:23 Image size of job updated: 110292
	58  -  MemoryUsage of job (MB)
	58692  -  ResidentSetSize of job (KB)
...
006 (925628.003.000) 01/11 15:58:23 Image size of job updated: 110292
	58  -  MemoryUsage of job (MB)
	58740  -  ResidentSetSize of job (KB)
...
006 (925628.003.000) 01/11 16:03:23 Image size of job updated: 110292
	58  -  MemoryUsage of job (MB)
	58864  -  ResidentSetSize of job (KB)
...
006 (925628.003.000) 01/11 16:08:26 Image size of job updated: 110292
	58  -  MemoryUsage of job (MB)
	58868  -  ResidentSetSize of job (KB)
...
006 (925628.003.000) 01/11 16:13:25 Image size of job updated: 110292
	58  -  MemoryUsage of job (MB)
	58876  -  ResidentSetSize of job (KB)
...
006 (925628.003.000) 01/11 16:18:26 Image size of job updated: 110292
	58  -  MemoryUsage of job (MB)
	58880  -  ResidentSetSize of job (KB)
...
005 (925628.002.000) 01/11 16:34:20 Job terminated.
	(1) Normal termination (return value 0)
		Usr 0 00:01:29, Sys 0 00:00:18  -  Run Remote Usage
		Usr 0 00:00:00, Sys 0 00:00:00  -  Run Local Usage
		Usr 0 00:01:29, Sys 0 00:00:18  -  Total Remote Usage
		Usr 0 00:00:00, Sys 0 00:00:00  -  Total Local Usage
	110833  -  Run Bytes Sent By Job
	1038  -  Run Bytes Received By Job
	110833  -  Total Bytes Sent By Job
	1038  -  Total Bytes Received By Job
	Partitionable Resources :    Usage  Request Allocated
	   Cpus                 :                 1         1
	   Disk (KB)            :      121        1   1366354
	   Memory (MB)          :       58     2000      2000
...
006 (925628.005.000) 01/11 16:47:46 Image size of job updated: 577544
	58  -  MemoryUsage of job (MB)
	59084  -  ResidentSetSize of job (KB)
...
005 (925628.005.000) 01/11 16:47:47 Job terminated.
	(1) Normal termination (return value 0)
		Usr 0 00:01:58, Sys 0 00:00:22  -  Run Remote Usage
		Usr 0 00:00:00, Sys 0 00:00:00  -  Run Local Usage
		Usr 0 00:01:58, Sys 0 00:00:22  -  Total Remote Usage
		Usr 0 00:00:00, Sys 0 00:00:00  -  Total Local Usage
	113451  -  Run Bytes Sent By Job
	1006  -  Run Bytes Received By Job
	113451  -  Total Bytes Sent By Job
	1006  -  Total Bytes Received By Job
	Partitionable Resources :    Usage  Request Allocated
	   Cpus                 :                 1         1
	   Disk (KB)            :      123        1   2029228
	   Memory (MB)          :       58     2000      2000
...
006 (925628.003.000) 01/11 16:58:33 Image size of job updated: 110292
	58  -  MemoryUsage of job (MB)
	58900  -  ResidentSetSize of job (KB)
...
006 (925628.004.000) 01/11 17:01:01 Image size of job updated: 101108
	62  -  MemoryUsage of job (MB)
	63416  -  ResidentSetSize of job (KB)
...
006 (925628.003.000) 01/11 17:03:33 Image size of job updated: 110292
	58  -  MemoryUsage of job (MB)
	58908  -  ResidentSetSize of job (KB)
...
005 (925628.004.000) 01/11 17:04:16 Job terminated.
	(1) Normal termination (return value 0)
		Usr 0 00:01:57, Sys 0 00:00:30  -  Run Remote Usage
		Usr 0 00:00:00, Sys 0 00:00:00  -  Run Local Usage
		Usr 0 00:01:57, Sys 0 00:00:30  -  Total Remote Usage
		Usr 0 00:00:00, Sys 0 00:00:00  -  Total Local Usage
	119878  -  Run Bytes Sent By Job
	1010  -  Run Bytes Received By Job
	119878  -  Total Bytes Sent By Job
	1010  -  Total Bytes Received By Job
	Partitionable Resources :    Usage  Request Allocated
	   Cpus                 :                 1         1
	   Disk (KB)            :      158        1    466165
	   Memory (MB)          :       62     2000      2000
...
006 (925628.003.000) 01/11 17:08:34 Image size of job updated: 110292
	58  -  MemoryUsage of job (MB)
	58932  -  ResidentSetSize of job (KB)
...
005 (925628.003.000) 01/11 17:16:04 Job terminated.
	(1) Normal termination (return value 0)
		Usr 0 00:01:31, Sys 0 00:00:26  -  Run Remote Usage
		Usr 0 00:00:00, Sys 0 00:00:00  -  Run Local Usage
		Usr 0 00:01:31, Sys 0 00:00:26  -  Total Remote Usage
		Usr 0 00:00:00, Sys 0 00:00:00  -  Total Local Usage
	108488  -  Run Bytes Sent By Job
	1034  -  Run Bytes Received By Job
	108488  -  Total Bytes Sent By Job
	1034  -  Total Bytes Received By Job
	Partitionable Resources :    Usage  Request Allocated
	   Cpus                 :                 1         1
	   Disk (KB)            :      359        1    731315
	   Memory (MB)          :       58     2000      2000
...
