000 (925630.000.000) 01/11 14:52:27 Job submitted from host: <137.138.44.75:9618?addrs=137.138.44.75-9618+[2001-1458-d00-1a--b]-9618&noUDP&sock=124143_59c7_28>
...
000 (925630.001.000) 01/11 14:52:27 Job submitted from host: <137.138.44.75:9618?addrs=137.138.44.75-9618+[2001-1458-d00-1a--b]-9618&noUDP&sock=124143_59c7_28>
...
000 (925630.002.000) 01/11 14:52:27 Job submitted from host: <137.138.44.75:9618?addrs=137.138.44.75-9618+[2001-1458-d00-1a--b]-9618&noUDP&sock=124143_59c7_28>
...
000 (925630.003.000) 01/11 14:52:27 Job submitted from host: <137.138.44.75:9618?addrs=137.138.44.75-9618+[2001-1458-d00-1a--b]-9618&noUDP&sock=124143_59c7_28>
...
000 (925630.004.000) 01/11 14:52:27 Job submitted from host: <137.138.44.75:9618?addrs=137.138.44.75-9618+[2001-1458-d00-1a--b]-9618&noUDP&sock=124143_59c7_28>
...
000 (925630.005.000) 01/11 14:52:27 Job submitted from host: <137.138.44.75:9618?addrs=137.138.44.75-9618+[2001-1458-d00-1a--b]-9618&noUDP&sock=124143_59c7_28>
...
000 (925630.006.000) 01/11 14:52:27 Job submitted from host: <137.138.44.75:9618?addrs=137.138.44.75-9618+[2001-1458-d00-1a--b]-9618&noUDP&sock=124143_59c7_28>
...
000 (925630.007.000) 01/11 14:52:27 Job submitted from host: <137.138.44.75:9618?addrs=137.138.44.75-9618+[2001-1458-d00-1a--b]-9618&noUDP&sock=124143_59c7_28>
...
001 (925630.002.000) 01/11 14:54:43 Job executing on host: <128.142.129.65:9618?addrs=128.142.129.65-9618+[--1]-9618&noUDP&sock=32682_06b4_3>
...
001 (925630.004.000) 01/11 14:54:47 Job executing on host: <188.185.213.244:9618?addrs=188.185.213.244-9618+[--1]-9618&noUDP&sock=7287_2b1f_84>
...
001 (925630.006.000) 01/11 14:54:48 Job executing on host: <128.142.138.90:9618?addrs=128.142.138.90-9618+[--1]-9618&noUDP&sock=8207_6917_98>
...
001 (925630.003.000) 01/11 14:54:48 Job executing on host: <188.185.56.128:9618?addrs=188.185.56.128-9618+[--1]-9618&noUDP&sock=8734_3a64_3>
...
001 (925630.001.000) 01/11 14:54:48 Job executing on host: <188.185.60.197:9618?addrs=188.185.60.197-9618+[--1]-9618&noUDP&sock=8873_7757_3>
...
001 (925630.005.000) 01/11 14:54:49 Job executing on host: <188.185.60.52:9618?addrs=188.185.60.52-9618+[--1]-9618&noUDP&sock=8586_2ca5_3>
...
006 (925630.002.000) 01/11 14:54:52 Image size of job updated: 1000
	1  -  MemoryUsage of job (MB)
	1000  -  ResidentSetSize of job (KB)
...
006 (925630.006.000) 01/11 14:54:56 Image size of job updated: 45404
	1  -  MemoryUsage of job (MB)
	996  -  ResidentSetSize of job (KB)
...
006 (925630.004.000) 01/11 14:54:56 Image size of job updated: 812
	1  -  MemoryUsage of job (MB)
	812  -  ResidentSetSize of job (KB)
...
006 (925630.003.000) 01/11 14:54:57 Image size of job updated: 2456
	3  -  MemoryUsage of job (MB)
	2456  -  ResidentSetSize of job (KB)
...
006 (925630.001.000) 01/11 14:54:57 Image size of job updated: 9824
	10  -  MemoryUsage of job (MB)
	9824  -  ResidentSetSize of job (KB)
...
006 (925630.005.000) 01/11 14:54:58 Image size of job updated: 9836
	10  -  MemoryUsage of job (MB)
	9832  -  ResidentSetSize of job (KB)
...
001 (925630.007.000) 01/11 14:55:30 Job executing on host: <188.185.218.62:9618?addrs=188.185.218.62-9618+[--1]-9618&noUDP&sock=2774_a036_3>
...
006 (925630.007.000) 01/11 14:55:40 Image size of job updated: 284
	1  -  MemoryUsage of job (MB)
	284  -  ResidentSetSize of job (KB)
...
022 (925630.000.000) 01/11 14:58:14 Job disconnected, attempting to reconnect
    Socket between submit and execute hosts closed unexpectedly
    Trying to reconnect to slot1_3@b6f30663d2.cern.ch <188.185.220.210:9618?addrs=188.185.220.210-9618+[--1]-9618&noUDP&sock=4700_b39e_3>
...
024 (925630.000.000) 01/11 14:58:26 Job reconnection failed
    Job not found at execution machine
    Can not reconnect to slot1_3@b6f30663d2.cern.ch, rescheduling job
...
001 (925630.000.000) 01/11 14:58:41 Job executing on host: <188.184.205.29:9618?addrs=188.184.205.29-9618+[--1]-9618&noUDP&sock=8922_a478_3>
...
006 (925630.000.000) 01/11 14:58:50 Image size of job updated: 113412
	58  -  MemoryUsage of job (MB)
	58728  -  ResidentSetSize of job (KB)
...
006 (925630.002.000) 01/11 14:59:52 Image size of job updated: 113728
	58  -  MemoryUsage of job (MB)
	58952  -  ResidentSetSize of job (KB)
...
006 (925630.006.000) 01/11 14:59:56 Image size of job updated: 157976
	58  -  MemoryUsage of job (MB)
	58860  -  ResidentSetSize of job (KB)
...
006 (925630.004.000) 01/11 14:59:58 Image size of job updated: 113552
	58  -  MemoryUsage of job (MB)
	58868  -  ResidentSetSize of job (KB)
...
006 (925630.001.000) 01/11 14:59:58 Image size of job updated: 37020
	20  -  MemoryUsage of job (MB)
	19804  -  ResidentSetSize of job (KB)
...
006 (925630.005.000) 01/11 14:59:59 Image size of job updated: 37080
	20  -  MemoryUsage of job (MB)
	19816  -  ResidentSetSize of job (KB)
...
006 (925630.003.000) 01/11 15:00:13 Image size of job updated: 18976
	7  -  MemoryUsage of job (MB)
	6408  -  ResidentSetSize of job (KB)
...
006 (925630.007.000) 01/11 15:00:46 Image size of job updated: 996
	1  -  MemoryUsage of job (MB)
	996  -  ResidentSetSize of job (KB)
...
006 (925630.000.000) 01/11 15:03:51 Image size of job updated: 113740
	58  -  MemoryUsage of job (MB)
	58948  -  ResidentSetSize of job (KB)
...
006 (925630.006.000) 01/11 15:04:57 Image size of job updated: 158236
	58  -  MemoryUsage of job (MB)
	59024  -  ResidentSetSize of job (KB)
...
006 (925630.004.000) 01/11 15:04:58 Image size of job updated: 113580
	58  -  MemoryUsage of job (MB)
	58888  -  ResidentSetSize of job (KB)
...
006 (925630.001.000) 01/11 15:04:58 Image size of job updated: 113364
	58  -  MemoryUsage of job (MB)
	58680  -  ResidentSetSize of job (KB)
...
006 (925630.003.000) 01/11 15:04:58 Image size of job updated: 101756
	43  -  MemoryUsage of job (MB)
	43380  -  ResidentSetSize of job (KB)
...
006 (925630.005.000) 01/11 15:04:59 Image size of job updated: 113432
	58  -  MemoryUsage of job (MB)
	58800  -  ResidentSetSize of job (KB)
...
006 (925630.007.000) 01/11 15:05:46 Image size of job updated: 1292
	2  -  MemoryUsage of job (MB)
	1292  -  ResidentSetSize of job (KB)
...
005 (925630.002.000) 01/11 15:06:00 Job terminated.
	(1) Normal termination (return value 0)
		Usr 0 00:02:31, Sys 0 00:00:37  -  Run Remote Usage
		Usr 0 00:00:00, Sys 0 00:00:00  -  Run Local Usage
		Usr 0 00:02:31, Sys 0 00:00:37  -  Total Remote Usage
		Usr 0 00:00:00, Sys 0 00:00:00  -  Total Local Usage
	138800  -  Run Bytes Sent By Job
	1055  -  Run Bytes Received By Job
	138800  -  Total Bytes Sent By Job
	1055  -  Total Bytes Received By Job
	Partitionable Resources :    Usage  Request Allocated
	   Cpus                 :                 1         1
	   Disk (KB)            :      148        2   1978573
	   Memory (MB)          :       58     2000      2000
...
005 (925630.000.000) 01/11 15:08:47 Job terminated.
	(1) Normal termination (return value 0)
		Usr 0 00:02:47, Sys 0 00:00:35  -  Run Remote Usage
		Usr 0 00:00:00, Sys 0 00:00:00  -  Run Local Usage
		Usr 0 00:02:47, Sys 0 00:00:35  -  Total Remote Usage
		Usr 0 00:00:00, Sys 0 00:00:00  -  Total Local Usage
	139011  -  Run Bytes Sent By Job
	1035  -  Run Bytes Received By Job
	139011  -  Total Bytes Sent By Job
	1035  -  Total Bytes Received By Job
	Partitionable Resources :    Usage  Request Allocated
	   Cpus                 :                 1         1
	   Disk (KB)            :      149        2   1791787
	   Memory (MB)          :       58     2000      2000
...
006 (925630.006.000) 01/11 15:09:58 Image size of job updated: 158244
	58  -  MemoryUsage of job (MB)
	59032  -  ResidentSetSize of job (KB)
...
006 (925630.003.000) 01/11 15:09:59 Image size of job updated: 113344
	58  -  MemoryUsage of job (MB)
	58648  -  ResidentSetSize of job (KB)
...
006 (925630.007.000) 01/11 15:10:47 Image size of job updated: 20884
	7  -  MemoryUsage of job (MB)
	6736  -  ResidentSetSize of job (KB)
...
006 (925630.004.000) 01/11 15:14:59 Image size of job updated: 113800
	58  -  MemoryUsage of job (MB)
	59012  -  ResidentSetSize of job (KB)
...
006 (925630.001.000) 01/11 15:14:59 Image size of job updated: 113396
	58  -  MemoryUsage of job (MB)
	58704  -  ResidentSetSize of job (KB)
...
006 (925630.005.000) 01/11 15:15:00 Image size of job updated: 113528
	58  -  MemoryUsage of job (MB)
	58888  -  ResidentSetSize of job (KB)
...
006 (925630.003.000) 01/11 15:15:00 Image size of job updated: 113380
	58  -  MemoryUsage of job (MB)
	58684  -  ResidentSetSize of job (KB)
...
006 (925630.007.000) 01/11 15:15:48 Image size of job updated: 103288
	44  -  MemoryUsage of job (MB)
	44712  -  ResidentSetSize of job (KB)
...
006 (925630.004.000) 01/11 15:19:59 Image size of job updated: 113868
	58  -  MemoryUsage of job (MB)
	59076  -  ResidentSetSize of job (KB)
...
006 (925630.001.000) 01/11 15:19:59 Image size of job updated: 113396
	58  -  MemoryUsage of job (MB)
	58884  -  ResidentSetSize of job (KB)
...
006 (925630.003.000) 01/11 15:20:00 Image size of job updated: 113472
	58  -  MemoryUsage of job (MB)
	58752  -  ResidentSetSize of job (KB)
...
006 (925630.007.000) 01/11 15:20:48 Image size of job updated: 113484
	58  -  MemoryUsage of job (MB)
	58816  -  ResidentSetSize of job (KB)
...
006 (925630.006.000) 01/11 15:25:00 Image size of job updated: 158248
	58  -  MemoryUsage of job (MB)
	59036  -  ResidentSetSize of job (KB)
...
006 (925630.005.000) 01/11 15:25:00 Image size of job updated: 113800
	58  -  MemoryUsage of job (MB)
	59060  -  ResidentSetSize of job (KB)
...
006 (925630.003.000) 01/11 15:25:01 Image size of job updated: 113648
	58  -  MemoryUsage of job (MB)
	58852  -  ResidentSetSize of job (KB)
...
006 (925630.007.000) 01/11 15:25:49 Image size of job updated: 113560
	58  -  MemoryUsage of job (MB)
	58892  -  ResidentSetSize of job (KB)
...
006 (925630.006.000) 01/11 15:35:01 Image size of job updated: 158248
	58  -  MemoryUsage of job (MB)
	59040  -  ResidentSetSize of job (KB)
...
006 (925630.003.000) 01/11 15:35:02 Image size of job updated: 113648
	58  -  MemoryUsage of job (MB)
	58856  -  ResidentSetSize of job (KB)
...
006 (925630.007.000) 01/11 15:35:49 Image size of job updated: 113560
	58  -  MemoryUsage of job (MB)
	59108  -  ResidentSetSize of job (KB)
...
006 (925630.003.000) 01/11 15:40:03 Image size of job updated: 113648
	58  -  MemoryUsage of job (MB)
	58860  -  ResidentSetSize of job (KB)
...
006 (925630.007.000) 01/11 15:40:49 Image size of job updated: 113560
	58  -  MemoryUsage of job (MB)
	59112  -  ResidentSetSize of job (KB)
...
006 (925630.007.000) 01/11 15:50:50 Image size of job updated: 113560
	58  -  MemoryUsage of job (MB)
	59116  -  ResidentSetSize of job (KB)
...
006 (925630.001.000) 01/11 16:00:03 Image size of job updated: 113396
	58  -  MemoryUsage of job (MB)
	58888  -  ResidentSetSize of job (KB)
...
005 (925630.006.000) 01/11 16:04:03 Job terminated.
	(1) Normal termination (return value 0)
		Usr 0 00:09:06, Sys 0 00:02:54  -  Run Remote Usage
		Usr 0 00:00:00, Sys 0 00:00:00  -  Run Local Usage
		Usr 0 00:09:06, Sys 0 00:02:54  -  Total Remote Usage
		Usr 0 00:00:00, Sys 0 00:00:00  -  Total Local Usage
	147606  -  Run Bytes Sent By Job
	1047  -  Run Bytes Received By Job
	147606  -  Total Bytes Sent By Job
	1047  -  Total Bytes Received By Job
	Partitionable Resources :    Usage  Request Allocated
	   Cpus                 :                 1         1
	   Disk (KB)            :      157        2    832486
	   Memory (MB)          :       58     2000      2000
...
006 (925630.003.000) 01/11 16:20:07 Image size of job updated: 113648
	58  -  MemoryUsage of job (MB)
	58864  -  ResidentSetSize of job (KB)
...
006 (925630.007.000) 01/11 16:25:57 Image size of job updated: 113560
	58  -  MemoryUsage of job (MB)
	59120  -  ResidentSetSize of job (KB)
...
006 (925630.001.000) 01/11 16:30:06 Image size of job updated: 113396
	58  -  MemoryUsage of job (MB)
	58892  -  ResidentSetSize of job (KB)
...
006 (925630.005.000) 01/11 16:45:08 Image size of job updated: 113800
	58  -  MemoryUsage of job (MB)
	59068  -  ResidentSetSize of job (KB)
...
006 (925630.001.000) 01/11 17:10:10 Image size of job updated: 113396
	58  -  MemoryUsage of job (MB)
	58924  -  ResidentSetSize of job (KB)
...
006 (925630.001.000) 01/11 17:15:10 Image size of job updated: 113396
	58  -  MemoryUsage of job (MB)
	58932  -  ResidentSetSize of job (KB)
...
006 (925630.003.000) 01/11 17:20:11 Image size of job updated: 113648
	58  -  MemoryUsage of job (MB)
	58904  -  ResidentSetSize of job (KB)
...
006 (925630.003.000) 01/11 17:40:13 Image size of job updated: 113648
	58  -  MemoryUsage of job (MB)
	58916  -  ResidentSetSize of job (KB)
...
006 (925630.001.000) 01/11 17:45:13 Image size of job updated: 113396
	58  -  MemoryUsage of job (MB)
	58956  -  ResidentSetSize of job (KB)
...
006 (925630.003.000) 01/11 17:45:14 Image size of job updated: 113648
	58  -  MemoryUsage of job (MB)
	58924  -  ResidentSetSize of job (KB)
...
005 (925630.001.000) 01/11 17:46:56 Job terminated.
	(1) Normal termination (return value 0)
		Usr 0 00:02:39, Sys 0 00:00:34  -  Run Remote Usage
		Usr 0 00:00:00, Sys 0 00:00:00  -  Run Local Usage
		Usr 0 00:02:39, Sys 0 00:00:34  -  Total Remote Usage
		Usr 0 00:00:00, Sys 0 00:00:00  -  Total Local Usage
	135389  -  Run Bytes Sent By Job
	1031  -  Run Bytes Received By Job
	135389  -  Total Bytes Sent By Job
	1031  -  Total Bytes Received By Job
	Partitionable Resources :    Usage  Request Allocated
	   Cpus                 :                 1         1
	   Disk (KB)            :      145        2   1964130
	   Memory (MB)          :       58     2000      2000
...
005 (925630.003.000) 01/11 17:54:43 Job terminated.
	(1) Normal termination (return value 0)
		Usr 0 00:02:06, Sys 0 00:00:27  -  Run Remote Usage
		Usr 0 00:00:00, Sys 0 00:00:00  -  Run Local Usage
		Usr 0 00:02:06, Sys 0 00:00:27  -  Total Remote Usage
		Usr 0 00:00:00, Sys 0 00:00:00  -  Total Local Usage
	133879  -  Run Bytes Sent By Job
	1051  -  Run Bytes Received By Job
	133879  -  Total Bytes Sent By Job
	1051  -  Total Bytes Received By Job
	Partitionable Resources :    Usage  Request Allocated
	   Cpus                 :                 1         1
	   Disk (KB)            :      144        2   2096785
	   Memory (MB)          :       58     2000      2000
...
006 (925630.007.000) 01/11 18:11:43 Image size of job updated: 113560
	59  -  MemoryUsage of job (MB)
	59540  -  ResidentSetSize of job (KB)
...
005 (925630.004.000) 01/11 18:14:46 Job terminated.
	(1) Normal termination (return value 0)
		Usr 0 00:02:21, Sys 0 00:00:28  -  Run Remote Usage
		Usr 0 00:00:00, Sys 0 00:00:00  -  Run Local Usage
		Usr 0 00:02:21, Sys 0 00:00:28  -  Total Remote Usage
		Usr 0 00:00:00, Sys 0 00:00:00  -  Total Local Usage
	153028  -  Run Bytes Sent By Job
	1027  -  Run Bytes Received By Job
	153028  -  Total Bytes Sent By Job
	1027  -  Total Bytes Received By Job
	Partitionable Resources :    Usage  Request Allocated
	   Cpus                 :                 1         1
	   Disk (KB)            :      162        2   1917298
	   Memory (MB)          :       58     2000      2000
...
005 (925630.007.000) 01/11 18:20:12 Job terminated.
	(1) Normal termination (return value 0)
		Usr 0 00:02:50, Sys 0 00:00:47  -  Run Remote Usage
		Usr 0 00:00:00, Sys 0 00:00:00  -  Run Local Usage
		Usr 0 00:02:50, Sys 0 00:00:47  -  Total Remote Usage
		Usr 0 00:00:00, Sys 0 00:00:00  -  Total Local Usage
	144140  -  Run Bytes Sent By Job
	1043  -  Run Bytes Received By Job
	144140  -  Total Bytes Sent By Job
	1043  -  Total Bytes Received By Job
	Partitionable Resources :    Usage  Request Allocated
	   Cpus                 :                 1         1
	   Disk (KB)            :      392        2   1044822
	   Memory (MB)          :       59     2000      2000
...
005 (925630.005.000) 01/11 18:23:54 Job terminated.
	(1) Normal termination (return value 0)
		Usr 0 00:02:38, Sys 0 00:00:41  -  Run Remote Usage
		Usr 0 00:00:00, Sys 0 00:00:00  -  Run Local Usage
		Usr 0 00:02:38, Sys 0 00:00:41  -  Total Remote Usage
		Usr 0 00:00:00, Sys 0 00:00:00  -  Total Local Usage
	145391  -  Run Bytes Sent By Job
	1023  -  Run Bytes Received By Job
	145391  -  Total Bytes Sent By Job
	1023  -  Total Bytes Received By Job
	Partitionable Resources :    Usage  Request Allocated
	   Cpus                 :                 1         1
	   Disk (KB)            :      155        2   1958917
	   Memory (MB)          :       58     2000      2000
...
