000 (925626.000.000) 01/11 14:51:35 Job submitted from host: <137.138.44.75:9618?addrs=137.138.44.75-9618+[2001-1458-d00-1a--b]-9618&noUDP&sock=124143_59c7_28>
...
000 (925626.001.000) 01/11 14:51:35 Job submitted from host: <137.138.44.75:9618?addrs=137.138.44.75-9618+[2001-1458-d00-1a--b]-9618&noUDP&sock=124143_59c7_28>
...
000 (925626.002.000) 01/11 14:51:35 Job submitted from host: <137.138.44.75:9618?addrs=137.138.44.75-9618+[2001-1458-d00-1a--b]-9618&noUDP&sock=124143_59c7_28>
...
000 (925626.003.000) 01/11 14:51:35 Job submitted from host: <137.138.44.75:9618?addrs=137.138.44.75-9618+[2001-1458-d00-1a--b]-9618&noUDP&sock=124143_59c7_28>
...
000 (925626.004.000) 01/11 14:51:35 Job submitted from host: <137.138.44.75:9618?addrs=137.138.44.75-9618+[2001-1458-d00-1a--b]-9618&noUDP&sock=124143_59c7_28>
...
000 (925626.005.000) 01/11 14:51:35 Job submitted from host: <137.138.44.75:9618?addrs=137.138.44.75-9618+[2001-1458-d00-1a--b]-9618&noUDP&sock=124143_59c7_28>
...
000 (925626.006.000) 01/11 14:51:35 Job submitted from host: <137.138.44.75:9618?addrs=137.138.44.75-9618+[2001-1458-d00-1a--b]-9618&noUDP&sock=124143_59c7_28>
...
000 (925626.007.000) 01/11 14:51:35 Job submitted from host: <137.138.44.75:9618?addrs=137.138.44.75-9618+[2001-1458-d00-1a--b]-9618&noUDP&sock=124143_59c7_28>
...
001 (925626.002.000) 01/11 14:54:41 Job executing on host: <128.142.129.145:9618?addrs=128.142.129.145-9618+[--1]-9618&noUDP&sock=32758_27e6_3>
...
001 (925626.006.000) 01/11 14:54:43 Job executing on host: <188.185.61.75:9618?addrs=188.185.61.75-9618+[--1]-9618&noUDP&sock=8562_b660_3>
...
001 (925626.001.000) 01/11 14:54:49 Job executing on host: <188.185.206.205:9618?addrs=188.185.206.205-9618+[--1]-9618&noUDP&sock=8643_458b_70>
...
006 (925626.002.000) 01/11 14:54:50 Image size of job updated: 1000
	1  -  MemoryUsage of job (MB)
	1000  -  ResidentSetSize of job (KB)
...
006 (925626.006.000) 01/11 14:54:52 Image size of job updated: 9832
	10  -  MemoryUsage of job (MB)
	9832  -  ResidentSetSize of job (KB)
...
006 (925626.001.000) 01/11 14:55:01 Image size of job updated: 740
	1  -  MemoryUsage of job (MB)
	736  -  ResidentSetSize of job (KB)
...
001 (925626.003.000) 01/11 14:55:04 Job executing on host: <188.185.250.242:9618?addrs=188.185.250.242-9618+[--1]-9618&noUDP&sock=492_5d17_36>
...
001 (925626.007.000) 01/11 14:55:06 Job executing on host: <188.185.219.137:9618?addrs=188.185.219.137-9618+[--1]-9618&noUDP&sock=7438_bdec_3>
...
001 (925626.000.000) 01/11 14:55:09 Job executing on host: <188.185.252.11:9618?addrs=188.185.252.11-9618+[--1]-9618&noUDP&sock=475_b3fb_101>
...
006 (925626.003.000) 01/11 14:55:14 Image size of job updated: 368
	1  -  MemoryUsage of job (MB)
	368  -  ResidentSetSize of job (KB)
...
006 (925626.007.000) 01/11 14:55:15 Image size of job updated: 416
	1  -  MemoryUsage of job (MB)
	416  -  ResidentSetSize of job (KB)
...
001 (925626.004.000) 01/11 14:55:17 Job executing on host: <188.185.226.73:9618?addrs=188.185.226.73-9618+[--1]-9618&noUDP&sock=8650_12b5_106>
...
006 (925626.000.000) 01/11 14:55:18 Image size of job updated: 360
	1  -  MemoryUsage of job (MB)
	360  -  ResidentSetSize of job (KB)
...
006 (925626.004.000) 01/11 14:55:27 Image size of job updated: 904
	1  -  MemoryUsage of job (MB)
	904  -  ResidentSetSize of job (KB)
...
001 (925626.005.000) 01/11 14:56:14 Job executing on host: <188.185.251.48:9618?addrs=188.185.251.48-9618+[--1]-9618&noUDP&sock=8570_3321_73>
...
006 (925626.005.000) 01/11 14:56:23 Image size of job updated: 352
	1  -  MemoryUsage of job (MB)
	352  -  ResidentSetSize of job (KB)
...
006 (925626.002.000) 01/11 14:59:50 Image size of job updated: 100276
	58  -  MemoryUsage of job (MB)
	58964  -  ResidentSetSize of job (KB)
...
006 (925626.006.000) 01/11 14:59:53 Image size of job updated: 113520
	58  -  MemoryUsage of job (MB)
	58840  -  ResidentSetSize of job (KB)
...
006 (925626.001.000) 01/11 14:59:59 Image size of job updated: 1004
	1  -  MemoryUsage of job (MB)
	1000  -  ResidentSetSize of job (KB)
...
006 (925626.007.000) 01/11 15:00:15 Image size of job updated: 39840
	20  -  MemoryUsage of job (MB)
	20128  -  ResidentSetSize of job (KB)
...
006 (925626.003.000) 01/11 15:00:16 Image size of job updated: 37024
	20  -  MemoryUsage of job (MB)
	19808  -  ResidentSetSize of job (KB)
...
006 (925626.000.000) 01/11 15:00:20 Image size of job updated: 34688
	20  -  MemoryUsage of job (MB)
	19728  -  ResidentSetSize of job (KB)
...
006 (925626.004.000) 01/11 15:00:27 Image size of job updated: 13204
	4  -  MemoryUsage of job (MB)
	3872  -  ResidentSetSize of job (KB)
...
006 (925626.005.000) 01/11 15:01:31 Image size of job updated: 10944
	4  -  MemoryUsage of job (MB)
	3236  -  ResidentSetSize of job (KB)
...
005 (925626.002.000) 01/11 15:01:38 Job terminated.
	(1) Normal termination (return value 0)
		Usr 0 00:01:34, Sys 0 00:00:23  -  Run Remote Usage
		Usr 0 00:00:00, Sys 0 00:00:00  -  Run Local Usage
		Usr 0 00:01:34, Sys 0 00:00:23  -  Total Remote Usage
		Usr 0 00:00:00, Sys 0 00:00:00  -  Total Local Usage
	114451  -  Run Bytes Sent By Job
	1074  -  Run Bytes Received By Job
	114451  -  Total Bytes Sent By Job
	1074  -  Total Bytes Received By Job
	Partitionable Resources :    Usage  Request Allocated
	   Cpus                 :                 1         1
	   Disk (KB)            :      125        2   1194860
	   Memory (MB)          :       58     2000      2000
...
006 (925626.006.000) 01/11 15:04:53 Image size of job updated: 113560
	58  -  MemoryUsage of job (MB)
	58872  -  ResidentSetSize of job (KB)
...
006 (925626.001.000) 01/11 15:04:59 Image size of job updated: 1372
	2  -  MemoryUsage of job (MB)
	1352  -  ResidentSetSize of job (KB)
...
006 (925626.007.000) 01/11 15:05:15 Image size of job updated: 113484
	58  -  MemoryUsage of job (MB)
	58800  -  ResidentSetSize of job (KB)
...
006 (925626.003.000) 01/11 15:05:16 Image size of job updated: 113348
	58  -  MemoryUsage of job (MB)
	58664  -  ResidentSetSize of job (KB)
...
006 (925626.000.000) 01/11 15:05:19 Image size of job updated: 82416
	35  -  MemoryUsage of job (MB)
	35784  -  ResidentSetSize of job (KB)
...
006 (925626.004.000) 01/11 15:05:30 Image size of job updated: 19824
	6  -  MemoryUsage of job (MB)
	5972  -  ResidentSetSize of job (KB)
...
006 (925626.005.000) 01/11 15:06:24 Image size of job updated: 23248
	9  -  MemoryUsage of job (MB)
	8696  -  ResidentSetSize of job (KB)
...
006 (925626.001.000) 01/11 15:10:00 Image size of job updated: 13216
	4  -  MemoryUsage of job (MB)
	3880  -  ResidentSetSize of job (KB)
...
006 (925626.003.000) 01/11 15:10:17 Image size of job updated: 113392
	58  -  MemoryUsage of job (MB)
	58700  -  ResidentSetSize of job (KB)
...
006 (925626.000.000) 01/11 15:10:19 Image size of job updated: 101944
	49  -  MemoryUsage of job (MB)
	49740  -  ResidentSetSize of job (KB)
...
006 (925626.004.000) 01/11 15:10:29 Image size of job updated: 73824
	43  -  MemoryUsage of job (MB)
	43020  -  ResidentSetSize of job (KB)
...
006 (925626.005.000) 01/11 15:11:48 Image size of job updated: 82580
	34  -  MemoryUsage of job (MB)
	33952  -  ResidentSetSize of job (KB)
...
006 (925626.006.000) 01/11 15:14:54 Image size of job updated: 113560
	58  -  MemoryUsage of job (MB)
	59048  -  ResidentSetSize of job (KB)
...
006 (925626.001.000) 01/11 15:15:00 Image size of job updated: 23264
	9  -  MemoryUsage of job (MB)
	8704  -  ResidentSetSize of job (KB)
...
006 (925626.007.000) 01/11 15:15:15 Image size of job updated: 113484
	58  -  MemoryUsage of job (MB)
	58872  -  ResidentSetSize of job (KB)
...
006 (925626.003.000) 01/11 15:15:18 Image size of job updated: 113392
	58  -  MemoryUsage of job (MB)
	58708  -  ResidentSetSize of job (KB)
...
006 (925626.000.000) 01/11 15:15:20 Image size of job updated: 107112
	58  -  MemoryUsage of job (MB)
	58728  -  ResidentSetSize of job (KB)
...
006 (925626.004.000) 01/11 15:15:29 Image size of job updated: 74304
	49  -  MemoryUsage of job (MB)
	49744  -  ResidentSetSize of job (KB)
...
006 (925626.005.000) 01/11 15:16:24 Image size of job updated: 97224
	58  -  MemoryUsage of job (MB)
	58892  -  ResidentSetSize of job (KB)
...
006 (925626.001.000) 01/11 15:20:01 Image size of job updated: 87840
	34  -  MemoryUsage of job (MB)
	33972  -  ResidentSetSize of job (KB)
...
006 (925626.007.000) 01/11 15:20:16 Image size of job updated: 113484
	58  -  MemoryUsage of job (MB)
	59016  -  ResidentSetSize of job (KB)
...
006 (925626.003.000) 01/11 15:20:18 Image size of job updated: 113392
	58  -  MemoryUsage of job (MB)
	58872  -  ResidentSetSize of job (KB)
...
006 (925626.000.000) 01/11 15:20:21 Image size of job updated: 107112
	58  -  MemoryUsage of job (MB)
	58768  -  ResidentSetSize of job (KB)
...
006 (925626.004.000) 01/11 15:20:54 Image size of job updated: 79316
	55  -  MemoryUsage of job (MB)
	55340  -  ResidentSetSize of job (KB)
...
006 (925626.006.000) 01/11 15:24:55 Image size of job updated: 113560
	58  -  MemoryUsage of job (MB)
	59056  -  ResidentSetSize of job (KB)
...
006 (925626.001.000) 01/11 15:25:01 Image size of job updated: 113300
	58  -  MemoryUsage of job (MB)
	58820  -  ResidentSetSize of job (KB)
...
006 (925626.007.000) 01/11 15:25:16 Image size of job updated: 113484
	58  -  MemoryUsage of job (MB)
	59052  -  ResidentSetSize of job (KB)
...
006 (925626.003.000) 01/11 15:25:19 Image size of job updated: 113392
	58  -  MemoryUsage of job (MB)
	58876  -  ResidentSetSize of job (KB)
...
006 (925626.004.000) 01/11 15:25:48 Image size of job updated: 81388
	58  -  MemoryUsage of job (MB)
	58832  -  ResidentSetSize of job (KB)
...
006 (925626.005.000) 01/11 15:26:25 Image size of job updated: 97320
	58  -  MemoryUsage of job (MB)
	58980  -  ResidentSetSize of job (KB)
...
006 (925626.006.000) 01/11 15:29:56 Image size of job updated: 113560
	58  -  MemoryUsage of job (MB)
	59060  -  ResidentSetSize of job (KB)
...
006 (925626.001.000) 01/11 15:30:01 Image size of job updated: 113332
	58  -  MemoryUsage of job (MB)
	58844  -  ResidentSetSize of job (KB)
...
006 (925626.007.000) 01/11 15:30:17 Image size of job updated: 113484
	58  -  MemoryUsage of job (MB)
	59056  -  ResidentSetSize of job (KB)
...
006 (925626.000.000) 01/11 15:30:23 Image size of job updated: 107112
	58  -  MemoryUsage of job (MB)
	58940  -  ResidentSetSize of job (KB)
...
006 (925626.004.000) 01/11 15:30:32 Image size of job updated: 81388
	58  -  MemoryUsage of job (MB)
	58852  -  ResidentSetSize of job (KB)
...
006 (925626.005.000) 01/11 15:31:25 Image size of job updated: 97572
	58  -  MemoryUsage of job (MB)
	59104  -  ResidentSetSize of job (KB)
...
006 (925626.006.000) 01/11 15:34:57 Image size of job updated: 113560
	58  -  MemoryUsage of job (MB)
	59064  -  ResidentSetSize of job (KB)
...
006 (925626.007.000) 01/11 15:35:19 Image size of job updated: 113484
	58  -  MemoryUsage of job (MB)
	59060  -  ResidentSetSize of job (KB)
...
006 (925626.003.000) 01/11 15:35:20 Image size of job updated: 113392
	58  -  MemoryUsage of job (MB)
	58880  -  ResidentSetSize of job (KB)
...
006 (925626.000.000) 01/11 15:35:23 Image size of job updated: 107112
	58  -  MemoryUsage of job (MB)
	58944  -  ResidentSetSize of job (KB)
...
006 (925626.005.000) 01/11 15:36:27 Image size of job updated: 97572
	58  -  MemoryUsage of job (MB)
	59160  -  ResidentSetSize of job (KB)
...
006 (925626.001.000) 01/11 15:40:03 Image size of job updated: 113332
	58  -  MemoryUsage of job (MB)
	59028  -  ResidentSetSize of job (KB)
...
006 (925626.003.000) 01/11 15:40:20 Image size of job updated: 113392
	58  -  MemoryUsage of job (MB)
	58884  -  ResidentSetSize of job (KB)
...
006 (925626.000.000) 01/11 15:40:23 Image size of job updated: 107112
	58  -  MemoryUsage of job (MB)
	58948  -  ResidentSetSize of job (KB)
...
006 (925626.004.000) 01/11 15:40:33 Image size of job updated: 81388
	58  -  MemoryUsage of job (MB)
	59040  -  ResidentSetSize of job (KB)
...
006 (925626.005.000) 01/11 15:46:28 Image size of job updated: 97572
	58  -  MemoryUsage of job (MB)
	59172  -  ResidentSetSize of job (KB)
...
006 (925626.001.000) 01/11 15:50:05 Image size of job updated: 113332
	58  -  MemoryUsage of job (MB)
	59036  -  ResidentSetSize of job (KB)
...
006 (925626.004.000) 01/11 15:55:34 Image size of job updated: 81388
	58  -  MemoryUsage of job (MB)
	59044  -  ResidentSetSize of job (KB)
...
006 (925626.001.000) 01/11 16:00:06 Image size of job updated: 113332
	58  -  MemoryUsage of job (MB)
	59040  -  ResidentSetSize of job (KB)
...
006 (925626.007.000) 01/11 16:05:21 Image size of job updated: 113484
	58  -  MemoryUsage of job (MB)
	59064  -  ResidentSetSize of job (KB)
...
006 (925626.003.000) 01/11 16:15:23 Image size of job updated: 113392
	58  -  MemoryUsage of job (MB)
	58912  -  ResidentSetSize of job (KB)
...
005 (925626.003.000) 01/11 16:26:02 Job terminated.
	(1) Normal termination (return value 0)
		Usr 0 00:01:30, Sys 0 00:00:20  -  Run Remote Usage
		Usr 0 00:00:00, Sys 0 00:00:00  -  Run Local Usage
		Usr 0 00:01:30, Sys 0 00:00:20  -  Total Remote Usage
		Usr 0 00:00:00, Sys 0 00:00:00  -  Total Local Usage
	112084  -  Run Bytes Sent By Job
	1070  -  Run Bytes Received By Job
	112084  -  Total Bytes Sent By Job
	1070  -  Total Bytes Received By Job
	Partitionable Resources :    Usage  Request Allocated
	   Cpus                 :                 1         1
	   Disk (KB)            :      316        2   1269341
	   Memory (MB)          :       58     2000      2000
...
006 (925626.006.000) 01/11 16:40:04 Image size of job updated: 113560
	58  -  MemoryUsage of job (MB)
	59068  -  ResidentSetSize of job (KB)
...
006 (925626.001.000) 01/11 16:40:10 Image size of job updated: 113332
	58  -  MemoryUsage of job (MB)
	59116  -  ResidentSetSize of job (KB)
...
006 (925626.007.000) 01/11 16:40:25 Image size of job updated: 113484
	58  -  MemoryUsage of job (MB)
	59068  -  ResidentSetSize of job (KB)
...
006 (925626.004.000) 01/11 16:41:06 Image size of job updated: 81388
	58  -  MemoryUsage of job (MB)
	59048  -  ResidentSetSize of job (KB)
...
005 (925626.006.000) 01/11 16:41:40 Job terminated.
	(1) Normal termination (return value 0)
		Usr 0 00:01:54, Sys 0 00:00:24  -  Run Remote Usage
		Usr 0 00:00:00, Sys 0 00:00:00  -  Run Local Usage
		Usr 0 00:01:54, Sys 0 00:00:24  -  Total Remote Usage
		Usr 0 00:00:00, Sys 0 00:00:00  -  Total Local Usage
	118361  -  Run Bytes Sent By Job
	1066  -  Run Bytes Received By Job
	118361  -  Total Bytes Sent By Job
	1066  -  Total Bytes Received By Job
	Partitionable Resources :    Usage  Request Allocated
	   Cpus                 :                 1         1
	   Disk (KB)            :      128        2   1759721
	   Memory (MB)          :       58     2000      2000
...
005 (925626.007.000) 01/11 16:43:33 Job terminated.
	(1) Normal termination (return value 0)
		Usr 0 00:01:52, Sys 0 00:00:27  -  Run Remote Usage
		Usr 0 00:00:00, Sys 0 00:00:00  -  Run Local Usage
		Usr 0 00:01:52, Sys 0 00:00:27  -  Total Remote Usage
		Usr 0 00:00:00, Sys 0 00:00:00  -  Total Local Usage
	117143  -  Run Bytes Sent By Job
	1062  -  Run Bytes Received By Job
	117143  -  Total Bytes Sent By Job
	1062  -  Total Bytes Received By Job
	Partitionable Resources :    Usage  Request Allocated
	   Cpus                 :                 1         1
	   Disk (KB)            :      127        2   1963293
	   Memory (MB)          :       58     2000      2000
...
005 (925626.000.000) 01/11 16:44:18 Job terminated.
	(1) Normal termination (return value 0)
		Usr 0 00:01:53, Sys 0 00:00:23  -  Run Remote Usage
		Usr 0 00:00:00, Sys 0 00:00:00  -  Run Local Usage
		Usr 0 00:01:53, Sys 0 00:00:23  -  Total Remote Usage
		Usr 0 00:00:00, Sys 0 00:00:00  -  Total Local Usage
	113856  -  Run Bytes Sent By Job
	1054  -  Run Bytes Received By Job
	113856  -  Total Bytes Sent By Job
	1054  -  Total Bytes Received By Job
	Partitionable Resources :    Usage  Request Allocated
	   Cpus                 :                 1         1
	   Disk (KB)            :      124        2   1091516
	   Memory (MB)          :       58     2000      2000
...
006 (925626.001.000) 01/11 16:50:12 Image size of job updated: 113332
	63  -  MemoryUsage of job (MB)
	63604  -  ResidentSetSize of job (KB)
...
006 (925626.005.000) 01/11 16:51:46 Image size of job updated: 97572
	58  -  MemoryUsage of job (MB)
	59192  -  ResidentSetSize of job (KB)
...
005 (925626.001.000) 01/11 16:51:47 Job terminated.
	(1) Normal termination (return value 0)
		Usr 0 00:01:47, Sys 0 00:00:19  -  Run Remote Usage
		Usr 0 00:00:00, Sys 0 00:00:00  -  Run Local Usage
		Usr 0 00:01:47, Sys 0 00:00:19  -  Total Remote Usage
		Usr 0 00:00:00, Sys 0 00:00:00  -  Total Local Usage
	135601  -  Run Bytes Sent By Job
	1050  -  Run Bytes Received By Job
	135601  -  Total Bytes Sent By Job
	1050  -  Total Bytes Received By Job
	Partitionable Resources :    Usage  Request Allocated
	   Cpus                 :                 1         1
	   Disk (KB)            :      171        2   1342121
	   Memory (MB)          :       63     2000      2000
...
006 (925626.004.000) 01/11 16:55:59 Image size of job updated: 81388
	58  -  MemoryUsage of job (MB)
	59060  -  ResidentSetSize of job (KB)
...
006 (925626.005.000) 01/11 16:56:48 Image size of job updated: 97572
	60  -  MemoryUsage of job (MB)
	60816  -  ResidentSetSize of job (KB)
...
006 (925626.004.000) 01/11 17:00:46 Image size of job updated: 81388
	58  -  MemoryUsage of job (MB)
	59064  -  ResidentSetSize of job (KB)
...
005 (925626.005.000) 01/11 17:02:13 Job terminated.
	(1) Normal termination (return value 0)
		Usr 0 00:01:45, Sys 0 00:00:23  -  Run Remote Usage
		Usr 0 00:00:00, Sys 0 00:00:00  -  Run Local Usage
		Usr 0 00:01:45, Sys 0 00:00:23  -  Total Remote Usage
		Usr 0 00:00:00, Sys 0 00:00:00  -  Total Local Usage
	131429  -  Run Bytes Sent By Job
	1042  -  Run Bytes Received By Job
	131429  -  Total Bytes Sent By Job
	1042  -  Total Bytes Received By Job
	Partitionable Resources :    Usage  Request Allocated
	   Cpus                 :                 1         1
	   Disk (KB)            :      141        2   2072963
	   Memory (MB)          :       60     2000      2000
...
006 (925626.004.000) 01/11 17:05:53 Image size of job updated: 90820
	63  -  MemoryUsage of job (MB)
	64012  -  ResidentSetSize of job (KB)
...
005 (925626.004.000) 01/11 17:09:08 Job terminated.
	(1) Normal termination (return value 0)
		Usr 0 00:01:54, Sys 0 00:00:27  -  Run Remote Usage
		Usr 0 00:00:00, Sys 0 00:00:00  -  Run Local Usage
		Usr 0 00:01:54, Sys 0 00:00:27  -  Total Remote Usage
		Usr 0 00:00:00, Sys 0 00:00:00  -  Total Local Usage
	117974  -  Run Bytes Sent By Job
	1046  -  Run Bytes Received By Job
	117974  -  Total Bytes Sent By Job
	1046  -  Total Bytes Received By Job
	Partitionable Resources :    Usage  Request Allocated
	   Cpus                 :                 1         1
	   Disk (KB)            :      247        2    977320
	   Memory (MB)          :       63     2000      2000
...
