000 (925629.000.000) 01/11 14:52:21 Job submitted from host: <137.138.44.75:9618?addrs=137.138.44.75-9618+[2001-1458-d00-1a--b]-9618&noUDP&sock=124143_59c7_28>
...
000 (925629.001.000) 01/11 14:52:21 Job submitted from host: <137.138.44.75:9618?addrs=137.138.44.75-9618+[2001-1458-d00-1a--b]-9618&noUDP&sock=124143_59c7_28>
...
000 (925629.002.000) 01/11 14:52:21 Job submitted from host: <137.138.44.75:9618?addrs=137.138.44.75-9618+[2001-1458-d00-1a--b]-9618&noUDP&sock=124143_59c7_28>
...
000 (925629.003.000) 01/11 14:52:21 Job submitted from host: <137.138.44.75:9618?addrs=137.138.44.75-9618+[2001-1458-d00-1a--b]-9618&noUDP&sock=124143_59c7_28>
...
000 (925629.004.000) 01/11 14:52:21 Job submitted from host: <137.138.44.75:9618?addrs=137.138.44.75-9618+[2001-1458-d00-1a--b]-9618&noUDP&sock=124143_59c7_28>
...
000 (925629.005.000) 01/11 14:52:21 Job submitted from host: <137.138.44.75:9618?addrs=137.138.44.75-9618+[2001-1458-d00-1a--b]-9618&noUDP&sock=124143_59c7_28>
...
000 (925629.006.000) 01/11 14:52:21 Job submitted from host: <137.138.44.75:9618?addrs=137.138.44.75-9618+[2001-1458-d00-1a--b]-9618&noUDP&sock=124143_59c7_28>
...
000 (925629.007.000) 01/11 14:52:21 Job submitted from host: <137.138.44.75:9618?addrs=137.138.44.75-9618+[2001-1458-d00-1a--b]-9618&noUDP&sock=124143_59c7_28>
...
001 (925629.001.000) 01/11 14:54:44 Job executing on host: <188.185.52.169:9618?addrs=188.185.52.169-9618+[--1]-9618&noUDP&sock=8662_4dd8_3>
...
001 (925629.003.000) 01/11 14:54:47 Job executing on host: <188.185.52.108:9618?addrs=188.185.52.108-9618+[--1]-9618&noUDP&sock=8818_6f0b_3>
...
001 (925629.000.000) 01/11 14:54:49 Job executing on host: <128.142.139.20:9618?addrs=128.142.139.20-9618+[--1]-9618&noUDP&sock=8440_07d2_131>
...
006 (925629.001.000) 01/11 14:54:52 Image size of job updated: 1036
	2  -  MemoryUsage of job (MB)
	1036  -  ResidentSetSize of job (KB)
...
001 (925629.006.000) 01/11 14:54:54 Job executing on host: <188.185.243.188:9618?addrs=188.185.243.188-9618+[--1]-9618&noUDP&sock=7465_42fb_3>
...
001 (925629.007.000) 01/11 14:54:55 Job executing on host: <188.185.255.70:9618?addrs=188.185.255.70-9618+[--1]-9618&noUDP&sock=6400_c29e_3>
...
006 (925629.003.000) 01/11 14:54:56 Image size of job updated: 816
	1  -  MemoryUsage of job (MB)
	816  -  ResidentSetSize of job (KB)
...
006 (925629.000.000) 01/11 14:54:58 Image size of job updated: 16560
	5  -  MemoryUsage of job (MB)
	4588  -  ResidentSetSize of job (KB)
...
006 (925629.006.000) 01/11 14:55:03 Image size of job updated: 1176
	2  -  MemoryUsage of job (MB)
	1176  -  ResidentSetSize of job (KB)
...
006 (925629.007.000) 01/11 14:55:03 Image size of job updated: 424
	1  -  MemoryUsage of job (MB)
	424  -  ResidentSetSize of job (KB)
...
001 (925629.005.000) 01/11 14:55:13 Job executing on host: <188.185.226.91:9618?addrs=188.185.226.91-9618+[--1]-9618&noUDP&sock=8485_8ce0_143>
...
006 (925629.005.000) 01/11 14:55:21 Image size of job updated: 996
	1  -  MemoryUsage of job (MB)
	996  -  ResidentSetSize of job (KB)
...
001 (925629.002.000) 01/11 14:55:36 Job executing on host: <188.185.232.232:9618?addrs=188.185.232.232-9618+[--1]-9618&noUDP&sock=3524_103d_80>
...
006 (925629.002.000) 01/11 14:55:45 Image size of job updated: 360
	1  -  MemoryUsage of job (MB)
	356  -  ResidentSetSize of job (KB)
...
006 (925629.001.000) 01/11 14:59:52 Image size of job updated: 86992
	34  -  MemoryUsage of job (MB)
	33956  -  ResidentSetSize of job (KB)
...
006 (925629.003.000) 01/11 14:59:57 Image size of job updated: 13356
	4  -  MemoryUsage of job (MB)
	3944  -  ResidentSetSize of job (KB)
...
006 (925629.000.000) 01/11 14:59:59 Image size of job updated: 125676
	58  -  MemoryUsage of job (MB)
	58928  -  ResidentSetSize of job (KB)
...
006 (925629.006.000) 01/11 15:00:03 Image size of job updated: 35588
	20  -  MemoryUsage of job (MB)
	19752  -  ResidentSetSize of job (KB)
...
006 (925629.007.000) 01/11 15:00:03 Image size of job updated: 34688
	20  -  MemoryUsage of job (MB)
	19740  -  ResidentSetSize of job (KB)
...
006 (925629.005.000) 01/11 15:00:21 Image size of job updated: 19032
	7  -  MemoryUsage of job (MB)
	6432  -  ResidentSetSize of job (KB)
...
001 (925629.004.000) 01/11 15:00:26 Job executing on host: <188.184.212.80:9618?addrs=188.184.212.80-9618+[--1]-9618&noUDP&sock=3751_c43d_3>
...
006 (925629.004.000) 01/11 15:00:35 Image size of job updated: 18080
	6  -  MemoryUsage of job (MB)
	5344  -  ResidentSetSize of job (KB)
...
006 (925629.002.000) 01/11 15:00:47 Image size of job updated: 1520
	2  -  MemoryUsage of job (MB)
	1208  -  ResidentSetSize of job (KB)
...
006 (925629.001.000) 01/11 15:04:53 Image size of job updated: 113468
	58  -  MemoryUsage of job (MB)
	58800  -  ResidentSetSize of job (KB)
...
006 (925629.003.000) 01/11 15:04:58 Image size of job updated: 34592
	20  -  MemoryUsage of job (MB)
	19736  -  ResidentSetSize of job (KB)
...
006 (925629.000.000) 01/11 15:04:59 Image size of job updated: 125676
	58  -  MemoryUsage of job (MB)
	58940  -  ResidentSetSize of job (KB)
...
006 (925629.006.000) 01/11 15:05:03 Image size of job updated: 113520
	58  -  MemoryUsage of job (MB)
	58836  -  ResidentSetSize of job (KB)
...
006 (925629.007.000) 01/11 15:05:04 Image size of job updated: 113468
	58  -  MemoryUsage of job (MB)
	58784  -  ResidentSetSize of job (KB)
...
006 (925629.005.000) 01/11 15:05:21 Image size of job updated: 83668
	34  -  MemoryUsage of job (MB)
	33952  -  ResidentSetSize of job (KB)
...
006 (925629.004.000) 01/11 15:05:36 Image size of job updated: 113828
	58  -  MemoryUsage of job (MB)
	59036  -  ResidentSetSize of job (KB)
...
006 (925629.002.000) 01/11 15:05:46 Image size of job updated: 10232
	10  -  MemoryUsage of job (MB)
	9832  -  ResidentSetSize of job (KB)
...
006 (925629.001.000) 01/11 15:09:54 Image size of job updated: 113468
	58  -  MemoryUsage of job (MB)
	58824  -  ResidentSetSize of job (KB)
...
006 (925629.003.000) 01/11 15:09:58 Image size of job updated: 113316
	58  -  MemoryUsage of job (MB)
	58648  -  ResidentSetSize of job (KB)
...
006 (925629.006.000) 01/11 15:10:04 Image size of job updated: 113560
	58  -  MemoryUsage of job (MB)
	58868  -  ResidentSetSize of job (KB)
...
006 (925629.007.000) 01/11 15:10:05 Image size of job updated: 113552
	58  -  MemoryUsage of job (MB)
	58860  -  ResidentSetSize of job (KB)
...
006 (925629.005.000) 01/11 15:10:24 Image size of job updated: 112260
	58  -  MemoryUsage of job (MB)
	58884  -  ResidentSetSize of job (KB)
...
006 (925629.004.000) 01/11 15:10:36 Image size of job updated: 113832
	58  -  MemoryUsage of job (MB)
	59040  -  ResidentSetSize of job (KB)
...
006 (925629.001.000) 01/11 15:14:54 Image size of job updated: 113532
	58  -  MemoryUsage of job (MB)
	58864  -  ResidentSetSize of job (KB)
...
006 (925629.003.000) 01/11 15:14:59 Image size of job updated: 113356
	58  -  MemoryUsage of job (MB)
	58680  -  ResidentSetSize of job (KB)
...
006 (925629.000.000) 01/11 15:15:01 Image size of job updated: 125676
	58  -  MemoryUsage of job (MB)
	58944  -  ResidentSetSize of job (KB)
...
006 (925629.004.000) 01/11 15:15:36 Image size of job updated: 113836
	58  -  MemoryUsage of job (MB)
	59044  -  ResidentSetSize of job (KB)
...
006 (925629.002.000) 01/11 15:15:48 Image size of job updated: 13928
	10  -  MemoryUsage of job (MB)
	9832  -  ResidentSetSize of job (KB)
...
006 (925629.001.000) 01/11 15:19:55 Image size of job updated: 113760
	58  -  MemoryUsage of job (MB)
	59016  -  ResidentSetSize of job (KB)
...
006 (925629.003.000) 01/11 15:20:00 Image size of job updated: 113556
	58  -  MemoryUsage of job (MB)
	58784  -  ResidentSetSize of job (KB)
...
006 (925629.006.000) 01/11 15:20:04 Image size of job updated: 113560
	58  -  MemoryUsage of job (MB)
	59040  -  ResidentSetSize of job (KB)
...
006 (925629.007.000) 01/11 15:20:05 Image size of job updated: 113832
	58  -  MemoryUsage of job (MB)
	59040  -  ResidentSetSize of job (KB)
...
006 (925629.005.000) 01/11 15:20:31 Image size of job updated: 112260
	58  -  MemoryUsage of job (MB)
	58972  -  ResidentSetSize of job (KB)
...
006 (925629.002.000) 01/11 15:20:49 Image size of job updated: 19064
	10  -  MemoryUsage of job (MB)
	9832  -  ResidentSetSize of job (KB)
...
006 (925629.001.000) 01/11 15:24:56 Image size of job updated: 113764
	58  -  MemoryUsage of job (MB)
	59020  -  ResidentSetSize of job (KB)
...
006 (925629.003.000) 01/11 15:25:00 Image size of job updated: 113624
	58  -  MemoryUsage of job (MB)
	58848  -  ResidentSetSize of job (KB)
...
006 (925629.007.000) 01/11 15:25:06 Image size of job updated: 113836
	58  -  MemoryUsage of job (MB)
	59044  -  ResidentSetSize of job (KB)
...
006 (925629.005.000) 01/11 15:25:30 Image size of job updated: 112260
	58  -  MemoryUsage of job (MB)
	59004  -  ResidentSetSize of job (KB)
...
006 (925629.004.000) 01/11 15:25:38 Image size of job updated: 113840
	58  -  MemoryUsage of job (MB)
	59048  -  ResidentSetSize of job (KB)
...
006 (925629.002.000) 01/11 15:25:49 Image size of job updated: 21808
	10  -  MemoryUsage of job (MB)
	9832  -  ResidentSetSize of job (KB)
...
006 (925629.001.000) 01/11 15:29:56 Image size of job updated: 113764
	58  -  MemoryUsage of job (MB)
	59024  -  ResidentSetSize of job (KB)
...
006 (925629.003.000) 01/11 15:30:01 Image size of job updated: 113624
	58  -  MemoryUsage of job (MB)
	58852  -  ResidentSetSize of job (KB)
...
006 (925629.006.000) 01/11 15:30:06 Image size of job updated: 113560
	58  -  MemoryUsage of job (MB)
	59044  -  ResidentSetSize of job (KB)
...
006 (925629.005.000) 01/11 15:30:31 Image size of job updated: 112260
	58  -  MemoryUsage of job (MB)
	59152  -  ResidentSetSize of job (KB)
...
006 (925629.002.000) 01/11 15:30:49 Image size of job updated: 94496
	42  -  MemoryUsage of job (MB)
	42000  -  ResidentSetSize of job (KB)
...
006 (925629.002.000) 01/11 15:35:50 Image size of job updated: 94496
	49  -  MemoryUsage of job (MB)
	49756  -  ResidentSetSize of job (KB)
...
006 (925629.006.000) 01/11 15:40:07 Image size of job updated: 113560
	58  -  MemoryUsage of job (MB)
	59048  -  ResidentSetSize of job (KB)
...
006 (925629.004.000) 01/11 15:40:40 Image size of job updated: 120776
	63  -  MemoryUsage of job (MB)
	63528  -  ResidentSetSize of job (KB)
...
006 (925629.002.000) 01/11 15:40:53 Image size of job updated: 94496
	58  -  MemoryUsage of job (MB)
	58732  -  ResidentSetSize of job (KB)
...
005 (925629.004.000) 01/11 15:41:04 Job terminated.
	(1) Normal termination (return value 0)
		Usr 0 00:02:40, Sys 0 00:00:28  -  Run Remote Usage
		Usr 0 00:00:00, Sys 0 00:00:00  -  Run Local Usage
		Usr 0 00:02:40, Sys 0 00:00:28  -  Total Remote Usage
		Usr 0 00:00:00, Sys 0 00:00:00  -  Total Local Usage
	151366  -  Run Bytes Sent By Job
	1063  -  Run Bytes Received By Job
	151366  -  Total Bytes Sent By Job
	1063  -  Total Bytes Received By Job
	Partitionable Resources :    Usage  Request Allocated
	   Cpus                 :                 1         1
	   Disk (KB)            :      184        2   2061358
	   Memory (MB)          :       63     2000      2000
...
006 (925629.002.000) 01/11 15:45:51 Image size of job updated: 94496
	58  -  MemoryUsage of job (MB)
	58756  -  ResidentSetSize of job (KB)
...
006 (925629.000.000) 01/11 15:50:05 Image size of job updated: 125676
	62  -  MemoryUsage of job (MB)
	63352  -  ResidentSetSize of job (KB)
...
006 (925629.002.000) 01/11 15:50:52 Image size of job updated: 94496
	58  -  MemoryUsage of job (MB)
	58816  -  ResidentSetSize of job (KB)
...
005 (925629.000.000) 01/11 15:50:59 Job terminated.
	(1) Normal termination (return value 0)
		Usr 0 00:09:29, Sys 0 00:02:38  -  Run Remote Usage
		Usr 0 00:00:00, Sys 0 00:00:00  -  Run Local Usage
		Usr 0 00:09:29, Sys 0 00:02:38  -  Total Remote Usage
		Usr 0 00:00:00, Sys 0 00:00:00  -  Total Local Usage
	142346  -  Run Bytes Sent By Job
	1071  -  Run Bytes Received By Job
	142346  -  Total Bytes Sent By Job
	1071  -  Total Bytes Received By Job
	Partitionable Resources :    Usage  Request Allocated
	   Cpus                 :                 1         1
	   Disk (KB)            :      173        2   1932172
	   Memory (MB)          :       62     2000      2000
...
006 (925629.002.000) 01/11 15:55:54 Image size of job updated: 94496
	58  -  MemoryUsage of job (MB)
	58944  -  ResidentSetSize of job (KB)
...
006 (925629.003.000) 01/11 16:00:03 Image size of job updated: 113624
	58  -  MemoryUsage of job (MB)
	58856  -  ResidentSetSize of job (KB)
...
006 (925629.005.000) 01/11 16:10:35 Image size of job updated: 112260
	58  -  MemoryUsage of job (MB)
	59156  -  ResidentSetSize of job (KB)
...
006 (925629.005.000) 01/11 16:15:37 Image size of job updated: 112260
	58  -  MemoryUsage of job (MB)
	59160  -  ResidentSetSize of job (KB)
...
006 (925629.002.000) 01/11 16:20:54 Image size of job updated: 94496
	58  -  MemoryUsage of job (MB)
	58948  -  ResidentSetSize of job (KB)
...
006 (925629.007.000) 01/11 16:40:14 Image size of job updated: 113836
	58  -  MemoryUsage of job (MB)
	59048  -  ResidentSetSize of job (KB)
...
006 (925629.001.000) 01/11 16:55:05 Image size of job updated: 113764
	58  -  MemoryUsage of job (MB)
	59048  -  ResidentSetSize of job (KB)
...
006 (925629.001.000) 01/11 17:00:06 Image size of job updated: 113764
	58  -  MemoryUsage of job (MB)
	59060  -  ResidentSetSize of job (KB)
...
006 (925629.002.000) 01/11 17:00:57 Image size of job updated: 94496
	58  -  MemoryUsage of job (MB)
	58952  -  ResidentSetSize of job (KB)
...
006 (925629.002.000) 01/11 17:05:57 Image size of job updated: 94496
	58  -  MemoryUsage of job (MB)
	58956  -  ResidentSetSize of job (KB)
...
006 (925629.005.000) 01/11 17:10:41 Image size of job updated: 112260
	58  -  MemoryUsage of job (MB)
	59176  -  ResidentSetSize of job (KB)
...
006 (925629.001.000) 01/11 17:15:08 Image size of job updated: 113764
	58  -  MemoryUsage of job (MB)
	59132  -  ResidentSetSize of job (KB)
...
006 (925629.003.000) 01/11 17:15:13 Image size of job updated: 113624
	58  -  MemoryUsage of job (MB)
	58892  -  ResidentSetSize of job (KB)
...
006 (925629.003.000) 01/11 17:30:14 Image size of job updated: 113624
	58  -  MemoryUsage of job (MB)
	58896  -  ResidentSetSize of job (KB)
...
006 (925629.003.000) 01/11 17:35:14 Image size of job updated: 113624
	58  -  MemoryUsage of job (MB)
	58908  -  ResidentSetSize of job (KB)
...
006 (925629.001.000) 01/11 17:40:10 Image size of job updated: 113764
	58  -  MemoryUsage of job (MB)
	59152  -  ResidentSetSize of job (KB)
...
006 (925629.003.000) 01/11 17:40:15 Image size of job updated: 113624
	58  -  MemoryUsage of job (MB)
	58916  -  ResidentSetSize of job (KB)
...
006 (925629.001.000) 01/11 17:45:11 Image size of job updated: 113764
	58  -  MemoryUsage of job (MB)
	59168  -  ResidentSetSize of job (KB)
...
006 (925629.003.000) 01/11 17:45:15 Image size of job updated: 113624
	58  -  MemoryUsage of job (MB)
	58928  -  ResidentSetSize of job (KB)
...
005 (925629.003.000) 01/11 17:46:58 Job terminated.
	(1) Normal termination (return value 0)
		Usr 0 00:02:25, Sys 0 00:00:34  -  Run Remote Usage
		Usr 0 00:00:00, Sys 0 00:00:00  -  Run Local Usage
		Usr 0 00:02:25, Sys 0 00:00:34  -  Total Remote Usage
		Usr 0 00:00:00, Sys 0 00:00:00  -  Total Local Usage
	138066  -  Run Bytes Sent By Job
	1087  -  Run Bytes Received By Job
	138066  -  Total Bytes Sent By Job
	1087  -  Total Bytes Received By Job
	Partitionable Resources :    Usage  Request Allocated
	   Cpus                 :                 1         1
	   Disk (KB)            :      148        2   2125109
	   Memory (MB)          :       58     2000      2000
...
005 (925629.001.000) 01/11 17:49:25 Job terminated.
	(1) Normal termination (return value 0)
		Usr 0 00:02:18, Sys 0 00:00:24  -  Run Remote Usage
		Usr 0 00:00:00, Sys 0 00:00:00  -  Run Local Usage
		Usr 0 00:02:18, Sys 0 00:00:24  -  Total Remote Usage
		Usr 0 00:00:00, Sys 0 00:00:00  -  Total Local Usage
	161844  -  Run Bytes Sent By Job
	1067  -  Run Bytes Received By Job
	161844  -  Total Bytes Sent By Job
	1067  -  Total Bytes Received By Job
	Partitionable Resources :    Usage  Request Allocated
	   Cpus                 :                 1         1
	   Disk (KB)            :      171        2   2143973
	   Memory (MB)          :       58     2000      2000
...
006 (925629.007.000) 01/11 17:55:21 Image size of job updated: 113836
	58  -  MemoryUsage of job (MB)
	59068  -  ResidentSetSize of job (KB)
...
006 (925629.007.000) 01/11 17:59:25 Image size of job updated: 184756
	58  -  MemoryUsage of job (MB)
	59068  -  ResidentSetSize of job (KB)
...
005 (925629.007.000) 01/11 17:59:26 Job terminated.
	(1) Normal termination (return value 0)
		Usr 0 00:03:09, Sys 0 00:00:47  -  Run Remote Usage
		Usr 0 00:00:00, Sys 0 00:00:00  -  Run Local Usage
		Usr 0 00:03:09, Sys 0 00:00:47  -  Total Remote Usage
		Usr 0 00:00:00, Sys 0 00:00:00  -  Total Local Usage
	147919  -  Run Bytes Sent By Job
	1079  -  Run Bytes Received By Job
	147919  -  Total Bytes Sent By Job
	1079  -  Total Bytes Received By Job
	Partitionable Resources :    Usage  Request Allocated
	   Cpus                 :                 1         1
	   Disk (KB)            :      157        2   1209541
	   Memory (MB)          :       58     2000      2000
...
006 (925629.006.000) 01/11 18:04:19 Image size of job updated: 374664
	58  -  MemoryUsage of job (MB)
	59048  -  ResidentSetSize of job (KB)
...
005 (925629.006.000) 01/11 18:04:19 Job terminated.
	(1) Normal termination (return value 0)
		Usr 0 00:03:04, Sys 0 00:00:49  -  Run Remote Usage
		Usr 0 00:00:00, Sys 0 00:00:00  -  Run Local Usage
		Usr 0 00:03:04, Sys 0 00:00:49  -  Total Remote Usage
		Usr 0 00:00:00, Sys 0 00:00:00  -  Total Local Usage
	151196  -  Run Bytes Sent By Job
	1083  -  Run Bytes Received By Job
	151196  -  Total Bytes Sent By Job
	1083  -  Total Bytes Received By Job
	Partitionable Resources :    Usage  Request Allocated
	   Cpus                 :                 1         1
	   Disk (KB)            :      160        2   2036269
	   Memory (MB)          :       58     2000      2000
...
006 (925629.005.000) 01/11 18:10:50 Image size of job updated: 112260
	59  -  MemoryUsage of job (MB)
	60096  -  ResidentSetSize of job (KB)
...
005 (925629.005.000) 01/11 18:16:45 Job terminated.
	(1) Normal termination (return value 0)
		Usr 0 00:03:02, Sys 0 00:00:47  -  Run Remote Usage
		Usr 0 00:00:00, Sys 0 00:00:00  -  Run Local Usage
		Usr 0 00:03:02, Sys 0 00:00:47  -  Total Remote Usage
		Usr 0 00:00:00, Sys 0 00:00:00  -  Total Local Usage
	162698  -  Run Bytes Sent By Job
	1059  -  Run Bytes Received By Job
	162698  -  Total Bytes Sent By Job
	1059  -  Total Bytes Received By Job
	Partitionable Resources :    Usage  Request Allocated
	   Cpus                 :                 1         1
	   Disk (KB)            :      231        2   1973434
	   Memory (MB)          :       59     2000      2000
...
005 (925629.002.000) 01/11 18:23:06 Job terminated.
	(1) Normal termination (return value 0)
		Usr 0 00:03:11, Sys 0 00:00:52  -  Run Remote Usage
		Usr 0 00:00:00, Sys 0 00:00:00  -  Run Local Usage
		Usr 0 00:03:11, Sys 0 00:00:52  -  Total Remote Usage
		Usr 0 00:00:00, Sys 0 00:00:00  -  Total Local Usage
	142582  -  Run Bytes Sent By Job
	1091  -  Run Bytes Received By Job
	142582  -  Total Bytes Sent By Job
	1091  -  Total Bytes Received By Job
	Partitionable Resources :    Usage  Request Allocated
	   Cpus                 :                 1         1
	   Disk (KB)            :      373        2   1985544
	   Memory (MB)          :       58     2000      2000
...
