000 (972550.000.000) 01/21 16:09:12 Job submitted from host: <137.138.44.75:9618?addrs=137.138.44.75-9618+[2001-1458-d00-1a--b]-9618&noUDP&sock=124143_59c7_28>
...
000 (972550.001.000) 01/21 16:09:12 Job submitted from host: <137.138.44.75:9618?addrs=137.138.44.75-9618+[2001-1458-d00-1a--b]-9618&noUDP&sock=124143_59c7_28>
...
000 (972550.002.000) 01/21 16:09:12 Job submitted from host: <137.138.44.75:9618?addrs=137.138.44.75-9618+[2001-1458-d00-1a--b]-9618&noUDP&sock=124143_59c7_28>
...
000 (972550.003.000) 01/21 16:09:12 Job submitted from host: <137.138.44.75:9618?addrs=137.138.44.75-9618+[2001-1458-d00-1a--b]-9618&noUDP&sock=124143_59c7_28>
...
000 (972550.004.000) 01/21 16:09:12 Job submitted from host: <137.138.44.75:9618?addrs=137.138.44.75-9618+[2001-1458-d00-1a--b]-9618&noUDP&sock=124143_59c7_28>
...
000 (972550.005.000) 01/21 16:09:12 Job submitted from host: <137.138.44.75:9618?addrs=137.138.44.75-9618+[2001-1458-d00-1a--b]-9618&noUDP&sock=124143_59c7_28>
...
000 (972550.006.000) 01/21 16:09:12 Job submitted from host: <137.138.44.75:9618?addrs=137.138.44.75-9618+[2001-1458-d00-1a--b]-9618&noUDP&sock=124143_59c7_28>
...
000 (972550.007.000) 01/21 16:09:13 Job submitted from host: <137.138.44.75:9618?addrs=137.138.44.75-9618+[2001-1458-d00-1a--b]-9618&noUDP&sock=124143_59c7_28>
...
000 (972550.008.000) 01/21 16:09:13 Job submitted from host: <137.138.44.75:9618?addrs=137.138.44.75-9618+[2001-1458-d00-1a--b]-9618&noUDP&sock=124143_59c7_28>
...
000 (972550.009.000) 01/21 16:09:13 Job submitted from host: <137.138.44.75:9618?addrs=137.138.44.75-9618+[2001-1458-d00-1a--b]-9618&noUDP&sock=124143_59c7_28>
...
000 (972550.010.000) 01/21 16:09:13 Job submitted from host: <137.138.44.75:9618?addrs=137.138.44.75-9618+[2001-1458-d00-1a--b]-9618&noUDP&sock=124143_59c7_28>
...
000 (972550.011.000) 01/21 16:09:13 Job submitted from host: <137.138.44.75:9618?addrs=137.138.44.75-9618+[2001-1458-d00-1a--b]-9618&noUDP&sock=124143_59c7_28>
...
000 (972550.012.000) 01/21 16:09:13 Job submitted from host: <137.138.44.75:9618?addrs=137.138.44.75-9618+[2001-1458-d00-1a--b]-9618&noUDP&sock=124143_59c7_28>
...
000 (972550.013.000) 01/21 16:09:13 Job submitted from host: <137.138.44.75:9618?addrs=137.138.44.75-9618+[2001-1458-d00-1a--b]-9618&noUDP&sock=124143_59c7_28>
...
000 (972550.014.000) 01/21 16:09:14 Job submitted from host: <137.138.44.75:9618?addrs=137.138.44.75-9618+[2001-1458-d00-1a--b]-9618&noUDP&sock=124143_59c7_28>
...
000 (972550.015.000) 01/21 16:09:14 Job submitted from host: <137.138.44.75:9618?addrs=137.138.44.75-9618+[2001-1458-d00-1a--b]-9618&noUDP&sock=124143_59c7_28>
...
001 (972550.002.000) 01/21 16:18:09 Job executing on host: <188.184.132.141:9618?addrs=188.184.132.141-9618+[--1]-9618&noUDP&sock=8873_ebcd_3>
...
001 (972550.000.000) 01/21 16:18:11 Job executing on host: <188.184.206.200:9618?addrs=188.184.206.200-9618+[--1]-9618&noUDP&sock=8807_137b_3>
...
001 (972550.003.000) 01/21 16:18:11 Job executing on host: <188.184.204.192:9618?addrs=188.184.204.192-9618+[--1]-9618&noUDP&sock=8782_8e6d_3>
...
001 (972550.005.000) 01/21 16:18:12 Job executing on host: <137.138.119.118:9618?addrs=137.138.119.118-9618+[--1]-9618&noUDP&sock=8197_dd8c_3>
...
001 (972550.004.000) 01/21 16:18:13 Job executing on host: <188.184.180.146:9618?addrs=188.184.180.146-9618+[--1]-9618&noUDP&sock=8893_b44b_95>
...
001 (972550.001.000) 01/21 16:18:13 Job executing on host: <188.184.203.10:9618?addrs=188.184.203.10-9618+[--1]-9618&noUDP&sock=8865_8b92_3>
...
001 (972550.008.000) 01/21 16:18:13 Job executing on host: <188.184.201.115:9618?addrs=188.184.201.115-9618+[--1]-9618&noUDP&sock=8803_04b3_3>
...
001 (972550.009.000) 01/21 16:18:13 Job executing on host: <188.184.201.153:9618?addrs=188.184.201.153-9618+[--1]-9618&noUDP&sock=8914_5d67_3>
...
001 (972550.007.000) 01/21 16:18:13 Job executing on host: <188.184.186.31:9618?addrs=188.184.186.31-9618+[--1]-9618&noUDP&sock=8908_0a24_3>
...
001 (972550.015.000) 01/21 16:18:16 Job executing on host: <128.142.240.13:9618?addrs=128.142.240.13-9618+[--1]-9618&noUDP&sock=8917_367e_3>
...
001 (972550.006.000) 01/21 16:18:16 Job executing on host: <137.138.43.7:9618?addrs=137.138.43.7-9618+[--1]-9618&noUDP&sock=26469_6cca_3>
...
001 (972550.012.000) 01/21 16:18:16 Job executing on host: <188.184.132.209:9618?addrs=188.184.132.209-9618+[--1]-9618&noUDP&sock=8800_f5ea_146>
...
001 (972550.010.000) 01/21 16:18:16 Job executing on host: <137.138.46.6:9618?addrs=137.138.46.6-9618+[--1]-9618&noUDP&sock=29619_101d_3>
...
001 (972550.013.000) 01/21 16:18:17 Job executing on host: <188.184.207.97:9618?addrs=188.184.207.97-9618+[--1]-9618&noUDP&sock=8873_abfe_126>
...
001 (972550.014.000) 01/21 16:18:18 Job executing on host: <188.184.201.95:9618?addrs=188.184.201.95-9618+[--1]-9618&noUDP&sock=8662_3321_3>
...
006 (972550.002.000) 01/21 16:18:18 Image size of job updated: 87104
	34  -  MemoryUsage of job (MB)
	33952  -  ResidentSetSize of job (KB)
...
006 (972550.000.000) 01/21 16:18:19 Image size of job updated: 107896
	55  -  MemoryUsage of job (MB)
	55596  -  ResidentSetSize of job (KB)
...
006 (972550.003.000) 01/21 16:18:20 Image size of job updated: 89060
	50  -  MemoryUsage of job (MB)
	50888  -  ResidentSetSize of job (KB)
...
006 (972550.004.000) 01/21 16:18:21 Image size of job updated: 193800
	55  -  MemoryUsage of job (MB)
	55604  -  ResidentSetSize of job (KB)
...
006 (972550.005.000) 01/21 16:18:21 Image size of job updated: 20432
	7  -  MemoryUsage of job (MB)
	6180  -  ResidentSetSize of job (KB)
...
006 (972550.008.000) 01/21 16:18:22 Image size of job updated: 107996
	55  -  MemoryUsage of job (MB)
	55696  -  ResidentSetSize of job (KB)
...
006 (972550.001.000) 01/21 16:18:22 Image size of job updated: 1616
	2  -  MemoryUsage of job (MB)
	1484  -  ResidentSetSize of job (KB)
...
006 (972550.009.000) 01/21 16:18:22 Image size of job updated: 108008
	55  -  MemoryUsage of job (MB)
	55700  -  ResidentSetSize of job (KB)
...
006 (972550.007.000) 01/21 16:18:22 Image size of job updated: 137312
	55  -  MemoryUsage of job (MB)
	55524  -  ResidentSetSize of job (KB)
...
006 (972550.006.000) 01/21 16:18:24 Image size of job updated: 35544
	20  -  MemoryUsage of job (MB)
	19736  -  ResidentSetSize of job (KB)
...
006 (972550.015.000) 01/21 16:18:24 Image size of job updated: 107960
	55  -  MemoryUsage of job (MB)
	55652  -  ResidentSetSize of job (KB)
...
006 (972550.010.000) 01/21 16:18:25 Image size of job updated: 105412
	46  -  MemoryUsage of job (MB)
	46832  -  ResidentSetSize of job (KB)
...
006 (972550.012.000) 01/21 16:18:25 Image size of job updated: 109560
	55  -  MemoryUsage of job (MB)
	55692  -  ResidentSetSize of job (KB)
...
006 (972550.013.000) 01/21 16:18:25 Image size of job updated: 122068
	48  -  MemoryUsage of job (MB)
	48316  -  ResidentSetSize of job (KB)
...
006 (972550.014.000) 01/21 16:18:26 Image size of job updated: 12468
	4  -  MemoryUsage of job (MB)
	3700  -  ResidentSetSize of job (KB)
...
001 (972550.011.000) 01/21 16:18:28 Job executing on host: <188.185.57.83:9618?addrs=188.185.57.83-9618+[--1]-9618&noUDP&sock=8633_6999_3>
...
006 (972550.011.000) 01/21 16:18:37 Image size of job updated: 9844
	10  -  MemoryUsage of job (MB)
	9832  -  ResidentSetSize of job (KB)
...
006 (972550.002.000) 01/21 16:23:19 Image size of job updated: 108236
	55  -  MemoryUsage of job (MB)
	55600  -  ResidentSetSize of job (KB)
...
006 (972550.000.000) 01/21 16:23:19 Image size of job updated: 108224
	55  -  MemoryUsage of job (MB)
	55628  -  ResidentSetSize of job (KB)
...
006 (972550.004.000) 01/21 16:23:21 Image size of job updated: 194156
	55  -  MemoryUsage of job (MB)
	55624  -  ResidentSetSize of job (KB)
...
006 (972550.003.000) 01/21 16:23:21 Image size of job updated: 108224
	55  -  MemoryUsage of job (MB)
	55596  -  ResidentSetSize of job (KB)
...
006 (972550.005.000) 01/21 16:23:22 Image size of job updated: 107928
	55  -  MemoryUsage of job (MB)
	55612  -  ResidentSetSize of job (KB)
...
006 (972550.009.000) 01/21 16:23:23 Image size of job updated: 108368
	55  -  MemoryUsage of job (MB)
	55740  -  ResidentSetSize of job (KB)
...
006 (972550.007.000) 01/21 16:23:23 Image size of job updated: 137692
	55  -  MemoryUsage of job (MB)
	55584  -  ResidentSetSize of job (KB)
...
006 (972550.008.000) 01/21 16:23:23 Image size of job updated: 108500
	55  -  MemoryUsage of job (MB)
	55864  -  ResidentSetSize of job (KB)
...
006 (972550.001.000) 01/21 16:23:23 Image size of job updated: 107912
	55  -  MemoryUsage of job (MB)
	55604  -  ResidentSetSize of job (KB)
...
006 (972550.015.000) 01/21 16:23:24 Image size of job updated: 108496
	55  -  MemoryUsage of job (MB)
	55868  -  ResidentSetSize of job (KB)
...
006 (972550.006.000) 01/21 16:23:24 Image size of job updated: 108188
	55  -  MemoryUsage of job (MB)
	55572  -  ResidentSetSize of job (KB)
...
006 (972550.010.000) 01/21 16:23:25 Image size of job updated: 108380
	55  -  MemoryUsage of job (MB)
	55744  -  ResidentSetSize of job (KB)
...
006 (972550.012.000) 01/21 16:23:25 Image size of job updated: 109596
	55  -  MemoryUsage of job (MB)
	55720  -  ResidentSetSize of job (KB)
...
006 (972550.013.000) 01/21 16:23:25 Image size of job updated: 122660
	55  -  MemoryUsage of job (MB)
	55728  -  ResidentSetSize of job (KB)
...
006 (972550.014.000) 01/21 16:23:26 Image size of job updated: 107992
	55  -  MemoryUsage of job (MB)
	55684  -  ResidentSetSize of job (KB)
...
006 (972550.011.000) 01/21 16:23:38 Image size of job updated: 107984
	55  -  MemoryUsage of job (MB)
	55676  -  ResidentSetSize of job (KB)
...
006 (972550.004.000) 01/21 16:28:22 Image size of job updated: 194168
	55  -  MemoryUsage of job (MB)
	55636  -  ResidentSetSize of job (KB)
...
006 (972550.005.000) 01/21 16:28:22 Image size of job updated: 108220
	55  -  MemoryUsage of job (MB)
	55612  -  ResidentSetSize of job (KB)
...
006 (972550.009.000) 01/21 16:28:23 Image size of job updated: 108428
	55  -  MemoryUsage of job (MB)
	55800  -  ResidentSetSize of job (KB)
...
006 (972550.008.000) 01/21 16:28:24 Image size of job updated: 108524
	55  -  MemoryUsage of job (MB)
	55888  -  ResidentSetSize of job (KB)
...
006 (972550.001.000) 01/21 16:28:24 Image size of job updated: 108244
	55  -  MemoryUsage of job (MB)
	55636  -  ResidentSetSize of job (KB)
...
006 (972550.006.000) 01/21 16:28:25 Image size of job updated: 108212
	55  -  MemoryUsage of job (MB)
	55576  -  ResidentSetSize of job (KB)
...
006 (972550.010.000) 01/21 16:28:25 Image size of job updated: 108508
	55  -  MemoryUsage of job (MB)
	55872  -  ResidentSetSize of job (KB)
...
006 (972550.012.000) 01/21 16:28:25 Image size of job updated: 109908
	55  -  MemoryUsage of job (MB)
	55724  -  ResidentSetSize of job (KB)
...
006 (972550.013.000) 01/21 16:28:26 Image size of job updated: 122720
	55  -  MemoryUsage of job (MB)
	55788  -  ResidentSetSize of job (KB)
...
006 (972550.014.000) 01/21 16:28:27 Image size of job updated: 108320
	55  -  MemoryUsage of job (MB)
	55704  -  ResidentSetSize of job (KB)
...
006 (972550.011.000) 01/21 16:28:38 Image size of job updated: 107996
	55  -  MemoryUsage of job (MB)
	55680  -  ResidentSetSize of job (KB)
...
006 (972550.002.000) 01/21 16:33:19 Image size of job updated: 108248
	55  -  MemoryUsage of job (MB)
	55612  -  ResidentSetSize of job (KB)
...
006 (972550.000.000) 01/21 16:33:21 Image size of job updated: 108284
	55  -  MemoryUsage of job (MB)
	55688  -  ResidentSetSize of job (KB)
...
006 (972550.004.000) 01/21 16:33:22 Image size of job updated: 194244
	55  -  MemoryUsage of job (MB)
	55712  -  ResidentSetSize of job (KB)
...
006 (972550.003.000) 01/21 16:33:22 Image size of job updated: 108236
	55  -  MemoryUsage of job (MB)
	55608  -  ResidentSetSize of job (KB)
...
006 (972550.005.000) 01/21 16:33:22 Image size of job updated: 108232
	55  -  MemoryUsage of job (MB)
	55624  -  ResidentSetSize of job (KB)
...
006 (972550.009.000) 01/21 16:33:23 Image size of job updated: 108444
	55  -  MemoryUsage of job (MB)
	55816  -  ResidentSetSize of job (KB)
...
006 (972550.007.000) 01/21 16:33:23 Image size of job updated: 137704
	55  -  MemoryUsage of job (MB)
	55596  -  ResidentSetSize of job (KB)
...
006 (972550.008.000) 01/21 16:33:24 Image size of job updated: 108524
	55  -  MemoryUsage of job (MB)
	55900  -  ResidentSetSize of job (KB)
...
006 (972550.001.000) 01/21 16:33:24 Image size of job updated: 108256
	55  -  MemoryUsage of job (MB)
	55648  -  ResidentSetSize of job (KB)
...
006 (972550.015.000) 01/21 16:33:25 Image size of job updated: 108520
	55  -  MemoryUsage of job (MB)
	55892  -  ResidentSetSize of job (KB)
...
006 (972550.006.000) 01/21 16:33:25 Image size of job updated: 108228
	55  -  MemoryUsage of job (MB)
	55592  -  ResidentSetSize of job (KB)
...
006 (972550.012.000) 01/21 16:33:26 Image size of job updated: 109952
	55  -  MemoryUsage of job (MB)
	55768  -  ResidentSetSize of job (KB)
...
006 (972550.010.000) 01/21 16:33:26 Image size of job updated: 108636
	55  -  MemoryUsage of job (MB)
	56000  -  ResidentSetSize of job (KB)
...
006 (972550.013.000) 01/21 16:33:27 Image size of job updated: 122744
	55  -  MemoryUsage of job (MB)
	55812  -  ResidentSetSize of job (KB)
...
006 (972550.014.000) 01/21 16:33:28 Image size of job updated: 108364
	55  -  MemoryUsage of job (MB)
	55748  -  ResidentSetSize of job (KB)
...
006 (972550.011.000) 01/21 16:33:39 Image size of job updated: 108036
	55  -  MemoryUsage of job (MB)
	55720  -  ResidentSetSize of job (KB)
...
006 (972550.002.000) 01/21 16:38:20 Image size of job updated: 108296
	55  -  MemoryUsage of job (MB)
	55660  -  ResidentSetSize of job (KB)
...
006 (972550.000.000) 01/21 16:38:21 Image size of job updated: 108336
	55  -  MemoryUsage of job (MB)
	55740  -  ResidentSetSize of job (KB)
...
006 (972550.005.000) 01/21 16:38:23 Image size of job updated: 108252
	55  -  MemoryUsage of job (MB)
	55624  -  ResidentSetSize of job (KB)
...
006 (972550.007.000) 01/21 16:38:24 Image size of job updated: 138256
	55  -  MemoryUsage of job (MB)
	56032  -  ResidentSetSize of job (KB)
...
006 (972550.009.000) 01/21 16:38:24 Image size of job updated: 108452
	55  -  MemoryUsage of job (MB)
	55824  -  ResidentSetSize of job (KB)
...
006 (972550.006.000) 01/21 16:38:25 Image size of job updated: 108232
	55  -  MemoryUsage of job (MB)
	55596  -  ResidentSetSize of job (KB)
...
006 (972550.001.000) 01/21 16:38:25 Image size of job updated: 108268
	55  -  MemoryUsage of job (MB)
	55660  -  ResidentSetSize of job (KB)
...
006 (972550.012.000) 01/21 16:38:26 Image size of job updated: 109976
	55  -  MemoryUsage of job (MB)
	55772  -  ResidentSetSize of job (KB)
...
006 (972550.014.000) 01/21 16:38:28 Image size of job updated: 108376
	55  -  MemoryUsage of job (MB)
	55760  -  ResidentSetSize of job (KB)
...
006 (972550.000.000) 01/21 16:43:22 Image size of job updated: 108976
	55  -  MemoryUsage of job (MB)
	56268  -  ResidentSetSize of job (KB)
...
006 (972550.004.000) 01/21 16:43:23 Image size of job updated: 194916
	55  -  MemoryUsage of job (MB)
	56272  -  ResidentSetSize of job (KB)
...
006 (972550.003.000) 01/21 16:43:23 Image size of job updated: 108796
	55  -  MemoryUsage of job (MB)
	56052  -  ResidentSetSize of job (KB)
...
006 (972550.005.000) 01/21 16:43:23 Image size of job updated: 108264
	55  -  MemoryUsage of job (MB)
	55636  -  ResidentSetSize of job (KB)
...
006 (972550.007.000) 01/21 16:43:24 Image size of job updated: 138284
	55  -  MemoryUsage of job (MB)
	56060  -  ResidentSetSize of job (KB)
...
006 (972550.008.000) 01/21 16:43:26 Image size of job updated: 108524
	55  -  MemoryUsage of job (MB)
	56132  -  ResidentSetSize of job (KB)
...
006 (972550.001.000) 01/21 16:43:26 Image size of job updated: 108288
	55  -  MemoryUsage of job (MB)
	55660  -  ResidentSetSize of job (KB)
...
006 (972550.015.000) 01/21 16:43:26 Image size of job updated: 108996
	55  -  MemoryUsage of job (MB)
	56252  -  ResidentSetSize of job (KB)
...
006 (972550.010.000) 01/21 16:43:27 Image size of job updated: 108748
	55  -  MemoryUsage of job (MB)
	56112  -  ResidentSetSize of job (KB)
...
006 (972550.012.000) 01/21 16:43:27 Image size of job updated: 110096
	55  -  MemoryUsage of job (MB)
	55892  -  ResidentSetSize of job (KB)
...
006 (972550.013.000) 01/21 16:43:28 Image size of job updated: 123284
	55  -  MemoryUsage of job (MB)
	56236  -  ResidentSetSize of job (KB)
...
006 (972550.011.000) 01/21 16:43:40 Image size of job updated: 108328
	55  -  MemoryUsage of job (MB)
	55720  -  ResidentSetSize of job (KB)
...
006 (972550.000.000) 01/21 16:48:23 Image size of job updated: 109004
	55  -  MemoryUsage of job (MB)
	56296  -  ResidentSetSize of job (KB)
...
006 (972550.004.000) 01/21 16:48:23 Image size of job updated: 194948
	55  -  MemoryUsage of job (MB)
	56304  -  ResidentSetSize of job (KB)
...
006 (972550.003.000) 01/21 16:48:23 Image size of job updated: 108812
	55  -  MemoryUsage of job (MB)
	56068  -  ResidentSetSize of job (KB)
...
006 (972550.007.000) 01/21 16:48:24 Image size of job updated: 138304
	55  -  MemoryUsage of job (MB)
	56080  -  ResidentSetSize of job (KB)
...
006 (972550.009.000) 01/21 16:48:25 Image size of job updated: 109048
	55  -  MemoryUsage of job (MB)
	56304  -  ResidentSetSize of job (KB)
...
006 (972550.008.000) 01/21 16:48:26 Image size of job updated: 108524
	56  -  MemoryUsage of job (MB)
	56432  -  ResidentSetSize of job (KB)
...
006 (972550.006.000) 01/21 16:48:26 Image size of job updated: 108280
	55  -  MemoryUsage of job (MB)
	55644  -  ResidentSetSize of job (KB)
...
006 (972550.015.000) 01/21 16:48:27 Image size of job updated: 109044
	55  -  MemoryUsage of job (MB)
	56300  -  ResidentSetSize of job (KB)
...
006 (972550.013.000) 01/21 16:48:29 Image size of job updated: 123296
	55  -  MemoryUsage of job (MB)
	56248  -  ResidentSetSize of job (KB)
...
006 (972550.014.000) 01/21 16:48:30 Image size of job updated: 108376
	55  -  MemoryUsage of job (MB)
	55872  -  ResidentSetSize of job (KB)
...
006 (972550.000.000) 01/21 16:53:23 Image size of job updated: 109032
	56  -  MemoryUsage of job (MB)
	56324  -  ResidentSetSize of job (KB)
...
006 (972550.004.000) 01/21 16:53:23 Image size of job updated: 194976
	56  -  MemoryUsage of job (MB)
	56332  -  ResidentSetSize of job (KB)
...
006 (972550.003.000) 01/21 16:53:23 Image size of job updated: 108832
	55  -  MemoryUsage of job (MB)
	56088  -  ResidentSetSize of job (KB)
...
006 (972550.007.000) 01/21 16:53:25 Image size of job updated: 138324
	55  -  MemoryUsage of job (MB)
	56100  -  ResidentSetSize of job (KB)
...
006 (972550.008.000) 01/21 16:53:26 Image size of job updated: 108524
	56  -  MemoryUsage of job (MB)
	56572  -  ResidentSetSize of job (KB)
...
006 (972550.009.000) 01/21 16:53:26 Image size of job updated: 109056
	55  -  MemoryUsage of job (MB)
	56312  -  ResidentSetSize of job (KB)
...
006 (972550.015.000) 01/21 16:53:27 Image size of job updated: 109160
	56  -  MemoryUsage of job (MB)
	56416  -  ResidentSetSize of job (KB)
...
006 (972550.010.000) 01/21 16:53:29 Image size of job updated: 109156
	56  -  MemoryUsage of job (MB)
	56408  -  ResidentSetSize of job (KB)
...
006 (972550.013.000) 01/21 16:53:29 Image size of job updated: 123352
	55  -  MemoryUsage of job (MB)
	56304  -  ResidentSetSize of job (KB)
...
006 (972550.011.000) 01/21 16:53:42 Image size of job updated: 108328
	55  -  MemoryUsage of job (MB)
	55732  -  ResidentSetSize of job (KB)
...
006 (972550.000.000) 01/21 16:58:23 Image size of job updated: 109056
	56  -  MemoryUsage of job (MB)
	56348  -  ResidentSetSize of job (KB)
...
006 (972550.004.000) 01/21 16:58:24 Image size of job updated: 195004
	56  -  MemoryUsage of job (MB)
	56360  -  ResidentSetSize of job (KB)
...
006 (972550.003.000) 01/21 16:58:24 Image size of job updated: 108840
	55  -  MemoryUsage of job (MB)
	56096  -  ResidentSetSize of job (KB)
...
006 (972550.005.000) 01/21 16:58:25 Image size of job updated: 108268
	55  -  MemoryUsage of job (MB)
	55640  -  ResidentSetSize of job (KB)
...
006 (972550.007.000) 01/21 16:58:26 Image size of job updated: 138344
	55  -  MemoryUsage of job (MB)
	56120  -  ResidentSetSize of job (KB)
...
006 (972550.008.000) 01/21 16:58:27 Image size of job updated: 108524
	56  -  MemoryUsage of job (MB)
	56688  -  ResidentSetSize of job (KB)
...
006 (972550.010.000) 01/21 16:58:29 Image size of job updated: 109180
	56  -  MemoryUsage of job (MB)
	56432  -  ResidentSetSize of job (KB)
...
005 (972550.007.000) 01/21 17:00:18 Job terminated.
	(1) Normal termination (return value 0)
		Usr 0 00:09:19, Sys 0 00:02:04  -  Run Remote Usage
		Usr 0 00:00:00, Sys 0 00:00:00  -  Run Local Usage
		Usr 0 00:09:19, Sys 0 00:02:04  -  Total Remote Usage
		Usr 0 00:00:00, Sys 0 00:00:00  -  Total Local Usage
	255430  -  Run Bytes Sent By Job
	1003  -  Run Bytes Received By Job
	255430  -  Total Bytes Sent By Job
	1003  -  Total Bytes Received By Job
	Partitionable Resources :    Usage  Request Allocated
	   Cpus                 :                 1         1
	   Disk (KB)            :      263        1   1970616
	   Memory (MB)          :       55     2000      2000
...
006 (972550.002.000) 01/21 17:03:22 Image size of job updated: 108344
	55  -  MemoryUsage of job (MB)
	55708  -  ResidentSetSize of job (KB)
...
006 (972550.000.000) 01/21 17:03:24 Image size of job updated: 109092
	56  -  MemoryUsage of job (MB)
	56384  -  ResidentSetSize of job (KB)
...
006 (972550.004.000) 01/21 17:03:25 Image size of job updated: 195032
	56  -  MemoryUsage of job (MB)
	56388  -  ResidentSetSize of job (KB)
...
006 (972550.003.000) 01/21 17:03:25 Image size of job updated: 108860
	55  -  MemoryUsage of job (MB)
	56116  -  ResidentSetSize of job (KB)
...
006 (972550.009.000) 01/21 17:03:27 Image size of job updated: 109060
	55  -  MemoryUsage of job (MB)
	56316  -  ResidentSetSize of job (KB)
...
006 (972550.010.000) 01/21 17:03:29 Image size of job updated: 109200
	56  -  MemoryUsage of job (MB)
	56452  -  ResidentSetSize of job (KB)
...
006 (972550.013.000) 01/21 17:03:30 Image size of job updated: 123356
	55  -  MemoryUsage of job (MB)
	56308  -  ResidentSetSize of job (KB)
...
006 (972550.011.000) 01/21 17:03:43 Image size of job updated: 108328
	55  -  MemoryUsage of job (MB)
	55740  -  ResidentSetSize of job (KB)
...
006 (972550.002.000) 01/21 17:08:23 Image size of job updated: 108952
	55  -  MemoryUsage of job (MB)
	56204  -  ResidentSetSize of job (KB)
...
006 (972550.000.000) 01/21 17:08:24 Image size of job updated: 116932
	60  -  MemoryUsage of job (MB)
	60704  -  ResidentSetSize of job (KB)
...
006 (972550.003.000) 01/21 17:08:25 Image size of job updated: 108876
	55  -  MemoryUsage of job (MB)
	56132  -  ResidentSetSize of job (KB)
...
006 (972550.004.000) 01/21 17:08:25 Image size of job updated: 195036
	56  -  MemoryUsage of job (MB)
	56392  -  ResidentSetSize of job (KB)
...
006 (972550.008.000) 01/21 17:08:28 Image size of job updated: 108524
	56  -  MemoryUsage of job (MB)
	56804  -  ResidentSetSize of job (KB)
...
006 (972550.012.000) 01/21 17:08:29 Image size of job updated: 110100
	55  -  MemoryUsage of job (MB)
	55892  -  ResidentSetSize of job (KB)
...
006 (972550.010.000) 01/21 17:08:30 Image size of job updated: 109204
	56  -  MemoryUsage of job (MB)
	56456  -  ResidentSetSize of job (KB)
...
006 (972550.013.000) 01/21 17:08:31 Image size of job updated: 123364
	55  -  MemoryUsage of job (MB)
	56316  -  ResidentSetSize of job (KB)
...
006 (972550.011.000) 01/21 17:08:44 Image size of job updated: 108328
	55  -  MemoryUsage of job (MB)
	55752  -  ResidentSetSize of job (KB)
...
005 (972550.000.000) 01/21 17:08:54 Job terminated.
	(1) Normal termination (return value 0)
		Usr 0 00:10:16, Sys 0 00:02:14  -  Run Remote Usage
		Usr 0 00:00:00, Sys 0 00:00:00  -  Run Local Usage
		Usr 0 00:10:16, Sys 0 00:02:14  -  Total Remote Usage
		Usr 0 00:00:00, Sys 0 00:00:00  -  Total Local Usage
	359931  -  Run Bytes Sent By Job
	946  -  Run Bytes Received By Job
	359931  -  Total Bytes Sent By Job
	946  -  Total Bytes Received By Job
	Partitionable Resources :    Usage  Request Allocated
	   Cpus                 :                 1         1
	   Disk (KB)            :      365        1   1967280
	   Memory (MB)          :       60     2000      2000
...
005 (972550.003.000) 01/21 17:10:15 Job terminated.
	(1) Normal termination (return value 0)
		Usr 0 00:09:36, Sys 0 00:02:04  -  Run Remote Usage
		Usr 0 00:00:00, Sys 0 00:00:00  -  Run Local Usage
		Usr 0 00:09:36, Sys 0 00:02:04  -  Total Remote Usage
		Usr 0 00:00:00, Sys 0 00:00:00  -  Total Local Usage
	261251  -  Run Bytes Sent By Job
	983  -  Run Bytes Received By Job
	261251  -  Total Bytes Sent By Job
	983  -  Total Bytes Received By Job
	Partitionable Resources :    Usage  Request Allocated
	   Cpus                 :                 1         1
	   Disk (KB)            :      268        1   1309180
	   Memory (MB)          :       55     2000      2000
...
005 (972550.004.000) 01/21 17:10:45 Job terminated.
	(1) Normal termination (return value 0)
		Usr 0 00:09:41, Sys 0 00:02:06  -  Run Remote Usage
		Usr 0 00:00:00, Sys 0 00:00:00  -  Run Local Usage
		Usr 0 00:09:41, Sys 0 00:02:06  -  Total Remote Usage
		Usr 0 00:00:00, Sys 0 00:00:00  -  Total Local Usage
	360046  -  Run Bytes Sent By Job
	966  -  Run Bytes Received By Job
	360046  -  Total Bytes Sent By Job
	966  -  Total Bytes Received By Job
	Partitionable Resources :    Usage  Request Allocated
	   Cpus                 :                 1         1
	   Disk (KB)            :      364        1   1391602
	   Memory (MB)          :       56     2000      2000
...
006 (972550.002.000) 01/21 17:13:24 Image size of job updated: 108964
	55  -  MemoryUsage of job (MB)
	56216  -  ResidentSetSize of job (KB)
...
006 (972550.006.000) 01/21 17:13:28 Image size of job updated: 108324
	55  -  MemoryUsage of job (MB)
	55688  -  ResidentSetSize of job (KB)
...
006 (972550.015.000) 01/21 17:13:28 Image size of job updated: 109164
	56  -  MemoryUsage of job (MB)
	56420  -  ResidentSetSize of job (KB)
...
006 (972550.008.000) 01/21 17:13:29 Image size of job updated: 108524
	56  -  MemoryUsage of job (MB)
	56816  -  ResidentSetSize of job (KB)
...
006 (972550.010.000) 01/21 17:13:30 Image size of job updated: 109316
	56  -  MemoryUsage of job (MB)
	56568  -  ResidentSetSize of job (KB)
...
006 (972550.013.000) 01/21 17:13:31 Image size of job updated: 123368
	55  -  MemoryUsage of job (MB)
	56320  -  ResidentSetSize of job (KB)
...
005 (972550.015.000) 01/21 17:16:12 Job terminated.
	(1) Normal termination (return value 0)
		Usr 0 00:11:31, Sys 0 00:02:29  -  Run Remote Usage
		Usr 0 00:00:00, Sys 0 00:00:00  -  Run Local Usage
		Usr 0 00:11:31, Sys 0 00:02:29  -  Total Remote Usage
		Usr 0 00:00:00, Sys 0 00:00:00  -  Total Local Usage
	292112  -  Run Bytes Sent By Job
	995  -  Run Bytes Received By Job
	292112  -  Total Bytes Sent By Job
	995  -  Total Bytes Received By Job
	Partitionable Resources :    Usage  Request Allocated
	   Cpus                 :                 1         1
	   Disk (KB)            :      298        1   1253867
	   Memory (MB)          :       56     2000      2000
...
006 (972550.002.000) 01/21 17:18:24 Image size of job updated: 108972
	55  -  MemoryUsage of job (MB)
	56224  -  ResidentSetSize of job (KB)
...
006 (972550.009.000) 01/21 17:18:28 Image size of job updated: 109120
	56  -  MemoryUsage of job (MB)
	56376  -  ResidentSetSize of job (KB)
...
006 (972550.006.000) 01/21 17:18:28 Image size of job updated: 108532
	55  -  MemoryUsage of job (MB)
	55788  -  ResidentSetSize of job (KB)
...
006 (972550.012.000) 01/21 17:18:30 Image size of job updated: 110104
	55  -  MemoryUsage of job (MB)
	55896  -  ResidentSetSize of job (KB)
...
006 (972550.008.000) 01/21 17:18:30 Image size of job updated: 108524
	56  -  MemoryUsage of job (MB)
	56820  -  ResidentSetSize of job (KB)
...
006 (972550.011.000) 01/21 17:18:45 Image size of job updated: 108328
	55  -  MemoryUsage of job (MB)
	55756  -  ResidentSetSize of job (KB)
...
005 (972550.013.000) 01/21 17:19:48 Job terminated.
	(1) Normal termination (return value 0)
		Usr 0 00:11:48, Sys 0 00:02:32  -  Run Remote Usage
		Usr 0 00:00:00, Sys 0 00:00:00  -  Run Local Usage
		Usr 0 00:11:48, Sys 0 00:02:32  -  Total Remote Usage
		Usr 0 00:00:00, Sys 0 00:00:00  -  Total Local Usage
	301415  -  Run Bytes Sent By Job
	999  -  Run Bytes Received By Job
	301415  -  Total Bytes Sent By Job
	999  -  Total Bytes Received By Job
	Partitionable Resources :    Usage  Request Allocated
	   Cpus                 :                 1         1
	   Disk (KB)            :      457        1   1812191
	   Memory (MB)          :       55     2000      2000
...
006 (972550.002.000) 01/21 17:23:25 Image size of job updated: 108984
	55  -  MemoryUsage of job (MB)
	56236  -  ResidentSetSize of job (KB)
...
006 (972550.009.000) 01/21 17:23:28 Image size of job updated: 109124
	56  -  MemoryUsage of job (MB)
	56380  -  ResidentSetSize of job (KB)
...
006 (972550.006.000) 01/21 17:23:28 Image size of job updated: 108944
	55  -  MemoryUsage of job (MB)
	56196  -  ResidentSetSize of job (KB)
...
006 (972550.012.000) 01/21 17:23:30 Image size of job updated: 110532
	56  -  MemoryUsage of job (MB)
	56436  -  ResidentSetSize of job (KB)
...
006 (972550.008.000) 01/21 17:23:30 Image size of job updated: 108524
	56  -  MemoryUsage of job (MB)
	56828  -  ResidentSetSize of job (KB)
...
006 (972550.009.000) 01/21 17:24:25 Image size of job updated: 121456
	56  -  MemoryUsage of job (MB)
	56380  -  ResidentSetSize of job (KB)
...
005 (972550.009.000) 01/21 17:24:27 Job terminated.
	(1) Normal termination (return value 0)
		Usr 0 00:11:29, Sys 0 00:02:30  -  Run Remote Usage
		Usr 0 00:00:00, Sys 0 00:00:00  -  Run Local Usage
		Usr 0 00:11:29, Sys 0 00:02:30  -  Total Remote Usage
		Usr 0 00:00:00, Sys 0 00:00:00  -  Total Local Usage
	311874  -  Run Bytes Sent By Job
	979  -  Run Bytes Received By Job
	311874  -  Total Bytes Sent By Job
	979  -  Total Bytes Received By Job
	Partitionable Resources :    Usage  Request Allocated
	   Cpus                 :                 1         1
	   Disk (KB)            :      318        1   1328596
	   Memory (MB)          :       56     2000      2000
...
006 (972550.002.000) 01/21 17:28:26 Image size of job updated: 108988
	55  -  MemoryUsage of job (MB)
	56240  -  ResidentSetSize of job (KB)
...
006 (972550.006.000) 01/21 17:28:29 Image size of job updated: 108960
	55  -  MemoryUsage of job (MB)
	56212  -  ResidentSetSize of job (KB)
...
006 (972550.012.000) 01/21 17:28:30 Image size of job updated: 110532
	56  -  MemoryUsage of job (MB)
	56468  -  ResidentSetSize of job (KB)
...
006 (972550.008.000) 01/21 17:28:30 Image size of job updated: 108524
	60  -  MemoryUsage of job (MB)
	60700  -  ResidentSetSize of job (KB)
...
006 (972550.010.000) 01/21 17:28:31 Image size of job updated: 109332
	56  -  MemoryUsage of job (MB)
	56584  -  ResidentSetSize of job (KB)
...
005 (972550.008.000) 01/21 17:29:02 Job terminated.
	(1) Normal termination (return value 0)
		Usr 0 00:11:50, Sys 0 00:02:32  -  Run Remote Usage
		Usr 0 00:00:00, Sys 0 00:00:00  -  Run Local Usage
		Usr 0 00:11:50, Sys 0 00:02:32  -  Total Remote Usage
		Usr 0 00:00:00, Sys 0 00:00:00  -  Total Local Usage
	391291  -  Run Bytes Sent By Job
	938  -  Run Bytes Received By Job
	391291  -  Total Bytes Sent By Job
	938  -  Total Bytes Received By Job
	Partitionable Resources :    Usage  Request Allocated
	   Cpus                 :                 1         1
	   Disk (KB)            :      399        1   2040697
	   Memory (MB)          :       60     2000      2000
...
006 (972550.002.000) 01/21 17:33:26 Image size of job updated: 108996
	55  -  MemoryUsage of job (MB)
	56248  -  ResidentSetSize of job (KB)
...
