000 (972549.000.000) 01/21 16:08:44 Job submitted from host: <137.138.44.75:9618?addrs=137.138.44.75-9618+[2001-1458-d00-1a--b]-9618&noUDP&sock=124143_59c7_28>
...
000 (972549.001.000) 01/21 16:08:44 Job submitted from host: <137.138.44.75:9618?addrs=137.138.44.75-9618+[2001-1458-d00-1a--b]-9618&noUDP&sock=124143_59c7_28>
...
000 (972549.002.000) 01/21 16:08:44 Job submitted from host: <137.138.44.75:9618?addrs=137.138.44.75-9618+[2001-1458-d00-1a--b]-9618&noUDP&sock=124143_59c7_28>
...
000 (972549.003.000) 01/21 16:08:44 Job submitted from host: <137.138.44.75:9618?addrs=137.138.44.75-9618+[2001-1458-d00-1a--b]-9618&noUDP&sock=124143_59c7_28>
...
000 (972549.004.000) 01/21 16:08:45 Job submitted from host: <137.138.44.75:9618?addrs=137.138.44.75-9618+[2001-1458-d00-1a--b]-9618&noUDP&sock=124143_59c7_28>
...
000 (972549.005.000) 01/21 16:08:45 Job submitted from host: <137.138.44.75:9618?addrs=137.138.44.75-9618+[2001-1458-d00-1a--b]-9618&noUDP&sock=124143_59c7_28>
...
000 (972549.006.000) 01/21 16:08:45 Job submitted from host: <137.138.44.75:9618?addrs=137.138.44.75-9618+[2001-1458-d00-1a--b]-9618&noUDP&sock=124143_59c7_28>
...
000 (972549.007.000) 01/21 16:08:45 Job submitted from host: <137.138.44.75:9618?addrs=137.138.44.75-9618+[2001-1458-d00-1a--b]-9618&noUDP&sock=124143_59c7_28>
...
000 (972549.008.000) 01/21 16:08:45 Job submitted from host: <137.138.44.75:9618?addrs=137.138.44.75-9618+[2001-1458-d00-1a--b]-9618&noUDP&sock=124143_59c7_28>
...
000 (972549.009.000) 01/21 16:08:45 Job submitted from host: <137.138.44.75:9618?addrs=137.138.44.75-9618+[2001-1458-d00-1a--b]-9618&noUDP&sock=124143_59c7_28>
...
000 (972549.010.000) 01/21 16:08:45 Job submitted from host: <137.138.44.75:9618?addrs=137.138.44.75-9618+[2001-1458-d00-1a--b]-9618&noUDP&sock=124143_59c7_28>
...
000 (972549.011.000) 01/21 16:08:45 Job submitted from host: <137.138.44.75:9618?addrs=137.138.44.75-9618+[2001-1458-d00-1a--b]-9618&noUDP&sock=124143_59c7_28>
...
000 (972549.012.000) 01/21 16:08:45 Job submitted from host: <137.138.44.75:9618?addrs=137.138.44.75-9618+[2001-1458-d00-1a--b]-9618&noUDP&sock=124143_59c7_28>
...
000 (972549.013.000) 01/21 16:08:45 Job submitted from host: <137.138.44.75:9618?addrs=137.138.44.75-9618+[2001-1458-d00-1a--b]-9618&noUDP&sock=124143_59c7_28>
...
000 (972549.014.000) 01/21 16:08:46 Job submitted from host: <137.138.44.75:9618?addrs=137.138.44.75-9618+[2001-1458-d00-1a--b]-9618&noUDP&sock=124143_59c7_28>
...
000 (972549.015.000) 01/21 16:08:46 Job submitted from host: <137.138.44.75:9618?addrs=137.138.44.75-9618+[2001-1458-d00-1a--b]-9618&noUDP&sock=124143_59c7_28>
...
001 (972549.003.000) 01/21 16:18:04 Job executing on host: <188.184.202.248:9618?addrs=188.184.202.248-9618+[--1]-9618&noUDP&sock=8888_ded4_3>
...
001 (972549.000.000) 01/21 16:18:05 Job executing on host: <188.184.167.81:9618?addrs=188.184.167.81-9618+[--1]-9618&noUDP&sock=8921_da29_3>
...
001 (972549.002.000) 01/21 16:18:05 Job executing on host: <137.138.51.88:9618?addrs=137.138.51.88-9618+[--1]-9618&noUDP&sock=8815_310d_3>
...
001 (972549.004.000) 01/21 16:18:05 Job executing on host: <188.184.192.80:9618?addrs=188.184.192.80-9618+[--1]-9618&noUDP&sock=17717_47ea_3>
...
001 (972549.005.000) 01/21 16:18:07 Job executing on host: <188.184.167.223:9618?addrs=188.184.167.223-9618+[--1]-9618&noUDP&sock=8873_6e00_3>
...
001 (972549.001.000) 01/21 16:18:07 Job executing on host: <188.184.202.116:9618?addrs=188.184.202.116-9618+[--1]-9618&noUDP&sock=13278_7f03_3>
...
001 (972549.010.000) 01/21 16:18:07 Job executing on host: <137.138.46.8:9618?addrs=137.138.46.8-9618+[--1]-9618&noUDP&sock=8220_86a8_144>
...
001 (972549.008.000) 01/21 16:18:07 Job executing on host: <188.184.205.73:9618?addrs=188.184.205.73-9618+[--1]-9618&noUDP&sock=17273_bbdd_3>
...
001 (972549.011.000) 01/21 16:18:08 Job executing on host: <188.184.201.133:9618?addrs=188.184.201.133-9618+[--1]-9618&noUDP&sock=25576_e6b7_3>
...
001 (972549.009.000) 01/21 16:18:09 Job executing on host: <128.142.240.22:9618?addrs=128.142.240.22-9618+[--1]-9618&noUDP&sock=8828_2a91_28>
...
001 (972549.006.000) 01/21 16:18:10 Job executing on host: <188.184.202.30:9618?addrs=188.184.202.30-9618+[--1]-9618&noUDP&sock=27810_3d4a_3>
...
001 (972549.015.000) 01/21 16:18:11 Job executing on host: <137.138.46.14:9618?addrs=137.138.46.14-9618+[--1]-9618&noUDP&sock=8591_9a9f_3>
...
001 (972549.014.000) 01/21 16:18:11 Job executing on host: <188.184.181.19:9618?addrs=188.184.181.19-9618+[--1]-9618&noUDP&sock=8833_988a_3>
...
001 (972549.007.000) 01/21 16:18:11 Job executing on host: <188.184.201.223:9618?addrs=188.184.201.223-9618+[--1]-9618&noUDP&sock=8836_a753_78>
...
001 (972549.013.000) 01/21 16:18:12 Job executing on host: <188.184.186.166:9618?addrs=188.184.186.166-9618+[--1]-9618&noUDP&sock=8644_f524_3>
...
001 (972549.012.000) 01/21 16:18:12 Job executing on host: <188.184.202.193:9618?addrs=188.184.202.193-9618+[--1]-9618&noUDP&sock=8928_4822_3>
...
006 (972549.002.000) 01/21 16:18:13 Image size of job updated: 17560
	6  -  MemoryUsage of job (MB)
	5336  -  ResidentSetSize of job (KB)
...
006 (972549.004.000) 01/21 16:18:13 Image size of job updated: 107948
	48  -  MemoryUsage of job (MB)
	48432  -  ResidentSetSize of job (KB)
...
006 (972549.000.000) 01/21 16:18:13 Image size of job updated: 20552
	7  -  MemoryUsage of job (MB)
	6524  -  ResidentSetSize of job (KB)
...
006 (972549.003.000) 01/21 16:18:13 Image size of job updated: 107860
	55  -  MemoryUsage of job (MB)
	55552  -  ResidentSetSize of job (KB)
...
006 (972549.005.000) 01/21 16:18:15 Image size of job updated: 37024
	20  -  MemoryUsage of job (MB)
	19804  -  ResidentSetSize of job (KB)
...
006 (972549.001.000) 01/21 16:18:15 Image size of job updated: 144012
	50  -  MemoryUsage of job (MB)
	50860  -  ResidentSetSize of job (KB)
...
006 (972549.010.000) 01/21 16:18:15 Image size of job updated: 52272
	7  -  MemoryUsage of job (MB)
	6536  -  ResidentSetSize of job (KB)
...
006 (972549.008.000) 01/21 16:18:16 Image size of job updated: 1828
	2  -  MemoryUsage of job (MB)
	1608  -  ResidentSetSize of job (KB)
...
006 (972549.011.000) 01/21 16:18:17 Image size of job updated: 82720
	32  -  MemoryUsage of job (MB)
	32676  -  ResidentSetSize of job (KB)
...
006 (972549.009.000) 01/21 16:18:18 Image size of job updated: 302892
	46  -  MemoryUsage of job (MB)
	46836  -  ResidentSetSize of job (KB)
...
006 (972549.015.000) 01/21 16:18:19 Image size of job updated: 23236
	9  -  MemoryUsage of job (MB)
	8684  -  ResidentSetSize of job (KB)
...
006 (972549.006.000) 01/21 16:18:19 Image size of job updated: 34580
	20  -  MemoryUsage of job (MB)
	19724  -  ResidentSetSize of job (KB)
...
006 (972549.013.000) 01/21 16:18:20 Image size of job updated: 100884
	51  -  MemoryUsage of job (MB)
	51472  -  ResidentSetSize of job (KB)
...
006 (972549.012.000) 01/21 16:18:20 Image size of job updated: 1432
	2  -  MemoryUsage of job (MB)
	1388  -  ResidentSetSize of job (KB)
...
006 (972549.014.000) 01/21 16:18:20 Image size of job updated: 107948
	55  -  MemoryUsage of job (MB)
	55648  -  ResidentSetSize of job (KB)
...
006 (972549.007.000) 01/21 16:18:20 Image size of job updated: 96348
	31  -  MemoryUsage of job (MB)
	30736  -  ResidentSetSize of job (KB)
...
006 (972549.002.000) 01/21 16:23:13 Image size of job updated: 108212
	55  -  MemoryUsage of job (MB)
	55596  -  ResidentSetSize of job (KB)
...
006 (972549.004.000) 01/21 16:23:13 Image size of job updated: 108264
	55  -  MemoryUsage of job (MB)
	55628  -  ResidentSetSize of job (KB)
...
006 (972549.000.000) 01/21 16:23:13 Image size of job updated: 108252
	55  -  MemoryUsage of job (MB)
	55636  -  ResidentSetSize of job (KB)
...
006 (972549.003.000) 01/21 16:23:14 Image size of job updated: 108224
	55  -  MemoryUsage of job (MB)
	55596  -  ResidentSetSize of job (KB)
...
006 (972549.005.000) 01/21 16:23:15 Image size of job updated: 108248
	55  -  MemoryUsage of job (MB)
	55620  -  ResidentSetSize of job (KB)
...
006 (972549.001.000) 01/21 16:23:15 Image size of job updated: 144012
	55  -  MemoryUsage of job (MB)
	55636  -  ResidentSetSize of job (KB)
...
006 (972549.010.000) 01/21 16:23:16 Image size of job updated: 142980
	55  -  MemoryUsage of job (MB)
	55740  -  ResidentSetSize of job (KB)
...
006 (972549.008.000) 01/21 16:23:17 Image size of job updated: 108040
	55  -  MemoryUsage of job (MB)
	55732  -  ResidentSetSize of job (KB)
...
006 (972549.011.000) 01/21 16:23:18 Image size of job updated: 108332
	55  -  MemoryUsage of job (MB)
	55724  -  ResidentSetSize of job (KB)
...
006 (972549.009.000) 01/21 16:23:19 Image size of job updated: 305824
	55  -  MemoryUsage of job (MB)
	55744  -  ResidentSetSize of job (KB)
...
006 (972549.013.000) 01/21 16:23:20 Image size of job updated: 108364
	55  -  MemoryUsage of job (MB)
	55736  -  ResidentSetSize of job (KB)
...
006 (972549.012.000) 01/21 16:23:20 Image size of job updated: 107956
	55  -  MemoryUsage of job (MB)
	55700  -  ResidentSetSize of job (KB)
...
006 (972549.015.000) 01/21 16:23:20 Image size of job updated: 108332
	55  -  MemoryUsage of job (MB)
	55724  -  ResidentSetSize of job (KB)
...
006 (972549.006.000) 01/21 16:23:20 Image size of job updated: 107860
	55  -  MemoryUsage of job (MB)
	55552  -  ResidentSetSize of job (KB)
...
006 (972549.007.000) 01/21 16:23:21 Image size of job updated: 125576
	55  -  MemoryUsage of job (MB)
	55552  -  ResidentSetSize of job (KB)
...
006 (972549.014.000) 01/21 16:23:21 Image size of job updated: 108496
	55  -  MemoryUsage of job (MB)
	55860  -  ResidentSetSize of job (KB)
...
006 (972549.000.000) 01/21 16:28:14 Image size of job updated: 108272
	55  -  MemoryUsage of job (MB)
	55636  -  ResidentSetSize of job (KB)
...
006 (972549.002.000) 01/21 16:28:14 Image size of job updated: 108244
	55  -  MemoryUsage of job (MB)
	55608  -  ResidentSetSize of job (KB)
...
006 (972549.010.000) 01/21 16:28:17 Image size of job updated: 143020
	55  -  MemoryUsage of job (MB)
	55760  -  ResidentSetSize of job (KB)
...
006 (972549.008.000) 01/21 16:28:18 Image size of job updated: 108360
	55  -  MemoryUsage of job (MB)
	55744  -  ResidentSetSize of job (KB)
...
006 (972549.011.000) 01/21 16:28:18 Image size of job updated: 108352
	55  -  MemoryUsage of job (MB)
	55724  -  ResidentSetSize of job (KB)
...
006 (972549.009.000) 01/21 16:28:20 Image size of job updated: 305848
	55  -  MemoryUsage of job (MB)
	55748  -  ResidentSetSize of job (KB)
...
006 (972549.012.000) 01/21 16:28:21 Image size of job updated: 107996
	55  -  MemoryUsage of job (MB)
	55732  -  ResidentSetSize of job (KB)
...
006 (972549.015.000) 01/21 16:28:21 Image size of job updated: 108364
	55  -  MemoryUsage of job (MB)
	55736  -  ResidentSetSize of job (KB)
...
006 (972549.006.000) 01/21 16:28:21 Image size of job updated: 108168
	55  -  MemoryUsage of job (MB)
	55552  -  ResidentSetSize of job (KB)
...
006 (972549.007.000) 01/21 16:28:21 Image size of job updated: 125620
	55  -  MemoryUsage of job (MB)
	55576  -  ResidentSetSize of job (KB)
...
006 (972549.013.000) 01/21 16:28:21 Image size of job updated: 108376
	55  -  MemoryUsage of job (MB)
	55748  -  ResidentSetSize of job (KB)
...
006 (972549.014.000) 01/21 16:28:22 Image size of job updated: 108500
	55  -  MemoryUsage of job (MB)
	55864  -  ResidentSetSize of job (KB)
...
006 (972549.000.000) 01/21 16:33:14 Image size of job updated: 108288
	55  -  MemoryUsage of job (MB)
	55652  -  ResidentSetSize of job (KB)
...
006 (972549.003.000) 01/21 16:33:14 Image size of job updated: 108240
	55  -  MemoryUsage of job (MB)
	55612  -  ResidentSetSize of job (KB)
...
006 (972549.002.000) 01/21 16:33:15 Image size of job updated: 108256
	55  -  MemoryUsage of job (MB)
	55620  -  ResidentSetSize of job (KB)
...
006 (972549.004.000) 01/21 16:33:15 Image size of job updated: 108284
	55  -  MemoryUsage of job (MB)
	55648  -  ResidentSetSize of job (KB)
...
006 (972549.001.000) 01/21 16:33:16 Image size of job updated: 144012
	55  -  MemoryUsage of job (MB)
	55652  -  ResidentSetSize of job (KB)
...
006 (972549.005.000) 01/21 16:33:17 Image size of job updated: 108260
	55  -  MemoryUsage of job (MB)
	55632  -  ResidentSetSize of job (KB)
...
006 (972549.010.000) 01/21 16:33:17 Image size of job updated: 143032
	55  -  MemoryUsage of job (MB)
	55772  -  ResidentSetSize of job (KB)
...
006 (972549.008.000) 01/21 16:33:18 Image size of job updated: 108372
	55  -  MemoryUsage of job (MB)
	55756  -  ResidentSetSize of job (KB)
...
006 (972549.011.000) 01/21 16:33:18 Image size of job updated: 108364
	55  -  MemoryUsage of job (MB)
	55736  -  ResidentSetSize of job (KB)
...
006 (972549.009.000) 01/21 16:33:20 Image size of job updated: 305872
	55  -  MemoryUsage of job (MB)
	55772  -  ResidentSetSize of job (KB)
...
006 (972549.012.000) 01/21 16:33:21 Image size of job updated: 108320
	55  -  MemoryUsage of job (MB)
	55744  -  ResidentSetSize of job (KB)
...
006 (972549.015.000) 01/21 16:33:21 Image size of job updated: 108380
	55  -  MemoryUsage of job (MB)
	55752  -  ResidentSetSize of job (KB)
...
006 (972549.006.000) 01/21 16:33:21 Image size of job updated: 108192
	55  -  MemoryUsage of job (MB)
	55576  -  ResidentSetSize of job (KB)
...
006 (972549.007.000) 01/21 16:33:21 Image size of job updated: 125636
	55  -  MemoryUsage of job (MB)
	55592  -  ResidentSetSize of job (KB)
...
006 (972549.013.000) 01/21 16:33:22 Image size of job updated: 108392
	55  -  MemoryUsage of job (MB)
	55764  -  ResidentSetSize of job (KB)
...
006 (972549.014.000) 01/21 16:33:22 Image size of job updated: 108512
	55  -  MemoryUsage of job (MB)
	55876  -  ResidentSetSize of job (KB)
...
006 (972549.000.000) 01/21 16:38:14 Image size of job updated: 108300
	55  -  MemoryUsage of job (MB)
	55664  -  ResidentSetSize of job (KB)
...
006 (972549.003.000) 01/21 16:38:15 Image size of job updated: 108296
	55  -  MemoryUsage of job (MB)
	55668  -  ResidentSetSize of job (KB)
...
006 (972549.002.000) 01/21 16:38:15 Image size of job updated: 108264
	55  -  MemoryUsage of job (MB)
	55628  -  ResidentSetSize of job (KB)
...
006 (972549.004.000) 01/21 16:38:15 Image size of job updated: 108368
	55  -  MemoryUsage of job (MB)
	55732  -  ResidentSetSize of job (KB)
...
006 (972549.001.000) 01/21 16:38:16 Image size of job updated: 144012
	55  -  MemoryUsage of job (MB)
	55660  -  ResidentSetSize of job (KB)
...
006 (972549.010.000) 01/21 16:38:17 Image size of job updated: 143220
	55  -  MemoryUsage of job (MB)
	55892  -  ResidentSetSize of job (KB)
...
006 (972549.011.000) 01/21 16:38:19 Image size of job updated: 108380
	55  -  MemoryUsage of job (MB)
	55752  -  ResidentSetSize of job (KB)
...
006 (972549.008.000) 01/21 16:38:19 Image size of job updated: 108408
	55  -  MemoryUsage of job (MB)
	55772  -  ResidentSetSize of job (KB)
...
006 (972549.012.000) 01/21 16:38:21 Image size of job updated: 108356
	55  -  MemoryUsage of job (MB)
	55780  -  ResidentSetSize of job (KB)
...
006 (972549.015.000) 01/21 16:38:21 Image size of job updated: 108388
	55  -  MemoryUsage of job (MB)
	55760  -  ResidentSetSize of job (KB)
...
006 (972549.007.000) 01/21 16:38:22 Image size of job updated: 125640
	55  -  MemoryUsage of job (MB)
	55596  -  ResidentSetSize of job (KB)
...
006 (972549.013.000) 01/21 16:38:22 Image size of job updated: 108448
	55  -  MemoryUsage of job (MB)
	55820  -  ResidentSetSize of job (KB)
...
006 (972549.006.000) 01/21 16:38:22 Image size of job updated: 108216
	55  -  MemoryUsage of job (MB)
	55580  -  ResidentSetSize of job (KB)
...
006 (972549.014.000) 01/21 16:38:23 Image size of job updated: 108536
	55  -  MemoryUsage of job (MB)
	55900  -  ResidentSetSize of job (KB)
...
006 (972549.003.000) 01/21 16:43:15 Image size of job updated: 108888
	55  -  MemoryUsage of job (MB)
	56144  -  ResidentSetSize of job (KB)
...
006 (972549.002.000) 01/21 16:43:15 Image size of job updated: 108324
	55  -  MemoryUsage of job (MB)
	55688  -  ResidentSetSize of job (KB)
...
006 (972549.000.000) 01/21 16:43:15 Image size of job updated: 108348
	55  -  MemoryUsage of job (MB)
	55712  -  ResidentSetSize of job (KB)
...
006 (972549.004.000) 01/21 16:43:16 Image size of job updated: 108392
	55  -  MemoryUsage of job (MB)
	55756  -  ResidentSetSize of job (KB)
...
006 (972549.001.000) 01/21 16:43:17 Image size of job updated: 144012
	55  -  MemoryUsage of job (MB)
	55664  -  ResidentSetSize of job (KB)
...
006 (972549.005.000) 01/21 16:43:17 Image size of job updated: 108852
	55  -  MemoryUsage of job (MB)
	56108  -  ResidentSetSize of job (KB)
...
006 (972549.010.000) 01/21 16:43:18 Image size of job updated: 143340
	55  -  MemoryUsage of job (MB)
	56012  -  ResidentSetSize of job (KB)
...
006 (972549.009.000) 01/21 16:43:21 Image size of job updated: 305932
	55  -  MemoryUsage of job (MB)
	55832  -  ResidentSetSize of job (KB)
...
006 (972549.015.000) 01/21 16:43:22 Image size of job updated: 108492
	55  -  MemoryUsage of job (MB)
	55864  -  ResidentSetSize of job (KB)
...
006 (972549.013.000) 01/21 16:43:22 Image size of job updated: 108476
	55  -  MemoryUsage of job (MB)
	55884  -  ResidentSetSize of job (KB)
...
006 (972549.014.000) 01/21 16:43:24 Image size of job updated: 109260
	56  -  MemoryUsage of job (MB)
	56512  -  ResidentSetSize of job (KB)
...
006 (972549.003.000) 01/21 16:48:15 Image size of job updated: 108908
	55  -  MemoryUsage of job (MB)
	56164  -  ResidentSetSize of job (KB)
...
006 (972549.000.000) 01/21 16:48:16 Image size of job updated: 108360
	55  -  MemoryUsage of job (MB)
	55724  -  ResidentSetSize of job (KB)
...
006 (972549.002.000) 01/21 16:48:16 Image size of job updated: 109000
	55  -  MemoryUsage of job (MB)
	56252  -  ResidentSetSize of job (KB)
...
006 (972549.004.000) 01/21 16:48:17 Image size of job updated: 109016
	55  -  MemoryUsage of job (MB)
	56268  -  ResidentSetSize of job (KB)
...
006 (972549.005.000) 01/21 16:48:18 Image size of job updated: 108868
	55  -  MemoryUsage of job (MB)
	56124  -  ResidentSetSize of job (KB)
...
006 (972549.011.000) 01/21 16:48:20 Image size of job updated: 108492
	55  -  MemoryUsage of job (MB)
	55864  -  ResidentSetSize of job (KB)
...
006 (972549.012.000) 01/21 16:48:22 Image size of job updated: 108384
	55  -  MemoryUsage of job (MB)
	55788  -  ResidentSetSize of job (KB)
...
006 (972549.013.000) 01/21 16:48:23 Image size of job updated: 109004
	55  -  MemoryUsage of job (MB)
	56296  -  ResidentSetSize of job (KB)
...
006 (972549.014.000) 01/21 16:48:24 Image size of job updated: 109280
	56  -  MemoryUsage of job (MB)
	56532  -  ResidentSetSize of job (KB)
...
006 (972549.000.000) 01/21 16:53:16 Image size of job updated: 108412
	55  -  MemoryUsage of job (MB)
	55776  -  ResidentSetSize of job (KB)
...
006 (972549.003.000) 01/21 16:53:16 Image size of job updated: 108928
	55  -  MemoryUsage of job (MB)
	56184  -  ResidentSetSize of job (KB)
...
006 (972549.002.000) 01/21 16:53:17 Image size of job updated: 109044
	55  -  MemoryUsage of job (MB)
	56296  -  ResidentSetSize of job (KB)
...
006 (972549.004.000) 01/21 16:53:17 Image size of job updated: 109044
	55  -  MemoryUsage of job (MB)
	56296  -  ResidentSetSize of job (KB)
...
006 (972549.001.000) 01/21 16:53:17 Image size of job updated: 144012
	55  -  MemoryUsage of job (MB)
	56084  -  ResidentSetSize of job (KB)
...
006 (972549.005.000) 01/21 16:53:19 Image size of job updated: 108884
	55  -  MemoryUsage of job (MB)
	56140  -  ResidentSetSize of job (KB)
...
006 (972549.011.000) 01/21 16:53:21 Image size of job updated: 108500
	55  -  MemoryUsage of job (MB)
	55872  -  ResidentSetSize of job (KB)
...
006 (972549.015.000) 01/21 16:53:22 Image size of job updated: 108980
	55  -  MemoryUsage of job (MB)
	56236  -  ResidentSetSize of job (KB)
...
006 (972549.012.000) 01/21 16:53:22 Image size of job updated: 108500
	55  -  MemoryUsage of job (MB)
	55904  -  ResidentSetSize of job (KB)
...
006 (972549.013.000) 01/21 16:53:24 Image size of job updated: 109012
	55  -  MemoryUsage of job (MB)
	56304  -  ResidentSetSize of job (KB)
...
006 (972549.006.000) 01/21 16:53:24 Image size of job updated: 108268
	55  -  MemoryUsage of job (MB)
	55632  -  ResidentSetSize of job (KB)
...
006 (972549.003.000) 01/21 16:58:17 Image size of job updated: 108948
	55  -  MemoryUsage of job (MB)
	56204  -  ResidentSetSize of job (KB)
...
006 (972549.002.000) 01/21 16:58:17 Image size of job updated: 109072
	56  -  MemoryUsage of job (MB)
	56324  -  ResidentSetSize of job (KB)
...
006 (972549.000.000) 01/21 16:58:17 Image size of job updated: 108996
	55  -  MemoryUsage of job (MB)
	56248  -  ResidentSetSize of job (KB)
...
006 (972549.001.000) 01/21 16:58:18 Image size of job updated: 144012
	55  -  MemoryUsage of job (MB)
	56104  -  ResidentSetSize of job (KB)
...
006 (972549.004.000) 01/21 16:58:18 Image size of job updated: 109068
	55  -  MemoryUsage of job (MB)
	56320  -  ResidentSetSize of job (KB)
...
006 (972549.005.000) 01/21 16:58:19 Image size of job updated: 108896
	55  -  MemoryUsage of job (MB)
	56152  -  ResidentSetSize of job (KB)
...
006 (972549.010.000) 01/21 16:58:19 Image size of job updated: 143340
	55  -  MemoryUsage of job (MB)
	56128  -  ResidentSetSize of job (KB)
...
006 (972549.008.000) 01/21 16:58:22 Image size of job updated: 108468
	55  -  MemoryUsage of job (MB)
	55832  -  ResidentSetSize of job (KB)
...
006 (972549.012.000) 01/21 16:58:23 Image size of job updated: 108504
	55  -  MemoryUsage of job (MB)
	55908  -  ResidentSetSize of job (KB)
...
006 (972549.015.000) 01/21 16:58:23 Image size of job updated: 109024
	55  -  MemoryUsage of job (MB)
	56280  -  ResidentSetSize of job (KB)
...
006 (972549.014.000) 01/21 16:58:25 Image size of job updated: 109296
	56  -  MemoryUsage of job (MB)
	56548  -  ResidentSetSize of job (KB)
...
006 (972549.003.000) 01/21 17:03:17 Image size of job updated: 108968
	55  -  MemoryUsage of job (MB)
	56224  -  ResidentSetSize of job (KB)
...
006 (972549.000.000) 01/21 17:03:18 Image size of job updated: 109032
	55  -  MemoryUsage of job (MB)
	56284  -  ResidentSetSize of job (KB)
...
006 (972549.001.000) 01/21 17:03:18 Image size of job updated: 144012
	55  -  MemoryUsage of job (MB)
	56120  -  ResidentSetSize of job (KB)
...
006 (972549.002.000) 01/21 17:03:18 Image size of job updated: 109100
	56  -  MemoryUsage of job (MB)
	56352  -  ResidentSetSize of job (KB)
...
006 (972549.004.000) 01/21 17:03:19 Image size of job updated: 109100
	56  -  MemoryUsage of job (MB)
	56352  -  ResidentSetSize of job (KB)
...
006 (972549.005.000) 01/21 17:03:20 Image size of job updated: 108908
	55  -  MemoryUsage of job (MB)
	56164  -  ResidentSetSize of job (KB)
...
006 (972549.015.000) 01/21 17:03:24 Image size of job updated: 109136
	56  -  MemoryUsage of job (MB)
	56392  -  ResidentSetSize of job (KB)
...
006 (972549.013.000) 01/21 17:03:24 Image size of job updated: 109012
	56  -  MemoryUsage of job (MB)
	56360  -  ResidentSetSize of job (KB)
...
006 (972549.014.000) 01/21 17:03:26 Image size of job updated: 109304
	56  -  MemoryUsage of job (MB)
	56556  -  ResidentSetSize of job (KB)
...
006 (972549.000.000) 01/21 17:08:18 Image size of job updated: 109060
	55  -  MemoryUsage of job (MB)
	56312  -  ResidentSetSize of job (KB)
...
006 (972549.001.000) 01/21 17:08:18 Image size of job updated: 144012
	55  -  MemoryUsage of job (MB)
	56124  -  ResidentSetSize of job (KB)
...
006 (972549.002.000) 01/21 17:08:19 Image size of job updated: 109120
	56  -  MemoryUsage of job (MB)
	56372  -  ResidentSetSize of job (KB)
...
006 (972549.004.000) 01/21 17:08:19 Image size of job updated: 109132
	56  -  MemoryUsage of job (MB)
	56384  -  ResidentSetSize of job (KB)
...
006 (972549.010.000) 01/21 17:08:20 Image size of job updated: 143340
	55  -  MemoryUsage of job (MB)
	56140  -  ResidentSetSize of job (KB)
...
006 (972549.005.000) 01/21 17:08:21 Image size of job updated: 108924
	55  -  MemoryUsage of job (MB)
	56180  -  ResidentSetSize of job (KB)
...
006 (972549.012.000) 01/21 17:08:23 Image size of job updated: 108508
	55  -  MemoryUsage of job (MB)
	55912  -  ResidentSetSize of job (KB)
...
006 (972549.007.000) 01/21 17:08:25 Image size of job updated: 125684
	55  -  MemoryUsage of job (MB)
	55640  -  ResidentSetSize of job (KB)
...
006 (972549.014.000) 01/21 17:08:26 Image size of job updated: 109424
	56  -  MemoryUsage of job (MB)
	56676  -  ResidentSetSize of job (KB)
...
006 (972549.014.000) 01/21 17:10:05 Image size of job updated: 544788
	56  -  MemoryUsage of job (MB)
	56676  -  ResidentSetSize of job (KB)
...
005 (972549.014.000) 01/21 17:10:06 Job terminated.
	(1) Normal termination (return value 0)
		Usr 0 00:11:02, Sys 0 00:02:26  -  Run Remote Usage
		Usr 0 00:00:00, Sys 0 00:00:00  -  Run Local Usage
		Usr 0 00:11:02, Sys 0 00:02:26  -  Total Remote Usage
		Usr 0 00:00:00, Sys 0 00:00:00  -  Total Local Usage
	386747  -  Run Bytes Sent By Job
	985  -  Run Bytes Received By Job
	386747  -  Total Bytes Sent By Job
	985  -  Total Bytes Received By Job
	Partitionable Resources :    Usage  Request Allocated
	   Cpus                 :                 1         1
	   Disk (KB)            :      391        1   2050788
	   Memory (MB)          :       56     2000      2000
...
005 (972549.005.000) 01/21 17:12:44 Job terminated.
	(1) Normal termination (return value 0)
		Usr 0 00:10:03, Sys 0 00:02:04  -  Run Remote Usage
		Usr 0 00:00:00, Sys 0 00:00:00  -  Run Local Usage
		Usr 0 00:10:03, Sys 0 00:02:04  -  Total Remote Usage
		Usr 0 00:00:00, Sys 0 00:00:00  -  Total Local Usage
	274526  -  Run Bytes Sent By Job
	1043  -  Run Bytes Received By Job
	274526  -  Total Bytes Sent By Job
	1043  -  Total Bytes Received By Job
	Partitionable Resources :    Usage  Request Allocated
	   Cpus                 :                 1         1
	   Disk (KB)            :      281        1   1811053
	   Memory (MB)          :       55     2000      2000
...
006 (972549.000.000) 01/21 17:13:18 Image size of job updated: 109080
	56  -  MemoryUsage of job (MB)
	56332  -  ResidentSetSize of job (KB)
...
006 (972549.002.000) 01/21 17:13:19 Image size of job updated: 109144
	56  -  MemoryUsage of job (MB)
	56396  -  ResidentSetSize of job (KB)
...
006 (972549.004.000) 01/21 17:13:19 Image size of job updated: 109140
	56  -  MemoryUsage of job (MB)
	56392  -  ResidentSetSize of job (KB)
...
006 (972549.001.000) 01/21 17:13:20 Image size of job updated: 144012
	55  -  MemoryUsage of job (MB)
	56136  -  ResidentSetSize of job (KB)
...
006 (972549.010.000) 01/21 17:13:21 Image size of job updated: 143688
	56  -  MemoryUsage of job (MB)
	56444  -  ResidentSetSize of job (KB)
...
006 (972549.009.000) 01/21 17:13:23 Image size of job updated: 306456
	55  -  MemoryUsage of job (MB)
	56240  -  ResidentSetSize of job (KB)
...
006 (972549.008.000) 01/21 17:13:24 Image size of job updated: 108468
	55  -  MemoryUsage of job (MB)
	55896  -  ResidentSetSize of job (KB)
...
006 (972549.015.000) 01/21 17:13:25 Image size of job updated: 109140
	56  -  MemoryUsage of job (MB)
	56396  -  ResidentSetSize of job (KB)
...
005 (972549.004.000) 01/21 17:14:41 Job terminated.
	(1) Normal termination (return value 0)
		Usr 0 00:10:15, Sys 0 00:01:52  -  Run Remote Usage
		Usr 0 00:00:00, Sys 0 00:00:00  -  Run Local Usage
		Usr 0 00:10:15, Sys 0 00:01:52  -  Total Remote Usage
		Usr 0 00:00:00, Sys 0 00:00:00  -  Total Local Usage
	364724  -  Run Bytes Sent By Job
	997  -  Run Bytes Received By Job
	364724  -  Total Bytes Sent By Job
	997  -  Total Bytes Received By Job
	Partitionable Resources :    Usage  Request Allocated
	   Cpus                 :                 1         1
	   Disk (KB)            :      369        1   2026566
	   Memory (MB)          :       56     2000      2000
...
006 (972549.000.000) 01/21 17:18:19 Image size of job updated: 109104
	56  -  MemoryUsage of job (MB)
	56356  -  ResidentSetSize of job (KB)
...
006 (972549.002.000) 01/21 17:18:19 Image size of job updated: 109148
	56  -  MemoryUsage of job (MB)
	56400  -  ResidentSetSize of job (KB)
...
006 (972549.001.000) 01/21 17:18:20 Image size of job updated: 144012
	55  -  MemoryUsage of job (MB)
	56144  -  ResidentSetSize of job (KB)
...
006 (972549.012.000) 01/21 17:18:24 Image size of job updated: 108512
	55  -  MemoryUsage of job (MB)
	55916  -  ResidentSetSize of job (KB)
...
006 (972549.013.000) 01/21 17:18:25 Image size of job updated: 109012
	56  -  MemoryUsage of job (MB)
	56368  -  ResidentSetSize of job (KB)
...
005 (972549.002.000) 01/21 17:19:11 Job terminated.
	(1) Normal termination (return value 0)
		Usr 0 00:09:40, Sys 0 00:02:05  -  Run Remote Usage
		Usr 0 00:00:00, Sys 0 00:00:00  -  Run Local Usage
		Usr 0 00:09:40, Sys 0 00:02:05  -  Total Remote Usage
		Usr 0 00:00:00, Sys 0 00:00:00  -  Total Local Usage
	355865  -  Run Bytes Sent By Job
	973  -  Run Bytes Received By Job
	355865  -  Total Bytes Sent By Job
	973  -  Total Bytes Received By Job
	Partitionable Resources :    Usage  Request Allocated
	   Cpus                 :                 1         1
	   Disk (KB)            :      361        1   1795188
	   Memory (MB)          :       56     2000      2000
...
005 (972549.003.000) 01/21 17:19:56 Job terminated.
	(1) Normal termination (return value 0)
		Usr 0 00:09:50, Sys 0 00:02:04  -  Run Remote Usage
		Usr 0 00:00:00, Sys 0 00:00:00  -  Run Local Usage
		Usr 0 00:09:50, Sys 0 00:02:04  -  Total Remote Usage
		Usr 0 00:00:00, Sys 0 00:00:00  -  Total Local Usage
	295573  -  Run Bytes Sent By Job
	1019  -  Run Bytes Received By Job
	295573  -  Total Bytes Sent By Job
	1019  -  Total Bytes Received By Job
	Partitionable Resources :    Usage  Request Allocated
	   Cpus                 :                 1         1
	   Disk (KB)            :      302        1   1952926
	   Memory (MB)          :       55     2000      2000
...
006 (972549.000.000) 01/21 17:23:19 Image size of job updated: 109120
	56  -  MemoryUsage of job (MB)
	56372  -  ResidentSetSize of job (KB)
...
006 (972549.001.000) 01/21 17:23:20 Image size of job updated: 144012
	55  -  MemoryUsage of job (MB)
	56160  -  ResidentSetSize of job (KB)
...
006 (972549.010.000) 01/21 17:23:22 Image size of job updated: 143688
	56  -  MemoryUsage of job (MB)
	56540  -  ResidentSetSize of job (KB)
...
006 (972549.011.000) 01/21 17:23:23 Image size of job updated: 109016
	55  -  MemoryUsage of job (MB)
	56272  -  ResidentSetSize of job (KB)
...
006 (972549.009.000) 01/21 17:23:23 Image size of job updated: 306460
	55  -  MemoryUsage of job (MB)
	56244  -  ResidentSetSize of job (KB)
...
005 (972549.013.000) 01/21 17:27:11 Job terminated.
	(1) Normal termination (return value 0)
		Usr 0 00:11:41, Sys 0 00:02:27  -  Run Remote Usage
		Usr 0 00:00:00, Sys 0 00:00:00  -  Run Local Usage
		Usr 0 00:11:41, Sys 0 00:02:27  -  Total Remote Usage
		Usr 0 00:00:00, Sys 0 00:00:00  -  Total Local Usage
	305946  -  Run Bytes Sent By Job
	1035  -  Run Bytes Received By Job
	305946  -  Total Bytes Sent By Job
	1035  -  Total Bytes Received By Job
	Partitionable Resources :    Usage  Request Allocated
	   Cpus                 :                 1         1
	   Disk (KB)            :      312        1   1593451
	   Memory (MB)          :       56     2000      2000
...
006 (972549.000.000) 01/21 17:28:19 Image size of job updated: 109136
	56  -  MemoryUsage of job (MB)
	56388  -  ResidentSetSize of job (KB)
...
006 (972549.001.000) 01/21 17:28:21 Image size of job updated: 144012
	55  -  MemoryUsage of job (MB)
	56176  -  ResidentSetSize of job (KB)
...
006 (972549.010.000) 01/21 17:28:23 Image size of job updated: 143688
	56  -  MemoryUsage of job (MB)
	56552  -  ResidentSetSize of job (KB)
...
006 (972549.008.000) 01/21 17:28:26 Image size of job updated: 108468
	55  -  MemoryUsage of job (MB)
	55900  -  ResidentSetSize of job (KB)
...
006 (972549.007.000) 01/21 17:28:28 Image size of job updated: 126188
	55  -  MemoryUsage of job (MB)
	56028  -  ResidentSetSize of job (KB)
...
006 (972549.006.000) 01/21 17:28:29 Image size of job updated: 108268
	55  -  MemoryUsage of job (MB)
	55680  -  ResidentSetSize of job (KB)
...
006 (972549.000.000) 01/21 17:33:20 Image size of job updated: 109144
	56  -  MemoryUsage of job (MB)
	56396  -  ResidentSetSize of job (KB)
...
006 (972549.011.000) 01/21 17:33:24 Image size of job updated: 109040
	55  -  MemoryUsage of job (MB)
	56296  -  ResidentSetSize of job (KB)
...
006 (972549.008.000) 01/21 17:33:26 Image size of job updated: 108468
	55  -  MemoryUsage of job (MB)
	55912  -  ResidentSetSize of job (KB)
...
006 (972549.015.000) 01/21 17:33:27 Image size of job updated: 109144
	56  -  MemoryUsage of job (MB)
	56400  -  ResidentSetSize of job (KB)
...
006 (972549.007.000) 01/21 17:33:28 Image size of job updated: 126200
	55  -  MemoryUsage of job (MB)
	56040  -  ResidentSetSize of job (KB)
...
006 (972549.006.000) 01/21 17:33:29 Image size of job updated: 108268
	55  -  MemoryUsage of job (MB)
	55684  -  ResidentSetSize of job (KB)
...
