000 (972547.000.000) 01/21 16:07:42 Job submitted from host: <137.138.44.75:9618?addrs=137.138.44.75-9618+[2001-1458-d00-1a--b]-9618&noUDP&sock=124143_59c7_28>
...
000 (972547.001.000) 01/21 16:07:42 Job submitted from host: <137.138.44.75:9618?addrs=137.138.44.75-9618+[2001-1458-d00-1a--b]-9618&noUDP&sock=124143_59c7_28>
...
000 (972547.002.000) 01/21 16:07:43 Job submitted from host: <137.138.44.75:9618?addrs=137.138.44.75-9618+[2001-1458-d00-1a--b]-9618&noUDP&sock=124143_59c7_28>
...
000 (972547.003.000) 01/21 16:07:43 Job submitted from host: <137.138.44.75:9618?addrs=137.138.44.75-9618+[2001-1458-d00-1a--b]-9618&noUDP&sock=124143_59c7_28>
...
000 (972547.004.000) 01/21 16:07:43 Job submitted from host: <137.138.44.75:9618?addrs=137.138.44.75-9618+[2001-1458-d00-1a--b]-9618&noUDP&sock=124143_59c7_28>
...
000 (972547.005.000) 01/21 16:07:43 Job submitted from host: <137.138.44.75:9618?addrs=137.138.44.75-9618+[2001-1458-d00-1a--b]-9618&noUDP&sock=124143_59c7_28>
...
000 (972547.006.000) 01/21 16:07:43 Job submitted from host: <137.138.44.75:9618?addrs=137.138.44.75-9618+[2001-1458-d00-1a--b]-9618&noUDP&sock=124143_59c7_28>
...
000 (972547.007.000) 01/21 16:07:43 Job submitted from host: <137.138.44.75:9618?addrs=137.138.44.75-9618+[2001-1458-d00-1a--b]-9618&noUDP&sock=124143_59c7_28>
...
000 (972547.008.000) 01/21 16:07:43 Job submitted from host: <137.138.44.75:9618?addrs=137.138.44.75-9618+[2001-1458-d00-1a--b]-9618&noUDP&sock=124143_59c7_28>
...
000 (972547.009.000) 01/21 16:07:44 Job submitted from host: <137.138.44.75:9618?addrs=137.138.44.75-9618+[2001-1458-d00-1a--b]-9618&noUDP&sock=124143_59c7_28>
...
000 (972547.010.000) 01/21 16:07:44 Job submitted from host: <137.138.44.75:9618?addrs=137.138.44.75-9618+[2001-1458-d00-1a--b]-9618&noUDP&sock=124143_59c7_28>
...
000 (972547.011.000) 01/21 16:07:44 Job submitted from host: <137.138.44.75:9618?addrs=137.138.44.75-9618+[2001-1458-d00-1a--b]-9618&noUDP&sock=124143_59c7_28>
...
000 (972547.012.000) 01/21 16:07:44 Job submitted from host: <137.138.44.75:9618?addrs=137.138.44.75-9618+[2001-1458-d00-1a--b]-9618&noUDP&sock=124143_59c7_28>
...
000 (972547.013.000) 01/21 16:07:44 Job submitted from host: <137.138.44.75:9618?addrs=137.138.44.75-9618+[2001-1458-d00-1a--b]-9618&noUDP&sock=124143_59c7_28>
...
000 (972547.014.000) 01/21 16:07:44 Job submitted from host: <137.138.44.75:9618?addrs=137.138.44.75-9618+[2001-1458-d00-1a--b]-9618&noUDP&sock=124143_59c7_28>
...
000 (972547.015.000) 01/21 16:07:44 Job submitted from host: <137.138.44.75:9618?addrs=137.138.44.75-9618+[2001-1458-d00-1a--b]-9618&noUDP&sock=124143_59c7_28>
...
001 (972547.004.000) 01/21 16:17:56 Job executing on host: <188.185.128.43:9618?addrs=188.185.128.43-9618+[--1]-9618&noUDP&sock=8366_45d0_3>
...
001 (972547.008.000) 01/21 16:17:56 Job executing on host: <188.184.206.232:9618?addrs=188.184.206.232-9618+[--1]-9618&noUDP&sock=8753_b8f6_3>
...
001 (972547.011.000) 01/21 16:17:56 Job executing on host: <188.184.205.110:9618?addrs=188.184.205.110-9618+[--1]-9618&noUDP&sock=8850_41a6_3>
...
001 (972547.009.000) 01/21 16:17:56 Job executing on host: <188.184.132.13:9618?addrs=188.184.132.13-9618+[--1]-9618&noUDP&sock=8806_137b_3>
...
001 (972547.010.000) 01/21 16:17:57 Job executing on host: <188.184.202.89:9618?addrs=188.184.202.89-9618+[--1]-9618&noUDP&sock=8876_171c_3>
...
001 (972547.002.000) 01/21 16:17:57 Job executing on host: <128.142.196.125:9618?addrs=128.142.196.125-9618+[--1]-9618&noUDP&sock=8377_d15a_3>
...
001 (972547.014.000) 01/21 16:17:58 Job executing on host: <188.184.207.121:9618?addrs=188.184.207.121-9618+[--1]-9618&noUDP&sock=8933_b61b_3>
...
001 (972547.000.000) 01/21 16:17:59 Job executing on host: <128.142.224.203:9618?addrs=128.142.224.203-9618+[--1]-9618&noUDP&sock=24339_6c10_33>
...
001 (972547.015.000) 01/21 16:17:59 Job executing on host: <188.184.207.13:9618?addrs=188.184.207.13-9618+[--1]-9618&noUDP&sock=8744_8c9c_3>
...
001 (972547.012.000) 01/21 16:18:00 Job executing on host: <188.184.202.206:9618?addrs=188.184.202.206-9618+[--1]-9618&noUDP&sock=8839_b61b_3>
...
001 (972547.013.000) 01/21 16:18:00 Job executing on host: <188.184.201.82:9618?addrs=188.184.201.82-9618+[--1]-9618&noUDP&sock=8831_3959_3>
...
001 (972547.006.000) 01/21 16:18:01 Job executing on host: <188.185.196.53:9618?addrs=188.185.196.53-9618+[--1]-9618&noUDP&sock=5470_db8a_3>
...
001 (972547.003.000) 01/21 16:18:03 Job executing on host: <128.142.193.30:9618?addrs=128.142.193.30-9618+[--1]-9618&noUDP&sock=8679_475c_3>
...
006 (972547.011.000) 01/21 16:18:05 Image size of job updated: 1608
	2  -  MemoryUsage of job (MB)
	1476  -  ResidentSetSize of job (KB)
...
006 (972547.009.000) 01/21 16:18:05 Image size of job updated: 7952
	8  -  MemoryUsage of job (MB)
	7952  -  ResidentSetSize of job (KB)
...
006 (972547.004.000) 01/21 16:18:05 Image size of job updated: 9804
	10  -  MemoryUsage of job (MB)
	9800  -  ResidentSetSize of job (KB)
...
006 (972547.008.000) 01/21 16:18:05 Image size of job updated: 108004
	55  -  MemoryUsage of job (MB)
	55704  -  ResidentSetSize of job (KB)
...
006 (972547.010.000) 01/21 16:18:06 Image size of job updated: 94060
	50  -  MemoryUsage of job (MB)
	50980  -  ResidentSetSize of job (KB)
...
006 (972547.002.000) 01/21 16:18:06 Image size of job updated: 1000
	1  -  MemoryUsage of job (MB)
	1000  -  ResidentSetSize of job (KB)
...
006 (972547.014.000) 01/21 16:18:07 Image size of job updated: 107952
	55  -  MemoryUsage of job (MB)
	55652  -  ResidentSetSize of job (KB)
...
006 (972547.015.000) 01/21 16:18:08 Image size of job updated: 109608
	49  -  MemoryUsage of job (MB)
	49696  -  ResidentSetSize of job (KB)
...
006 (972547.000.000) 01/21 16:18:08 Image size of job updated: 47764
	1  -  MemoryUsage of job (MB)
	988  -  ResidentSetSize of job (KB)
...
006 (972547.012.000) 01/21 16:18:09 Image size of job updated: 18784
	6  -  MemoryUsage of job (MB)
	5552  -  ResidentSetSize of job (KB)
...
006 (972547.013.000) 01/21 16:18:09 Image size of job updated: 108008
	55  -  MemoryUsage of job (MB)
	55700  -  ResidentSetSize of job (KB)
...
006 (972547.006.000) 01/21 16:18:10 Image size of job updated: 5804
	6  -  MemoryUsage of job (MB)
	5804  -  ResidentSetSize of job (KB)
...
006 (972547.003.000) 01/21 16:18:11 Image size of job updated: 420
	1  -  MemoryUsage of job (MB)
	420  -  ResidentSetSize of job (KB)
...
001 (972547.001.000) 01/21 16:18:20 Job executing on host: <128.142.164.102:9618?addrs=128.142.164.102-9618+[--1]-9618&noUDP&sock=8136_8307_3>
...
001 (972547.007.000) 01/21 16:18:21 Job executing on host: <188.185.195.30:9618?addrs=188.185.195.30-9618+[--1]-9618&noUDP&sock=4244_ec6e_83>
...
006 (972547.001.000) 01/21 16:18:29 Image size of job updated: 424
	1  -  MemoryUsage of job (MB)
	424  -  ResidentSetSize of job (KB)
...
006 (972547.007.000) 01/21 16:18:30 Image size of job updated: 2808
	2  -  MemoryUsage of job (MB)
	1320  -  ResidentSetSize of job (KB)
...
001 (972547.005.000) 01/21 16:19:08 Job executing on host: <188.185.128.25:9618?addrs=188.185.128.25-9618+[--1]-9618&noUDP&sock=5520_2746_37>
...
006 (972547.005.000) 01/21 16:19:17 Image size of job updated: 992
	1  -  MemoryUsage of job (MB)
	992  -  ResidentSetSize of job (KB)
...
006 (972547.011.000) 01/21 16:23:05 Image size of job updated: 108016
	55  -  MemoryUsage of job (MB)
	55700  -  ResidentSetSize of job (KB)
...
006 (972547.009.000) 01/21 16:23:05 Image size of job updated: 107996
	55  -  MemoryUsage of job (MB)
	55688  -  ResidentSetSize of job (KB)
...
006 (972547.004.000) 01/21 16:23:06 Image size of job updated: 107900
	55  -  MemoryUsage of job (MB)
	55600  -  ResidentSetSize of job (KB)
...
006 (972547.008.000) 01/21 16:23:06 Image size of job updated: 108504
	55  -  MemoryUsage of job (MB)
	55868  -  ResidentSetSize of job (KB)
...
006 (972547.002.000) 01/21 16:23:07 Image size of job updated: 107884
	55  -  MemoryUsage of job (MB)
	55580  -  ResidentSetSize of job (KB)
...
006 (972547.010.000) 01/21 16:23:07 Image size of job updated: 108496
	55  -  MemoryUsage of job (MB)
	55860  -  ResidentSetSize of job (KB)
...
006 (972547.014.000) 01/21 16:23:08 Image size of job updated: 108496
	55  -  MemoryUsage of job (MB)
	55860  -  ResidentSetSize of job (KB)
...
006 (972547.015.000) 01/21 16:23:09 Image size of job updated: 109608
	55  -  MemoryUsage of job (MB)
	55708  -  ResidentSetSize of job (KB)
...
006 (972547.000.000) 01/21 16:23:09 Image size of job updated: 154396
	55  -  MemoryUsage of job (MB)
	55640  -  ResidentSetSize of job (KB)
...
006 (972547.013.000) 01/21 16:23:10 Image size of job updated: 108368
	55  -  MemoryUsage of job (MB)
	55740  -  ResidentSetSize of job (KB)
...
006 (972547.012.000) 01/21 16:23:10 Image size of job updated: 108040
	55  -  MemoryUsage of job (MB)
	55732  -  ResidentSetSize of job (KB)
...
006 (972547.003.000) 01/21 16:23:11 Image size of job updated: 108224
	55  -  MemoryUsage of job (MB)
	55596  -  ResidentSetSize of job (KB)
...
006 (972547.006.000) 01/21 16:23:11 Image size of job updated: 107744
	55  -  MemoryUsage of job (MB)
	55528  -  ResidentSetSize of job (KB)
...
006 (972547.001.000) 01/21 16:23:29 Image size of job updated: 108244
	55  -  MemoryUsage of job (MB)
	55648  -  ResidentSetSize of job (KB)
...
006 (972547.007.000) 01/21 16:23:31 Image size of job updated: 110048
	55  -  MemoryUsage of job (MB)
	55852  -  ResidentSetSize of job (KB)
...
006 (972547.005.000) 01/21 16:24:18 Image size of job updated: 107900
	55  -  MemoryUsage of job (MB)
	55592  -  ResidentSetSize of job (KB)
...
006 (972547.011.000) 01/21 16:28:05 Image size of job updated: 108360
	55  -  MemoryUsage of job (MB)
	55732  -  ResidentSetSize of job (KB)
...
006 (972547.009.000) 01/21 16:28:05 Image size of job updated: 108024
	55  -  MemoryUsage of job (MB)
	55708  -  ResidentSetSize of job (KB)
...
006 (972547.004.000) 01/21 16:28:06 Image size of job updated: 107932
	55  -  MemoryUsage of job (MB)
	55624  -  ResidentSetSize of job (KB)
...
006 (972547.002.000) 01/21 16:28:07 Image size of job updated: 108168
	55  -  MemoryUsage of job (MB)
	55592  -  ResidentSetSize of job (KB)
...
006 (972547.010.000) 01/21 16:28:08 Image size of job updated: 108500
	55  -  MemoryUsage of job (MB)
	55864  -  ResidentSetSize of job (KB)
...
006 (972547.015.000) 01/21 16:28:09 Image size of job updated: 109608
	55  -  MemoryUsage of job (MB)
	55732  -  ResidentSetSize of job (KB)
...
006 (972547.000.000) 01/21 16:28:09 Image size of job updated: 154396
	55  -  MemoryUsage of job (MB)
	55652  -  ResidentSetSize of job (KB)
...
006 (972547.013.000) 01/21 16:28:10 Image size of job updated: 108428
	55  -  MemoryUsage of job (MB)
	55800  -  ResidentSetSize of job (KB)
...
006 (972547.006.000) 01/21 16:28:11 Image size of job updated: 107756
	55  -  MemoryUsage of job (MB)
	55532  -  ResidentSetSize of job (KB)
...
006 (972547.012.000) 01/21 16:28:11 Image size of job updated: 108496
	55  -  MemoryUsage of job (MB)
	55860  -  ResidentSetSize of job (KB)
...
006 (972547.007.000) 01/21 16:28:31 Image size of job updated: 110048
	55  -  MemoryUsage of job (MB)
	55884  -  ResidentSetSize of job (KB)
...
006 (972547.005.000) 01/21 16:29:19 Image size of job updated: 107912
	55  -  MemoryUsage of job (MB)
	55596  -  ResidentSetSize of job (KB)
...
006 (972547.009.000) 01/21 16:33:06 Image size of job updated: 108352
	55  -  MemoryUsage of job (MB)
	55744  -  ResidentSetSize of job (KB)
...
006 (972547.008.000) 01/21 16:33:06 Image size of job updated: 108516
	55  -  MemoryUsage of job (MB)
	55880  -  ResidentSetSize of job (KB)
...
006 (972547.011.000) 01/21 16:33:07 Image size of job updated: 108384
	55  -  MemoryUsage of job (MB)
	55756  -  ResidentSetSize of job (KB)
...
006 (972547.002.000) 01/21 16:33:07 Image size of job updated: 108188
	55  -  MemoryUsage of job (MB)
	55612  -  ResidentSetSize of job (KB)
...
006 (972547.010.000) 01/21 16:33:08 Image size of job updated: 108516
	55  -  MemoryUsage of job (MB)
	55880  -  ResidentSetSize of job (KB)
...
006 (972547.014.000) 01/21 16:33:08 Image size of job updated: 108508
	55  -  MemoryUsage of job (MB)
	55872  -  ResidentSetSize of job (KB)
...
006 (972547.015.000) 01/21 16:33:09 Image size of job updated: 109608
	55  -  MemoryUsage of job (MB)
	55744  -  ResidentSetSize of job (KB)
...
006 (972547.000.000) 01/21 16:33:10 Image size of job updated: 154396
	55  -  MemoryUsage of job (MB)
	55668  -  ResidentSetSize of job (KB)
...
006 (972547.013.000) 01/21 16:33:10 Image size of job updated: 108452
	55  -  MemoryUsage of job (MB)
	55824  -  ResidentSetSize of job (KB)
...
006 (972547.006.000) 01/21 16:33:11 Image size of job updated: 107796
	55  -  MemoryUsage of job (MB)
	55572  -  ResidentSetSize of job (KB)
...
006 (972547.012.000) 01/21 16:33:11 Image size of job updated: 108516
	55  -  MemoryUsage of job (MB)
	55880  -  ResidentSetSize of job (KB)
...
006 (972547.003.000) 01/21 16:33:13 Image size of job updated: 108224
	55  -  MemoryUsage of job (MB)
	55616  -  ResidentSetSize of job (KB)
...
006 (972547.007.000) 01/21 16:33:31 Image size of job updated: 110048
	55  -  MemoryUsage of job (MB)
	55900  -  ResidentSetSize of job (KB)
...
006 (972547.001.000) 01/21 16:33:31 Image size of job updated: 108244
	55  -  MemoryUsage of job (MB)
	55664  -  ResidentSetSize of job (KB)
...
006 (972547.005.000) 01/21 16:34:19 Image size of job updated: 107940
	55  -  MemoryUsage of job (MB)
	55624  -  ResidentSetSize of job (KB)
...
006 (972547.009.000) 01/21 16:38:06 Image size of job updated: 108356
	55  -  MemoryUsage of job (MB)
	55748  -  ResidentSetSize of job (KB)
...
006 (972547.004.000) 01/21 16:38:07 Image size of job updated: 107932
	55  -  MemoryUsage of job (MB)
	55628  -  ResidentSetSize of job (KB)
...
006 (972547.011.000) 01/21 16:38:07 Image size of job updated: 108388
	55  -  MemoryUsage of job (MB)
	55760  -  ResidentSetSize of job (KB)
...
006 (972547.002.000) 01/21 16:38:07 Image size of job updated: 108224
	55  -  MemoryUsage of job (MB)
	55628  -  ResidentSetSize of job (KB)
...
006 (972547.008.000) 01/21 16:38:07 Image size of job updated: 108524
	55  -  MemoryUsage of job (MB)
	55888  -  ResidentSetSize of job (KB)
...
006 (972547.014.000) 01/21 16:38:09 Image size of job updated: 108524
	55  -  MemoryUsage of job (MB)
	55888  -  ResidentSetSize of job (KB)
...
006 (972547.015.000) 01/21 16:38:10 Image size of job updated: 109608
	55  -  MemoryUsage of job (MB)
	55856  -  ResidentSetSize of job (KB)
...
006 (972547.003.000) 01/21 16:38:13 Image size of job updated: 108224
	55  -  MemoryUsage of job (MB)
	55664  -  ResidentSetSize of job (KB)
...
006 (972547.007.000) 01/21 16:38:33 Image size of job updated: 110048
	55  -  MemoryUsage of job (MB)
	55912  -  ResidentSetSize of job (KB)
...
006 (972547.009.000) 01/21 16:43:06 Image size of job updated: 108388
	55  -  MemoryUsage of job (MB)
	55760  -  ResidentSetSize of job (KB)
...
006 (972547.008.000) 01/21 16:43:08 Image size of job updated: 108524
	55  -  MemoryUsage of job (MB)
	55908  -  ResidentSetSize of job (KB)
...
006 (972547.010.000) 01/21 16:43:09 Image size of job updated: 108524
	55  -  MemoryUsage of job (MB)
	55888  -  ResidentSetSize of job (KB)
...
006 (972547.014.000) 01/21 16:43:10 Image size of job updated: 109132
	56  -  MemoryUsage of job (MB)
	56384  -  ResidentSetSize of job (KB)
...
006 (972547.015.000) 01/21 16:43:10 Image size of job updated: 109608
	55  -  MemoryUsage of job (MB)
	55868  -  ResidentSetSize of job (KB)
...
006 (972547.006.000) 01/21 16:43:12 Image size of job updated: 107796
	55  -  MemoryUsage of job (MB)
	55576  -  ResidentSetSize of job (KB)
...
006 (972547.013.000) 01/21 16:43:12 Image size of job updated: 109040
	55  -  MemoryUsage of job (MB)
	56296  -  ResidentSetSize of job (KB)
...
006 (972547.012.000) 01/21 16:43:13 Image size of job updated: 108528
	55  -  MemoryUsage of job (MB)
	55892  -  ResidentSetSize of job (KB)
...
006 (972547.003.000) 01/21 16:43:14 Image size of job updated: 108224
	55  -  MemoryUsage of job (MB)
	56108  -  ResidentSetSize of job (KB)
...
006 (972547.005.000) 01/21 16:44:21 Image size of job updated: 108236
	55  -  MemoryUsage of job (MB)
	55628  -  ResidentSetSize of job (KB)
...
006 (972547.008.000) 01/21 16:48:08 Image size of job updated: 109156
	56  -  MemoryUsage of job (MB)
	56448  -  ResidentSetSize of job (KB)
...
006 (972547.004.000) 01/21 16:48:08 Image size of job updated: 107932
	55  -  MemoryUsage of job (MB)
	55632  -  ResidentSetSize of job (KB)
...
006 (972547.011.000) 01/21 16:48:08 Image size of job updated: 108500
	55  -  MemoryUsage of job (MB)
	55872  -  ResidentSetSize of job (KB)
...
006 (972547.010.000) 01/21 16:48:09 Image size of job updated: 109164
	56  -  MemoryUsage of job (MB)
	56416  -  ResidentSetSize of job (KB)
...
006 (972547.014.000) 01/21 16:48:10 Image size of job updated: 109288
	56  -  MemoryUsage of job (MB)
	56540  -  ResidentSetSize of job (KB)
...
006 (972547.015.000) 01/21 16:48:10 Image size of job updated: 109608
	55  -  MemoryUsage of job (MB)
	56272  -  ResidentSetSize of job (KB)
...
006 (972547.013.000) 01/21 16:48:12 Image size of job updated: 109080
	56  -  MemoryUsage of job (MB)
	56336  -  ResidentSetSize of job (KB)
...
006 (972547.012.000) 01/21 16:48:13 Image size of job updated: 108540
	55  -  MemoryUsage of job (MB)
	55904  -  ResidentSetSize of job (KB)
...
006 (972547.003.000) 01/21 16:48:15 Image size of job updated: 108224
	55  -  MemoryUsage of job (MB)
	56140  -  ResidentSetSize of job (KB)
...
006 (972547.001.000) 01/21 16:48:33 Image size of job updated: 108244
	55  -  MemoryUsage of job (MB)
	56108  -  ResidentSetSize of job (KB)
...
006 (972547.007.000) 01/21 16:48:33 Image size of job updated: 110048
	55  -  MemoryUsage of job (MB)
	55916  -  ResidentSetSize of job (KB)
...
006 (972547.010.000) 01/21 16:53:09 Image size of job updated: 109304
	56  -  MemoryUsage of job (MB)
	56556  -  ResidentSetSize of job (KB)
...
006 (972547.008.000) 01/21 16:53:09 Image size of job updated: 109176
	56  -  MemoryUsage of job (MB)
	56504  -  ResidentSetSize of job (KB)
...
006 (972547.015.000) 01/21 16:53:11 Image size of job updated: 109608
	55  -  MemoryUsage of job (MB)
	56284  -  ResidentSetSize of job (KB)
...
006 (972547.013.000) 01/21 16:53:13 Image size of job updated: 109084
	56  -  MemoryUsage of job (MB)
	56340  -  ResidentSetSize of job (KB)
...
006 (972547.006.000) 01/21 16:53:13 Image size of job updated: 107796
	55  -  MemoryUsage of job (MB)
	55588  -  ResidentSetSize of job (KB)
...
006 (972547.012.000) 01/21 16:53:14 Image size of job updated: 108656
	55  -  MemoryUsage of job (MB)
	56020  -  ResidentSetSize of job (KB)
...
006 (972547.003.000) 01/21 16:53:15 Image size of job updated: 108224
	55  -  MemoryUsage of job (MB)
	56160  -  ResidentSetSize of job (KB)
...
006 (972547.001.000) 01/21 16:53:33 Image size of job updated: 108244
	55  -  MemoryUsage of job (MB)
	56128  -  ResidentSetSize of job (KB)
...
006 (972547.005.000) 01/21 16:54:22 Image size of job updated: 108260
	55  -  MemoryUsage of job (MB)
	55632  -  ResidentSetSize of job (KB)
...
006 (972547.002.000) 01/21 16:58:08 Image size of job updated: 108224
	55  -  MemoryUsage of job (MB)
	55676  -  ResidentSetSize of job (KB)
...
006 (972547.004.000) 01/21 16:58:09 Image size of job updated: 107932
	55  -  MemoryUsage of job (MB)
	55636  -  ResidentSetSize of job (KB)
...
006 (972547.010.000) 01/21 16:58:10 Image size of job updated: 109308
	56  -  MemoryUsage of job (MB)
	56560  -  ResidentSetSize of job (KB)
...
006 (972547.008.000) 01/21 16:58:10 Image size of job updated: 109176
	56  -  MemoryUsage of job (MB)
	56508  -  ResidentSetSize of job (KB)
...
006 (972547.014.000) 01/21 16:58:12 Image size of job updated: 109292
	56  -  MemoryUsage of job (MB)
	56544  -  ResidentSetSize of job (KB)
...
006 (972547.015.000) 01/21 16:58:12 Image size of job updated: 109608
	56  -  MemoryUsage of job (MB)
	56392  -  ResidentSetSize of job (KB)
...
006 (972547.013.000) 01/21 16:58:14 Image size of job updated: 109196
	56  -  MemoryUsage of job (MB)
	56452  -  ResidentSetSize of job (KB)
...
006 (972547.003.000) 01/21 16:58:16 Image size of job updated: 108224
	55  -  MemoryUsage of job (MB)
	56172  -  ResidentSetSize of job (KB)
...
006 (972547.001.000) 01/21 16:58:38 Image size of job updated: 108244
	55  -  MemoryUsage of job (MB)
	56140  -  ResidentSetSize of job (KB)
...
006 (972547.014.000) 01/21 17:03:12 Image size of job updated: 109308
	56  -  MemoryUsage of job (MB)
	56560  -  ResidentSetSize of job (KB)
...
006 (972547.000.000) 01/21 17:03:14 Image size of job updated: 154396
	55  -  MemoryUsage of job (MB)
	55768  -  ResidentSetSize of job (KB)
...
006 (972547.006.000) 01/21 17:03:14 Image size of job updated: 107796
	55  -  MemoryUsage of job (MB)
	55592  -  ResidentSetSize of job (KB)
...
006 (972547.003.000) 01/21 17:03:16 Image size of job updated: 108224
	55  -  MemoryUsage of job (MB)
	56196  -  ResidentSetSize of job (KB)
...
006 (972547.001.000) 01/21 17:03:33 Image size of job updated: 108244
	55  -  MemoryUsage of job (MB)
	56148  -  ResidentSetSize of job (KB)
...
006 (972547.007.000) 01/21 17:03:35 Image size of job updated: 110048
	55  -  MemoryUsage of job (MB)
	55920  -  ResidentSetSize of job (KB)
...
006 (972547.005.000) 01/21 17:04:22 Image size of job updated: 108268
	55  -  MemoryUsage of job (MB)
	55640  -  ResidentSetSize of job (KB)
...
006 (972547.009.000) 01/21 17:08:08 Image size of job updated: 108448
	55  -  MemoryUsage of job (MB)
	55820  -  ResidentSetSize of job (KB)
...
006 (972547.004.000) 01/21 17:08:10 Image size of job updated: 107932
	55  -  MemoryUsage of job (MB)
	55640  -  ResidentSetSize of job (KB)
...
006 (972547.010.000) 01/21 17:08:10 Image size of job updated: 109436
	56  -  MemoryUsage of job (MB)
	56688  -  ResidentSetSize of job (KB)
...
006 (972547.008.000) 01/21 17:08:11 Image size of job updated: 109176
	56  -  MemoryUsage of job (MB)
	56564  -  ResidentSetSize of job (KB)
...
006 (972547.014.000) 01/21 17:08:12 Image size of job updated: 109416
	56  -  MemoryUsage of job (MB)
	56668  -  ResidentSetSize of job (KB)
...
006 (972547.013.000) 01/21 17:08:14 Image size of job updated: 109204
	56  -  MemoryUsage of job (MB)
	56460  -  ResidentSetSize of job (KB)
...
006 (972547.003.000) 01/21 17:08:16 Image size of job updated: 108224
	55  -  MemoryUsage of job (MB)
	56216  -  ResidentSetSize of job (KB)
...
006 (972547.001.000) 01/21 17:08:35 Image size of job updated: 108244
	55  -  MemoryUsage of job (MB)
	56164  -  ResidentSetSize of job (KB)
...
005 (972547.013.000) 01/21 17:11:19 Job terminated.
	(1) Normal termination (return value 0)
		Usr 0 00:12:11, Sys 0 00:02:38  -  Run Remote Usage
		Usr 0 00:00:00, Sys 0 00:00:00  -  Run Local Usage
		Usr 0 00:12:11, Sys 0 00:02:38  -  Total Remote Usage
		Usr 0 00:00:00, Sys 0 00:00:00  -  Total Local Usage
	305062  -  Run Bytes Sent By Job
	1047  -  Run Bytes Received By Job
	305062  -  Total Bytes Sent By Job
	1047  -  Total Bytes Received By Job
	Partitionable Resources :    Usage  Request Allocated
	   Cpus                 :                 1         1
	   Disk (KB)            :      311        1   1927040
	   Memory (MB)          :       56     2000      2000
...
005 (972547.014.000) 01/21 17:11:22 Job terminated.
	(1) Normal termination (return value 0)
		Usr 0 00:11:50, Sys 0 00:02:27  -  Run Remote Usage
		Usr 0 00:00:00, Sys 0 00:00:00  -  Run Local Usage
		Usr 0 00:11:50, Sys 0 00:02:27  -  Total Remote Usage
		Usr 0 00:00:00, Sys 0 00:00:00  -  Total Local Usage
	384589  -  Run Bytes Sent By Job
	997  -  Run Bytes Received By Job
	384589  -  Total Bytes Sent By Job
	997  -  Total Bytes Received By Job
	Partitionable Resources :    Usage  Request Allocated
	   Cpus                 :                 1         1
	   Disk (KB)            :      389        1   1952050
	   Memory (MB)          :       56     2000      2000
...
005 (972547.003.000) 01/21 17:12:58 Job terminated.
	(1) Normal termination (return value 0)
		Usr 0 00:09:27, Sys 0 00:02:54  -  Run Remote Usage
		Usr 0 00:00:00, Sys 0 00:00:00  -  Run Local Usage
		Usr 0 00:09:27, Sys 0 00:02:54  -  Total Remote Usage
		Usr 0 00:00:00, Sys 0 00:00:00  -  Total Local Usage
	290897  -  Run Bytes Sent By Job
	1031  -  Run Bytes Received By Job
	290897  -  Total Bytes Sent By Job
	1031  -  Total Bytes Received By Job
	Partitionable Resources :    Usage  Request Allocated
	   Cpus                 :                 1         1
	   Disk (KB)            :      297        1    840437
	   Memory (MB)          :       55     2000      2000
...
006 (972547.002.000) 01/21 17:13:09 Image size of job updated: 108224
	55  -  MemoryUsage of job (MB)
	55680  -  ResidentSetSize of job (KB)
...
006 (972547.011.000) 01/21 17:13:11 Image size of job updated: 108508
	55  -  MemoryUsage of job (MB)
	55880  -  ResidentSetSize of job (KB)
...
006 (972547.008.000) 01/21 17:13:12 Image size of job updated: 109176
	56  -  MemoryUsage of job (MB)
	56572  -  ResidentSetSize of job (KB)
...
006 (972547.015.000) 01/21 17:13:14 Image size of job updated: 109608
	56  -  MemoryUsage of job (MB)
	56400  -  ResidentSetSize of job (KB)
...
006 (972547.001.000) 01/21 17:13:34 Image size of job updated: 108244
	55  -  MemoryUsage of job (MB)
	56180  -  ResidentSetSize of job (KB)
...
006 (972547.007.000) 01/21 17:13:36 Image size of job updated: 110048
	55  -  MemoryUsage of job (MB)
	55928  -  ResidentSetSize of job (KB)
...
005 (972547.015.000) 01/21 17:16:12 Job terminated.
	(1) Normal termination (return value 0)
		Usr 0 00:11:35, Sys 0 00:02:31  -  Run Remote Usage
		Usr 0 00:00:00, Sys 0 00:00:00  -  Run Local Usage
		Usr 0 00:11:35, Sys 0 00:02:31  -  Total Remote Usage
		Usr 0 00:00:00, Sys 0 00:00:00  -  Total Local Usage
	295735  -  Run Bytes Sent By Job
	1043  -  Run Bytes Received By Job
	295735  -  Total Bytes Sent By Job
	1043  -  Total Bytes Received By Job
	Partitionable Resources :    Usage  Request Allocated
	   Cpus                 :                 1         1
	   Disk (KB)            :      302        1   1744225
	   Memory (MB)          :       56     2000      2000
...
006 (972547.009.000) 01/21 17:18:09 Image size of job updated: 108452
	55  -  MemoryUsage of job (MB)
	55824  -  ResidentSetSize of job (KB)
...
006 (972547.010.000) 01/21 17:18:12 Image size of job updated: 109440
	56  -  MemoryUsage of job (MB)
	56692  -  ResidentSetSize of job (KB)
...
006 (972547.008.000) 01/21 17:18:12 Image size of job updated: 109176
	60  -  MemoryUsage of job (MB)
	60704  -  ResidentSetSize of job (KB)
...
006 (972547.011.000) 01/21 17:18:12 Image size of job updated: 108516
	55  -  MemoryUsage of job (MB)
	55888  -  ResidentSetSize of job (KB)
...
005 (972547.008.000) 01/21 17:18:51 Job terminated.
	(1) Normal termination (return value 0)
		Usr 0 00:12:01, Sys 0 00:02:35  -  Run Remote Usage
		Usr 0 00:00:00, Sys 0 00:00:00  -  Run Local Usage
		Usr 0 00:12:01, Sys 0 00:02:35  -  Total Remote Usage
		Usr 0 00:00:00, Sys 0 00:00:00  -  Total Local Usage
	393782  -  Run Bytes Sent By Job
	981  -  Run Bytes Received By Job
	393782  -  Total Bytes Sent By Job
	981  -  Total Bytes Received By Job
	Partitionable Resources :    Usage  Request Allocated
	   Cpus                 :                 1         1
	   Disk (KB)            :      398        1   1869848
	   Memory (MB)          :       60     2000      2000
...
006 (972547.005.000) 01/21 17:19:24 Image size of job updated: 108272
	55  -  MemoryUsage of job (MB)
	55644  -  ResidentSetSize of job (KB)
...
005 (972547.010.000) 01/21 17:22:27 Job terminated.
	(1) Normal termination (return value 0)
		Usr 0 00:11:41, Sys 0 00:02:30  -  Run Remote Usage
		Usr 0 00:00:00, Sys 0 00:00:00  -  Run Local Usage
		Usr 0 00:11:41, Sys 0 00:02:30  -  Total Remote Usage
		Usr 0 00:00:00, Sys 0 00:00:00  -  Total Local Usage
	389580  -  Run Bytes Sent By Job
	977  -  Run Bytes Received By Job
	389580  -  Total Bytes Sent By Job
	977  -  Total Bytes Received By Job
	Partitionable Resources :    Usage  Request Allocated
	   Cpus                 :                 1         1
	   Disk (KB)            :      394        1   1750904
	   Memory (MB)          :       56     2000      2000
...
006 (972547.004.000) 01/21 17:23:11 Image size of job updated: 107932
	55  -  MemoryUsage of job (MB)
	55644  -  ResidentSetSize of job (KB)
...
006 (972547.006.000) 01/21 17:23:17 Image size of job updated: 107796
	55  -  MemoryUsage of job (MB)
	55596  -  ResidentSetSize of job (KB)
...
006 (972547.007.000) 01/21 17:23:38 Image size of job updated: 110048
	55  -  MemoryUsage of job (MB)
	55932  -  ResidentSetSize of job (KB)
...
005 (972547.001.000) 01/21 17:24:48 Job terminated.
	(1) Normal termination (return value 0)
		Usr 0 00:12:55, Sys 0 00:03:58  -  Run Remote Usage
		Usr 0 00:00:00, Sys 0 00:00:00  -  Run Local Usage
		Usr 0 00:12:55, Sys 0 00:03:58  -  Total Remote Usage
		Usr 0 00:00:00, Sys 0 00:00:00  -  Total Local Usage
	273683  -  Run Bytes Sent By Job
	1035  -  Run Bytes Received By Job
	273683  -  Total Bytes Sent By Job
	1035  -  Total Bytes Received By Job
	Partitionable Resources :    Usage  Request Allocated
	   Cpus                 :                 1         1
	   Disk (KB)            :      515        1   1231103
	   Memory (MB)          :       55     2000      2000
...
006 (972547.002.000) 01/21 17:28:10 Image size of job updated: 108224
	55  -  MemoryUsage of job (MB)
	55728  -  ResidentSetSize of job (KB)
...
006 (972547.000.000) 01/21 17:28:16 Image size of job updated: 154396
	55  -  MemoryUsage of job (MB)
	56232  -  ResidentSetSize of job (KB)
...
006 (972547.012.000) 01/21 17:28:19 Image size of job updated: 109172
	56  -  MemoryUsage of job (MB)
	56424  -  ResidentSetSize of job (KB)
...
006 (972547.002.000) 01/21 17:33:10 Image size of job updated: 108224
	55  -  MemoryUsage of job (MB)
	56204  -  ResidentSetSize of job (KB)
...
