000 (972548.000.000) 01/21 16:07:57 Job submitted from host: <137.138.44.75:9618?addrs=137.138.44.75-9618+[2001-1458-d00-1a--b]-9618&noUDP&sock=124143_59c7_28>
...
000 (972548.001.000) 01/21 16:07:57 Job submitted from host: <137.138.44.75:9618?addrs=137.138.44.75-9618+[2001-1458-d00-1a--b]-9618&noUDP&sock=124143_59c7_28>
...
000 (972548.002.000) 01/21 16:07:57 Job submitted from host: <137.138.44.75:9618?addrs=137.138.44.75-9618+[2001-1458-d00-1a--b]-9618&noUDP&sock=124143_59c7_28>
...
000 (972548.003.000) 01/21 16:07:57 Job submitted from host: <137.138.44.75:9618?addrs=137.138.44.75-9618+[2001-1458-d00-1a--b]-9618&noUDP&sock=124143_59c7_28>
...
000 (972548.004.000) 01/21 16:07:57 Job submitted from host: <137.138.44.75:9618?addrs=137.138.44.75-9618+[2001-1458-d00-1a--b]-9618&noUDP&sock=124143_59c7_28>
...
000 (972548.005.000) 01/21 16:07:58 Job submitted from host: <137.138.44.75:9618?addrs=137.138.44.75-9618+[2001-1458-d00-1a--b]-9618&noUDP&sock=124143_59c7_28>
...
000 (972548.006.000) 01/21 16:07:58 Job submitted from host: <137.138.44.75:9618?addrs=137.138.44.75-9618+[2001-1458-d00-1a--b]-9618&noUDP&sock=124143_59c7_28>
...
000 (972548.007.000) 01/21 16:07:58 Job submitted from host: <137.138.44.75:9618?addrs=137.138.44.75-9618+[2001-1458-d00-1a--b]-9618&noUDP&sock=124143_59c7_28>
...
000 (972548.008.000) 01/21 16:07:58 Job submitted from host: <137.138.44.75:9618?addrs=137.138.44.75-9618+[2001-1458-d00-1a--b]-9618&noUDP&sock=124143_59c7_28>
...
000 (972548.009.000) 01/21 16:07:58 Job submitted from host: <137.138.44.75:9618?addrs=137.138.44.75-9618+[2001-1458-d00-1a--b]-9618&noUDP&sock=124143_59c7_28>
...
000 (972548.010.000) 01/21 16:07:58 Job submitted from host: <137.138.44.75:9618?addrs=137.138.44.75-9618+[2001-1458-d00-1a--b]-9618&noUDP&sock=124143_59c7_28>
...
000 (972548.011.000) 01/21 16:07:58 Job submitted from host: <137.138.44.75:9618?addrs=137.138.44.75-9618+[2001-1458-d00-1a--b]-9618&noUDP&sock=124143_59c7_28>
...
000 (972548.012.000) 01/21 16:07:58 Job submitted from host: <137.138.44.75:9618?addrs=137.138.44.75-9618+[2001-1458-d00-1a--b]-9618&noUDP&sock=124143_59c7_28>
...
000 (972548.013.000) 01/21 16:07:58 Job submitted from host: <137.138.44.75:9618?addrs=137.138.44.75-9618+[2001-1458-d00-1a--b]-9618&noUDP&sock=124143_59c7_28>
...
000 (972548.014.000) 01/21 16:07:58 Job submitted from host: <137.138.44.75:9618?addrs=137.138.44.75-9618+[2001-1458-d00-1a--b]-9618&noUDP&sock=124143_59c7_28>
...
000 (972548.015.000) 01/21 16:07:58 Job submitted from host: <137.138.44.75:9618?addrs=137.138.44.75-9618+[2001-1458-d00-1a--b]-9618&noUDP&sock=124143_59c7_28>
...
001 (972548.001.000) 01/21 16:17:59 Job executing on host: <188.184.206.64:9618?addrs=188.184.206.64-9618+[--1]-9618&noUDP&sock=8760_8620_125>
...
001 (972548.002.000) 01/21 16:17:59 Job executing on host: <188.184.201.113:9618?addrs=188.184.201.113-9618+[--1]-9618&noUDP&sock=8822_ef6e_3>
...
001 (972548.004.000) 01/21 16:18:00 Job executing on host: <188.184.201.165:9618?addrs=188.184.201.165-9618+[--1]-9618&noUDP&sock=8865_8b92_3>
...
001 (972548.007.000) 01/21 16:18:01 Job executing on host: <188.184.167.206:9618?addrs=188.184.167.206-9618+[--1]-9618&noUDP&sock=14939_cdd2_3>
...
001 (972548.000.000) 01/21 16:18:01 Job executing on host: <188.184.203.11:9618?addrs=188.184.203.11-9618+[--1]-9618&noUDP&sock=8547_4ee2_3>
...
001 (972548.003.000) 01/21 16:18:02 Job executing on host: <137.138.46.83:9618?addrs=137.138.46.83-9618+[--1]-9618&noUDP&sock=29788_fb9f_45>
...
001 (972548.005.000) 01/21 16:18:02 Job executing on host: <188.184.200.8:9618?addrs=188.184.200.8-9618+[--1]-9618&noUDP&sock=30785_d78b_3>
...
001 (972548.008.000) 01/21 16:18:03 Job executing on host: <188.184.192.103:9618?addrs=188.184.192.103-9618+[--1]-9618&noUDP&sock=16624_92e6_3>
...
001 (972548.012.000) 01/21 16:18:04 Job executing on host: <188.184.201.169:9618?addrs=188.184.201.169-9618+[--1]-9618&noUDP&sock=8342_760f_3>
...
001 (972548.015.000) 01/21 16:18:04 Job executing on host: <137.138.119.113:9618?addrs=137.138.119.113-9618+[--1]-9618&noUDP&sock=30192_17e2_18>
...
001 (972548.009.000) 01/21 16:18:05 Job executing on host: <188.184.200.178:9618?addrs=188.184.200.178-9618+[--1]-9618&noUDP&sock=8915_7af8_3>
...
001 (972548.010.000) 01/21 16:18:05 Job executing on host: <188.184.167.99:9618?addrs=188.184.167.99-9618+[--1]-9618&noUDP&sock=12263_4a62_3>
...
001 (972548.011.000) 01/21 16:18:07 Job executing on host: <188.184.206.154:9618?addrs=188.184.206.154-9618+[--1]-9618&noUDP&sock=8803_04b3_103>
...
001 (972548.013.000) 01/21 16:18:07 Job executing on host: <137.138.51.100:9618?addrs=137.138.51.100-9618+[--1]-9618&noUDP&sock=8384_d094_3>
...
001 (972548.014.000) 01/21 16:18:07 Job executing on host: <188.184.200.211:9618?addrs=188.184.200.211-9618+[--1]-9618&noUDP&sock=2570_b2e4_3>
...
006 (972548.001.000) 01/21 16:18:09 Image size of job updated: 190264
	50  -  MemoryUsage of job (MB)
	50984  -  ResidentSetSize of job (KB)
...
006 (972548.002.000) 01/21 16:18:09 Image size of job updated: 37068
	20  -  MemoryUsage of job (MB)
	19808  -  ResidentSetSize of job (KB)
...
006 (972548.004.000) 01/21 16:18:09 Image size of job updated: 88224
	34  -  MemoryUsage of job (MB)
	34280  -  ResidentSetSize of job (KB)
...
006 (972548.007.000) 01/21 16:18:10 Image size of job updated: 101204
	42  -  MemoryUsage of job (MB)
	42620  -  ResidentSetSize of job (KB)
...
006 (972548.000.000) 01/21 16:18:10 Image size of job updated: 107900
	55  -  MemoryUsage of job (MB)
	55600  -  ResidentSetSize of job (KB)
...
006 (972548.005.000) 01/21 16:18:11 Image size of job updated: 29516
	15  -  MemoryUsage of job (MB)
	14948  -  ResidentSetSize of job (KB)
...
006 (972548.003.000) 01/21 16:18:11 Image size of job updated: 39664
	20  -  MemoryUsage of job (MB)
	19804  -  ResidentSetSize of job (KB)
...
006 (972548.008.000) 01/21 16:18:12 Image size of job updated: 189416
	55  -  MemoryUsage of job (MB)
	55712  -  ResidentSetSize of job (KB)
...
006 (972548.012.000) 01/21 16:18:12 Image size of job updated: 108008
	55  -  MemoryUsage of job (MB)
	55708  -  ResidentSetSize of job (KB)
...
001 (972548.006.000) 01/21 16:18:12 Job executing on host: <188.184.200.44:9618?addrs=188.184.200.44-9618+[--1]-9618&noUDP&sock=17108_8ebd_3>
...
006 (972548.015.000) 01/21 16:18:13 Image size of job updated: 278076
	42  -  MemoryUsage of job (MB)
	42492  -  ResidentSetSize of job (KB)
...
006 (972548.009.000) 01/21 16:18:14 Image size of job updated: 78936
	20  -  MemoryUsage of job (MB)
	19812  -  ResidentSetSize of job (KB)
...
006 (972548.010.000) 01/21 16:18:14 Image size of job updated: 40724
	20  -  MemoryUsage of job (MB)
	20196  -  ResidentSetSize of job (KB)
...
006 (972548.011.000) 01/21 16:18:15 Image size of job updated: 89068
	50  -  MemoryUsage of job (MB)
	50896  -  ResidentSetSize of job (KB)
...
006 (972548.013.000) 01/21 16:18:16 Image size of job updated: 103384
	44  -  MemoryUsage of job (MB)
	44800  -  ResidentSetSize of job (KB)
...
006 (972548.014.000) 01/21 16:18:16 Image size of job updated: 1408
	2  -  MemoryUsage of job (MB)
	1372  -  ResidentSetSize of job (KB)
...
006 (972548.006.000) 01/21 16:18:21 Image size of job updated: 996
	1  -  MemoryUsage of job (MB)
	996  -  ResidentSetSize of job (KB)
...
006 (972548.001.000) 01/21 16:23:09 Image size of job updated: 203360
	55  -  MemoryUsage of job (MB)
	55640  -  ResidentSetSize of job (KB)
...
006 (972548.002.000) 01/21 16:23:09 Image size of job updated: 108240
	55  -  MemoryUsage of job (MB)
	55604  -  ResidentSetSize of job (KB)
...
006 (972548.004.000) 01/21 16:23:09 Image size of job updated: 108260
	55  -  MemoryUsage of job (MB)
	55624  -  ResidentSetSize of job (KB)
...
006 (972548.007.000) 01/21 16:23:11 Image size of job updated: 108192
	55  -  MemoryUsage of job (MB)
	55564  -  ResidentSetSize of job (KB)
...
006 (972548.000.000) 01/21 16:23:11 Image size of job updated: 108268
	55  -  MemoryUsage of job (MB)
	55632  -  ResidentSetSize of job (KB)
...
006 (972548.005.000) 01/21 16:23:11 Image size of job updated: 108236
	55  -  MemoryUsage of job (MB)
	55628  -  ResidentSetSize of job (KB)
...
006 (972548.003.000) 01/21 16:23:12 Image size of job updated: 110872
	55  -  MemoryUsage of job (MB)
	55600  -  ResidentSetSize of job (KB)
...
006 (972548.008.000) 01/21 16:23:12 Image size of job updated: 189916
	55  -  MemoryUsage of job (MB)
	55876  -  ResidentSetSize of job (KB)
...
006 (972548.012.000) 01/21 16:23:12 Image size of job updated: 108516
	55  -  MemoryUsage of job (MB)
	55880  -  ResidentSetSize of job (KB)
...
006 (972548.015.000) 01/21 16:23:14 Image size of job updated: 285352
	55  -  MemoryUsage of job (MB)
	55744  -  ResidentSetSize of job (KB)
...
006 (972548.009.000) 01/21 16:23:14 Image size of job updated: 150252
	55  -  MemoryUsage of job (MB)
	55768  -  ResidentSetSize of job (KB)
...
006 (972548.010.000) 01/21 16:23:14 Image size of job updated: 108384
	55  -  MemoryUsage of job (MB)
	55748  -  ResidentSetSize of job (KB)
...
006 (972548.011.000) 01/21 16:23:15 Image size of job updated: 108336
	55  -  MemoryUsage of job (MB)
	55772  -  ResidentSetSize of job (KB)
...
006 (972548.014.000) 01/21 16:23:17 Image size of job updated: 107988
	55  -  MemoryUsage of job (MB)
	55680  -  ResidentSetSize of job (KB)
...
006 (972548.013.000) 01/21 16:23:17 Image size of job updated: 108372
	55  -  MemoryUsage of job (MB)
	55744  -  ResidentSetSize of job (KB)
...
006 (972548.006.000) 01/21 16:23:22 Image size of job updated: 107824
	55  -  MemoryUsage of job (MB)
	55524  -  ResidentSetSize of job (KB)
...
006 (972548.004.000) 01/21 16:28:09 Image size of job updated: 108360
	55  -  MemoryUsage of job (MB)
	55724  -  ResidentSetSize of job (KB)
...
006 (972548.005.000) 01/21 16:28:11 Image size of job updated: 108256
	55  -  MemoryUsage of job (MB)
	55628  -  ResidentSetSize of job (KB)
...
006 (972548.008.000) 01/21 16:28:12 Image size of job updated: 190056
	55  -  MemoryUsage of job (MB)
	56016  -  ResidentSetSize of job (KB)
...
006 (972548.015.000) 01/21 16:28:14 Image size of job updated: 285468
	55  -  MemoryUsage of job (MB)
	55840  -  ResidentSetSize of job (KB)
...
006 (972548.010.000) 01/21 16:28:14 Image size of job updated: 108612
	55  -  MemoryUsage of job (MB)
	55976  -  ResidentSetSize of job (KB)
...
006 (972548.014.000) 01/21 16:28:17 Image size of job updated: 108308
	55  -  MemoryUsage of job (MB)
	55692  -  ResidentSetSize of job (KB)
...
006 (972548.006.000) 01/21 16:28:23 Image size of job updated: 108172
	55  -  MemoryUsage of job (MB)
	55556  -  ResidentSetSize of job (KB)
...
006 (972548.001.000) 01/21 16:33:10 Image size of job updated: 203384
	55  -  MemoryUsage of job (MB)
	55664  -  ResidentSetSize of job (KB)
...
006 (972548.002.000) 01/21 16:33:10 Image size of job updated: 108252
	55  -  MemoryUsage of job (MB)
	55616  -  ResidentSetSize of job (KB)
...
006 (972548.004.000) 01/21 16:33:11 Image size of job updated: 108372
	55  -  MemoryUsage of job (MB)
	55736  -  ResidentSetSize of job (KB)
...
006 (972548.000.000) 01/21 16:33:11 Image size of job updated: 108292
	55  -  MemoryUsage of job (MB)
	55656  -  ResidentSetSize of job (KB)
...
006 (972548.007.000) 01/21 16:33:11 Image size of job updated: 108208
	55  -  MemoryUsage of job (MB)
	55580  -  ResidentSetSize of job (KB)
...
006 (972548.005.000) 01/21 16:33:12 Image size of job updated: 108268
	55  -  MemoryUsage of job (MB)
	55640  -  ResidentSetSize of job (KB)
...
006 (972548.003.000) 01/21 16:33:12 Image size of job updated: 110888
	55  -  MemoryUsage of job (MB)
	55616  -  ResidentSetSize of job (KB)
...
006 (972548.012.000) 01/21 16:33:13 Image size of job updated: 108532
	55  -  MemoryUsage of job (MB)
	55896  -  ResidentSetSize of job (KB)
...
006 (972548.008.000) 01/21 16:33:14 Image size of job updated: 190068
	55  -  MemoryUsage of job (MB)
	56028  -  ResidentSetSize of job (KB)
...
006 (972548.015.000) 01/21 16:33:14 Image size of job updated: 285512
	55  -  MemoryUsage of job (MB)
	55884  -  ResidentSetSize of job (KB)
...
006 (972548.009.000) 01/21 16:33:15 Image size of job updated: 150252
	55  -  MemoryUsage of job (MB)
	55788  -  ResidentSetSize of job (KB)
...
006 (972548.010.000) 01/21 16:33:15 Image size of job updated: 108628
	55  -  MemoryUsage of job (MB)
	55992  -  ResidentSetSize of job (KB)
...
006 (972548.011.000) 01/21 16:33:16 Image size of job updated: 108344
	55  -  MemoryUsage of job (MB)
	55784  -  ResidentSetSize of job (KB)
...
006 (972548.014.000) 01/21 16:33:17 Image size of job updated: 108456
	55  -  MemoryUsage of job (MB)
	55840  -  ResidentSetSize of job (KB)
...
006 (972548.013.000) 01/21 16:33:18 Image size of job updated: 108384
	55  -  MemoryUsage of job (MB)
	55756  -  ResidentSetSize of job (KB)
...
006 (972548.006.000) 01/21 16:33:23 Image size of job updated: 108184
	55  -  MemoryUsage of job (MB)
	55568  -  ResidentSetSize of job (KB)
...
006 (972548.000.000) 01/21 16:38:12 Image size of job updated: 108396
	55  -  MemoryUsage of job (MB)
	55760  -  ResidentSetSize of job (KB)
...
006 (972548.012.000) 01/21 16:38:13 Image size of job updated: 108564
	55  -  MemoryUsage of job (MB)
	55928  -  ResidentSetSize of job (KB)
...
006 (972548.008.000) 01/21 16:38:14 Image size of job updated: 190072
	55  -  MemoryUsage of job (MB)
	56032  -  ResidentSetSize of job (KB)
...
006 (972548.015.000) 01/21 16:38:15 Image size of job updated: 285516
	55  -  MemoryUsage of job (MB)
	55888  -  ResidentSetSize of job (KB)
...
006 (972548.010.000) 01/21 16:38:15 Image size of job updated: 108752
	55  -  MemoryUsage of job (MB)
	56116  -  ResidentSetSize of job (KB)
...
006 (972548.011.000) 01/21 16:38:16 Image size of job updated: 108352
	55  -  MemoryUsage of job (MB)
	55792  -  ResidentSetSize of job (KB)
...
006 (972548.014.000) 01/21 16:38:18 Image size of job updated: 108492
	55  -  MemoryUsage of job (MB)
	55856  -  ResidentSetSize of job (KB)
...
006 (972548.013.000) 01/21 16:38:19 Image size of job updated: 108452
	55  -  MemoryUsage of job (MB)
	55824  -  ResidentSetSize of job (KB)
...
006 (972548.006.000) 01/21 16:38:24 Image size of job updated: 108204
	55  -  MemoryUsage of job (MB)
	55588  -  ResidentSetSize of job (KB)
...
006 (972548.002.000) 01/21 16:43:11 Image size of job updated: 108300
	55  -  MemoryUsage of job (MB)
	55664  -  ResidentSetSize of job (KB)
...
006 (972548.004.000) 01/21 16:43:11 Image size of job updated: 108988
	55  -  MemoryUsage of job (MB)
	56240  -  ResidentSetSize of job (KB)
...
006 (972548.007.000) 01/21 16:43:12 Image size of job updated: 108256
	55  -  MemoryUsage of job (MB)
	55628  -  ResidentSetSize of job (KB)
...
006 (972548.000.000) 01/21 16:43:13 Image size of job updated: 109008
	55  -  MemoryUsage of job (MB)
	56260  -  ResidentSetSize of job (KB)
...
006 (972548.012.000) 01/21 16:43:13 Image size of job updated: 109184
	56  -  MemoryUsage of job (MB)
	56436  -  ResidentSetSize of job (KB)
...
006 (972548.008.000) 01/21 16:43:14 Image size of job updated: 190188
	55  -  MemoryUsage of job (MB)
	56148  -  ResidentSetSize of job (KB)
...
006 (972548.009.000) 01/21 16:43:15 Image size of job updated: 150252
	55  -  MemoryUsage of job (MB)
	55848  -  ResidentSetSize of job (KB)
...
006 (972548.011.000) 01/21 16:43:17 Image size of job updated: 108932
	55  -  MemoryUsage of job (MB)
	56256  -  ResidentSetSize of job (KB)
...
006 (972548.006.000) 01/21 16:43:25 Image size of job updated: 108224
	55  -  MemoryUsage of job (MB)
	55588  -  ResidentSetSize of job (KB)
...
006 (972548.001.000) 01/21 16:48:12 Image size of job updated: 203384
	55  -  MemoryUsage of job (MB)
	56096  -  ResidentSetSize of job (KB)
...
006 (972548.004.000) 01/21 16:48:12 Image size of job updated: 109020
	55  -  MemoryUsage of job (MB)
	56272  -  ResidentSetSize of job (KB)
...
006 (972548.002.000) 01/21 16:48:12 Image size of job updated: 108348
	55  -  MemoryUsage of job (MB)
	55712  -  ResidentSetSize of job (KB)
...
006 (972548.005.000) 01/21 16:48:13 Image size of job updated: 108272
	55  -  MemoryUsage of job (MB)
	55644  -  ResidentSetSize of job (KB)
...
006 (972548.000.000) 01/21 16:48:13 Image size of job updated: 109036
	55  -  MemoryUsage of job (MB)
	56288  -  ResidentSetSize of job (KB)
...
006 (972548.012.000) 01/21 16:48:14 Image size of job updated: 109340
	56  -  MemoryUsage of job (MB)
	56592  -  ResidentSetSize of job (KB)
...
006 (972548.009.000) 01/21 16:48:16 Image size of job updated: 150252
	55  -  MemoryUsage of job (MB)
	55904  -  ResidentSetSize of job (KB)
...
006 (972548.015.000) 01/21 16:48:16 Image size of job updated: 285520
	55  -  MemoryUsage of job (MB)
	55892  -  ResidentSetSize of job (KB)
...
006 (972548.010.000) 01/21 16:48:17 Image size of job updated: 109152
	56  -  MemoryUsage of job (MB)
	56404  -  ResidentSetSize of job (KB)
...
006 (972548.011.000) 01/21 16:48:17 Image size of job updated: 108972
	55  -  MemoryUsage of job (MB)
	56296  -  ResidentSetSize of job (KB)
...
006 (972548.001.000) 01/21 16:53:13 Image size of job updated: 203384
	55  -  MemoryUsage of job (MB)
	56120  -  ResidentSetSize of job (KB)
...
006 (972548.002.000) 01/21 16:53:13 Image size of job updated: 108352
	55  -  MemoryUsage of job (MB)
	55716  -  ResidentSetSize of job (KB)
...
006 (972548.004.000) 01/21 16:53:13 Image size of job updated: 109020
	55  -  MemoryUsage of job (MB)
	56296  -  ResidentSetSize of job (KB)
...
006 (972548.007.000) 01/21 16:53:13 Image size of job updated: 108788
	55  -  MemoryUsage of job (MB)
	56044  -  ResidentSetSize of job (KB)
...
006 (972548.003.000) 01/21 16:53:14 Image size of job updated: 111448
	55  -  MemoryUsage of job (MB)
	56060  -  ResidentSetSize of job (KB)
...
006 (972548.000.000) 01/21 16:53:14 Image size of job updated: 109064
	55  -  MemoryUsage of job (MB)
	56316  -  ResidentSetSize of job (KB)
...
006 (972548.008.000) 01/21 16:53:16 Image size of job updated: 190592
	56  -  MemoryUsage of job (MB)
	56440  -  ResidentSetSize of job (KB)
...
006 (972548.015.000) 01/21 16:53:17 Image size of job updated: 286016
	55  -  MemoryUsage of job (MB)
	56272  -  ResidentSetSize of job (KB)
...
006 (972548.009.000) 01/21 16:53:17 Image size of job updated: 150252
	55  -  MemoryUsage of job (MB)
	56296  -  ResidentSetSize of job (KB)
...
006 (972548.010.000) 01/21 16:53:17 Image size of job updated: 109180
	56  -  MemoryUsage of job (MB)
	56432  -  ResidentSetSize of job (KB)
...
006 (972548.014.000) 01/21 16:53:19 Image size of job updated: 108524
	55  -  MemoryUsage of job (MB)
	55888  -  ResidentSetSize of job (KB)
...
006 (972548.013.000) 01/21 16:53:20 Image size of job updated: 108512
	55  -  MemoryUsage of job (MB)
	55884  -  ResidentSetSize of job (KB)
...
006 (972548.001.000) 01/21 16:58:13 Image size of job updated: 203384
	55  -  MemoryUsage of job (MB)
	56136  -  ResidentSetSize of job (KB)
...
006 (972548.002.000) 01/21 16:58:13 Image size of job updated: 108960
	55  -  MemoryUsage of job (MB)
	56212  -  ResidentSetSize of job (KB)
...
006 (972548.004.000) 01/21 16:58:13 Image size of job updated: 109020
	55  -  MemoryUsage of job (MB)
	56312  -  ResidentSetSize of job (KB)
...
006 (972548.007.000) 01/21 16:58:14 Image size of job updated: 108796
	55  -  MemoryUsage of job (MB)
	56052  -  ResidentSetSize of job (KB)
...
006 (972548.003.000) 01/21 16:58:14 Image size of job updated: 111456
	55  -  MemoryUsage of job (MB)
	56068  -  ResidentSetSize of job (KB)
...
006 (972548.000.000) 01/21 16:58:15 Image size of job updated: 109080
	56  -  MemoryUsage of job (MB)
	56332  -  ResidentSetSize of job (KB)
...
006 (972548.012.000) 01/21 16:58:15 Image size of job updated: 109352
	56  -  MemoryUsage of job (MB)
	56604  -  ResidentSetSize of job (KB)
...
006 (972548.008.000) 01/21 16:58:16 Image size of job updated: 190708
	56  -  MemoryUsage of job (MB)
	56556  -  ResidentSetSize of job (KB)
...
006 (972548.015.000) 01/21 16:58:17 Image size of job updated: 286140
	56  -  MemoryUsage of job (MB)
	56396  -  ResidentSetSize of job (KB)
...
006 (972548.009.000) 01/21 16:58:17 Image size of job updated: 150252
	55  -  MemoryUsage of job (MB)
	56316  -  ResidentSetSize of job (KB)
...
006 (972548.014.000) 01/21 16:58:19 Image size of job updated: 108528
	55  -  MemoryUsage of job (MB)
	55892  -  ResidentSetSize of job (KB)
...
006 (972548.013.000) 01/21 16:58:21 Image size of job updated: 109028
	55  -  MemoryUsage of job (MB)
	56284  -  ResidentSetSize of job (KB)
...
006 (972548.001.000) 01/21 17:03:13 Image size of job updated: 203384
	55  -  MemoryUsage of job (MB)
	56148  -  ResidentSetSize of job (KB)
...
006 (972548.007.000) 01/21 17:03:14 Image size of job updated: 108808
	55  -  MemoryUsage of job (MB)
	56064  -  ResidentSetSize of job (KB)
...
006 (972548.003.000) 01/21 17:03:14 Image size of job updated: 111460
	55  -  MemoryUsage of job (MB)
	56072  -  ResidentSetSize of job (KB)
...
006 (972548.002.000) 01/21 17:03:14 Image size of job updated: 108992
	55  -  MemoryUsage of job (MB)
	56244  -  ResidentSetSize of job (KB)
...
006 (972548.004.000) 01/21 17:03:14 Image size of job updated: 109020
	56  -  MemoryUsage of job (MB)
	56328  -  ResidentSetSize of job (KB)
...
006 (972548.000.000) 01/21 17:03:15 Image size of job updated: 109088
	56  -  MemoryUsage of job (MB)
	56340  -  ResidentSetSize of job (KB)
...
006 (972548.012.000) 01/21 17:03:15 Image size of job updated: 109468
	56  -  MemoryUsage of job (MB)
	56720  -  ResidentSetSize of job (KB)
...
006 (972548.015.000) 01/21 17:03:17 Image size of job updated: 286156
	56  -  MemoryUsage of job (MB)
	56412  -  ResidentSetSize of job (KB)
...
006 (972548.009.000) 01/21 17:03:17 Image size of job updated: 150252
	56  -  MemoryUsage of job (MB)
	56436  -  ResidentSetSize of job (KB)
...
006 (972548.014.000) 01/21 17:03:19 Image size of job updated: 108532
	55  -  MemoryUsage of job (MB)
	55896  -  ResidentSetSize of job (KB)
...
006 (972548.013.000) 01/21 17:03:21 Image size of job updated: 109032
	55  -  MemoryUsage of job (MB)
	56288  -  ResidentSetSize of job (KB)
...
006 (972548.001.000) 01/21 17:08:14 Image size of job updated: 203384
	55  -  MemoryUsage of job (MB)
	56164  -  ResidentSetSize of job (KB)
...
006 (972548.000.000) 01/21 17:08:15 Image size of job updated: 109104
	56  -  MemoryUsage of job (MB)
	56356  -  ResidentSetSize of job (KB)
...
006 (972548.004.000) 01/21 17:08:15 Image size of job updated: 109020
	56  -  MemoryUsage of job (MB)
	56360  -  ResidentSetSize of job (KB)
...
006 (972548.002.000) 01/21 17:08:15 Image size of job updated: 109044
	55  -  MemoryUsage of job (MB)
	56296  -  ResidentSetSize of job (KB)
...
006 (972548.007.000) 01/21 17:08:15 Image size of job updated: 108828
	55  -  MemoryUsage of job (MB)
	56084  -  ResidentSetSize of job (KB)
...
006 (972548.003.000) 01/21 17:08:16 Image size of job updated: 111464
	55  -  MemoryUsage of job (MB)
	56076  -  ResidentSetSize of job (KB)
...
006 (972548.009.000) 01/21 17:08:18 Image size of job updated: 150252
	56  -  MemoryUsage of job (MB)
	56440  -  ResidentSetSize of job (KB)
...
006 (972548.010.000) 01/21 17:08:18 Image size of job updated: 109292
	56  -  MemoryUsage of job (MB)
	56544  -  ResidentSetSize of job (KB)
...
006 (972548.011.000) 01/21 17:08:19 Image size of job updated: 108972
	56  -  MemoryUsage of job (MB)
	56348  -  ResidentSetSize of job (KB)
...
005 (972548.012.000) 01/21 17:12:22 Job terminated.
	(1) Normal termination (return value 0)
		Usr 0 00:11:56, Sys 0 00:02:30  -  Run Remote Usage
		Usr 0 00:00:00, Sys 0 00:00:00  -  Run Local Usage
		Usr 0 00:11:56, Sys 0 00:02:30  -  Total Remote Usage
		Usr 0 00:00:00, Sys 0 00:00:00  -  Total Local Usage
	389323  -  Run Bytes Sent By Job
	970  -  Run Bytes Received By Job
	389323  -  Total Bytes Sent By Job
	970  -  Total Bytes Received By Job
	Partitionable Resources :    Usage  Request Allocated
	   Cpus                 :                 1         1
	   Disk (KB)            :      393        1   2063608
	   Memory (MB)          :       56     2000      2000
...
006 (972548.001.000) 01/21 17:13:14 Image size of job updated: 203384
	55  -  MemoryUsage of job (MB)
	56184  -  ResidentSetSize of job (KB)
...
006 (972548.000.000) 01/21 17:13:15 Image size of job updated: 109116
	56  -  MemoryUsage of job (MB)
	56368  -  ResidentSetSize of job (KB)
...
006 (972548.004.000) 01/21 17:13:15 Image size of job updated: 109020
	56  -  MemoryUsage of job (MB)
	56384  -  ResidentSetSize of job (KB)
...
006 (972548.002.000) 01/21 17:13:15 Image size of job updated: 109068
	55  -  MemoryUsage of job (MB)
	56320  -  ResidentSetSize of job (KB)
...
006 (972548.007.000) 01/21 17:13:16 Image size of job updated: 108848
	55  -  MemoryUsage of job (MB)
	56104  -  ResidentSetSize of job (KB)
...
006 (972548.003.000) 01/21 17:13:16 Image size of job updated: 111476
	55  -  MemoryUsage of job (MB)
	56088  -  ResidentSetSize of job (KB)
...
006 (972548.008.000) 01/21 17:13:17 Image size of job updated: 190732
	56  -  MemoryUsage of job (MB)
	56580  -  ResidentSetSize of job (KB)
...
006 (972548.010.000) 01/21 17:13:18 Image size of job updated: 109404
	56  -  MemoryUsage of job (MB)
	56656  -  ResidentSetSize of job (KB)
...
006 (972548.015.000) 01/21 17:13:19 Image size of job updated: 286160
	56  -  MemoryUsage of job (MB)
	56416  -  ResidentSetSize of job (KB)
...
006 (972548.011.000) 01/21 17:13:20 Image size of job updated: 108972
	56  -  MemoryUsage of job (MB)
	56364  -  ResidentSetSize of job (KB)
...
005 (972548.011.000) 01/21 17:17:05 Job terminated.
	(1) Normal termination (return value 0)
		Usr 0 00:10:49, Sys 0 00:02:27  -  Run Remote Usage
		Usr 0 00:00:00, Sys 0 00:00:00  -  Run Local Usage
		Usr 0 00:10:49, Sys 0 00:02:27  -  Total Remote Usage
		Usr 0 00:00:00, Sys 0 00:00:00  -  Total Local Usage
	296393  -  Run Bytes Sent By Job
	987  -  Run Bytes Received By Job
	296393  -  Total Bytes Sent By Job
	987  -  Total Bytes Received By Job
	Partitionable Resources :    Usage  Request Allocated
	   Cpus                 :                 1         1
	   Disk (KB)            :      303        1   1979280
	   Memory (MB)          :       56     2000      2000
...
006 (972548.001.000) 01/21 17:18:14 Image size of job updated: 203384
	55  -  MemoryUsage of job (MB)
	56188  -  ResidentSetSize of job (KB)
...
006 (972548.000.000) 01/21 17:18:15 Image size of job updated: 109136
	56  -  MemoryUsage of job (MB)
	56388  -  ResidentSetSize of job (KB)
...
006 (972548.004.000) 01/21 17:18:15 Image size of job updated: 109020
	60  -  MemoryUsage of job (MB)
	60700  -  ResidentSetSize of job (KB)
...
006 (972548.002.000) 01/21 17:18:15 Image size of job updated: 109088
	56  -  MemoryUsage of job (MB)
	56340  -  ResidentSetSize of job (KB)
...
006 (972548.007.000) 01/21 17:18:16 Image size of job updated: 108856
	55  -  MemoryUsage of job (MB)
	56112  -  ResidentSetSize of job (KB)
...
006 (972548.009.000) 01/21 17:18:18 Image size of job updated: 150252
	56  -  MemoryUsage of job (MB)
	56448  -  ResidentSetSize of job (KB)
...
006 (972548.010.000) 01/21 17:18:20 Image size of job updated: 109408
	56  -  MemoryUsage of job (MB)
	56660  -  ResidentSetSize of job (KB)
...
005 (972548.004.000) 01/21 17:18:35 Job terminated.
	(1) Normal termination (return value 0)
		Usr 0 00:10:25, Sys 0 00:02:15  -  Run Remote Usage
		Usr 0 00:00:00, Sys 0 00:00:00  -  Run Local Usage
		Usr 0 00:10:25, Sys 0 00:02:15  -  Total Remote Usage
		Usr 0 00:00:00, Sys 0 00:00:00  -  Total Local Usage
	358000  -  Run Bytes Sent By Job
	978  -  Run Bytes Received By Job
	358000  -  Total Bytes Sent By Job
	978  -  Total Bytes Received By Job
	Partitionable Resources :    Usage  Request Allocated
	   Cpus                 :                 1         1
	   Disk (KB)            :      363        1   1966129
	   Memory (MB)          :       60     2000      2000
...
005 (972548.001.000) 01/21 17:19:48 Job terminated.
	(1) Normal termination (return value 0)
		Usr 0 00:10:20, Sys 0 00:02:13  -  Run Remote Usage
		Usr 0 00:00:00, Sys 0 00:00:00  -  Run Local Usage
		Usr 0 00:10:20, Sys 0 00:02:13  -  Total Remote Usage
		Usr 0 00:00:00, Sys 0 00:00:00  -  Total Local Usage
	269194  -  Run Bytes Sent By Job
	999  -  Run Bytes Received By Job
	269194  -  Total Bytes Sent By Job
	999  -  Total Bytes Received By Job
	Partitionable Resources :    Usage  Request Allocated
	   Cpus                 :                 1         1
	   Disk (KB)            :      276        1   1903173
	   Memory (MB)          :       55     2000      2000
...
005 (972548.007.000) 01/21 17:19:54 Job terminated.
	(1) Normal termination (return value 0)
		Usr 0 00:09:20, Sys 0 00:02:03  -  Run Remote Usage
		Usr 0 00:00:00, Sys 0 00:00:00  -  Run Local Usage
		Usr 0 00:09:20, Sys 0 00:02:03  -  Total Remote Usage
		Usr 0 00:00:00, Sys 0 00:00:00  -  Total Local Usage
	254671  -  Run Bytes Sent By Job
	1015  -  Run Bytes Received By Job
	254671  -  Total Bytes Sent By Job
	1015  -  Total Bytes Received By Job
	Partitionable Resources :    Usage  Request Allocated
	   Cpus                 :                 1         1
	   Disk (KB)            :      262        1   1317009
	   Memory (MB)          :       55     2000      2000
...
006 (972548.000.000) 01/21 17:23:16 Image size of job updated: 109140
	56  -  MemoryUsage of job (MB)
	56392  -  ResidentSetSize of job (KB)
...
006 (972548.002.000) 01/21 17:23:16 Image size of job updated: 109100
	56  -  MemoryUsage of job (MB)
	56352  -  ResidentSetSize of job (KB)
...
006 (972548.003.000) 01/21 17:23:17 Image size of job updated: 111484
	55  -  MemoryUsage of job (MB)
	56096  -  ResidentSetSize of job (KB)
...
006 (972548.008.000) 01/21 17:23:18 Image size of job updated: 190844
	56  -  MemoryUsage of job (MB)
	56692  -  ResidentSetSize of job (KB)
...
006 (972548.009.000) 01/21 17:23:20 Image size of job updated: 150252
	56  -  MemoryUsage of job (MB)
	56456  -  ResidentSetSize of job (KB)
...
006 (972548.015.000) 01/21 17:23:20 Image size of job updated: 286160
	56  -  MemoryUsage of job (MB)
	56420  -  ResidentSetSize of job (KB)
...
006 (972548.006.000) 01/21 17:23:30 Image size of job updated: 108292
	55  -  MemoryUsage of job (MB)
	55656  -  ResidentSetSize of job (KB)
...
005 (972548.000.000) 01/21 17:25:06 Job terminated.
	(1) Normal termination (return value 0)
		Usr 0 00:09:47, Sys 0 00:02:04  -  Run Remote Usage
		Usr 0 00:00:00, Sys 0 00:00:00  -  Run Local Usage
		Usr 0 00:09:47, Sys 0 00:02:04  -  Total Remote Usage
		Usr 0 00:00:00, Sys 0 00:00:00  -  Total Local Usage
	357884  -  Run Bytes Sent By Job
	958  -  Run Bytes Received By Job
	357884  -  Total Bytes Sent By Job
	958  -  Total Bytes Received By Job
	Partitionable Resources :    Usage  Request Allocated
	   Cpus                 :                 1         1
	   Disk (KB)            :      362        1   2086751
	   Memory (MB)          :       56     2000      2000
...
005 (972548.009.000) 01/21 17:26:50 Job terminated.
	(1) Normal termination (return value 0)
		Usr 0 00:11:57, Sys 0 00:02:35  -  Run Remote Usage
		Usr 0 00:00:00, Sys 0 00:00:00  -  Run Local Usage
		Usr 0 00:11:57, Sys 0 00:02:35  -  Total Remote Usage
		Usr 0 00:00:00, Sys 0 00:00:00  -  Total Local Usage
	307769  -  Run Bytes Sent By Job
	991  -  Run Bytes Received By Job
	307769  -  Total Bytes Sent By Job
	991  -  Total Bytes Received By Job
	Partitionable Resources :    Usage  Request Allocated
	   Cpus                 :                 1         1
	   Disk (KB)            :      314        1   1751602
	   Memory (MB)          :       56     2000      2000
...
006 (972548.002.000) 01/21 17:28:16 Image size of job updated: 109116
	56  -  MemoryUsage of job (MB)
	56368  -  ResidentSetSize of job (KB)
...
006 (972548.003.000) 01/21 17:28:17 Image size of job updated: 111696
	55  -  MemoryUsage of job (MB)
	56104  -  ResidentSetSize of job (KB)
...
006 (972548.008.000) 01/21 17:28:18 Image size of job updated: 190848
	56  -  MemoryUsage of job (MB)
	56696  -  ResidentSetSize of job (KB)
...
006 (972548.010.000) 01/21 17:28:20 Image size of job updated: 109416
	56  -  MemoryUsage of job (MB)
	56668  -  ResidentSetSize of job (KB)
...
006 (972548.013.000) 01/21 17:28:24 Image size of job updated: 109088
	56  -  MemoryUsage of job (MB)
	56344  -  ResidentSetSize of job (KB)
...
005 (972548.015.000) 01/21 17:29:47 Job terminated.
	(1) Normal termination (return value 0)
		Usr 0 00:11:02, Sys 0 00:02:24  -  Run Remote Usage
		Usr 0 00:00:00, Sys 0 00:00:00  -  Run Local Usage
		Usr 0 00:11:02, Sys 0 00:02:24  -  Total Remote Usage
		Usr 0 00:00:00, Sys 0 00:00:00  -  Total Local Usage
	291301  -  Run Bytes Sent By Job
	1007  -  Run Bytes Received By Job
	291301  -  Total Bytes Sent By Job
	1007  -  Total Bytes Received By Job
	Partitionable Resources :    Usage  Request Allocated
	   Cpus                 :                 1         1
	   Disk (KB)            :      298        1   1927718
	   Memory (MB)          :       56     2000      2000
...
006 (972548.003.000) 01/21 17:33:17 Image size of job updated: 111696
	55  -  MemoryUsage of job (MB)
	56116  -  ResidentSetSize of job (KB)
...
006 (972548.002.000) 01/21 17:33:17 Image size of job updated: 109132
	56  -  MemoryUsage of job (MB)
	56384  -  ResidentSetSize of job (KB)
...
006 (972548.010.000) 01/21 17:33:21 Image size of job updated: 109424
	56  -  MemoryUsage of job (MB)
	56676  -  ResidentSetSize of job (KB)
...
006 (972548.013.000) 01/21 17:33:25 Image size of job updated: 109176
	56  -  MemoryUsage of job (MB)
	56432  -  ResidentSetSize of job (KB)
...
006 (972548.006.000) 01/21 17:33:31 Image size of job updated: 108316
	55  -  MemoryUsage of job (MB)
	55680  -  ResidentSetSize of job (KB)
...
005 (972548.010.000) 01/21 17:35:19 Job terminated.
	(1) Normal termination (return value 0)
		Usr 0 00:11:35, Sys 0 00:02:28  -  Run Remote Usage
		Usr 0 00:00:00, Sys 0 00:00:00  -  Run Local Usage
		Usr 0 00:11:35, Sys 0 00:02:28  -  Total Remote Usage
		Usr 0 00:00:00, Sys 0 00:00:00  -  Total Local Usage
	384983  -  Run Bytes Sent By Job
	946  -  Run Bytes Received By Job
	384983  -  Total Bytes Sent By Job
	946  -  Total Bytes Received By Job
	Partitionable Resources :    Usage  Request Allocated
	   Cpus                 :                 1         1
	   Disk (KB)            :      389        1   2002670
	   Memory (MB)          :       56     2000      2000
...
